[2023-03-27 18:45:23,959] {taskinstance.py:1179} INFO - Dependencies all met for <TaskInstance: elastic_desk.popula_elastic_aguardando scheduled__2023-03-27T18:40:00+00:00 [queued]>
[2023-03-27 18:45:23,973] {taskinstance.py:1179} INFO - Dependencies all met for <TaskInstance: elastic_desk.popula_elastic_aguardando scheduled__2023-03-27T18:40:00+00:00 [queued]>
[2023-03-27 18:45:23,973] {taskinstance.py:1376} INFO - 
--------------------------------------------------------------------------------
[2023-03-27 18:45:23,973] {taskinstance.py:1377} INFO - Starting attempt 1 of 1
[2023-03-27 18:45:23,973] {taskinstance.py:1378} INFO - 
--------------------------------------------------------------------------------
[2023-03-27 18:45:23,999] {taskinstance.py:1397} INFO - Executing <Task(PythonOperator): popula_elastic_aguardando> on 2023-03-27 18:40:00+00:00
[2023-03-27 18:45:24,005] {standard_task_runner.py:52} INFO - Started process 975 to run task
[2023-03-27 18:45:24,010] {standard_task_runner.py:79} INFO - Running: ['***', 'tasks', 'run', 'elastic_desk', 'popula_elastic_aguardando', 'scheduled__2023-03-27T18:40:00+00:00', '--job-id', '10', '--raw', '--subdir', 'DAGS_FOLDER/etl_elastic_desk.py', '--cfg-path', '/tmp/tmp9q04mykg', '--error-file', '/tmp/tmp31vgeryb']
[2023-03-27 18:45:24,012] {standard_task_runner.py:80} INFO - Job 10: Subtask popula_elastic_aguardando
[2023-03-27 18:45:24,108] {task_command.py:371} INFO - Running <TaskInstance: elastic_desk.popula_elastic_aguardando scheduled__2023-03-27T18:40:00+00:00 [running]> on host 20743fec282a
[2023-03-27 18:45:24,234] {taskinstance.py:1591} INFO - Exporting the following env vars:
AIRFLOW_CTX_DAG_EMAIL=clecio.antao@gmail.com
AIRFLOW_CTX_DAG_OWNER=***
AIRFLOW_CTX_DAG_ID=elastic_desk
AIRFLOW_CTX_TASK_ID=popula_elastic_aguardando
AIRFLOW_CTX_EXECUTION_DATE=2023-03-27T18:40:00+00:00
AIRFLOW_CTX_TRY_NUMBER=1
AIRFLOW_CTX_DAG_RUN_ID=scheduled__2023-03-27T18:40:00+00:00
[2023-03-27 18:45:24,247] {base.py:271} INFO - GET http://192.168.0.100:9200/ [status:200 request:0.011s]
[2023-03-27 18:45:27,106] {base.py:271} INFO - HEAD http://192.168.0.100:9200/_template/desk_aguardando [status:200 request:0.004s]
[2023-03-27 18:45:27,415] {logging_mixin.py:115} WARNING - /home/***/.local/lib/python3.7/site-packages/es_pandas/es_pandas.py:58 RuntimeWarning: invalid value encountered in double_scalars
[2023-03-27 18:45:27,575] {base.py:271} INFO - POST http://192.168.0.100:9200/_bulk [status:200 request:0.139s]
[2023-03-27 18:45:27,626] {python.py:173} INFO - Done. Returned value was: None
[2023-03-27 18:45:27,646] {taskinstance.py:1420} INFO - Marking task as SUCCESS. dag_id=elastic_desk, task_id=popula_elastic_aguardando, execution_date=20230327T184000, start_date=20230327T184523, end_date=20230327T184527
[2023-03-27 18:45:27,678] {local_task_job.py:156} INFO - Task exited with return code 0
[2023-03-27 18:45:27,747] {local_task_job.py:273} INFO - 0 downstream tasks scheduled from follow-on schedule check
