[2022-08-18 11:17:39,911] {taskinstance.py:1179} INFO - Dependencies all met for <TaskInstance: carga_deskmanager.popula_DeskManagerAF manual__2022-08-18T11:17:35.721221+00:00 [queued]>
[2022-08-18 11:17:39,932] {taskinstance.py:1179} INFO - Dependencies all met for <TaskInstance: carga_deskmanager.popula_DeskManagerAF manual__2022-08-18T11:17:35.721221+00:00 [queued]>
[2022-08-18 11:17:39,933] {taskinstance.py:1376} INFO - 
--------------------------------------------------------------------------------
[2022-08-18 11:17:39,933] {taskinstance.py:1377} INFO - Starting attempt 1 of 1
[2022-08-18 11:17:39,933] {taskinstance.py:1378} INFO - 
--------------------------------------------------------------------------------
[2022-08-18 11:17:39,979] {taskinstance.py:1397} INFO - Executing <Task(PythonOperator): popula_DeskManagerAF> on 2022-08-18 11:17:35.721221+00:00
[2022-08-18 11:17:39,998] {standard_task_runner.py:79} INFO - Running: ['***', 'tasks', 'run', 'carga_deskmanager', 'popula_DeskManagerAF', 'manual__2022-08-18T11:17:35.721221+00:00', '--job-id', '3', '--raw', '--subdir', 'DAGS_FOLDER/etl_deskmanager.py', '--cfg-path', '/tmp/tmpeuw05rlj', '--error-file', '/tmp/tmp2u2q9j9i']
[2022-08-18 11:17:39,999] {standard_task_runner.py:80} INFO - Job 3: Subtask popula_DeskManagerAF
[2022-08-18 11:17:40,003] {standard_task_runner.py:52} INFO - Started process 758 to run task
[2022-08-18 11:17:40,179] {task_command.py:371} INFO - Running <TaskInstance: carga_deskmanager.popula_DeskManagerAF manual__2022-08-18T11:17:35.721221+00:00 [running]> on host ea17ed53765a
[2022-08-18 11:17:40,391] {taskinstance.py:1591} INFO - Exporting the following env vars:
AIRFLOW_CTX_DAG_EMAIL=clecio.antao@gmail.com
AIRFLOW_CTX_DAG_OWNER=***
AIRFLOW_CTX_DAG_ID=carga_deskmanager
AIRFLOW_CTX_TASK_ID=popula_DeskManagerAF
AIRFLOW_CTX_EXECUTION_DATE=2022-08-18T11:17:35.721221+00:00
AIRFLOW_CTX_TRY_NUMBER=1
AIRFLOW_CTX_DAG_RUN_ID=manual__2022-08-18T11:17:35.721221+00:00
[2022-08-18 11:17:40,407] {logging_mixin.py:115} INFO - sucesso
[2022-08-18 11:17:41,484] {logging_mixin.py:115} INFO - Token:  dGVjYmFu#bb4b4d718ad558bc21f6ff7117334922f74773de
[2022-08-18 11:17:41,484] {logging_mixin.py:115} INFO - Relatorio:  868
[2022-08-18 11:17:41,484] {logging_mixin.py:115} INFO - Tabela:  DeskManagerAF
[2022-08-18 11:17:48,303] {logging_mixin.py:115} INFO - Paginas:  5000
[2022-08-18 11:17:48,303] {logging_mixin.py:115} INFO - Contador:  1
[2022-08-18 11:17:48,303] {logging_mixin.py:115} INFO - Linhas:  0
[2022-08-18 11:17:54,070] {logging_mixin.py:115} INFO - 30 30
[2022-08-18 11:18:08,632] {logging_mixin.py:115} INFO - Paginas:  5000
[2022-08-18 11:18:08,632] {logging_mixin.py:115} INFO - Contador:  2
[2022-08-18 11:18:08,633] {logging_mixin.py:115} INFO - Linhas:  5000
[2022-08-18 11:18:15,076] {logging_mixin.py:115} INFO - 30 30
[2022-08-18 11:18:27,976] {logging_mixin.py:115} INFO - Paginas:  5000
[2022-08-18 11:18:27,976] {logging_mixin.py:115} INFO - Contador:  3
[2022-08-18 11:18:27,976] {logging_mixin.py:115} INFO - Linhas:  10000
[2022-08-18 11:18:33,809] {logging_mixin.py:115} INFO - 30 30
[2022-08-18 11:18:46,265] {logging_mixin.py:115} INFO - Paginas:  5000
[2022-08-18 11:18:46,265] {logging_mixin.py:115} INFO - Contador:  4
[2022-08-18 11:18:46,265] {logging_mixin.py:115} INFO - Linhas:  15000
[2022-08-18 11:18:54,518] {logging_mixin.py:115} INFO - 30 30
[2022-08-18 11:19:06,273] {logging_mixin.py:115} INFO - Paginas:  5000
[2022-08-18 11:19:06,273] {logging_mixin.py:115} INFO - Contador:  5
[2022-08-18 11:19:06,273] {logging_mixin.py:115} INFO - Linhas:  20000
[2022-08-18 11:19:14,157] {logging_mixin.py:115} INFO - 30 30
[2022-08-18 11:19:28,655] {logging_mixin.py:115} INFO - Paginas:  5000
[2022-08-18 11:19:28,656] {logging_mixin.py:115} INFO - Contador:  6
[2022-08-18 11:19:28,656] {logging_mixin.py:115} INFO - Linhas:  25000
[2022-08-18 11:19:35,543] {logging_mixin.py:115} INFO - 30 30
[2022-08-18 11:19:49,378] {logging_mixin.py:115} INFO - Paginas:  5000
[2022-08-18 11:19:49,379] {logging_mixin.py:115} INFO - Contador:  7
[2022-08-18 11:19:49,379] {logging_mixin.py:115} INFO - Linhas:  30000
[2022-08-18 11:19:56,618] {logging_mixin.py:115} INFO - 30 30
[2022-08-18 11:20:09,569] {logging_mixin.py:115} INFO - Paginas:  5000
[2022-08-18 11:20:09,569] {logging_mixin.py:115} INFO - Contador:  8
[2022-08-18 11:20:09,569] {logging_mixin.py:115} INFO - Linhas:  35000
[2022-08-18 11:20:16,617] {logging_mixin.py:115} INFO - 30 30
[2022-08-18 11:20:31,591] {logging_mixin.py:115} INFO - Paginas:  5000
[2022-08-18 11:20:31,591] {logging_mixin.py:115} INFO - Contador:  9
[2022-08-18 11:20:31,591] {logging_mixin.py:115} INFO - Linhas:  40000
[2022-08-18 11:20:39,222] {logging_mixin.py:115} INFO - 30 30
[2022-08-18 11:20:51,294] {logging_mixin.py:115} INFO - Paginas:  5000
[2022-08-18 11:20:51,294] {logging_mixin.py:115} INFO - Contador:  10
[2022-08-18 11:20:51,294] {logging_mixin.py:115} INFO - Linhas:  45000
[2022-08-18 11:20:58,602] {logging_mixin.py:115} INFO - 30 30
[2022-08-18 11:21:10,144] {logging_mixin.py:115} INFO - Paginas:  5000
[2022-08-18 11:21:10,145] {logging_mixin.py:115} INFO - Contador:  11
[2022-08-18 11:21:10,145] {logging_mixin.py:115} INFO - Linhas:  50000
[2022-08-18 11:21:19,798] {logging_mixin.py:115} INFO - 30 30
[2022-08-18 11:21:33,760] {logging_mixin.py:115} INFO - Paginas:  5000
[2022-08-18 11:21:33,760] {logging_mixin.py:115} INFO - Contador:  12
[2022-08-18 11:21:33,760] {logging_mixin.py:115} INFO - Linhas:  55000
[2022-08-18 11:21:39,681] {local_task_job.py:219} WARNING - DagRun timed out after 0:04:03.733118.
[2022-08-18 11:21:39,682] {local_task_job.py:221} WARNING - State of this instance has been externally set to skipped. Terminating instance.
[2022-08-18 11:21:39,684] {process_utils.py:129} INFO - Sending Signals.SIGTERM to group 758. PIDs of all processes in the group: [758]
[2022-08-18 11:21:39,684] {process_utils.py:80} INFO - Sending the signal Signals.SIGTERM to group 758
[2022-08-18 11:21:39,684] {taskinstance.py:1561} ERROR - Received SIGTERM. Terminating subprocesses.
[2022-08-18 11:21:39,740] {process_utils.py:75} INFO - Process psutil.Process(pid=758, status='terminated', exitcode=0, started='11:17:39') (758) terminated with exit code 0
