[2022-08-18 22:27:04,329] {taskinstance.py:1179} INFO - Dependencies all met for <TaskInstance: carga_deskmanager.popula_DeskManagerInteracoesAF scheduled__2022-08-17T22:00:00+00:00 [queued]>
[2022-08-18 22:27:04,345] {taskinstance.py:1179} INFO - Dependencies all met for <TaskInstance: carga_deskmanager.popula_DeskManagerInteracoesAF scheduled__2022-08-17T22:00:00+00:00 [queued]>
[2022-08-18 22:27:04,346] {taskinstance.py:1376} INFO - 
--------------------------------------------------------------------------------
[2022-08-18 22:27:04,346] {taskinstance.py:1377} INFO - Starting attempt 1 of 1
[2022-08-18 22:27:04,346] {taskinstance.py:1378} INFO - 
--------------------------------------------------------------------------------
[2022-08-18 22:27:04,369] {taskinstance.py:1397} INFO - Executing <Task(PythonOperator): popula_DeskManagerInteracoesAF> on 2022-08-17 22:00:00+00:00
[2022-08-18 22:27:04,375] {standard_task_runner.py:52} INFO - Started process 23304 to run task
[2022-08-18 22:27:04,386] {standard_task_runner.py:79} INFO - Running: ['***', 'tasks', 'run', 'carga_deskmanager', 'popula_DeskManagerInteracoesAF', 'scheduled__2022-08-17T22:00:00+00:00', '--job-id', '170', '--raw', '--subdir', 'DAGS_FOLDER/etl_deskmanager.py', '--cfg-path', '/tmp/tmp8r27a7k2', '--error-file', '/tmp/tmpvd7sw9_9']
[2022-08-18 22:27:04,390] {standard_task_runner.py:80} INFO - Job 170: Subtask popula_DeskManagerInteracoesAF
[2022-08-18 22:27:04,485] {task_command.py:371} INFO - Running <TaskInstance: carga_deskmanager.popula_DeskManagerInteracoesAF scheduled__2022-08-17T22:00:00+00:00 [running]> on host 1e1070d9e5ae
[2022-08-18 22:27:04,593] {taskinstance.py:1591} INFO - Exporting the following env vars:
AIRFLOW_CTX_DAG_EMAIL=clecio.antao@gmail.com
AIRFLOW_CTX_DAG_OWNER=***
AIRFLOW_CTX_DAG_ID=carga_deskmanager
AIRFLOW_CTX_TASK_ID=popula_DeskManagerInteracoesAF
AIRFLOW_CTX_EXECUTION_DATE=2022-08-17T22:00:00+00:00
AIRFLOW_CTX_TRY_NUMBER=1
AIRFLOW_CTX_DAG_RUN_ID=scheduled__2022-08-17T22:00:00+00:00
[2022-08-18 22:27:04,599] {logging_mixin.py:115} INFO - sucesso
[2022-08-18 22:27:05,384] {logging_mixin.py:115} INFO - Token:  dGVjYmFu#ae98f19eec37b4a3e887d890cc1bbd5957a775ed
[2022-08-18 22:27:05,384] {logging_mixin.py:115} INFO - Relatorio:  878
[2022-08-18 22:27:05,384] {logging_mixin.py:115} INFO - Tabela:  DeskManagerInteracoesAF
[2022-08-18 22:27:14,613] {logging_mixin.py:115} INFO - Paginas:  5000
[2022-08-18 22:27:14,613] {logging_mixin.py:115} INFO - Contador:  1
[2022-08-18 22:27:14,613] {logging_mixin.py:115} INFO - Linhas:  0
[2022-08-18 22:27:23,066] {logging_mixin.py:115} INFO - 16 16
[2022-08-18 22:27:42,112] {logging_mixin.py:115} INFO - Paginas:  5000
[2022-08-18 22:27:42,112] {logging_mixin.py:115} INFO - Contador:  2
[2022-08-18 22:27:42,112] {logging_mixin.py:115} INFO - Linhas:  5000
[2022-08-18 22:27:49,284] {logging_mixin.py:115} INFO - 16 16
[2022-08-18 22:28:05,090] {logging_mixin.py:115} INFO - Paginas:  5000
[2022-08-18 22:28:05,090] {logging_mixin.py:115} INFO - Contador:  3
[2022-08-18 22:28:05,090] {logging_mixin.py:115} INFO - Linhas:  10000
[2022-08-18 22:28:11,965] {logging_mixin.py:115} INFO - 16 16
[2022-08-18 22:28:29,144] {logging_mixin.py:115} INFO - Paginas:  5000
[2022-08-18 22:28:29,144] {logging_mixin.py:115} INFO - Contador:  4
[2022-08-18 22:28:29,144] {logging_mixin.py:115} INFO - Linhas:  15000
[2022-08-18 22:28:36,070] {logging_mixin.py:115} INFO - 16 16
[2022-08-18 22:28:45,994] {logging_mixin.py:115} INFO - Paginas:  5000
[2022-08-18 22:28:45,994] {logging_mixin.py:115} INFO - Contador:  5
[2022-08-18 22:28:45,994] {logging_mixin.py:115} INFO - Linhas:  20000
[2022-08-18 22:28:54,314] {logging_mixin.py:115} INFO - 16 16
[2022-08-18 22:29:07,921] {logging_mixin.py:115} INFO - Paginas:  5000
[2022-08-18 22:29:07,921] {logging_mixin.py:115} INFO - Contador:  6
[2022-08-18 22:29:07,921] {logging_mixin.py:115} INFO - Linhas:  25000
[2022-08-18 22:29:16,220] {logging_mixin.py:115} INFO - 16 16
[2022-08-18 22:29:32,351] {logging_mixin.py:115} INFO - Paginas:  5000
[2022-08-18 22:29:32,351] {logging_mixin.py:115} INFO - Contador:  7
[2022-08-18 22:29:32,351] {logging_mixin.py:115} INFO - Linhas:  30000
[2022-08-18 22:29:40,500] {logging_mixin.py:115} INFO - 16 16
[2022-08-18 22:29:54,607] {logging_mixin.py:115} INFO - Paginas:  5000
[2022-08-18 22:29:54,607] {logging_mixin.py:115} INFO - Contador:  8
[2022-08-18 22:29:54,607] {logging_mixin.py:115} INFO - Linhas:  35000
[2022-08-18 22:30:03,021] {logging_mixin.py:115} INFO - 16 16
[2022-08-18 22:30:20,985] {logging_mixin.py:115} INFO - Paginas:  5000
[2022-08-18 22:30:20,985] {logging_mixin.py:115} INFO - Contador:  9
[2022-08-18 22:30:20,985] {logging_mixin.py:115} INFO - Linhas:  40000
[2022-08-18 22:30:28,684] {logging_mixin.py:115} INFO - 16 16
[2022-08-18 22:30:53,451] {logging_mixin.py:115} INFO - Paginas:  5000
[2022-08-18 22:30:53,451] {logging_mixin.py:115} INFO - Contador:  10
[2022-08-18 22:30:53,451] {logging_mixin.py:115} INFO - Linhas:  45000
[2022-08-18 22:31:01,097] {logging_mixin.py:115} INFO - 16 16
[2022-08-18 22:31:20,751] {logging_mixin.py:115} INFO - Paginas:  5000
[2022-08-18 22:31:20,751] {logging_mixin.py:115} INFO - Contador:  11
[2022-08-18 22:31:20,751] {logging_mixin.py:115} INFO - Linhas:  50000
[2022-08-18 22:31:28,798] {logging_mixin.py:115} INFO - 16 16
[2022-08-18 22:31:46,692] {logging_mixin.py:115} INFO - Paginas:  5000
[2022-08-18 22:31:46,692] {logging_mixin.py:115} INFO - Contador:  12
[2022-08-18 22:31:46,692] {logging_mixin.py:115} INFO - Linhas:  55000
[2022-08-18 22:31:54,521] {logging_mixin.py:115} INFO - 16 16
[2022-08-18 22:32:04,818] {logging_mixin.py:115} INFO - Paginas:  5000
[2022-08-18 22:32:04,818] {logging_mixin.py:115} INFO - Contador:  13
[2022-08-18 22:32:04,818] {logging_mixin.py:115} INFO - Linhas:  60000
[2022-08-18 22:32:12,325] {logging_mixin.py:115} INFO - 16 16
[2022-08-18 22:32:23,541] {logging_mixin.py:115} INFO - Paginas:  5000
[2022-08-18 22:32:23,541] {logging_mixin.py:115} INFO - Contador:  14
[2022-08-18 22:32:23,541] {logging_mixin.py:115} INFO - Linhas:  65000
[2022-08-18 22:32:32,744] {logging_mixin.py:115} INFO - 16 16
[2022-08-18 22:32:42,390] {logging_mixin.py:115} INFO - Paginas:  5000
[2022-08-18 22:32:42,390] {logging_mixin.py:115} INFO - Contador:  15
[2022-08-18 22:32:42,390] {logging_mixin.py:115} INFO - Linhas:  70000
[2022-08-18 22:32:50,540] {logging_mixin.py:115} INFO - 16 16
[2022-08-18 22:33:00,901] {logging_mixin.py:115} INFO - Paginas:  5000
[2022-08-18 22:33:00,901] {logging_mixin.py:115} INFO - Contador:  16
[2022-08-18 22:33:00,901] {logging_mixin.py:115} INFO - Linhas:  75000
[2022-08-18 22:33:08,614] {logging_mixin.py:115} INFO - 16 16
[2022-08-18 22:33:16,239] {logging_mixin.py:115} INFO - Paginas:  5000
[2022-08-18 22:33:16,239] {logging_mixin.py:115} INFO - Contador:  17
[2022-08-18 22:33:16,239] {logging_mixin.py:115} INFO - Linhas:  80000
[2022-08-18 22:33:24,488] {logging_mixin.py:115} INFO - 16 16
[2022-08-18 22:33:34,385] {logging_mixin.py:115} INFO - Paginas:  5000
[2022-08-18 22:33:34,385] {logging_mixin.py:115} INFO - Contador:  18
[2022-08-18 22:33:34,386] {logging_mixin.py:115} INFO - Linhas:  85000
[2022-08-18 22:33:42,879] {logging_mixin.py:115} INFO - 16 16
[2022-08-18 22:33:50,544] {logging_mixin.py:115} INFO - Paginas:  5000
[2022-08-18 22:33:50,544] {logging_mixin.py:115} INFO - Contador:  19
[2022-08-18 22:33:50,544] {logging_mixin.py:115} INFO - Linhas:  90000
[2022-08-18 22:33:58,764] {logging_mixin.py:115} INFO - 16 16
[2022-08-18 22:34:07,410] {logging_mixin.py:115} INFO - Paginas:  5000
[2022-08-18 22:34:07,410] {logging_mixin.py:115} INFO - Contador:  20
[2022-08-18 22:34:07,410] {logging_mixin.py:115} INFO - Linhas:  95000
[2022-08-18 22:34:15,422] {logging_mixin.py:115} INFO - 16 16
[2022-08-18 22:34:24,120] {logging_mixin.py:115} INFO - Paginas:  5000
[2022-08-18 22:34:24,120] {logging_mixin.py:115} INFO - Contador:  21
[2022-08-18 22:34:24,120] {logging_mixin.py:115} INFO - Linhas:  100000
[2022-08-18 22:34:32,478] {logging_mixin.py:115} INFO - 16 16
[2022-08-18 22:34:40,920] {logging_mixin.py:115} INFO - Paginas:  5000
[2022-08-18 22:34:40,920] {logging_mixin.py:115} INFO - Contador:  22
[2022-08-18 22:34:40,920] {logging_mixin.py:115} INFO - Linhas:  105000
[2022-08-18 22:34:49,230] {logging_mixin.py:115} INFO - 16 16
[2022-08-18 22:34:58,937] {logging_mixin.py:115} INFO - Paginas:  5000
[2022-08-18 22:34:58,937] {logging_mixin.py:115} INFO - Contador:  23
[2022-08-18 22:34:58,937] {logging_mixin.py:115} INFO - Linhas:  110000
[2022-08-18 22:35:07,663] {logging_mixin.py:115} INFO - 16 16
[2022-08-18 22:35:17,058] {logging_mixin.py:115} INFO - Paginas:  5000
[2022-08-18 22:35:17,058] {logging_mixin.py:115} INFO - Contador:  24
[2022-08-18 22:35:17,058] {logging_mixin.py:115} INFO - Linhas:  115000
[2022-08-18 22:35:25,815] {logging_mixin.py:115} INFO - 16 16
[2022-08-18 22:35:34,222] {logging_mixin.py:115} INFO - Paginas:  5000
[2022-08-18 22:35:34,222] {logging_mixin.py:115} INFO - Contador:  25
[2022-08-18 22:35:34,222] {logging_mixin.py:115} INFO - Linhas:  120000
[2022-08-18 22:35:43,805] {logging_mixin.py:115} INFO - 16 16
[2022-08-18 22:35:51,007] {logging_mixin.py:115} INFO - Paginas:  5000
[2022-08-18 22:35:51,007] {logging_mixin.py:115} INFO - Contador:  26
[2022-08-18 22:35:51,007] {logging_mixin.py:115} INFO - Linhas:  125000
[2022-08-18 22:35:59,673] {logging_mixin.py:115} INFO - 16 16
[2022-08-18 22:36:13,252] {logging_mixin.py:115} INFO - Paginas:  5000
[2022-08-18 22:36:13,253] {logging_mixin.py:115} INFO - Contador:  27
[2022-08-18 22:36:13,253] {logging_mixin.py:115} INFO - Linhas:  130000
[2022-08-18 22:36:21,988] {logging_mixin.py:115} INFO - 16 16
[2022-08-18 22:36:31,986] {logging_mixin.py:115} INFO - Paginas:  5000
[2022-08-18 22:36:31,986] {logging_mixin.py:115} INFO - Contador:  28
[2022-08-18 22:36:31,986] {logging_mixin.py:115} INFO - Linhas:  135000
[2022-08-18 22:36:40,595] {logging_mixin.py:115} INFO - 16 16
[2022-08-18 22:36:52,952] {logging_mixin.py:115} INFO - Paginas:  5000
[2022-08-18 22:36:52,952] {logging_mixin.py:115} INFO - Contador:  29
[2022-08-18 22:36:52,953] {logging_mixin.py:115} INFO - Linhas:  140000
[2022-08-18 22:37:03,178] {logging_mixin.py:115} INFO - 16 16
[2022-08-18 22:37:14,412] {logging_mixin.py:115} INFO - Paginas:  5000
[2022-08-18 22:37:14,412] {logging_mixin.py:115} INFO - Contador:  30
[2022-08-18 22:37:14,412] {logging_mixin.py:115} INFO - Linhas:  145000
[2022-08-18 22:37:23,344] {logging_mixin.py:115} INFO - 16 16
[2022-08-18 22:37:32,638] {logging_mixin.py:115} INFO - Paginas:  5000
[2022-08-18 22:37:32,638] {logging_mixin.py:115} INFO - Contador:  31
[2022-08-18 22:37:32,638] {logging_mixin.py:115} INFO - Linhas:  150000
[2022-08-18 22:37:41,979] {logging_mixin.py:115} INFO - 16 16
[2022-08-18 22:37:54,346] {logging_mixin.py:115} INFO - Paginas:  5000
[2022-08-18 22:37:54,346] {logging_mixin.py:115} INFO - Contador:  32
[2022-08-18 22:37:54,346] {logging_mixin.py:115} INFO - Linhas:  155000
[2022-08-18 22:38:04,011] {logging_mixin.py:115} INFO - 16 16
[2022-08-18 22:38:16,125] {logging_mixin.py:115} INFO - Paginas:  5000
[2022-08-18 22:38:16,125] {logging_mixin.py:115} INFO - Contador:  33
[2022-08-18 22:38:16,125] {logging_mixin.py:115} INFO - Linhas:  160000
[2022-08-18 22:38:25,037] {logging_mixin.py:115} INFO - 16 16
[2022-08-18 22:38:39,690] {logging_mixin.py:115} INFO - Paginas:  5000
[2022-08-18 22:38:39,691] {logging_mixin.py:115} INFO - Contador:  34
[2022-08-18 22:38:39,691] {logging_mixin.py:115} INFO - Linhas:  165000
[2022-08-18 22:38:48,877] {logging_mixin.py:115} INFO - 16 16
[2022-08-18 22:39:03,679] {logging_mixin.py:115} INFO - Paginas:  5000
[2022-08-18 22:39:03,680] {logging_mixin.py:115} INFO - Contador:  35
[2022-08-18 22:39:03,680] {logging_mixin.py:115} INFO - Linhas:  170000
[2022-08-18 22:39:13,551] {logging_mixin.py:115} INFO - 16 16
[2022-08-18 22:39:27,137] {logging_mixin.py:115} INFO - Paginas:  5000
[2022-08-18 22:39:27,137] {logging_mixin.py:115} INFO - Contador:  36
[2022-08-18 22:39:27,137] {logging_mixin.py:115} INFO - Linhas:  175000
[2022-08-18 22:39:36,042] {logging_mixin.py:115} INFO - 16 16
[2022-08-18 22:39:55,690] {logging_mixin.py:115} INFO - Paginas:  5000
[2022-08-18 22:39:55,690] {logging_mixin.py:115} INFO - Contador:  37
[2022-08-18 22:39:55,690] {logging_mixin.py:115} INFO - Linhas:  180000
[2022-08-18 22:40:04,783] {logging_mixin.py:115} INFO - 16 16
[2022-08-18 22:40:25,646] {logging_mixin.py:115} INFO - Paginas:  5000
[2022-08-18 22:40:25,646] {logging_mixin.py:115} INFO - Contador:  38
[2022-08-18 22:40:25,646] {logging_mixin.py:115} INFO - Linhas:  185000
[2022-08-18 22:40:35,325] {logging_mixin.py:115} INFO - 16 16
[2022-08-18 22:40:46,485] {logging_mixin.py:115} INFO - Paginas:  5000
[2022-08-18 22:40:46,485] {logging_mixin.py:115} INFO - Contador:  39
[2022-08-18 22:40:46,486] {logging_mixin.py:115} INFO - Linhas:  190000
[2022-08-18 22:40:57,647] {logging_mixin.py:115} INFO - 16 16
[2022-08-18 22:41:09,750] {logging_mixin.py:115} INFO - Paginas:  5000
[2022-08-18 22:41:09,750] {logging_mixin.py:115} INFO - Contador:  40
[2022-08-18 22:41:09,750] {logging_mixin.py:115} INFO - Linhas:  195000
[2022-08-18 22:41:19,512] {logging_mixin.py:115} INFO - 16 16
[2022-08-18 22:41:32,497] {logging_mixin.py:115} INFO - Paginas:  5000
[2022-08-18 22:41:32,497] {logging_mixin.py:115} INFO - Contador:  41
[2022-08-18 22:41:32,497] {logging_mixin.py:115} INFO - Linhas:  200000
[2022-08-18 22:41:42,601] {logging_mixin.py:115} INFO - 16 16
[2022-08-18 22:41:58,787] {logging_mixin.py:115} INFO - Paginas:  5000
[2022-08-18 22:41:58,787] {logging_mixin.py:115} INFO - Contador:  42
[2022-08-18 22:41:58,787] {logging_mixin.py:115} INFO - Linhas:  205000
[2022-08-18 22:42:09,340] {logging_mixin.py:115} INFO - 16 16
[2022-08-18 22:42:21,696] {logging_mixin.py:115} INFO - Paginas:  5000
[2022-08-18 22:42:21,696] {logging_mixin.py:115} INFO - Contador:  43
[2022-08-18 22:42:21,700] {logging_mixin.py:115} INFO - Linhas:  210000
[2022-08-18 22:42:32,228] {logging_mixin.py:115} INFO - 16 16
[2022-08-18 22:42:41,106] {logging_mixin.py:115} INFO - Paginas:  5000
[2022-08-18 22:42:41,106] {logging_mixin.py:115} INFO - Contador:  44
[2022-08-18 22:42:41,106] {logging_mixin.py:115} INFO - Linhas:  215000
[2022-08-18 22:42:51,563] {logging_mixin.py:115} INFO - 16 16
[2022-08-18 22:43:06,817] {logging_mixin.py:115} INFO - Paginas:  5000
[2022-08-18 22:43:06,817] {logging_mixin.py:115} INFO - Contador:  45
[2022-08-18 22:43:06,817] {logging_mixin.py:115} INFO - Linhas:  220000
[2022-08-18 22:43:16,720] {logging_mixin.py:115} INFO - 16 16
[2022-08-18 22:43:29,906] {logging_mixin.py:115} INFO - Paginas:  5000
[2022-08-18 22:43:29,910] {logging_mixin.py:115} INFO - Contador:  46
[2022-08-18 22:43:29,910] {logging_mixin.py:115} INFO - Linhas:  225000
[2022-08-18 22:43:40,118] {logging_mixin.py:115} INFO - 16 16
[2022-08-18 22:43:55,444] {logging_mixin.py:115} INFO - Paginas:  5000
[2022-08-18 22:43:55,444] {logging_mixin.py:115} INFO - Contador:  47
[2022-08-18 22:43:55,444] {logging_mixin.py:115} INFO - Linhas:  230000
[2022-08-18 22:44:06,580] {logging_mixin.py:115} INFO - 16 16
[2022-08-18 22:44:18,202] {logging_mixin.py:115} INFO - Paginas:  5000
[2022-08-18 22:44:18,202] {logging_mixin.py:115} INFO - Contador:  48
[2022-08-18 22:44:18,202] {logging_mixin.py:115} INFO - Linhas:  235000
[2022-08-18 22:44:29,239] {logging_mixin.py:115} INFO - 16 16
[2022-08-18 22:44:41,796] {logging_mixin.py:115} INFO - Paginas:  5000
[2022-08-18 22:44:41,796] {logging_mixin.py:115} INFO - Contador:  49
[2022-08-18 22:44:41,796] {logging_mixin.py:115} INFO - Linhas:  240000
[2022-08-18 22:44:52,860] {logging_mixin.py:115} INFO - 16 16
[2022-08-18 22:45:07,410] {logging_mixin.py:115} INFO - Paginas:  5000
[2022-08-18 22:45:07,410] {logging_mixin.py:115} INFO - Contador:  50
[2022-08-18 22:45:07,410] {logging_mixin.py:115} INFO - Linhas:  245000
[2022-08-18 22:45:18,138] {logging_mixin.py:115} INFO - 16 16
[2022-08-18 22:45:27,868] {logging_mixin.py:115} INFO - Paginas:  5000
[2022-08-18 22:45:27,868] {logging_mixin.py:115} INFO - Contador:  51
[2022-08-18 22:45:27,868] {logging_mixin.py:115} INFO - Linhas:  250000
[2022-08-18 22:45:38,470] {logging_mixin.py:115} INFO - 16 16
[2022-08-18 22:45:56,802] {logging_mixin.py:115} INFO - Paginas:  5000
[2022-08-18 22:45:56,802] {logging_mixin.py:115} INFO - Contador:  52
[2022-08-18 22:45:56,802] {logging_mixin.py:115} INFO - Linhas:  255000
[2022-08-18 22:46:07,790] {logging_mixin.py:115} INFO - 16 16
[2022-08-18 22:46:23,605] {logging_mixin.py:115} INFO - Paginas:  5000
[2022-08-18 22:46:23,605] {logging_mixin.py:115} INFO - Contador:  53
[2022-08-18 22:46:23,605] {logging_mixin.py:115} INFO - Linhas:  260000
[2022-08-18 22:46:34,750] {logging_mixin.py:115} INFO - 16 15
[2022-08-18 22:46:55,139] {logging_mixin.py:115} INFO - Paginas:  5000
[2022-08-18 22:46:55,139] {logging_mixin.py:115} INFO - Contador:  54
[2022-08-18 22:46:55,140] {logging_mixin.py:115} INFO - Linhas:  265000
[2022-08-18 22:47:06,199] {logging_mixin.py:115} INFO - 16 16
[2022-08-18 22:47:23,274] {logging_mixin.py:115} INFO - Paginas:  5000
[2022-08-18 22:47:23,274] {logging_mixin.py:115} INFO - Contador:  55
[2022-08-18 22:47:23,274] {logging_mixin.py:115} INFO - Linhas:  270000
[2022-08-18 22:47:34,541] {logging_mixin.py:115} INFO - 16 16
[2022-08-18 22:47:47,715] {logging_mixin.py:115} INFO - Paginas:  5000
[2022-08-18 22:47:47,715] {logging_mixin.py:115} INFO - Contador:  56
[2022-08-18 22:47:47,715] {logging_mixin.py:115} INFO - Linhas:  275000
[2022-08-18 22:47:58,531] {logging_mixin.py:115} INFO - 16 16
[2022-08-18 22:48:15,397] {logging_mixin.py:115} INFO - Paginas:  5000
[2022-08-18 22:48:15,397] {logging_mixin.py:115} INFO - Contador:  57
[2022-08-18 22:48:15,397] {logging_mixin.py:115} INFO - Linhas:  280000
[2022-08-18 22:48:26,576] {logging_mixin.py:115} INFO - 16 16
[2022-08-18 22:48:39,845] {logging_mixin.py:115} INFO - Paginas:  5000
[2022-08-18 22:48:39,845] {logging_mixin.py:115} INFO - Contador:  58
[2022-08-18 22:48:39,845] {logging_mixin.py:115} INFO - Linhas:  285000
[2022-08-18 22:48:50,874] {logging_mixin.py:115} INFO - 16 16
[2022-08-18 22:49:05,073] {logging_mixin.py:115} INFO - Paginas:  5000
[2022-08-18 22:49:05,073] {logging_mixin.py:115} INFO - Contador:  59
[2022-08-18 22:49:05,073] {logging_mixin.py:115} INFO - Linhas:  290000
[2022-08-18 22:49:16,274] {logging_mixin.py:115} INFO - 16 16
[2022-08-18 22:49:30,061] {logging_mixin.py:115} INFO - Paginas:  5000
[2022-08-18 22:49:30,061] {logging_mixin.py:115} INFO - Contador:  60
[2022-08-18 22:49:30,061] {logging_mixin.py:115} INFO - Linhas:  295000
[2022-08-18 22:49:41,228] {logging_mixin.py:115} INFO - 16 16
[2022-08-18 22:49:53,611] {logging_mixin.py:115} INFO - Paginas:  5000
[2022-08-18 22:49:53,612] {logging_mixin.py:115} INFO - Contador:  61
[2022-08-18 22:49:53,612] {logging_mixin.py:115} INFO - Linhas:  300000
[2022-08-18 22:50:05,061] {logging_mixin.py:115} INFO - 16 16
[2022-08-18 22:50:30,421] {logging_mixin.py:115} INFO - Paginas:  5000
[2022-08-18 22:50:30,421] {logging_mixin.py:115} INFO - Contador:  62
[2022-08-18 22:50:30,421] {logging_mixin.py:115} INFO - Linhas:  305000
[2022-08-18 22:50:42,577] {logging_mixin.py:115} INFO - 16 16
[2022-08-18 22:50:54,554] {logging_mixin.py:115} INFO - Paginas:  5000
[2022-08-18 22:50:54,554] {logging_mixin.py:115} INFO - Contador:  63
[2022-08-18 22:50:54,554] {logging_mixin.py:115} INFO - Linhas:  310000
[2022-08-18 22:51:06,678] {logging_mixin.py:115} INFO - 16 16
[2022-08-18 22:51:16,284] {logging_mixin.py:115} INFO - Paginas:  5000
[2022-08-18 22:51:16,284] {logging_mixin.py:115} INFO - Contador:  64
[2022-08-18 22:51:16,284] {logging_mixin.py:115} INFO - Linhas:  315000
[2022-08-18 22:51:28,149] {logging_mixin.py:115} INFO - 16 16
[2022-08-18 22:51:40,834] {logging_mixin.py:115} INFO - Paginas:  5000
[2022-08-18 22:51:40,834] {logging_mixin.py:115} INFO - Contador:  65
[2022-08-18 22:51:40,834] {logging_mixin.py:115} INFO - Linhas:  320000
[2022-08-18 22:51:52,911] {logging_mixin.py:115} INFO - 16 16
[2022-08-18 22:52:01,798] {logging_mixin.py:115} INFO - Paginas:  5000
[2022-08-18 22:52:01,799] {logging_mixin.py:115} INFO - Contador:  66
[2022-08-18 22:52:01,799] {logging_mixin.py:115} INFO - Linhas:  325000
[2022-08-18 22:52:13,461] {logging_mixin.py:115} INFO - 16 16
[2022-08-18 22:52:29,239] {logging_mixin.py:115} INFO - Paginas:  5000
[2022-08-18 22:52:29,239] {logging_mixin.py:115} INFO - Contador:  67
[2022-08-18 22:52:29,240] {logging_mixin.py:115} INFO - Linhas:  330000
[2022-08-18 22:52:40,436] {logging_mixin.py:115} INFO - 16 16
[2022-08-18 22:52:53,415] {logging_mixin.py:115} INFO - Paginas:  5000
[2022-08-18 22:52:53,415] {logging_mixin.py:115} INFO - Contador:  68
[2022-08-18 22:52:53,415] {logging_mixin.py:115} INFO - Linhas:  335000
[2022-08-18 22:53:06,662] {logging_mixin.py:115} INFO - 16 16
[2022-08-18 22:53:18,656] {logging_mixin.py:115} INFO - Paginas:  5000
[2022-08-18 22:53:18,656] {logging_mixin.py:115} INFO - Contador:  69
[2022-08-18 22:53:18,656] {logging_mixin.py:115} INFO - Linhas:  340000
[2022-08-18 22:53:30,433] {logging_mixin.py:115} INFO - 16 16
[2022-08-18 22:53:47,931] {logging_mixin.py:115} INFO - Paginas:  5000
[2022-08-18 22:53:47,931] {logging_mixin.py:115} INFO - Contador:  70
[2022-08-18 22:53:47,931] {logging_mixin.py:115} INFO - Linhas:  345000
[2022-08-18 22:54:00,950] {logging_mixin.py:115} INFO - 16 16
[2022-08-18 22:54:16,825] {logging_mixin.py:115} INFO - Paginas:  5000
[2022-08-18 22:54:16,825] {logging_mixin.py:115} INFO - Contador:  71
[2022-08-18 22:54:16,825] {logging_mixin.py:115} INFO - Linhas:  350000
[2022-08-18 22:54:29,525] {logging_mixin.py:115} INFO - 16 16
[2022-08-18 22:54:46,024] {logging_mixin.py:115} INFO - Paginas:  5000
[2022-08-18 22:54:46,025] {logging_mixin.py:115} INFO - Contador:  72
[2022-08-18 22:54:46,025] {logging_mixin.py:115} INFO - Linhas:  355000
[2022-08-18 22:54:57,959] {logging_mixin.py:115} INFO - 16 16
[2022-08-18 22:55:17,531] {logging_mixin.py:115} INFO - Paginas:  5000
[2022-08-18 22:55:17,531] {logging_mixin.py:115} INFO - Contador:  73
[2022-08-18 22:55:17,531] {logging_mixin.py:115} INFO - Linhas:  360000
[2022-08-18 22:55:29,440] {logging_mixin.py:115} INFO - 16 16
[2022-08-18 22:55:40,434] {logging_mixin.py:115} INFO - Paginas:  5000
[2022-08-18 22:55:40,434] {logging_mixin.py:115} INFO - Contador:  74
[2022-08-18 22:55:40,434] {logging_mixin.py:115} INFO - Linhas:  365000
[2022-08-18 22:55:52,247] {logging_mixin.py:115} INFO - 16 16
[2022-08-18 22:56:03,945] {logging_mixin.py:115} INFO - Paginas:  5000
[2022-08-18 22:56:03,945] {logging_mixin.py:115} INFO - Contador:  75
[2022-08-18 22:56:03,945] {logging_mixin.py:115} INFO - Linhas:  370000
[2022-08-18 22:56:16,523] {logging_mixin.py:115} INFO - 16 16
[2022-08-18 22:56:33,196] {logging_mixin.py:115} INFO - Paginas:  5000
[2022-08-18 22:56:33,197] {logging_mixin.py:115} INFO - Contador:  76
[2022-08-18 22:56:33,197] {logging_mixin.py:115} INFO - Linhas:  375000
[2022-08-18 22:56:45,042] {logging_mixin.py:115} INFO - 16 16
[2022-08-18 22:56:57,266] {logging_mixin.py:115} INFO - Paginas:  5000
[2022-08-18 22:56:57,267] {logging_mixin.py:115} INFO - Contador:  77
[2022-08-18 22:56:57,267] {logging_mixin.py:115} INFO - Linhas:  380000
[2022-08-18 22:57:09,358] {logging_mixin.py:115} INFO - 16 16
[2022-08-18 22:57:18,977] {logging_mixin.py:115} INFO - Paginas:  5000
[2022-08-18 22:57:18,977] {logging_mixin.py:115} INFO - Contador:  78
[2022-08-18 22:57:18,977] {logging_mixin.py:115} INFO - Linhas:  385000
[2022-08-18 22:57:31,456] {logging_mixin.py:115} INFO - 16 16
[2022-08-18 22:57:42,280] {logging_mixin.py:115} INFO - Paginas:  5000
[2022-08-18 22:57:42,281] {logging_mixin.py:115} INFO - Contador:  79
[2022-08-18 22:57:42,281] {logging_mixin.py:115} INFO - Linhas:  390000
[2022-08-18 22:57:54,616] {logging_mixin.py:115} INFO - 16 16
[2022-08-18 22:58:10,185] {logging_mixin.py:115} INFO - Paginas:  5000
[2022-08-18 22:58:10,185] {logging_mixin.py:115} INFO - Contador:  80
[2022-08-18 22:58:10,185] {logging_mixin.py:115} INFO - Linhas:  395000
[2022-08-18 22:58:22,933] {logging_mixin.py:115} INFO - 16 16
[2022-08-18 22:58:40,214] {logging_mixin.py:115} INFO - Paginas:  5000
[2022-08-18 22:58:40,214] {logging_mixin.py:115} INFO - Contador:  81
[2022-08-18 22:58:40,214] {logging_mixin.py:115} INFO - Linhas:  400000
[2022-08-18 22:58:52,682] {logging_mixin.py:115} INFO - 16 16
[2022-08-18 22:59:04,808] {logging_mixin.py:115} INFO - Paginas:  5000
[2022-08-18 22:59:04,809] {logging_mixin.py:115} INFO - Contador:  82
[2022-08-18 22:59:04,809] {logging_mixin.py:115} INFO - Linhas:  405000
[2022-08-18 22:59:17,804] {logging_mixin.py:115} INFO - 16 16
[2022-08-18 22:59:28,744] {logging_mixin.py:115} INFO - Paginas:  5000
[2022-08-18 22:59:28,744] {logging_mixin.py:115} INFO - Contador:  83
[2022-08-18 22:59:28,744] {logging_mixin.py:115} INFO - Linhas:  410000
[2022-08-18 22:59:40,745] {logging_mixin.py:115} INFO - 16 16
[2022-08-18 22:59:56,246] {logging_mixin.py:115} INFO - Paginas:  5000
[2022-08-18 22:59:56,246] {logging_mixin.py:115} INFO - Contador:  84
[2022-08-18 22:59:56,246] {logging_mixin.py:115} INFO - Linhas:  415000
[2022-08-18 23:00:10,114] {logging_mixin.py:115} INFO - 16 16
[2022-08-18 23:00:31,012] {logging_mixin.py:115} INFO - Paginas:  5000
[2022-08-18 23:00:31,013] {logging_mixin.py:115} INFO - Contador:  85
[2022-08-18 23:00:31,013] {logging_mixin.py:115} INFO - Linhas:  420000
[2022-08-18 23:00:44,182] {logging_mixin.py:115} INFO - 16 16
[2022-08-18 23:00:59,646] {logging_mixin.py:115} INFO - Paginas:  5000
[2022-08-18 23:00:59,646] {logging_mixin.py:115} INFO - Contador:  86
[2022-08-18 23:00:59,646] {logging_mixin.py:115} INFO - Linhas:  425000
[2022-08-18 23:01:12,872] {logging_mixin.py:115} INFO - 16 16
[2022-08-18 23:01:23,810] {logging_mixin.py:115} INFO - Paginas:  5000
[2022-08-18 23:01:23,810] {logging_mixin.py:115} INFO - Contador:  87
[2022-08-18 23:01:23,810] {logging_mixin.py:115} INFO - Linhas:  430000
[2022-08-18 23:01:36,866] {logging_mixin.py:115} INFO - 16 16
[2022-08-18 23:02:00,739] {logging_mixin.py:115} INFO - Paginas:  5000
[2022-08-18 23:02:00,739] {logging_mixin.py:115} INFO - Contador:  88
[2022-08-18 23:02:00,739] {logging_mixin.py:115} INFO - Linhas:  435000
[2022-08-18 23:02:14,822] {logging_mixin.py:115} INFO - 16 16
[2022-08-18 23:02:28,256] {logging_mixin.py:115} INFO - Paginas:  5000
[2022-08-18 23:02:28,256] {logging_mixin.py:115} INFO - Contador:  89
[2022-08-18 23:02:28,256] {logging_mixin.py:115} INFO - Linhas:  440000
[2022-08-18 23:02:40,869] {logging_mixin.py:115} INFO - 16 16
[2022-08-18 23:02:54,354] {logging_mixin.py:115} INFO - Paginas:  5000
[2022-08-18 23:02:54,355] {logging_mixin.py:115} INFO - Contador:  90
[2022-08-18 23:02:54,355] {logging_mixin.py:115} INFO - Linhas:  445000
[2022-08-18 23:03:07,376] {logging_mixin.py:115} INFO - 16 16
[2022-08-18 23:03:22,133] {logging_mixin.py:115} INFO - Paginas:  5000
[2022-08-18 23:03:22,133] {logging_mixin.py:115} INFO - Contador:  91
[2022-08-18 23:03:22,134] {logging_mixin.py:115} INFO - Linhas:  450000
[2022-08-18 23:03:35,923] {logging_mixin.py:115} INFO - 16 16
[2022-08-18 23:03:57,873] {logging_mixin.py:115} INFO - Paginas:  5000
[2022-08-18 23:03:57,873] {logging_mixin.py:115} INFO - Contador:  92
[2022-08-18 23:03:57,873] {logging_mixin.py:115} INFO - Linhas:  455000
[2022-08-18 23:04:11,881] {logging_mixin.py:115} INFO - 16 16
[2022-08-18 23:04:30,360] {logging_mixin.py:115} INFO - Paginas:  5000
[2022-08-18 23:04:30,360] {logging_mixin.py:115} INFO - Contador:  93
[2022-08-18 23:04:30,360] {logging_mixin.py:115} INFO - Linhas:  460000
[2022-08-18 23:04:44,578] {logging_mixin.py:115} INFO - 16 16
[2022-08-18 23:05:05,191] {logging_mixin.py:115} INFO - Paginas:  5000
[2022-08-18 23:05:05,191] {logging_mixin.py:115} INFO - Contador:  94
[2022-08-18 23:05:05,191] {logging_mixin.py:115} INFO - Linhas:  465000
[2022-08-18 23:05:19,041] {logging_mixin.py:115} INFO - 16 16
[2022-08-18 23:05:35,178] {logging_mixin.py:115} INFO - Paginas:  5000
[2022-08-18 23:05:35,178] {logging_mixin.py:115} INFO - Contador:  95
[2022-08-18 23:05:35,179] {logging_mixin.py:115} INFO - Linhas:  470000
[2022-08-18 23:05:49,180] {logging_mixin.py:115} INFO - 16 16
[2022-08-18 23:06:03,992] {logging_mixin.py:115} INFO - Paginas:  5000
[2022-08-18 23:06:03,993] {logging_mixin.py:115} INFO - Contador:  96
[2022-08-18 23:06:03,993] {logging_mixin.py:115} INFO - Linhas:  475000
[2022-08-18 23:06:17,842] {logging_mixin.py:115} INFO - 16 16
[2022-08-18 23:06:27,885] {logging_mixin.py:115} INFO - Paginas:  5000
[2022-08-18 23:06:27,885] {logging_mixin.py:115} INFO - Contador:  97
[2022-08-18 23:06:27,885] {logging_mixin.py:115} INFO - Linhas:  480000
[2022-08-18 23:06:42,670] {logging_mixin.py:115} INFO - 16 16
[2022-08-18 23:06:58,513] {logging_mixin.py:115} INFO - Paginas:  5000
[2022-08-18 23:06:58,513] {logging_mixin.py:115} INFO - Contador:  98
[2022-08-18 23:06:58,513] {logging_mixin.py:115} INFO - Linhas:  485000
[2022-08-18 23:07:12,264] {logging_mixin.py:115} INFO - 16 16
[2022-08-18 23:07:28,113] {logging_mixin.py:115} INFO - Paginas:  5000
[2022-08-18 23:07:28,114] {logging_mixin.py:115} INFO - Contador:  99
[2022-08-18 23:07:28,114] {logging_mixin.py:115} INFO - Linhas:  490000
[2022-08-18 23:07:42,075] {logging_mixin.py:115} INFO - 16 16
[2022-08-18 23:07:58,896] {logging_mixin.py:115} INFO - Paginas:  5000
[2022-08-18 23:07:58,897] {logging_mixin.py:115} INFO - Contador:  100
[2022-08-18 23:07:58,897] {logging_mixin.py:115} INFO - Linhas:  495000
[2022-08-18 23:08:13,199] {logging_mixin.py:115} INFO - 16 16
[2022-08-18 23:08:30,123] {logging_mixin.py:115} INFO - Paginas:  5000
[2022-08-18 23:08:30,123] {logging_mixin.py:115} INFO - Contador:  101
[2022-08-18 23:08:30,123] {logging_mixin.py:115} INFO - Linhas:  500000
[2022-08-18 23:08:44,387] {logging_mixin.py:115} INFO - 16 16
[2022-08-18 23:09:03,560] {logging_mixin.py:115} INFO - Paginas:  5000
[2022-08-18 23:09:03,561] {logging_mixin.py:115} INFO - Contador:  102
[2022-08-18 23:09:03,561] {logging_mixin.py:115} INFO - Linhas:  505000
[2022-08-18 23:09:19,291] {logging_mixin.py:115} INFO - 16 16
[2022-08-18 23:09:32,014] {logging_mixin.py:115} INFO - Paginas:  5000
[2022-08-18 23:09:32,014] {logging_mixin.py:115} INFO - Contador:  103
[2022-08-18 23:09:32,014] {logging_mixin.py:115} INFO - Linhas:  510000
[2022-08-18 23:09:44,965] {logging_mixin.py:115} INFO - 16 6
[2022-08-18 23:09:44,965] {logging_mixin.py:115} INFO - quebrou:  len(df.columns)  6
[2022-08-18 23:09:44,965] {python.py:173} INFO - Done. Returned value was: None
[2022-08-18 23:09:44,988] {taskinstance.py:1420} INFO - Marking task as SUCCESS. dag_id=carga_deskmanager, task_id=popula_DeskManagerInteracoesAF, execution_date=20220817T220000, start_date=20220818T222704, end_date=20220818T230944
[2022-08-18 23:09:45,039] {local_task_job.py:156} INFO - Task exited with return code 0
[2022-08-18 23:09:45,091] {local_task_job.py:273} INFO - 1 downstream tasks scheduled from follow-on schedule check
