[2022-08-21 11:58:33,828] {taskinstance.py:1179} INFO - Dependencies all met for <TaskInstance: carga_deskmanager.popula_DeskManagerAF scheduled__2022-08-19T22:00:00+00:00 [queued]>
[2022-08-21 11:58:34,148] {taskinstance.py:1179} INFO - Dependencies all met for <TaskInstance: carga_deskmanager.popula_DeskManagerAF scheduled__2022-08-19T22:00:00+00:00 [queued]>
[2022-08-21 11:58:34,148] {taskinstance.py:1376} INFO - 
--------------------------------------------------------------------------------
[2022-08-21 11:58:34,148] {taskinstance.py:1377} INFO - Starting attempt 1 of 1
[2022-08-21 11:58:34,148] {taskinstance.py:1378} INFO - 
--------------------------------------------------------------------------------
[2022-08-21 11:58:34,384] {taskinstance.py:1397} INFO - Executing <Task(PythonOperator): popula_DeskManagerAF> on 2022-08-19 22:00:00+00:00
[2022-08-21 11:58:34,459] {standard_task_runner.py:52} INFO - Started process 265 to run task
[2022-08-21 11:58:34,553] {standard_task_runner.py:79} INFO - Running: ['***', 'tasks', 'run', 'carga_deskmanager', 'popula_DeskManagerAF', 'scheduled__2022-08-19T22:00:00+00:00', '--job-id', '1148', '--raw', '--subdir', 'DAGS_FOLDER/etl_deskmanager.py', '--cfg-path', '/tmp/tmpdx70dgpx', '--error-file', '/tmp/tmpwj5eo2dc']
[2022-08-21 11:58:34,757] {standard_task_runner.py:80} INFO - Job 1148: Subtask popula_DeskManagerAF
[2022-08-21 11:58:37,595] {task_command.py:371} INFO - Running <TaskInstance: carga_deskmanager.popula_DeskManagerAF scheduled__2022-08-19T22:00:00+00:00 [running]> on host 1e1070d9e5ae
[2022-08-21 11:58:40,571] {taskinstance.py:1591} INFO - Exporting the following env vars:
AIRFLOW_CTX_DAG_EMAIL=clecio.antao@gmail.com
AIRFLOW_CTX_DAG_OWNER=***
AIRFLOW_CTX_DAG_ID=carga_deskmanager
AIRFLOW_CTX_TASK_ID=popula_DeskManagerAF
AIRFLOW_CTX_EXECUTION_DATE=2022-08-19T22:00:00+00:00
AIRFLOW_CTX_TRY_NUMBER=1
AIRFLOW_CTX_DAG_RUN_ID=scheduled__2022-08-19T22:00:00+00:00
[2022-08-21 11:58:40,767] {logging_mixin.py:115} INFO - sucesso
[2022-08-21 11:58:42,866] {logging_mixin.py:115} INFO - Token:  dGVjYmFu#9087a41ea43aa37fdaccbf6c1fa238ce0b59c156
[2022-08-21 11:58:42,866] {logging_mixin.py:115} INFO - Relatorio:  868
[2022-08-21 11:58:42,867] {logging_mixin.py:115} INFO - Tabela:  DeskManagerAF
[2022-08-21 11:59:05,447] {logging_mixin.py:115} INFO - Paginas:  5000
[2022-08-21 11:59:05,447] {logging_mixin.py:115} INFO - Contador:  1
[2022-08-21 11:59:05,447] {logging_mixin.py:115} INFO - Linhas:  0
[2022-08-21 11:59:15,382] {logging_mixin.py:115} INFO - 30 30
[2022-08-21 11:59:55,075] {logging_mixin.py:115} INFO - Paginas:  5000
[2022-08-21 11:59:55,075] {logging_mixin.py:115} INFO - Contador:  2
[2022-08-21 11:59:55,075] {logging_mixin.py:115} INFO - Linhas:  5000
[2022-08-21 12:00:03,174] {logging_mixin.py:115} INFO - 30 30
[2022-08-21 12:00:39,512] {logging_mixin.py:115} INFO - Paginas:  5000
[2022-08-21 12:00:39,512] {logging_mixin.py:115} INFO - Contador:  3
[2022-08-21 12:00:39,512] {logging_mixin.py:115} INFO - Linhas:  10000
[2022-08-21 12:00:47,172] {logging_mixin.py:115} INFO - 30 30
[2022-08-21 12:01:08,465] {logging_mixin.py:115} INFO - Paginas:  5000
[2022-08-21 12:01:08,465] {logging_mixin.py:115} INFO - Contador:  4
[2022-08-21 12:01:08,465] {logging_mixin.py:115} INFO - Linhas:  15000
[2022-08-21 12:01:14,687] {logging_mixin.py:115} INFO - 30 30
[2022-08-21 12:01:25,879] {logging_mixin.py:115} INFO - Paginas:  5000
[2022-08-21 12:01:25,879] {logging_mixin.py:115} INFO - Contador:  5
[2022-08-21 12:01:25,879] {logging_mixin.py:115} INFO - Linhas:  20000
[2022-08-21 12:01:32,567] {logging_mixin.py:115} INFO - 30 30
[2022-08-21 12:01:45,234] {logging_mixin.py:115} INFO - Paginas:  5000
[2022-08-21 12:01:45,234] {logging_mixin.py:115} INFO - Contador:  6
[2022-08-21 12:01:45,234] {logging_mixin.py:115} INFO - Linhas:  25000
[2022-08-21 12:01:51,718] {logging_mixin.py:115} INFO - 30 30
[2022-08-21 12:02:03,926] {logging_mixin.py:115} INFO - Paginas:  5000
[2022-08-21 12:02:03,928] {logging_mixin.py:115} INFO - Contador:  7
[2022-08-21 12:02:03,928] {logging_mixin.py:115} INFO - Linhas:  30000
[2022-08-21 12:02:12,741] {logging_mixin.py:115} INFO - 30 30
[2022-08-21 12:02:24,023] {logging_mixin.py:115} INFO - Paginas:  5000
[2022-08-21 12:02:24,026] {logging_mixin.py:115} INFO - Contador:  8
[2022-08-21 12:02:24,026] {logging_mixin.py:115} INFO - Linhas:  35000
[2022-08-21 12:02:31,353] {logging_mixin.py:115} INFO - 30 30
[2022-08-21 12:02:46,889] {logging_mixin.py:115} INFO - Paginas:  5000
[2022-08-21 12:02:46,889] {logging_mixin.py:115} INFO - Contador:  9
[2022-08-21 12:02:46,889] {logging_mixin.py:115} INFO - Linhas:  40000
[2022-08-21 12:02:54,685] {logging_mixin.py:115} INFO - 30 30
[2022-08-21 12:03:10,735] {logging_mixin.py:115} INFO - Paginas:  5000
[2022-08-21 12:03:10,735] {logging_mixin.py:115} INFO - Contador:  10
[2022-08-21 12:03:10,735] {logging_mixin.py:115} INFO - Linhas:  45000
[2022-08-21 12:03:17,918] {logging_mixin.py:115} INFO - 30 30
[2022-08-21 12:03:28,516] {logging_mixin.py:115} INFO - Paginas:  5000
[2022-08-21 12:03:28,516] {logging_mixin.py:115} INFO - Contador:  11
[2022-08-21 12:03:28,516] {logging_mixin.py:115} INFO - Linhas:  50000
[2022-08-21 12:03:35,620] {logging_mixin.py:115} INFO - 30 30
[2022-08-21 12:03:51,782] {logging_mixin.py:115} INFO - Paginas:  5000
[2022-08-21 12:03:51,782] {logging_mixin.py:115} INFO - Contador:  12
[2022-08-21 12:03:51,782] {logging_mixin.py:115} INFO - Linhas:  55000
[2022-08-21 12:03:59,853] {logging_mixin.py:115} INFO - 30 30
[2022-08-21 12:04:16,771] {logging_mixin.py:115} INFO - Paginas:  5000
[2022-08-21 12:04:16,772] {logging_mixin.py:115} INFO - Contador:  13
[2022-08-21 12:04:16,772] {logging_mixin.py:115} INFO - Linhas:  60000
[2022-08-21 12:04:24,719] {logging_mixin.py:115} INFO - 30 30
[2022-08-21 12:04:35,450] {logging_mixin.py:115} INFO - Paginas:  5000
[2022-08-21 12:04:35,450] {logging_mixin.py:115} INFO - Contador:  14
[2022-08-21 12:04:35,450] {logging_mixin.py:115} INFO - Linhas:  65000
[2022-08-21 12:04:43,153] {logging_mixin.py:115} INFO - 30 30
[2022-08-21 12:04:56,851] {logging_mixin.py:115} INFO - Paginas:  5000
[2022-08-21 12:04:56,851] {logging_mixin.py:115} INFO - Contador:  15
[2022-08-21 12:04:56,851] {logging_mixin.py:115} INFO - Linhas:  70000
[2022-08-21 12:05:04,781] {logging_mixin.py:115} INFO - 30 30
[2022-08-21 12:05:31,147] {logging_mixin.py:115} INFO - Paginas:  5000
[2022-08-21 12:05:31,147] {logging_mixin.py:115} INFO - Contador:  16
[2022-08-21 12:05:31,147] {logging_mixin.py:115} INFO - Linhas:  75000
[2022-08-21 12:05:39,034] {logging_mixin.py:115} INFO - 30 30
[2022-08-21 12:05:50,119] {logging_mixin.py:115} INFO - Paginas:  5000
[2022-08-21 12:05:50,119] {logging_mixin.py:115} INFO - Contador:  17
[2022-08-21 12:05:50,119] {logging_mixin.py:115} INFO - Linhas:  80000
[2022-08-21 12:05:59,814] {logging_mixin.py:115} INFO - 30 30
[2022-08-21 12:06:24,563] {logging_mixin.py:115} INFO - Paginas:  5000
[2022-08-21 12:06:24,563] {logging_mixin.py:115} INFO - Contador:  18
[2022-08-21 12:06:24,563] {logging_mixin.py:115} INFO - Linhas:  85000
[2022-08-21 12:06:35,956] {logging_mixin.py:115} INFO - 30 30
[2022-08-21 12:06:49,891] {logging_mixin.py:115} INFO - Paginas:  5000
[2022-08-21 12:06:49,891] {logging_mixin.py:115} INFO - Contador:  19
[2022-08-21 12:06:49,891] {logging_mixin.py:115} INFO - Linhas:  90000
[2022-08-21 12:06:59,413] {logging_mixin.py:115} INFO - 30 30
[2022-08-21 12:07:14,371] {logging_mixin.py:115} INFO - Paginas:  5000
[2022-08-21 12:07:14,371] {logging_mixin.py:115} INFO - Contador:  20
[2022-08-21 12:07:14,371] {logging_mixin.py:115} INFO - Linhas:  95000
[2022-08-21 12:07:24,168] {logging_mixin.py:115} INFO - 30 30
[2022-08-21 12:07:44,580] {logging_mixin.py:115} INFO - Paginas:  5000
[2022-08-21 12:07:44,580] {logging_mixin.py:115} INFO - Contador:  21
[2022-08-21 12:07:44,580] {logging_mixin.py:115} INFO - Linhas:  100000
[2022-08-21 12:07:56,063] {logging_mixin.py:115} INFO - 30 30
[2022-08-21 12:08:15,442] {logging_mixin.py:115} INFO - Paginas:  5000
[2022-08-21 12:08:15,442] {logging_mixin.py:115} INFO - Contador:  22
[2022-08-21 12:08:15,442] {logging_mixin.py:115} INFO - Linhas:  105000
[2022-08-21 12:08:23,893] {logging_mixin.py:115} INFO - 30 30
[2022-08-21 12:08:40,785] {logging_mixin.py:115} INFO - Paginas:  5000
[2022-08-21 12:08:40,785] {logging_mixin.py:115} INFO - Contador:  23
[2022-08-21 12:08:40,785] {logging_mixin.py:115} INFO - Linhas:  110000
[2022-08-21 12:08:51,778] {logging_mixin.py:115} INFO - 30 30
[2022-08-21 12:09:15,017] {logging_mixin.py:115} INFO - Paginas:  5000
[2022-08-21 12:09:15,017] {logging_mixin.py:115} INFO - Contador:  24
[2022-08-21 12:09:15,017] {logging_mixin.py:115} INFO - Linhas:  115000
[2022-08-21 12:09:24,269] {logging_mixin.py:115} INFO - 30 30
[2022-08-21 12:09:39,901] {logging_mixin.py:115} INFO - Paginas:  5000
[2022-08-21 12:09:39,901] {logging_mixin.py:115} INFO - Contador:  25
[2022-08-21 12:09:39,901] {logging_mixin.py:115} INFO - Linhas:  120000
[2022-08-21 12:09:50,465] {logging_mixin.py:115} INFO - 30 30
[2022-08-21 12:10:06,070] {logging_mixin.py:115} INFO - Paginas:  5000
[2022-08-21 12:10:06,070] {logging_mixin.py:115} INFO - Contador:  26
[2022-08-21 12:10:06,070] {logging_mixin.py:115} INFO - Linhas:  125000
[2022-08-21 12:10:17,611] {logging_mixin.py:115} INFO - 30 30
[2022-08-21 12:10:32,855] {logging_mixin.py:115} INFO - Paginas:  5000
[2022-08-21 12:10:32,855] {logging_mixin.py:115} INFO - Contador:  27
[2022-08-21 12:10:32,855] {logging_mixin.py:115} INFO - Linhas:  130000
[2022-08-21 12:10:43,900] {logging_mixin.py:115} INFO - 30 30
[2022-08-21 12:11:01,377] {logging_mixin.py:115} INFO - Paginas:  5000
[2022-08-21 12:11:01,378] {logging_mixin.py:115} INFO - Contador:  28
[2022-08-21 12:11:01,378] {logging_mixin.py:115} INFO - Linhas:  135000
[2022-08-21 12:11:12,516] {logging_mixin.py:115} INFO - 30 30
[2022-08-21 12:11:29,765] {logging_mixin.py:115} INFO - Paginas:  5000
[2022-08-21 12:11:29,765] {logging_mixin.py:115} INFO - Contador:  29
[2022-08-21 12:11:29,765] {logging_mixin.py:115} INFO - Linhas:  140000
[2022-08-21 12:11:41,873] {logging_mixin.py:115} INFO - 30 30
[2022-08-21 12:11:57,681] {logging_mixin.py:115} INFO - Paginas:  5000
[2022-08-21 12:11:57,682] {logging_mixin.py:115} INFO - Contador:  30
[2022-08-21 12:11:57,682] {logging_mixin.py:115} INFO - Linhas:  145000
[2022-08-21 12:12:10,466] {logging_mixin.py:115} INFO - 30 30
[2022-08-21 12:12:27,906] {logging_mixin.py:115} INFO - Paginas:  5000
[2022-08-21 12:12:27,906] {logging_mixin.py:115} INFO - Contador:  31
[2022-08-21 12:12:27,906] {logging_mixin.py:115} INFO - Linhas:  150000
[2022-08-21 12:12:40,194] {logging_mixin.py:115} INFO - 30 30
[2022-08-21 12:12:54,546] {logging_mixin.py:115} INFO - Paginas:  5000
[2022-08-21 12:12:54,546] {logging_mixin.py:115} INFO - Contador:  32
[2022-08-21 12:12:54,546] {logging_mixin.py:115} INFO - Linhas:  155000
[2022-08-21 12:13:04,467] {logging_mixin.py:115} INFO - 30 30
[2022-08-21 12:13:20,391] {logging_mixin.py:115} INFO - Paginas:  5000
[2022-08-21 12:13:20,391] {logging_mixin.py:115} INFO - Contador:  33
[2022-08-21 12:13:20,391] {logging_mixin.py:115} INFO - Linhas:  160000
[2022-08-21 12:13:30,720] {logging_mixin.py:115} INFO - 30 30
[2022-08-21 12:13:44,137] {logging_mixin.py:115} INFO - Paginas:  5000
[2022-08-21 12:13:44,137] {logging_mixin.py:115} INFO - Contador:  34
[2022-08-21 12:13:44,137] {logging_mixin.py:115} INFO - Linhas:  165000
[2022-08-21 12:13:55,332] {logging_mixin.py:115} INFO - 30 30
[2022-08-21 12:14:09,478] {logging_mixin.py:115} INFO - Paginas:  5000
[2022-08-21 12:14:09,478] {logging_mixin.py:115} INFO - Contador:  35
[2022-08-21 12:14:09,478] {logging_mixin.py:115} INFO - Linhas:  170000
[2022-08-21 12:14:21,743] {logging_mixin.py:115} INFO - 30 30
[2022-08-21 12:14:36,616] {logging_mixin.py:115} INFO - Paginas:  5000
[2022-08-21 12:14:36,616] {logging_mixin.py:115} INFO - Contador:  36
[2022-08-21 12:14:36,616] {logging_mixin.py:115} INFO - Linhas:  175000
[2022-08-21 12:14:47,752] {logging_mixin.py:115} INFO - 30 30
[2022-08-21 12:15:08,407] {logging_mixin.py:115} INFO - Paginas:  5000
[2022-08-21 12:15:08,407] {logging_mixin.py:115} INFO - Contador:  37
[2022-08-21 12:15:08,407] {logging_mixin.py:115} INFO - Linhas:  180000
[2022-08-21 12:15:22,649] {logging_mixin.py:115} INFO - 30 30
[2022-08-21 12:15:37,599] {logging_mixin.py:115} INFO - Paginas:  5000
[2022-08-21 12:15:37,600] {logging_mixin.py:115} INFO - Contador:  38
[2022-08-21 12:15:37,600] {logging_mixin.py:115} INFO - Linhas:  185000
[2022-08-21 12:15:48,849] {logging_mixin.py:115} INFO - 30 30
[2022-08-21 12:16:06,205] {logging_mixin.py:115} INFO - Paginas:  5000
[2022-08-21 12:16:06,206] {logging_mixin.py:115} INFO - Contador:  39
[2022-08-21 12:16:06,206] {logging_mixin.py:115} INFO - Linhas:  190000
[2022-08-21 12:16:19,237] {logging_mixin.py:115} INFO - 30 30
[2022-08-21 12:16:38,113] {logging_mixin.py:115} INFO - Paginas:  5000
[2022-08-21 12:16:38,113] {logging_mixin.py:115} INFO - Contador:  40
[2022-08-21 12:16:38,113] {logging_mixin.py:115} INFO - Linhas:  195000
[2022-08-21 12:16:49,538] {logging_mixin.py:115} INFO - 30 30
[2022-08-21 12:17:04,788] {logging_mixin.py:115} INFO - Paginas:  5000
[2022-08-21 12:17:04,788] {logging_mixin.py:115} INFO - Contador:  41
[2022-08-21 12:17:04,788] {logging_mixin.py:115} INFO - Linhas:  200000
[2022-08-21 12:17:19,543] {logging_mixin.py:115} INFO - 30 30
[2022-08-21 12:17:36,699] {logging_mixin.py:115} INFO - Paginas:  5000
[2022-08-21 12:17:36,699] {logging_mixin.py:115} INFO - Contador:  42
[2022-08-21 12:17:36,699] {logging_mixin.py:115} INFO - Linhas:  205000
[2022-08-21 12:17:50,180] {logging_mixin.py:115} INFO - 30 30
[2022-08-21 12:18:05,647] {logging_mixin.py:115} INFO - Paginas:  5000
[2022-08-21 12:18:05,647] {logging_mixin.py:115} INFO - Contador:  43
[2022-08-21 12:18:05,647] {logging_mixin.py:115} INFO - Linhas:  210000
[2022-08-21 12:18:17,654] {logging_mixin.py:115} INFO - 30 30
[2022-08-21 12:18:31,642] {logging_mixin.py:115} INFO - Paginas:  5000
[2022-08-21 12:18:31,643] {logging_mixin.py:115} INFO - Contador:  44
[2022-08-21 12:18:31,643] {logging_mixin.py:115} INFO - Linhas:  215000
[2022-08-21 12:18:44,280] {logging_mixin.py:115} INFO - 30 30
[2022-08-21 12:18:56,222] {logging_mixin.py:115} INFO - Paginas:  5000
[2022-08-21 12:18:56,222] {logging_mixin.py:115} INFO - Contador:  45
[2022-08-21 12:18:56,222] {logging_mixin.py:115} INFO - Linhas:  220000
[2022-08-21 12:19:10,534] {logging_mixin.py:115} INFO - 30 30
[2022-08-21 12:19:24,193] {logging_mixin.py:115} INFO - Paginas:  5000
[2022-08-21 12:19:24,193] {logging_mixin.py:115} INFO - Contador:  46
[2022-08-21 12:19:24,193] {logging_mixin.py:115} INFO - Linhas:  225000
[2022-08-21 12:19:38,831] {logging_mixin.py:115} INFO - 30 30
[2022-08-21 12:19:54,175] {logging_mixin.py:115} INFO - Paginas:  5000
[2022-08-21 12:19:54,175] {logging_mixin.py:115} INFO - Contador:  47
[2022-08-21 12:19:54,175] {logging_mixin.py:115} INFO - Linhas:  230000
[2022-08-21 12:20:09,616] {logging_mixin.py:115} INFO - 30 30
[2022-08-21 12:20:28,722] {logging_mixin.py:115} INFO - Paginas:  5000
[2022-08-21 12:20:28,722] {logging_mixin.py:115} INFO - Contador:  48
[2022-08-21 12:20:28,722] {logging_mixin.py:115} INFO - Linhas:  235000
[2022-08-21 12:20:43,135] {logging_mixin.py:115} INFO - 30 30
[2022-08-21 12:20:57,049] {logging_mixin.py:115} INFO - Paginas:  5000
[2022-08-21 12:20:57,049] {logging_mixin.py:115} INFO - Contador:  49
[2022-08-21 12:20:57,049] {logging_mixin.py:115} INFO - Linhas:  240000
[2022-08-21 12:21:12,471] {logging_mixin.py:115} INFO - 30 30
[2022-08-21 12:21:25,579] {logging_mixin.py:115} INFO - Paginas:  5000
[2022-08-21 12:21:25,579] {logging_mixin.py:115} INFO - Contador:  50
[2022-08-21 12:21:25,579] {logging_mixin.py:115} INFO - Linhas:  245000
[2022-08-21 12:21:40,794] {logging_mixin.py:115} INFO - 30 30
[2022-08-21 12:21:52,279] {logging_mixin.py:115} INFO - Paginas:  5000
[2022-08-21 12:21:52,279] {logging_mixin.py:115} INFO - Contador:  51
[2022-08-21 12:21:52,279] {logging_mixin.py:115} INFO - Linhas:  250000
[2022-08-21 12:22:07,836] {logging_mixin.py:115} INFO - 30 30
[2022-08-21 12:22:28,030] {logging_mixin.py:115} INFO - Paginas:  5000
[2022-08-21 12:22:28,031] {logging_mixin.py:115} INFO - Contador:  52
[2022-08-21 12:22:28,031] {logging_mixin.py:115} INFO - Linhas:  255000
[2022-08-21 12:22:43,420] {logging_mixin.py:115} INFO - 30 30
[2022-08-21 12:23:00,392] {logging_mixin.py:115} INFO - Paginas:  5000
[2022-08-21 12:23:00,392] {logging_mixin.py:115} INFO - Contador:  53
[2022-08-21 12:23:00,392] {logging_mixin.py:115} INFO - Linhas:  260000
[2022-08-21 12:23:14,213] {logging_mixin.py:115} INFO - 30 30
[2022-08-21 12:23:27,256] {logging_mixin.py:115} INFO - Paginas:  5000
[2022-08-21 12:23:27,256] {logging_mixin.py:115} INFO - Contador:  54
[2022-08-21 12:23:27,256] {logging_mixin.py:115} INFO - Linhas:  265000
[2022-08-21 12:23:42,308] {logging_mixin.py:115} INFO - 30 30
[2022-08-21 12:23:58,560] {logging_mixin.py:115} INFO - Paginas:  5000
[2022-08-21 12:23:58,560] {logging_mixin.py:115} INFO - Contador:  55
[2022-08-21 12:23:58,560] {logging_mixin.py:115} INFO - Linhas:  270000
[2022-08-21 12:24:13,618] {logging_mixin.py:115} INFO - 30 30
[2022-08-21 12:24:38,165] {logging_mixin.py:115} INFO - Paginas:  5000
[2022-08-21 12:24:38,165] {logging_mixin.py:115} INFO - Contador:  56
[2022-08-21 12:24:38,165] {logging_mixin.py:115} INFO - Linhas:  275000
[2022-08-21 12:24:53,754] {logging_mixin.py:115} INFO - 30 30
[2022-08-21 12:25:23,186] {logging_mixin.py:115} INFO - Paginas:  5000
[2022-08-21 12:25:23,186] {logging_mixin.py:115} INFO - Contador:  57
[2022-08-21 12:25:23,186] {logging_mixin.py:115} INFO - Linhas:  280000
[2022-08-21 12:25:38,641] {logging_mixin.py:115} INFO - 30 30
[2022-08-21 12:25:58,454] {logging_mixin.py:115} INFO - Paginas:  5000
[2022-08-21 12:25:58,454] {logging_mixin.py:115} INFO - Contador:  58
[2022-08-21 12:25:58,454] {logging_mixin.py:115} INFO - Linhas:  285000
[2022-08-21 12:26:11,310] {logging_mixin.py:115} INFO - 30 30
[2022-08-21 12:26:12,696] {logging_mixin.py:115} INFO - Paginas:  5000
[2022-08-21 12:26:12,696] {logging_mixin.py:115} INFO - Contador:  59
[2022-08-21 12:26:12,696] {logging_mixin.py:115} INFO - Linhas:  290000
[2022-08-21 12:26:24,761] {logging_mixin.py:115} INFO - 30 6
[2022-08-21 12:26:24,761] {logging_mixin.py:115} INFO - quebrou:  len(df.columns)  6
[2022-08-21 12:26:24,762] {python.py:173} INFO - Done. Returned value was: None
[2022-08-21 12:26:24,778] {taskinstance.py:1420} INFO - Marking task as SUCCESS. dag_id=carga_deskmanager, task_id=popula_DeskManagerAF, execution_date=20220819T220000, start_date=20220821T115833, end_date=20220821T122624
[2022-08-21 12:26:24,834] {local_task_job.py:156} INFO - Task exited with return code 0
[2022-08-21 12:26:24,881] {local_task_job.py:273} INFO - 1 downstream tasks scheduled from follow-on schedule check
