[2022-08-18 22:00:02,424] {taskinstance.py:1179} INFO - Dependencies all met for <TaskInstance: carga_deskmanager.popula_DeskManagerAF scheduled__2022-08-17T22:00:00+00:00 [queued]>
[2022-08-18 22:00:02,512] {taskinstance.py:1179} INFO - Dependencies all met for <TaskInstance: carga_deskmanager.popula_DeskManagerAF scheduled__2022-08-17T22:00:00+00:00 [queued]>
[2022-08-18 22:00:02,512] {taskinstance.py:1376} INFO - 
--------------------------------------------------------------------------------
[2022-08-18 22:00:02,512] {taskinstance.py:1377} INFO - Starting attempt 1 of 1
[2022-08-18 22:00:02,512] {taskinstance.py:1378} INFO - 
--------------------------------------------------------------------------------
[2022-08-18 22:00:02,607] {taskinstance.py:1397} INFO - Executing <Task(PythonOperator): popula_DeskManagerAF> on 2022-08-17 22:00:00+00:00
[2022-08-18 22:00:02,641] {standard_task_runner.py:79} INFO - Running: ['***', 'tasks', 'run', 'carga_deskmanager', 'popula_DeskManagerAF', 'scheduled__2022-08-17T22:00:00+00:00', '--job-id', '157', '--raw', '--subdir', 'DAGS_FOLDER/etl_deskmanager.py', '--cfg-path', '/tmp/tmpz93e7fq0', '--error-file', '/tmp/tmpqnxmtg7e']
[2022-08-18 22:00:02,642] {standard_task_runner.py:80} INFO - Job 157: Subtask popula_DeskManagerAF
[2022-08-18 22:00:02,667] {standard_task_runner.py:52} INFO - Started process 21941 to run task
[2022-08-18 22:00:03,059] {task_command.py:371} INFO - Running <TaskInstance: carga_deskmanager.popula_DeskManagerAF scheduled__2022-08-17T22:00:00+00:00 [running]> on host 1e1070d9e5ae
[2022-08-18 22:00:03,345] {taskinstance.py:1591} INFO - Exporting the following env vars:
AIRFLOW_CTX_DAG_EMAIL=clecio.antao@gmail.com
AIRFLOW_CTX_DAG_OWNER=***
AIRFLOW_CTX_DAG_ID=carga_deskmanager
AIRFLOW_CTX_TASK_ID=popula_DeskManagerAF
AIRFLOW_CTX_EXECUTION_DATE=2022-08-17T22:00:00+00:00
AIRFLOW_CTX_TRY_NUMBER=1
AIRFLOW_CTX_DAG_RUN_ID=scheduled__2022-08-17T22:00:00+00:00
[2022-08-18 22:00:03,350] {logging_mixin.py:115} INFO - sucesso
[2022-08-18 22:00:04,218] {logging_mixin.py:115} INFO - Token:  dGVjYmFu#5305fe1fcc3c0a1e9171c2b30815d579e41a6879
[2022-08-18 22:00:04,218] {logging_mixin.py:115} INFO - Relatorio:  868
[2022-08-18 22:00:04,218] {logging_mixin.py:115} INFO - Tabela:  DeskManagerAF
[2022-08-18 22:00:10,382] {logging_mixin.py:115} INFO - Paginas:  5000
[2022-08-18 22:00:10,382] {logging_mixin.py:115} INFO - Contador:  1
[2022-08-18 22:00:10,382] {logging_mixin.py:115} INFO - Linhas:  0
[2022-08-18 22:00:16,820] {logging_mixin.py:115} INFO - 30 30
[2022-08-18 22:00:37,497] {logging_mixin.py:115} INFO - Paginas:  5000
[2022-08-18 22:00:37,498] {logging_mixin.py:115} INFO - Contador:  2
[2022-08-18 22:00:37,498] {logging_mixin.py:115} INFO - Linhas:  5000
[2022-08-18 22:00:43,408] {logging_mixin.py:115} INFO - 30 30
[2022-08-18 22:01:00,240] {logging_mixin.py:115} INFO - Paginas:  5000
[2022-08-18 22:01:00,240] {logging_mixin.py:115} INFO - Contador:  3
[2022-08-18 22:01:00,240] {logging_mixin.py:115} INFO - Linhas:  10000
[2022-08-18 22:01:07,517] {logging_mixin.py:115} INFO - 30 30
[2022-08-18 22:01:18,624] {logging_mixin.py:115} INFO - Paginas:  5000
[2022-08-18 22:01:18,624] {logging_mixin.py:115} INFO - Contador:  4
[2022-08-18 22:01:18,624] {logging_mixin.py:115} INFO - Linhas:  15000
[2022-08-18 22:01:25,155] {logging_mixin.py:115} INFO - 30 30
[2022-08-18 22:01:39,066] {logging_mixin.py:115} INFO - Paginas:  5000
[2022-08-18 22:01:39,066] {logging_mixin.py:115} INFO - Contador:  5
[2022-08-18 22:01:39,066] {logging_mixin.py:115} INFO - Linhas:  20000
[2022-08-18 22:01:46,124] {logging_mixin.py:115} INFO - 30 30
[2022-08-18 22:01:59,763] {logging_mixin.py:115} INFO - Paginas:  5000
[2022-08-18 22:01:59,763] {logging_mixin.py:115} INFO - Contador:  6
[2022-08-18 22:01:59,763] {logging_mixin.py:115} INFO - Linhas:  25000
[2022-08-18 22:02:06,793] {logging_mixin.py:115} INFO - 30 30
[2022-08-18 22:02:17,495] {logging_mixin.py:115} INFO - Paginas:  5000
[2022-08-18 22:02:17,495] {logging_mixin.py:115} INFO - Contador:  7
[2022-08-18 22:02:17,495] {logging_mixin.py:115} INFO - Linhas:  30000
[2022-08-18 22:02:24,297] {logging_mixin.py:115} INFO - 30 30
[2022-08-18 22:02:39,372] {logging_mixin.py:115} INFO - Paginas:  5000
[2022-08-18 22:02:39,372] {logging_mixin.py:115} INFO - Contador:  8
[2022-08-18 22:02:39,372] {logging_mixin.py:115} INFO - Linhas:  35000
[2022-08-18 22:02:46,560] {logging_mixin.py:115} INFO - 30 30
[2022-08-18 22:02:56,609] {logging_mixin.py:115} INFO - Paginas:  5000
[2022-08-18 22:02:56,610] {logging_mixin.py:115} INFO - Contador:  9
[2022-08-18 22:02:56,610] {logging_mixin.py:115} INFO - Linhas:  40000
[2022-08-18 22:03:04,778] {logging_mixin.py:115} INFO - 30 30
[2022-08-18 22:03:15,706] {logging_mixin.py:115} INFO - Paginas:  5000
[2022-08-18 22:03:15,706] {logging_mixin.py:115} INFO - Contador:  10
[2022-08-18 22:03:15,706] {logging_mixin.py:115} INFO - Linhas:  45000
[2022-08-18 22:03:23,154] {logging_mixin.py:115} INFO - 30 30
[2022-08-18 22:03:31,785] {logging_mixin.py:115} INFO - Paginas:  5000
[2022-08-18 22:03:31,785] {logging_mixin.py:115} INFO - Contador:  11
[2022-08-18 22:03:31,785] {logging_mixin.py:115} INFO - Linhas:  50000
[2022-08-18 22:03:39,266] {logging_mixin.py:115} INFO - 30 30
[2022-08-18 22:03:48,394] {logging_mixin.py:115} INFO - Paginas:  5000
[2022-08-18 22:03:48,394] {logging_mixin.py:115} INFO - Contador:  12
[2022-08-18 22:03:48,394] {logging_mixin.py:115} INFO - Linhas:  55000
[2022-08-18 22:03:55,518] {logging_mixin.py:115} INFO - 30 30
[2022-08-18 22:04:07,239] {logging_mixin.py:115} INFO - Paginas:  5000
[2022-08-18 22:04:07,239] {logging_mixin.py:115} INFO - Contador:  13
[2022-08-18 22:04:07,239] {logging_mixin.py:115} INFO - Linhas:  60000
[2022-08-18 22:04:15,424] {logging_mixin.py:115} INFO - 30 30
[2022-08-18 22:04:26,151] {logging_mixin.py:115} INFO - Paginas:  5000
[2022-08-18 22:04:26,151] {logging_mixin.py:115} INFO - Contador:  14
[2022-08-18 22:04:26,151] {logging_mixin.py:115} INFO - Linhas:  65000
[2022-08-18 22:04:33,817] {logging_mixin.py:115} INFO - 30 30
[2022-08-18 22:04:48,226] {logging_mixin.py:115} INFO - Paginas:  5000
[2022-08-18 22:04:48,226] {logging_mixin.py:115} INFO - Contador:  15
[2022-08-18 22:04:48,226] {logging_mixin.py:115} INFO - Linhas:  70000
[2022-08-18 22:04:57,314] {logging_mixin.py:115} INFO - 30 30
[2022-08-18 22:05:10,643] {logging_mixin.py:115} INFO - Paginas:  5000
[2022-08-18 22:05:10,643] {logging_mixin.py:115} INFO - Contador:  16
[2022-08-18 22:05:10,643] {logging_mixin.py:115} INFO - Linhas:  75000
[2022-08-18 22:05:18,501] {logging_mixin.py:115} INFO - 30 30
[2022-08-18 22:05:27,006] {logging_mixin.py:115} INFO - Paginas:  5000
[2022-08-18 22:05:27,006] {logging_mixin.py:115} INFO - Contador:  17
[2022-08-18 22:05:27,006] {logging_mixin.py:115} INFO - Linhas:  80000
[2022-08-18 22:05:35,253] {logging_mixin.py:115} INFO - 30 30
[2022-08-18 22:05:49,432] {logging_mixin.py:115} INFO - Paginas:  5000
[2022-08-18 22:05:49,432] {logging_mixin.py:115} INFO - Contador:  18
[2022-08-18 22:05:49,432] {logging_mixin.py:115} INFO - Linhas:  85000
[2022-08-18 22:05:57,949] {logging_mixin.py:115} INFO - 30 30
[2022-08-18 22:06:10,172] {logging_mixin.py:115} INFO - Paginas:  5000
[2022-08-18 22:06:10,173] {logging_mixin.py:115} INFO - Contador:  19
[2022-08-18 22:06:10,173] {logging_mixin.py:115} INFO - Linhas:  90000
[2022-08-18 22:06:18,820] {logging_mixin.py:115} INFO - 30 30
[2022-08-18 22:06:39,742] {logging_mixin.py:115} INFO - Paginas:  5000
[2022-08-18 22:06:39,742] {logging_mixin.py:115} INFO - Contador:  20
[2022-08-18 22:06:39,742] {logging_mixin.py:115} INFO - Linhas:  95000
[2022-08-18 22:06:49,294] {logging_mixin.py:115} INFO - 30 30
[2022-08-18 22:07:13,980] {logging_mixin.py:115} INFO - Paginas:  5000
[2022-08-18 22:07:13,980] {logging_mixin.py:115} INFO - Contador:  21
[2022-08-18 22:07:13,980] {logging_mixin.py:115} INFO - Linhas:  100000
[2022-08-18 22:07:23,220] {logging_mixin.py:115} INFO - 30 30
[2022-08-18 22:07:48,156] {logging_mixin.py:115} INFO - Paginas:  5000
[2022-08-18 22:07:48,156] {logging_mixin.py:115} INFO - Contador:  22
[2022-08-18 22:07:48,156] {logging_mixin.py:115} INFO - Linhas:  105000
[2022-08-18 22:07:58,076] {logging_mixin.py:115} INFO - 30 30
[2022-08-18 22:08:21,660] {logging_mixin.py:115} INFO - Paginas:  5000
[2022-08-18 22:08:21,660] {logging_mixin.py:115} INFO - Contador:  23
[2022-08-18 22:08:21,660] {logging_mixin.py:115} INFO - Linhas:  110000
[2022-08-18 22:08:32,585] {logging_mixin.py:115} INFO - 30 30
[2022-08-18 22:08:55,731] {logging_mixin.py:115} INFO - Paginas:  5000
[2022-08-18 22:08:55,734] {logging_mixin.py:115} INFO - Contador:  24
[2022-08-18 22:08:55,734] {logging_mixin.py:115} INFO - Linhas:  115000
[2022-08-18 22:09:06,543] {logging_mixin.py:115} INFO - 30 30
[2022-08-18 22:09:25,200] {logging_mixin.py:115} INFO - Paginas:  5000
[2022-08-18 22:09:25,201] {logging_mixin.py:115} INFO - Contador:  25
[2022-08-18 22:09:25,201] {logging_mixin.py:115} INFO - Linhas:  120000
[2022-08-18 22:09:35,603] {logging_mixin.py:115} INFO - 30 30
[2022-08-18 22:09:56,673] {logging_mixin.py:115} INFO - Paginas:  5000
[2022-08-18 22:09:56,674] {logging_mixin.py:115} INFO - Contador:  26
[2022-08-18 22:09:56,674] {logging_mixin.py:115} INFO - Linhas:  125000
[2022-08-18 22:10:07,166] {logging_mixin.py:115} INFO - 30 30
[2022-08-18 22:10:29,850] {logging_mixin.py:115} INFO - Paginas:  5000
[2022-08-18 22:10:29,850] {logging_mixin.py:115} INFO - Contador:  27
[2022-08-18 22:10:29,850] {logging_mixin.py:115} INFO - Linhas:  130000
[2022-08-18 22:10:40,089] {logging_mixin.py:115} INFO - 30 30
[2022-08-18 22:11:03,212] {logging_mixin.py:115} INFO - Paginas:  5000
[2022-08-18 22:11:03,212] {logging_mixin.py:115} INFO - Contador:  28
[2022-08-18 22:11:03,212] {logging_mixin.py:115} INFO - Linhas:  135000
[2022-08-18 22:11:13,596] {logging_mixin.py:115} INFO - 30 30
[2022-08-18 22:11:34,469] {logging_mixin.py:115} INFO - Paginas:  5000
[2022-08-18 22:11:34,469] {logging_mixin.py:115} INFO - Contador:  29
[2022-08-18 22:11:34,469] {logging_mixin.py:115} INFO - Linhas:  140000
[2022-08-18 22:11:44,367] {logging_mixin.py:115} INFO - 30 30
[2022-08-18 22:12:09,961] {logging_mixin.py:115} INFO - Paginas:  5000
[2022-08-18 22:12:09,961] {logging_mixin.py:115} INFO - Contador:  30
[2022-08-18 22:12:09,961] {logging_mixin.py:115} INFO - Linhas:  145000
[2022-08-18 22:12:21,658] {logging_mixin.py:115} INFO - 30 30
[2022-08-18 22:12:34,734] {logging_mixin.py:115} INFO - Paginas:  5000
[2022-08-18 22:12:34,734] {logging_mixin.py:115} INFO - Contador:  31
[2022-08-18 22:12:34,734] {logging_mixin.py:115} INFO - Linhas:  150000
[2022-08-18 22:12:45,904] {logging_mixin.py:115} INFO - 30 30
[2022-08-18 22:13:04,513] {logging_mixin.py:115} INFO - Paginas:  5000
[2022-08-18 22:13:04,513] {logging_mixin.py:115} INFO - Contador:  32
[2022-08-18 22:13:04,514] {logging_mixin.py:115} INFO - Linhas:  155000
[2022-08-18 22:13:15,599] {logging_mixin.py:115} INFO - 30 30
[2022-08-18 22:13:28,678] {logging_mixin.py:115} INFO - Paginas:  5000
[2022-08-18 22:13:28,679] {logging_mixin.py:115} INFO - Contador:  33
[2022-08-18 22:13:28,679] {logging_mixin.py:115} INFO - Linhas:  160000
[2022-08-18 22:13:39,716] {logging_mixin.py:115} INFO - 30 30
[2022-08-18 22:13:54,002] {logging_mixin.py:115} INFO - Paginas:  5000
[2022-08-18 22:13:54,002] {logging_mixin.py:115} INFO - Contador:  34
[2022-08-18 22:13:54,002] {logging_mixin.py:115} INFO - Linhas:  165000
[2022-08-18 22:14:05,225] {logging_mixin.py:115} INFO - 30 30
[2022-08-18 22:14:23,639] {logging_mixin.py:115} INFO - Paginas:  5000
[2022-08-18 22:14:23,639] {logging_mixin.py:115} INFO - Contador:  35
[2022-08-18 22:14:23,639] {logging_mixin.py:115} INFO - Linhas:  170000
[2022-08-18 22:14:34,290] {logging_mixin.py:115} INFO - 30 30
[2022-08-18 22:14:48,317] {logging_mixin.py:115} INFO - Paginas:  5000
[2022-08-18 22:14:48,317] {logging_mixin.py:115} INFO - Contador:  36
[2022-08-18 22:14:48,317] {logging_mixin.py:115} INFO - Linhas:  175000
[2022-08-18 22:14:59,338] {logging_mixin.py:115} INFO - 30 30
[2022-08-18 22:15:17,973] {logging_mixin.py:115} INFO - Paginas:  5000
[2022-08-18 22:15:17,973] {logging_mixin.py:115} INFO - Contador:  37
[2022-08-18 22:15:17,973] {logging_mixin.py:115} INFO - Linhas:  180000
[2022-08-18 22:15:29,339] {logging_mixin.py:115} INFO - 30 30
[2022-08-18 22:15:41,473] {logging_mixin.py:115} INFO - Paginas:  5000
[2022-08-18 22:15:41,473] {logging_mixin.py:115} INFO - Contador:  38
[2022-08-18 22:15:41,473] {logging_mixin.py:115} INFO - Linhas:  185000
[2022-08-18 22:15:53,808] {logging_mixin.py:115} INFO - 30 30
[2022-08-18 22:16:08,102] {logging_mixin.py:115} INFO - Paginas:  5000
[2022-08-18 22:16:08,102] {logging_mixin.py:115} INFO - Contador:  39
[2022-08-18 22:16:08,102] {logging_mixin.py:115} INFO - Linhas:  190000
[2022-08-18 22:16:20,574] {logging_mixin.py:115} INFO - 30 30
[2022-08-18 22:16:54,933] {logging_mixin.py:115} INFO - Paginas:  5000
[2022-08-18 22:16:54,934] {logging_mixin.py:115} INFO - Contador:  40
[2022-08-18 22:16:54,934] {logging_mixin.py:115} INFO - Linhas:  195000
[2022-08-18 22:17:07,542] {logging_mixin.py:115} INFO - 30 30
[2022-08-18 22:17:20,768] {logging_mixin.py:115} INFO - Paginas:  5000
[2022-08-18 22:17:20,768] {logging_mixin.py:115} INFO - Contador:  41
[2022-08-18 22:17:20,768] {logging_mixin.py:115} INFO - Linhas:  200000
[2022-08-18 22:17:32,840] {logging_mixin.py:115} INFO - 30 30
[2022-08-18 22:17:46,642] {logging_mixin.py:115} INFO - Paginas:  5000
[2022-08-18 22:17:46,642] {logging_mixin.py:115} INFO - Contador:  42
[2022-08-18 22:17:46,642] {logging_mixin.py:115} INFO - Linhas:  205000
[2022-08-18 22:17:58,962] {logging_mixin.py:115} INFO - 30 30
[2022-08-18 22:18:19,114] {logging_mixin.py:115} INFO - Paginas:  5000
[2022-08-18 22:18:19,114] {logging_mixin.py:115} INFO - Contador:  43
[2022-08-18 22:18:19,115] {logging_mixin.py:115} INFO - Linhas:  210000
[2022-08-18 22:18:31,049] {logging_mixin.py:115} INFO - 30 30
[2022-08-18 22:18:47,693] {logging_mixin.py:115} INFO - Paginas:  5000
[2022-08-18 22:18:47,693] {logging_mixin.py:115} INFO - Contador:  44
[2022-08-18 22:18:47,693] {logging_mixin.py:115} INFO - Linhas:  215000
[2022-08-18 22:19:00,197] {logging_mixin.py:115} INFO - 30 30
[2022-08-18 22:19:23,792] {logging_mixin.py:115} INFO - Paginas:  5000
[2022-08-18 22:19:23,792] {logging_mixin.py:115} INFO - Contador:  45
[2022-08-18 22:19:23,792] {logging_mixin.py:115} INFO - Linhas:  220000
[2022-08-18 22:19:37,139] {logging_mixin.py:115} INFO - 30 30
[2022-08-18 22:19:55,801] {logging_mixin.py:115} INFO - Paginas:  5000
[2022-08-18 22:19:55,801] {logging_mixin.py:115} INFO - Contador:  46
[2022-08-18 22:19:55,801] {logging_mixin.py:115} INFO - Linhas:  225000
[2022-08-18 22:20:09,966] {logging_mixin.py:115} INFO - 30 30
[2022-08-18 22:20:33,991] {logging_mixin.py:115} INFO - Paginas:  5000
[2022-08-18 22:20:33,992] {logging_mixin.py:115} INFO - Contador:  47
[2022-08-18 22:20:33,992] {logging_mixin.py:115} INFO - Linhas:  230000
[2022-08-18 22:20:47,206] {logging_mixin.py:115} INFO - 30 30
[2022-08-18 22:21:05,046] {logging_mixin.py:115} INFO - Paginas:  5000
[2022-08-18 22:21:05,046] {logging_mixin.py:115} INFO - Contador:  48
[2022-08-18 22:21:05,047] {logging_mixin.py:115} INFO - Linhas:  235000
[2022-08-18 22:21:18,256] {logging_mixin.py:115} INFO - 30 30
[2022-08-18 22:21:37,679] {logging_mixin.py:115} INFO - Paginas:  5000
[2022-08-18 22:21:37,679] {logging_mixin.py:115} INFO - Contador:  49
[2022-08-18 22:21:37,679] {logging_mixin.py:115} INFO - Linhas:  240000
[2022-08-18 22:21:50,601] {logging_mixin.py:115} INFO - 30 30
[2022-08-18 22:22:12,051] {logging_mixin.py:115} INFO - Paginas:  5000
[2022-08-18 22:22:12,051] {logging_mixin.py:115} INFO - Contador:  50
[2022-08-18 22:22:12,051] {logging_mixin.py:115} INFO - Linhas:  245000
[2022-08-18 22:22:26,575] {logging_mixin.py:115} INFO - 30 30
[2022-08-18 22:22:41,408] {logging_mixin.py:115} INFO - Paginas:  5000
[2022-08-18 22:22:41,408] {logging_mixin.py:115} INFO - Contador:  51
[2022-08-18 22:22:41,408] {logging_mixin.py:115} INFO - Linhas:  250000
[2022-08-18 22:22:54,840] {logging_mixin.py:115} INFO - 30 30
[2022-08-18 22:23:19,350] {logging_mixin.py:115} INFO - Paginas:  5000
[2022-08-18 22:23:19,350] {logging_mixin.py:115} INFO - Contador:  52
[2022-08-18 22:23:19,350] {logging_mixin.py:115} INFO - Linhas:  255000
[2022-08-18 22:23:33,252] {logging_mixin.py:115} INFO - 30 30
[2022-08-18 22:23:50,848] {logging_mixin.py:115} INFO - Paginas:  5000
[2022-08-18 22:23:50,848] {logging_mixin.py:115} INFO - Contador:  53
[2022-08-18 22:23:50,848] {logging_mixin.py:115} INFO - Linhas:  260000
[2022-08-18 22:24:05,822] {logging_mixin.py:115} INFO - 30 30
[2022-08-18 22:24:24,666] {logging_mixin.py:115} INFO - Paginas:  5000
[2022-08-18 22:24:24,666] {logging_mixin.py:115} INFO - Contador:  54
[2022-08-18 22:24:24,667] {logging_mixin.py:115} INFO - Linhas:  265000
[2022-08-18 22:24:38,519] {logging_mixin.py:115} INFO - 30 30
[2022-08-18 22:24:55,636] {logging_mixin.py:115} INFO - Paginas:  5000
[2022-08-18 22:24:55,636] {logging_mixin.py:115} INFO - Contador:  55
[2022-08-18 22:24:55,636] {logging_mixin.py:115} INFO - Linhas:  270000
[2022-08-18 22:25:10,095] {logging_mixin.py:115} INFO - 30 30
[2022-08-18 22:25:35,282] {logging_mixin.py:115} INFO - Paginas:  5000
[2022-08-18 22:25:35,282] {logging_mixin.py:115} INFO - Contador:  56
[2022-08-18 22:25:35,282] {logging_mixin.py:115} INFO - Linhas:  275000
[2022-08-18 22:25:50,809] {logging_mixin.py:115} INFO - 30 30
[2022-08-18 22:26:14,542] {logging_mixin.py:115} INFO - Paginas:  5000
[2022-08-18 22:26:14,542] {logging_mixin.py:115} INFO - Contador:  57
[2022-08-18 22:26:14,542] {logging_mixin.py:115} INFO - Linhas:  280000
[2022-08-18 22:26:28,427] {logging_mixin.py:115} INFO - 30 30
[2022-08-18 22:26:48,778] {logging_mixin.py:115} INFO - Paginas:  5000
[2022-08-18 22:26:48,778] {logging_mixin.py:115} INFO - Contador:  58
[2022-08-18 22:26:48,778] {logging_mixin.py:115} INFO - Linhas:  285000
[2022-08-18 22:27:02,973] {logging_mixin.py:115} INFO - 30 6
[2022-08-18 22:27:02,973] {logging_mixin.py:115} INFO - quebrou:  len(df.columns)  6
[2022-08-18 22:27:02,973] {python.py:173} INFO - Done. Returned value was: None
[2022-08-18 22:27:03,082] {taskinstance.py:1420} INFO - Marking task as SUCCESS. dag_id=carga_deskmanager, task_id=popula_DeskManagerAF, execution_date=20220817T220000, start_date=20220818T220002, end_date=20220818T222703
[2022-08-18 22:27:03,212] {local_task_job.py:156} INFO - Task exited with return code 0
[2022-08-18 22:27:03,309] {local_task_job.py:273} INFO - 1 downstream tasks scheduled from follow-on schedule check
