[2023-03-27 19:35:11,899] {taskinstance.py:1179} INFO - Dependencies all met for <TaskInstance: elastic_desk.popula_elastic_aguardando scheduled__2023-03-27T19:30:00+00:00 [queued]>
[2023-03-27 19:35:11,942] {taskinstance.py:1179} INFO - Dependencies all met for <TaskInstance: elastic_desk.popula_elastic_aguardando scheduled__2023-03-27T19:30:00+00:00 [queued]>
[2023-03-27 19:35:11,942] {taskinstance.py:1376} INFO - 
--------------------------------------------------------------------------------
[2023-03-27 19:35:11,942] {taskinstance.py:1377} INFO - Starting attempt 1 of 1
[2023-03-27 19:35:11,942] {taskinstance.py:1378} INFO - 
--------------------------------------------------------------------------------
[2023-03-27 19:35:11,965] {taskinstance.py:1397} INFO - Executing <Task(PythonOperator): popula_elastic_aguardando> on 2023-03-27 19:30:00+00:00
[2023-03-27 19:35:11,972] {standard_task_runner.py:52} INFO - Started process 3579 to run task
[2023-03-27 19:35:11,976] {standard_task_runner.py:79} INFO - Running: ['***', 'tasks', 'run', 'elastic_desk', 'popula_elastic_aguardando', 'scheduled__2023-03-27T19:30:00+00:00', '--job-id', '30', '--raw', '--subdir', 'DAGS_FOLDER/etl_elastic_desk.py', '--cfg-path', '/tmp/tmppw4pfujm', '--error-file', '/tmp/tmp7hrdqi08']
[2023-03-27 19:35:11,977] {standard_task_runner.py:80} INFO - Job 30: Subtask popula_elastic_aguardando
[2023-03-27 19:35:12,102] {task_command.py:371} INFO - Running <TaskInstance: elastic_desk.popula_elastic_aguardando scheduled__2023-03-27T19:30:00+00:00 [running]> on host 20743fec282a
[2023-03-27 19:35:12,225] {taskinstance.py:1591} INFO - Exporting the following env vars:
AIRFLOW_CTX_DAG_EMAIL=clecio.antao@gmail.com
AIRFLOW_CTX_DAG_OWNER=***
AIRFLOW_CTX_DAG_ID=elastic_desk
AIRFLOW_CTX_TASK_ID=popula_elastic_aguardando
AIRFLOW_CTX_EXECUTION_DATE=2023-03-27T19:30:00+00:00
AIRFLOW_CTX_TRY_NUMBER=1
AIRFLOW_CTX_DAG_RUN_ID=scheduled__2023-03-27T19:30:00+00:00
[2023-03-27 19:35:12,236] {base.py:271} INFO - GET http://192.168.0.100:9200/ [status:200 request:0.009s]
[2023-03-27 19:35:15,001] {base.py:271} INFO - HEAD http://192.168.0.100:9200/_template/desk_aguardando [status:200 request:0.007s]
[2023-03-27 19:35:15,180] {logging_mixin.py:115} WARNING - /home/***/.local/lib/python3.7/site-packages/es_pandas/es_pandas.py:58 RuntimeWarning: invalid value encountered in double_scalars
[2023-03-27 19:35:15,387] {base.py:271} INFO - POST http://192.168.0.100:9200/_bulk [status:200 request:0.180s]
[2023-03-27 19:35:15,393] {python.py:173} INFO - Done. Returned value was: None
[2023-03-27 19:35:15,415] {taskinstance.py:1420} INFO - Marking task as SUCCESS. dag_id=elastic_desk, task_id=popula_elastic_aguardando, execution_date=20230327T193000, start_date=20230327T193511, end_date=20230327T193515
[2023-03-27 19:35:15,476] {local_task_job.py:156} INFO - Task exited with return code 0
[2023-03-27 19:35:15,528] {local_task_job.py:273} INFO - 0 downstream tasks scheduled from follow-on schedule check
