[2022-08-18 10:50:50,538] {taskinstance.py:1179} INFO - Dependencies all met for <TaskInstance: carga_deskmanager.popula_DeskManagerAF manual__2022-08-18T10:50:48.586206+00:00 [queued]>
[2022-08-18 10:50:50,550] {taskinstance.py:1179} INFO - Dependencies all met for <TaskInstance: carga_deskmanager.popula_DeskManagerAF manual__2022-08-18T10:50:48.586206+00:00 [queued]>
[2022-08-18 10:50:50,550] {taskinstance.py:1376} INFO - 
--------------------------------------------------------------------------------
[2022-08-18 10:50:50,550] {taskinstance.py:1377} INFO - Starting attempt 1 of 1
[2022-08-18 10:50:50,550] {taskinstance.py:1378} INFO - 
--------------------------------------------------------------------------------
[2022-08-18 10:50:50,573] {taskinstance.py:1397} INFO - Executing <Task(PythonOperator): popula_DeskManagerAF> on 2022-08-18 10:50:48.586206+00:00
[2022-08-18 10:50:50,578] {standard_task_runner.py:52} INFO - Started process 7195 to run task
[2022-08-18 10:50:50,584] {standard_task_runner.py:79} INFO - Running: ['***', 'tasks', 'run', 'carga_deskmanager', 'popula_DeskManagerAF', 'manual__2022-08-18T10:50:48.586206+00:00', '--job-id', '11', '--raw', '--subdir', 'DAGS_FOLDER/etl_deskmanager.py', '--cfg-path', '/tmp/tmpr6ofixdd', '--error-file', '/tmp/tmpch1iuyio']
[2022-08-18 10:50:50,585] {standard_task_runner.py:80} INFO - Job 11: Subtask popula_DeskManagerAF
[2022-08-18 10:50:50,678] {task_command.py:371} INFO - Running <TaskInstance: carga_deskmanager.popula_DeskManagerAF manual__2022-08-18T10:50:48.586206+00:00 [running]> on host b471eb8f525c
[2022-08-18 10:50:50,792] {taskinstance.py:1591} INFO - Exporting the following env vars:
AIRFLOW_CTX_DAG_EMAIL=clecio.antao@gmail.com
AIRFLOW_CTX_DAG_OWNER=***
AIRFLOW_CTX_DAG_ID=carga_deskmanager
AIRFLOW_CTX_TASK_ID=popula_DeskManagerAF
AIRFLOW_CTX_EXECUTION_DATE=2022-08-18T10:50:48.586206+00:00
AIRFLOW_CTX_TRY_NUMBER=1
AIRFLOW_CTX_DAG_RUN_ID=manual__2022-08-18T10:50:48.586206+00:00
[2022-08-18 10:50:50,796] {logging_mixin.py:115} INFO - sucesso
[2022-08-18 10:50:51,611] {logging_mixin.py:115} INFO - Token:  dGVjYmFu#2868ac0cba1f8820fd0636ef6f0e7f79f41adac1
[2022-08-18 10:50:51,611] {logging_mixin.py:115} INFO - Relatorio:  868
[2022-08-18 10:50:51,611] {logging_mixin.py:115} INFO - Tabela:  DeskManagerAF
[2022-08-18 10:50:57,422] {logging_mixin.py:115} INFO - Paginas:  5000
[2022-08-18 10:50:57,422] {logging_mixin.py:115} INFO - Contador:  1
[2022-08-18 10:50:57,422] {logging_mixin.py:115} INFO - Linhas:  0
[2022-08-18 10:51:03,227] {logging_mixin.py:115} INFO - 30 30
[2022-08-18 10:51:20,777] {logging_mixin.py:115} INFO - Paginas:  5000
[2022-08-18 10:51:20,778] {logging_mixin.py:115} INFO - Contador:  2
[2022-08-18 10:51:20,778] {logging_mixin.py:115} INFO - Linhas:  5000
[2022-08-18 10:51:27,009] {logging_mixin.py:115} INFO - 30 30
[2022-08-18 10:51:43,267] {logging_mixin.py:115} INFO - Paginas:  5000
[2022-08-18 10:51:43,267] {logging_mixin.py:115} INFO - Contador:  3
[2022-08-18 10:51:43,267] {logging_mixin.py:115} INFO - Linhas:  10000
[2022-08-18 10:51:50,012] {logging_mixin.py:115} INFO - 30 30
[2022-08-18 10:52:13,485] {logging_mixin.py:115} INFO - Paginas:  5000
[2022-08-18 10:52:13,486] {logging_mixin.py:115} INFO - Contador:  4
[2022-08-18 10:52:13,486] {logging_mixin.py:115} INFO - Linhas:  15000
[2022-08-18 10:52:19,715] {logging_mixin.py:115} INFO - 30 30
[2022-08-18 10:52:41,154] {logging_mixin.py:115} INFO - Paginas:  5000
[2022-08-18 10:52:41,155] {logging_mixin.py:115} INFO - Contador:  5
[2022-08-18 10:52:41,155] {logging_mixin.py:115} INFO - Linhas:  20000
[2022-08-18 10:52:47,819] {logging_mixin.py:115} INFO - 30 30
[2022-08-18 10:53:17,039] {logging_mixin.py:115} INFO - Paginas:  5000
[2022-08-18 10:53:17,040] {logging_mixin.py:115} INFO - Contador:  6
[2022-08-18 10:53:17,040] {logging_mixin.py:115} INFO - Linhas:  25000
[2022-08-18 10:53:23,794] {logging_mixin.py:115} INFO - 30 30
[2022-08-18 10:53:45,123] {logging_mixin.py:115} INFO - Paginas:  5000
[2022-08-18 10:53:45,123] {logging_mixin.py:115} INFO - Contador:  7
[2022-08-18 10:53:45,124] {logging_mixin.py:115} INFO - Linhas:  30000
[2022-08-18 10:53:52,375] {logging_mixin.py:115} INFO - 30 30
[2022-08-18 10:54:08,479] {logging_mixin.py:115} INFO - Paginas:  5000
[2022-08-18 10:54:08,479] {logging_mixin.py:115} INFO - Contador:  8
[2022-08-18 10:54:08,483] {logging_mixin.py:115} INFO - Linhas:  35000
[2022-08-18 10:54:16,409] {logging_mixin.py:115} INFO - 30 30
[2022-08-18 10:54:27,760] {logging_mixin.py:115} INFO - Paginas:  5000
[2022-08-18 10:54:27,761] {logging_mixin.py:115} INFO - Contador:  9
[2022-08-18 10:54:27,761] {logging_mixin.py:115} INFO - Linhas:  40000
[2022-08-18 10:54:35,960] {logging_mixin.py:115} INFO - 30 30
[2022-08-18 10:54:50,310] {logging_mixin.py:115} INFO - Paginas:  5000
[2022-08-18 10:54:50,315] {logging_mixin.py:115} INFO - Contador:  10
[2022-08-18 10:54:50,315] {logging_mixin.py:115} INFO - Linhas:  45000
[2022-08-18 10:54:55,262] {local_task_job.py:219} WARNING - DagRun timed out after 0:04:05.850212.
[2022-08-18 10:54:55,263] {local_task_job.py:221} WARNING - State of this instance has been externally set to skipped. Terminating instance.
[2022-08-18 10:54:55,266] {process_utils.py:129} INFO - Sending Signals.SIGTERM to group 7195. PIDs of all processes in the group: [7195]
[2022-08-18 10:54:55,266] {process_utils.py:80} INFO - Sending the signal Signals.SIGTERM to group 7195
[2022-08-18 10:54:55,270] {taskinstance.py:1561} ERROR - Received SIGTERM. Terminating subprocesses.
[2022-08-18 10:54:55,360] {process_utils.py:75} INFO - Process psutil.Process(pid=7195, status='terminated', exitcode=0, started='10:50:49') (7195) terminated with exit code 0
