[2022-08-18 09:15:14,844] {taskinstance.py:1179} INFO - Dependencies all met for <TaskInstance: carga_deskmanager.popula_DeskManagerAF manual__2022-08-18T09:15:12.441799+00:00 [queued]>
[2022-08-18 09:15:14,858] {taskinstance.py:1179} INFO - Dependencies all met for <TaskInstance: carga_deskmanager.popula_DeskManagerAF manual__2022-08-18T09:15:12.441799+00:00 [queued]>
[2022-08-18 09:15:14,858] {taskinstance.py:1376} INFO - 
--------------------------------------------------------------------------------
[2022-08-18 09:15:14,860] {taskinstance.py:1377} INFO - Starting attempt 1 of 1
[2022-08-18 09:15:14,860] {taskinstance.py:1378} INFO - 
--------------------------------------------------------------------------------
[2022-08-18 09:15:14,885] {taskinstance.py:1397} INFO - Executing <Task(PythonOperator): popula_DeskManagerAF> on 2022-08-18 09:15:12.441799+00:00
[2022-08-18 09:15:14,894] {standard_task_runner.py:52} INFO - Started process 3877 to run task
[2022-08-18 09:15:14,901] {standard_task_runner.py:79} INFO - Running: ['***', 'tasks', 'run', 'carga_deskmanager', 'popula_DeskManagerAF', 'manual__2022-08-18T09:15:12.441799+00:00', '--job-id', '9', '--raw', '--subdir', 'DAGS_FOLDER/etl_deskmanager.py', '--cfg-path', '/tmp/tmphgveeicm', '--error-file', '/tmp/tmp8vrzt3ql']
[2022-08-18 09:15:14,904] {standard_task_runner.py:80} INFO - Job 9: Subtask popula_DeskManagerAF
[2022-08-18 09:15:15,118] {task_command.py:371} INFO - Running <TaskInstance: carga_deskmanager.popula_DeskManagerAF manual__2022-08-18T09:15:12.441799+00:00 [running]> on host b471eb8f525c
[2022-08-18 09:15:15,627] {taskinstance.py:1591} INFO - Exporting the following env vars:
AIRFLOW_CTX_DAG_EMAIL=clecio.antao@gmail.com
AIRFLOW_CTX_DAG_OWNER=***
AIRFLOW_CTX_DAG_ID=carga_deskmanager
AIRFLOW_CTX_TASK_ID=popula_DeskManagerAF
AIRFLOW_CTX_EXECUTION_DATE=2022-08-18T09:15:12.441799+00:00
AIRFLOW_CTX_TRY_NUMBER=1
AIRFLOW_CTX_DAG_RUN_ID=manual__2022-08-18T09:15:12.441799+00:00
[2022-08-18 09:15:15,641] {logging_mixin.py:115} INFO - sucesso
[2022-08-18 09:15:16,492] {logging_mixin.py:115} INFO - Token:  dGVjYmFu#3de421c88243b8a3546c640aa1c61702ec9667b4
[2022-08-18 09:15:16,493] {logging_mixin.py:115} INFO - Relatorio:  868
[2022-08-18 09:15:16,493] {logging_mixin.py:115} INFO - Tabela:  DeskManagerAF
[2022-08-18 09:15:23,179] {logging_mixin.py:115} INFO - Paginas:  5000
[2022-08-18 09:15:23,181] {logging_mixin.py:115} INFO - Contador:  1
[2022-08-18 09:15:23,181] {logging_mixin.py:115} INFO - Linhas:  0
[2022-08-18 09:15:29,036] {logging_mixin.py:115} INFO - 30 30
[2022-08-18 09:15:44,064] {logging_mixin.py:115} INFO - Paginas:  5000
[2022-08-18 09:15:44,064] {logging_mixin.py:115} INFO - Contador:  2
[2022-08-18 09:15:44,064] {logging_mixin.py:115} INFO - Linhas:  5000
[2022-08-18 09:15:50,565] {logging_mixin.py:115} INFO - 30 30
[2022-08-18 09:16:05,862] {logging_mixin.py:115} INFO - Paginas:  5000
[2022-08-18 09:16:05,862] {logging_mixin.py:115} INFO - Contador:  3
[2022-08-18 09:16:05,863] {logging_mixin.py:115} INFO - Linhas:  10000
[2022-08-18 09:16:11,892] {logging_mixin.py:115} INFO - 30 30
[2022-08-18 09:16:23,812] {logging_mixin.py:115} INFO - Paginas:  5000
[2022-08-18 09:16:23,812] {logging_mixin.py:115} INFO - Contador:  4
[2022-08-18 09:16:23,813] {logging_mixin.py:115} INFO - Linhas:  15000
[2022-08-18 09:16:30,204] {logging_mixin.py:115} INFO - 30 30
[2022-08-18 09:16:40,649] {logging_mixin.py:115} INFO - Paginas:  5000
[2022-08-18 09:16:40,649] {logging_mixin.py:115} INFO - Contador:  5
[2022-08-18 09:16:40,649] {logging_mixin.py:115} INFO - Linhas:  20000
[2022-08-18 09:16:48,518] {logging_mixin.py:115} INFO - 30 30
[2022-08-18 09:17:02,752] {logging_mixin.py:115} INFO - Paginas:  5000
[2022-08-18 09:17:02,753] {logging_mixin.py:115} INFO - Contador:  6
[2022-08-18 09:17:02,753] {logging_mixin.py:115} INFO - Linhas:  25000
[2022-08-18 09:17:09,507] {logging_mixin.py:115} INFO - 30 30
[2022-08-18 09:17:20,514] {logging_mixin.py:115} INFO - Paginas:  5000
[2022-08-18 09:17:20,514] {logging_mixin.py:115} INFO - Contador:  7
[2022-08-18 09:17:20,514] {logging_mixin.py:115} INFO - Linhas:  30000
[2022-08-18 09:17:27,798] {logging_mixin.py:115} INFO - 30 30
[2022-08-18 09:17:39,137] {logging_mixin.py:115} INFO - Paginas:  5000
[2022-08-18 09:17:39,137] {logging_mixin.py:115} INFO - Contador:  8
[2022-08-18 09:17:39,137] {logging_mixin.py:115} INFO - Linhas:  35000
[2022-08-18 09:17:45,886] {logging_mixin.py:115} INFO - 30 30
[2022-08-18 09:17:56,550] {logging_mixin.py:115} INFO - Paginas:  5000
[2022-08-18 09:17:56,550] {logging_mixin.py:115} INFO - Contador:  9
[2022-08-18 09:17:56,550] {logging_mixin.py:115} INFO - Linhas:  40000
[2022-08-18 09:18:03,624] {logging_mixin.py:115} INFO - 30 30
[2022-08-18 09:18:18,177] {logging_mixin.py:115} INFO - Paginas:  5000
[2022-08-18 09:18:18,177] {logging_mixin.py:115} INFO - Contador:  10
[2022-08-18 09:18:18,177] {logging_mixin.py:115} INFO - Linhas:  45000
[2022-08-18 09:18:25,069] {logging_mixin.py:115} INFO - 30 30
[2022-08-18 09:18:39,363] {logging_mixin.py:115} INFO - Paginas:  5000
[2022-08-18 09:18:39,363] {logging_mixin.py:115} INFO - Contador:  11
[2022-08-18 09:18:39,363] {logging_mixin.py:115} INFO - Linhas:  50000
[2022-08-18 09:18:46,707] {logging_mixin.py:115} INFO - 30 30
[2022-08-18 09:18:59,962] {logging_mixin.py:115} INFO - Paginas:  5000
[2022-08-18 09:18:59,962] {logging_mixin.py:115} INFO - Contador:  12
[2022-08-18 09:18:59,962] {logging_mixin.py:115} INFO - Linhas:  55000
[2022-08-18 09:19:07,611] {logging_mixin.py:115} INFO - 30 30
[2022-08-18 09:19:14,571] {local_task_job.py:219} WARNING - DagRun timed out after 0:04:01.262679.
[2022-08-18 09:19:14,571] {local_task_job.py:221} WARNING - State of this instance has been externally set to skipped. Terminating instance.
[2022-08-18 09:19:14,573] {process_utils.py:129} INFO - Sending Signals.SIGTERM to group 3877. PIDs of all processes in the group: [3877]
[2022-08-18 09:19:14,573] {process_utils.py:80} INFO - Sending the signal Signals.SIGTERM to group 3877
[2022-08-18 09:19:14,627] {taskinstance.py:1561} ERROR - Received SIGTERM. Terminating subprocesses.
[2022-08-18 09:19:14,801] {process_utils.py:75} INFO - Process psutil.Process(pid=3877, status='terminated', exitcode=0, started='09:15:14') (3877) terminated with exit code 0
