[2022-08-20 02:05:09,167] {taskinstance.py:1179} INFO - Dependencies all met for <TaskInstance: elastic_desk.popula_elastic_aguardando scheduled__2022-08-20T02:00:00+00:00 [queued]>
[2022-08-20 02:05:09,178] {taskinstance.py:1179} INFO - Dependencies all met for <TaskInstance: elastic_desk.popula_elastic_aguardando scheduled__2022-08-20T02:00:00+00:00 [queued]>
[2022-08-20 02:05:09,178] {taskinstance.py:1376} INFO - 
--------------------------------------------------------------------------------
[2022-08-20 02:05:09,178] {taskinstance.py:1377} INFO - Starting attempt 1 of 1
[2022-08-20 02:05:09,179] {taskinstance.py:1378} INFO - 
--------------------------------------------------------------------------------
[2022-08-20 02:05:09,204] {taskinstance.py:1397} INFO - Executing <Task(PythonOperator): popula_elastic_aguardando> on 2022-08-20 02:00:00+00:00
[2022-08-20 02:05:09,212] {standard_task_runner.py:52} INFO - Started process 107814 to run task
[2022-08-20 02:05:09,219] {standard_task_runner.py:79} INFO - Running: ['***', 'tasks', 'run', 'elastic_desk', 'popula_elastic_aguardando', 'scheduled__2022-08-20T02:00:00+00:00', '--job-id', '838', '--raw', '--subdir', 'DAGS_FOLDER/etl_elastic_desk.py', '--cfg-path', '/tmp/tmp6xdn95eq', '--error-file', '/tmp/tmp1qqb9bjf']
[2022-08-20 02:05:09,221] {standard_task_runner.py:80} INFO - Job 838: Subtask popula_elastic_aguardando
[2022-08-20 02:05:09,357] {task_command.py:371} INFO - Running <TaskInstance: elastic_desk.popula_elastic_aguardando scheduled__2022-08-20T02:00:00+00:00 [running]> on host 1e1070d9e5ae
[2022-08-20 02:05:09,457] {taskinstance.py:1591} INFO - Exporting the following env vars:
AIRFLOW_CTX_DAG_EMAIL=clecio.antao@gmail.com
AIRFLOW_CTX_DAG_OWNER=***
AIRFLOW_CTX_DAG_ID=elastic_desk
AIRFLOW_CTX_TASK_ID=popula_elastic_aguardando
AIRFLOW_CTX_EXECUTION_DATE=2022-08-20T02:00:00+00:00
AIRFLOW_CTX_TRY_NUMBER=1
AIRFLOW_CTX_DAG_RUN_ID=scheduled__2022-08-20T02:00:00+00:00
[2022-08-20 02:05:09,464] {base.py:271} INFO - GET http://192.168.2.100:9200/ [status:200 request:0.005s]
[2022-08-20 02:05:12,631] {base.py:271} INFO - HEAD http://192.168.2.100:9200/_template/desk_aguardando [status:200 request:0.002s]
[2022-08-20 02:05:12,762] {logging_mixin.py:115} WARNING - /home/***/.local/lib/python3.7/site-packages/es_pandas/es_pandas.py:58 RuntimeWarning: invalid value encountered in double_scalars
[2022-08-20 02:05:12,829] {base.py:271} INFO - POST http://192.168.2.100:9200/_bulk [status:200 request:0.029s]
[2022-08-20 02:05:12,864] {python.py:173} INFO - Done. Returned value was: None
[2022-08-20 02:05:12,881] {taskinstance.py:1420} INFO - Marking task as SUCCESS. dag_id=elastic_desk, task_id=popula_elastic_aguardando, execution_date=20220820T020000, start_date=20220820T020509, end_date=20220820T020512
[2022-08-20 02:05:12,941] {local_task_job.py:156} INFO - Task exited with return code 0
[2022-08-20 02:05:12,978] {local_task_job.py:273} INFO - 0 downstream tasks scheduled from follow-on schedule check
