[2022-08-19 18:00:10,574] {taskinstance.py:1179} INFO - Dependencies all met for <TaskInstance: elastic_desk.popula_elastic_aguardando scheduled__2022-08-19T17:55:00+00:00 [queued]>
[2022-08-19 18:00:10,591] {taskinstance.py:1179} INFO - Dependencies all met for <TaskInstance: elastic_desk.popula_elastic_aguardando scheduled__2022-08-19T17:55:00+00:00 [queued]>
[2022-08-19 18:00:10,591] {taskinstance.py:1376} INFO - 
--------------------------------------------------------------------------------
[2022-08-19 18:00:10,591] {taskinstance.py:1377} INFO - Starting attempt 1 of 1
[2022-08-19 18:00:10,591] {taskinstance.py:1378} INFO - 
--------------------------------------------------------------------------------
[2022-08-19 18:00:10,612] {taskinstance.py:1397} INFO - Executing <Task(PythonOperator): popula_elastic_aguardando> on 2022-08-19 17:55:00+00:00
[2022-08-19 18:00:10,620] {standard_task_runner.py:52} INFO - Started process 83445 to run task
[2022-08-19 18:00:10,631] {standard_task_runner.py:79} INFO - Running: ['***', 'tasks', 'run', 'elastic_desk', 'popula_elastic_aguardando', 'scheduled__2022-08-19T17:55:00+00:00', '--job-id', '641', '--raw', '--subdir', 'DAGS_FOLDER/etl_elastic_desk.py', '--cfg-path', '/tmp/tmpr5diosd4', '--error-file', '/tmp/tmp24q5o72q']
[2022-08-19 18:00:10,632] {standard_task_runner.py:80} INFO - Job 641: Subtask popula_elastic_aguardando
[2022-08-19 18:00:10,724] {task_command.py:371} INFO - Running <TaskInstance: elastic_desk.popula_elastic_aguardando scheduled__2022-08-19T17:55:00+00:00 [running]> on host 1e1070d9e5ae
[2022-08-19 18:00:10,868] {taskinstance.py:1591} INFO - Exporting the following env vars:
AIRFLOW_CTX_DAG_EMAIL=clecio.antao@gmail.com
AIRFLOW_CTX_DAG_OWNER=***
AIRFLOW_CTX_DAG_ID=elastic_desk
AIRFLOW_CTX_TASK_ID=popula_elastic_aguardando
AIRFLOW_CTX_EXECUTION_DATE=2022-08-19T17:55:00+00:00
AIRFLOW_CTX_TRY_NUMBER=1
AIRFLOW_CTX_DAG_RUN_ID=scheduled__2022-08-19T17:55:00+00:00
[2022-08-19 18:00:10,875] {base.py:271} INFO - GET http://192.168.2.100:9200/ [status:200 request:0.005s]
[2022-08-19 18:00:13,574] {base.py:271} INFO - HEAD http://192.168.2.100:9200/_template/desk_aguardando [status:200 request:0.002s]
[2022-08-19 18:00:13,722] {logging_mixin.py:115} WARNING - /home/***/.local/lib/python3.7/site-packages/es_pandas/es_pandas.py:58 RuntimeWarning: invalid value encountered in double_scalars
[2022-08-19 18:00:13,785] {base.py:271} INFO - POST http://192.168.2.100:9200/_bulk [status:200 request:0.025s]
[2022-08-19 18:00:13,825] {python.py:173} INFO - Done. Returned value was: None
[2022-08-19 18:00:13,850] {taskinstance.py:1420} INFO - Marking task as SUCCESS. dag_id=elastic_desk, task_id=popula_elastic_aguardando, execution_date=20220819T175500, start_date=20220819T180010, end_date=20220819T180013
[2022-08-19 18:00:13,899] {local_task_job.py:156} INFO - Task exited with return code 0
[2022-08-19 18:00:13,952] {local_task_job.py:273} INFO - 0 downstream tasks scheduled from follow-on schedule check
