[2022-08-18 10:25:24,939] {taskinstance.py:1179} INFO - Dependencies all met for <TaskInstance: carga_deskmanager.popula_DeskManagerAF manual__2022-08-18T10:25:23.392824+00:00 [queued]>
[2022-08-18 10:25:24,960] {taskinstance.py:1179} INFO - Dependencies all met for <TaskInstance: carga_deskmanager.popula_DeskManagerAF manual__2022-08-18T10:25:23.392824+00:00 [queued]>
[2022-08-18 10:25:24,960] {taskinstance.py:1376} INFO - 
--------------------------------------------------------------------------------
[2022-08-18 10:25:24,960] {taskinstance.py:1377} INFO - Starting attempt 1 of 1
[2022-08-18 10:25:24,961] {taskinstance.py:1378} INFO - 
--------------------------------------------------------------------------------
[2022-08-18 10:25:24,998] {taskinstance.py:1397} INFO - Executing <Task(PythonOperator): popula_DeskManagerAF> on 2022-08-18 10:25:23.392824+00:00
[2022-08-18 10:25:25,006] {standard_task_runner.py:52} INFO - Started process 6304 to run task
[2022-08-18 10:25:25,012] {standard_task_runner.py:79} INFO - Running: ['***', 'tasks', 'run', 'carga_deskmanager', 'popula_DeskManagerAF', 'manual__2022-08-18T10:25:23.392824+00:00', '--job-id', '10', '--raw', '--subdir', 'DAGS_FOLDER/etl_deskmanager.py', '--cfg-path', '/tmp/tmpbhio1gii', '--error-file', '/tmp/tmplwy4_2pr']
[2022-08-18 10:25:25,017] {standard_task_runner.py:80} INFO - Job 10: Subtask popula_DeskManagerAF
[2022-08-18 10:25:25,130] {task_command.py:371} INFO - Running <TaskInstance: carga_deskmanager.popula_DeskManagerAF manual__2022-08-18T10:25:23.392824+00:00 [running]> on host b471eb8f525c
[2022-08-18 10:25:25,315] {taskinstance.py:1591} INFO - Exporting the following env vars:
AIRFLOW_CTX_DAG_EMAIL=clecio.antao@gmail.com
AIRFLOW_CTX_DAG_OWNER=***
AIRFLOW_CTX_DAG_ID=carga_deskmanager
AIRFLOW_CTX_TASK_ID=popula_DeskManagerAF
AIRFLOW_CTX_EXECUTION_DATE=2022-08-18T10:25:23.392824+00:00
AIRFLOW_CTX_TRY_NUMBER=1
AIRFLOW_CTX_DAG_RUN_ID=manual__2022-08-18T10:25:23.392824+00:00
[2022-08-18 10:25:25,334] {logging_mixin.py:115} INFO - sucesso
[2022-08-18 10:25:26,148] {logging_mixin.py:115} INFO - Token:  dGVjYmFu#68701be29b277d8df780067dd2f969d847b02270
[2022-08-18 10:25:26,149] {logging_mixin.py:115} INFO - Relatorio:  868
[2022-08-18 10:25:26,149] {logging_mixin.py:115} INFO - Tabela:  DeskManagerAF
[2022-08-18 10:25:32,358] {logging_mixin.py:115} INFO - Paginas:  5000
[2022-08-18 10:25:32,358] {logging_mixin.py:115} INFO - Contador:  1
[2022-08-18 10:25:32,358] {logging_mixin.py:115} INFO - Linhas:  0
[2022-08-18 10:25:38,257] {logging_mixin.py:115} INFO - 30 30
[2022-08-18 10:25:58,190] {logging_mixin.py:115} INFO - Paginas:  5000
[2022-08-18 10:25:58,192] {logging_mixin.py:115} INFO - Contador:  2
[2022-08-18 10:25:58,192] {logging_mixin.py:115} INFO - Linhas:  5000
[2022-08-18 10:26:04,512] {logging_mixin.py:115} INFO - 30 30
[2022-08-18 10:26:21,546] {logging_mixin.py:115} INFO - Paginas:  5000
[2022-08-18 10:26:21,546] {logging_mixin.py:115} INFO - Contador:  3
[2022-08-18 10:26:21,546] {logging_mixin.py:115} INFO - Linhas:  10000
[2022-08-18 10:26:27,870] {logging_mixin.py:115} INFO - 30 30
[2022-08-18 10:26:38,266] {logging_mixin.py:115} INFO - Paginas:  5000
[2022-08-18 10:26:38,266] {logging_mixin.py:115} INFO - Contador:  4
[2022-08-18 10:26:38,266] {logging_mixin.py:115} INFO - Linhas:  15000
[2022-08-18 10:26:44,352] {logging_mixin.py:115} INFO - 30 30
[2022-08-18 10:26:58,153] {logging_mixin.py:115} INFO - Paginas:  5000
[2022-08-18 10:26:58,153] {logging_mixin.py:115} INFO - Contador:  5
[2022-08-18 10:26:58,153] {logging_mixin.py:115} INFO - Linhas:  20000
[2022-08-18 10:27:05,008] {logging_mixin.py:115} INFO - 30 30
[2022-08-18 10:27:16,310] {logging_mixin.py:115} INFO - Paginas:  5000
[2022-08-18 10:27:16,310] {logging_mixin.py:115} INFO - Contador:  6
[2022-08-18 10:27:16,310] {logging_mixin.py:115} INFO - Linhas:  25000
[2022-08-18 10:27:24,328] {logging_mixin.py:115} INFO - 30 30
[2022-08-18 10:27:33,735] {logging_mixin.py:115} INFO - Paginas:  5000
[2022-08-18 10:27:33,735] {logging_mixin.py:115} INFO - Contador:  7
[2022-08-18 10:27:33,735] {logging_mixin.py:115} INFO - Linhas:  30000
[2022-08-18 10:27:40,187] {logging_mixin.py:115} INFO - 30 30
[2022-08-18 10:27:51,666] {logging_mixin.py:115} INFO - Paginas:  5000
[2022-08-18 10:27:51,666] {logging_mixin.py:115} INFO - Contador:  8
[2022-08-18 10:27:51,666] {logging_mixin.py:115} INFO - Linhas:  35000
[2022-08-18 10:27:58,274] {logging_mixin.py:115} INFO - 30 30
[2022-08-18 10:28:08,035] {logging_mixin.py:115} INFO - Paginas:  5000
[2022-08-18 10:28:08,035] {logging_mixin.py:115} INFO - Contador:  9
[2022-08-18 10:28:08,035] {logging_mixin.py:115} INFO - Linhas:  40000
[2022-08-18 10:28:16,023] {logging_mixin.py:115} INFO - 30 30
[2022-08-18 10:28:29,153] {logging_mixin.py:115} INFO - Paginas:  5000
[2022-08-18 10:28:29,153] {logging_mixin.py:115} INFO - Contador:  10
[2022-08-18 10:28:29,153] {logging_mixin.py:115} INFO - Linhas:  45000
[2022-08-18 10:28:36,431] {logging_mixin.py:115} INFO - 30 30
[2022-08-18 10:28:45,829] {logging_mixin.py:115} INFO - Paginas:  5000
[2022-08-18 10:28:45,829] {logging_mixin.py:115} INFO - Contador:  11
[2022-08-18 10:28:45,829] {logging_mixin.py:115} INFO - Linhas:  50000
[2022-08-18 10:28:54,398] {logging_mixin.py:115} INFO - 30 30
[2022-08-18 10:29:06,098] {logging_mixin.py:115} INFO - Paginas:  5000
[2022-08-18 10:29:06,098] {logging_mixin.py:115} INFO - Contador:  12
[2022-08-18 10:29:06,098] {logging_mixin.py:115} INFO - Linhas:  55000
[2022-08-18 10:29:13,352] {logging_mixin.py:115} INFO - 30 30
[2022-08-18 10:29:22,810] {logging_mixin.py:115} INFO - Paginas:  5000
[2022-08-18 10:29:22,810] {logging_mixin.py:115} INFO - Contador:  13
[2022-08-18 10:29:22,810] {logging_mixin.py:115} INFO - Linhas:  60000
[2022-08-18 10:29:24,397] {local_task_job.py:219} WARNING - DagRun timed out after 0:04:00.388360.
[2022-08-18 10:29:24,397] {local_task_job.py:221} WARNING - State of this instance has been externally set to skipped. Terminating instance.
[2022-08-18 10:29:24,399] {process_utils.py:129} INFO - Sending Signals.SIGTERM to group 6304. PIDs of all processes in the group: [6304]
[2022-08-18 10:29:24,399] {process_utils.py:80} INFO - Sending the signal Signals.SIGTERM to group 6304
[2022-08-18 10:29:24,399] {taskinstance.py:1561} ERROR - Received SIGTERM. Terminating subprocesses.
[2022-08-18 10:29:24,508] {process_utils.py:75} INFO - Process psutil.Process(pid=6304, status='terminated', exitcode=0, started='10:25:24') (6304) terminated with exit code 0
