[2022-08-18 11:02:04,932] {taskinstance.py:1179} INFO - Dependencies all met for <TaskInstance: carga_deskmanager.popula_DeskManagerAF manual__2022-08-18T11:02:03.071598+00:00 [queued]>
[2022-08-18 11:02:04,953] {taskinstance.py:1179} INFO - Dependencies all met for <TaskInstance: carga_deskmanager.popula_DeskManagerAF manual__2022-08-18T11:02:03.071598+00:00 [queued]>
[2022-08-18 11:02:04,953] {taskinstance.py:1376} INFO - 
--------------------------------------------------------------------------------
[2022-08-18 11:02:04,954] {taskinstance.py:1377} INFO - Starting attempt 1 of 1
[2022-08-18 11:02:04,954] {taskinstance.py:1378} INFO - 
--------------------------------------------------------------------------------
[2022-08-18 11:02:04,986] {taskinstance.py:1397} INFO - Executing <Task(PythonOperator): popula_DeskManagerAF> on 2022-08-18 11:02:03.071598+00:00
[2022-08-18 11:02:05,000] {standard_task_runner.py:52} INFO - Started process 211 to run task
[2022-08-18 11:02:05,010] {standard_task_runner.py:79} INFO - Running: ['***', 'tasks', 'run', 'carga_deskmanager', 'popula_DeskManagerAF', 'manual__2022-08-18T11:02:03.071598+00:00', '--job-id', '2', '--raw', '--subdir', 'DAGS_FOLDER/etl_deskmanager.py', '--cfg-path', '/tmp/tmprblok19w', '--error-file', '/tmp/tmpl09psnmm']
[2022-08-18 11:02:05,019] {standard_task_runner.py:80} INFO - Job 2: Subtask popula_DeskManagerAF
[2022-08-18 11:02:05,204] {task_command.py:371} INFO - Running <TaskInstance: carga_deskmanager.popula_DeskManagerAF manual__2022-08-18T11:02:03.071598+00:00 [running]> on host ea17ed53765a
[2022-08-18 11:02:05,343] {taskinstance.py:1591} INFO - Exporting the following env vars:
AIRFLOW_CTX_DAG_EMAIL=clecio.antao@gmail.com
AIRFLOW_CTX_DAG_OWNER=***
AIRFLOW_CTX_DAG_ID=carga_deskmanager
AIRFLOW_CTX_TASK_ID=popula_DeskManagerAF
AIRFLOW_CTX_EXECUTION_DATE=2022-08-18T11:02:03.071598+00:00
AIRFLOW_CTX_TRY_NUMBER=1
AIRFLOW_CTX_DAG_RUN_ID=manual__2022-08-18T11:02:03.071598+00:00
[2022-08-18 11:02:05,348] {logging_mixin.py:115} INFO - sucesso
[2022-08-18 11:02:06,156] {logging_mixin.py:115} INFO - Token:  dGVjYmFu#b9f621158cbb19dad6f0e9e8d70182bc16576c63
[2022-08-18 11:02:06,156] {logging_mixin.py:115} INFO - Relatorio:  868
[2022-08-18 11:02:06,157] {logging_mixin.py:115} INFO - Tabela:  DeskManagerAF
[2022-08-18 11:02:11,880] {logging_mixin.py:115} INFO - Paginas:  5000
[2022-08-18 11:02:11,880] {logging_mixin.py:115} INFO - Contador:  1
[2022-08-18 11:02:11,880] {logging_mixin.py:115} INFO - Linhas:  0
[2022-08-18 11:02:17,716] {logging_mixin.py:115} INFO - 30 30
[2022-08-18 11:02:36,075] {logging_mixin.py:115} INFO - Paginas:  5000
[2022-08-18 11:02:36,075] {logging_mixin.py:115} INFO - Contador:  2
[2022-08-18 11:02:36,075] {logging_mixin.py:115} INFO - Linhas:  5000
[2022-08-18 11:02:42,195] {logging_mixin.py:115} INFO - 30 30
[2022-08-18 11:02:58,521] {logging_mixin.py:115} INFO - Paginas:  5000
[2022-08-18 11:02:58,521] {logging_mixin.py:115} INFO - Contador:  3
[2022-08-18 11:02:58,522] {logging_mixin.py:115} INFO - Linhas:  10000
[2022-08-18 11:03:04,923] {logging_mixin.py:115} INFO - 30 30
[2022-08-18 11:03:20,649] {logging_mixin.py:115} INFO - Paginas:  5000
[2022-08-18 11:03:20,649] {logging_mixin.py:115} INFO - Contador:  4
[2022-08-18 11:03:20,649] {logging_mixin.py:115} INFO - Linhas:  15000
[2022-08-18 11:03:27,373] {logging_mixin.py:115} INFO - 30 30
[2022-08-18 11:03:41,072] {logging_mixin.py:115} INFO - Paginas:  5000
[2022-08-18 11:03:41,073] {logging_mixin.py:115} INFO - Contador:  5
[2022-08-18 11:03:41,073] {logging_mixin.py:115} INFO - Linhas:  20000
[2022-08-18 11:03:47,712] {logging_mixin.py:115} INFO - 30 30
[2022-08-18 11:04:00,050] {logging_mixin.py:115} INFO - Paginas:  5000
[2022-08-18 11:04:00,051] {logging_mixin.py:115} INFO - Contador:  6
[2022-08-18 11:04:00,051] {logging_mixin.py:115} INFO - Linhas:  25000
[2022-08-18 11:04:06,752] {logging_mixin.py:115} INFO - 30 30
[2022-08-18 11:04:18,883] {logging_mixin.py:115} INFO - Paginas:  5000
[2022-08-18 11:04:18,883] {logging_mixin.py:115} INFO - Contador:  7
[2022-08-18 11:04:18,883] {logging_mixin.py:115} INFO - Linhas:  30000
[2022-08-18 11:04:26,110] {logging_mixin.py:115} INFO - 30 30
[2022-08-18 11:04:39,145] {logging_mixin.py:115} INFO - Paginas:  5000
[2022-08-18 11:04:39,146] {logging_mixin.py:115} INFO - Contador:  8
[2022-08-18 11:04:39,146] {logging_mixin.py:115} INFO - Linhas:  35000
[2022-08-18 11:04:46,273] {logging_mixin.py:115} INFO - 30 30
[2022-08-18 11:04:55,978] {logging_mixin.py:115} INFO - Paginas:  5000
[2022-08-18 11:04:55,979] {logging_mixin.py:115} INFO - Contador:  9
[2022-08-18 11:04:55,979] {logging_mixin.py:115} INFO - Linhas:  40000
[2022-08-18 11:05:03,354] {logging_mixin.py:115} INFO - 30 30
[2022-08-18 11:05:17,102] {logging_mixin.py:115} INFO - Paginas:  5000
[2022-08-18 11:05:17,102] {logging_mixin.py:115} INFO - Contador:  10
[2022-08-18 11:05:17,102] {logging_mixin.py:115} INFO - Linhas:  45000
[2022-08-18 11:05:24,079] {logging_mixin.py:115} INFO - 30 30
[2022-08-18 11:05:33,321] {logging_mixin.py:115} INFO - Paginas:  5000
[2022-08-18 11:05:33,321] {logging_mixin.py:115} INFO - Contador:  11
[2022-08-18 11:05:33,321] {logging_mixin.py:115} INFO - Linhas:  50000
[2022-08-18 11:05:40,907] {logging_mixin.py:115} INFO - 30 30
[2022-08-18 11:05:51,013] {logging_mixin.py:115} INFO - Paginas:  5000
[2022-08-18 11:05:51,013] {logging_mixin.py:115} INFO - Contador:  12
[2022-08-18 11:05:51,013] {logging_mixin.py:115} INFO - Linhas:  55000
[2022-08-18 11:05:58,992] {logging_mixin.py:115} INFO - 30 30
[2022-08-18 11:06:04,723] {local_task_job.py:219} WARNING - DagRun timed out after 0:04:01.419642.
[2022-08-18 11:06:04,723] {local_task_job.py:221} WARNING - State of this instance has been externally set to skipped. Terminating instance.
[2022-08-18 11:06:04,725] {process_utils.py:129} INFO - Sending Signals.SIGTERM to group 211. PIDs of all processes in the group: [211]
[2022-08-18 11:06:04,725] {process_utils.py:80} INFO - Sending the signal Signals.SIGTERM to group 211
[2022-08-18 11:06:04,952] {taskinstance.py:1561} ERROR - Received SIGTERM. Terminating subprocesses.
[2022-08-18 11:06:05,103] {process_utils.py:75} INFO - Process psutil.Process(pid=211, status='terminated', exitcode=0, started='11:02:04') (211) terminated with exit code 0
