[2023-03-30 20:20:43,203] {taskinstance.py:1179} INFO - Dependencies all met for <TaskInstance: elastic_desk.popula_elastic_aguardando scheduled__2023-03-30T20:15:00+00:00 [queued]>
[2023-03-30 20:20:43,253] {taskinstance.py:1179} INFO - Dependencies all met for <TaskInstance: elastic_desk.popula_elastic_aguardando scheduled__2023-03-30T20:15:00+00:00 [queued]>
[2023-03-30 20:20:43,253] {taskinstance.py:1376} INFO - 
--------------------------------------------------------------------------------
[2023-03-30 20:20:43,253] {taskinstance.py:1377} INFO - Starting attempt 1 of 1
[2023-03-30 20:20:43,255] {taskinstance.py:1378} INFO - 
--------------------------------------------------------------------------------
[2023-03-30 20:20:43,339] {taskinstance.py:1397} INFO - Executing <Task(PythonOperator): popula_elastic_aguardando> on 2023-03-30 20:15:00+00:00
[2023-03-30 20:20:43,363] {standard_task_runner.py:52} INFO - Started process 8297 to run task
[2023-03-30 20:20:43,373] {standard_task_runner.py:79} INFO - Running: ['***', 'tasks', 'run', 'elastic_desk', 'popula_elastic_aguardando', 'scheduled__2023-03-30T20:15:00+00:00', '--job-id', '91', '--raw', '--subdir', 'DAGS_FOLDER/etl_elastic_desk.py', '--cfg-path', '/tmp/tmpt5bt6f3c', '--error-file', '/tmp/tmp4y39g0jz']
[2023-03-30 20:20:43,385] {standard_task_runner.py:80} INFO - Job 91: Subtask popula_elastic_aguardando
[2023-03-30 20:20:43,719] {task_command.py:371} INFO - Running <TaskInstance: elastic_desk.popula_elastic_aguardando scheduled__2023-03-30T20:15:00+00:00 [running]> on host 20743fec282a
[2023-03-30 20:20:44,556] {taskinstance.py:1591} INFO - Exporting the following env vars:
AIRFLOW_CTX_DAG_EMAIL=clecio.antao@gmail.com
AIRFLOW_CTX_DAG_OWNER=***
AIRFLOW_CTX_DAG_ID=elastic_desk
AIRFLOW_CTX_TASK_ID=popula_elastic_aguardando
AIRFLOW_CTX_EXECUTION_DATE=2023-03-30T20:15:00+00:00
AIRFLOW_CTX_TRY_NUMBER=1
AIRFLOW_CTX_DAG_RUN_ID=scheduled__2023-03-30T20:15:00+00:00
[2023-03-30 20:20:44,595] {base.py:271} INFO - GET http://192.168.0.100:9200/ [status:200 request:0.028s]
[2023-03-30 20:20:47,237] {base.py:271} INFO - HEAD http://192.168.0.100:9200/_template/desk_aguardando [status:200 request:0.005s]
[2023-03-30 20:20:47,408] {logging_mixin.py:115} WARNING - /home/***/.local/lib/python3.7/site-packages/es_pandas/es_pandas.py:58 RuntimeWarning: invalid value encountered in double_scalars
[2023-03-30 20:20:47,480] {base.py:271} INFO - POST http://192.168.0.100:9200/_bulk [status:200 request:0.030s]
[2023-03-30 20:20:47,517] {python.py:173} INFO - Done. Returned value was: None
[2023-03-30 20:20:47,548] {taskinstance.py:1420} INFO - Marking task as SUCCESS. dag_id=elastic_desk, task_id=popula_elastic_aguardando, execution_date=20230330T201500, start_date=20230330T202043, end_date=20230330T202047
[2023-03-30 20:20:47,625] {local_task_job.py:156} INFO - Task exited with return code 0
[2023-03-30 20:20:47,706] {local_task_job.py:273} INFO - 0 downstream tasks scheduled from follow-on schedule check
