[2022-08-19 22:47:59,579] {taskinstance.py:1179} INFO - Dependencies all met for <TaskInstance: carga_deskmanager.popula_DeskManagerInteracoesAF scheduled__2022-08-18T22:00:00+00:00 [queued]>
[2022-08-19 22:47:59,595] {taskinstance.py:1179} INFO - Dependencies all met for <TaskInstance: carga_deskmanager.popula_DeskManagerInteracoesAF scheduled__2022-08-18T22:00:00+00:00 [queued]>
[2022-08-19 22:47:59,595] {taskinstance.py:1376} INFO - 
--------------------------------------------------------------------------------
[2022-08-19 22:47:59,595] {taskinstance.py:1377} INFO - Starting attempt 1 of 1
[2022-08-19 22:47:59,595] {taskinstance.py:1378} INFO - 
--------------------------------------------------------------------------------
[2022-08-19 22:47:59,636] {taskinstance.py:1397} INFO - Executing <Task(PythonOperator): popula_DeskManagerInteracoesAF> on 2022-08-18 22:00:00+00:00
[2022-08-19 22:47:59,648] {standard_task_runner.py:52} INFO - Started process 97893 to run task
[2022-08-19 22:47:59,661] {standard_task_runner.py:79} INFO - Running: ['***', 'tasks', 'run', 'carga_deskmanager', 'popula_DeskManagerInteracoesAF', 'scheduled__2022-08-18T22:00:00+00:00', '--job-id', '757', '--raw', '--subdir', 'DAGS_FOLDER/etl_deskmanager.py', '--cfg-path', '/tmp/tmpdq5_zdz5', '--error-file', '/tmp/tmp9bd5guwg']
[2022-08-19 22:47:59,668] {standard_task_runner.py:80} INFO - Job 757: Subtask popula_DeskManagerInteracoesAF
[2022-08-19 22:47:59,802] {task_command.py:371} INFO - Running <TaskInstance: carga_deskmanager.popula_DeskManagerInteracoesAF scheduled__2022-08-18T22:00:00+00:00 [running]> on host 1e1070d9e5ae
[2022-08-19 22:48:00,096] {taskinstance.py:1591} INFO - Exporting the following env vars:
AIRFLOW_CTX_DAG_EMAIL=clecio.antao@gmail.com
AIRFLOW_CTX_DAG_OWNER=***
AIRFLOW_CTX_DAG_ID=carga_deskmanager
AIRFLOW_CTX_TASK_ID=popula_DeskManagerInteracoesAF
AIRFLOW_CTX_EXECUTION_DATE=2022-08-18T22:00:00+00:00
AIRFLOW_CTX_TRY_NUMBER=1
AIRFLOW_CTX_DAG_RUN_ID=scheduled__2022-08-18T22:00:00+00:00
[2022-08-19 22:48:00,104] {logging_mixin.py:115} INFO - sucesso
[2022-08-19 22:48:00,879] {logging_mixin.py:115} INFO - Token:  dGVjYmFu#0f1f5cf55b68491ff86027a1a59bc9f3859d656e
[2022-08-19 22:48:00,879] {logging_mixin.py:115} INFO - Relatorio:  878
[2022-08-19 22:48:00,880] {logging_mixin.py:115} INFO - Tabela:  DeskManagerInteracoesAF
[2022-08-19 22:48:08,039] {logging_mixin.py:115} INFO - Paginas:  5000
[2022-08-19 22:48:08,040] {logging_mixin.py:115} INFO - Contador:  1
[2022-08-19 22:48:08,040] {logging_mixin.py:115} INFO - Linhas:  0
[2022-08-19 22:48:16,327] {logging_mixin.py:115} INFO - 16 16
[2022-08-19 22:48:58,369] {logging_mixin.py:115} INFO - Paginas:  5000
[2022-08-19 22:48:58,369] {logging_mixin.py:115} INFO - Contador:  2
[2022-08-19 22:48:58,369] {logging_mixin.py:115} INFO - Linhas:  5000
[2022-08-19 22:49:06,682] {logging_mixin.py:115} INFO - 16 16
[2022-08-19 22:49:39,963] {logging_mixin.py:115} INFO - Paginas:  5000
[2022-08-19 22:49:39,963] {logging_mixin.py:115} INFO - Contador:  3
[2022-08-19 22:49:39,964] {logging_mixin.py:115} INFO - Linhas:  10000
[2022-08-19 22:49:47,926] {logging_mixin.py:115} INFO - 16 16
[2022-08-19 22:50:23,247] {logging_mixin.py:115} INFO - Paginas:  5000
[2022-08-19 22:50:23,253] {logging_mixin.py:115} INFO - Contador:  4
[2022-08-19 22:50:23,253] {logging_mixin.py:115} INFO - Linhas:  15000
[2022-08-19 22:50:30,524] {logging_mixin.py:115} INFO - 16 16
[2022-08-19 22:51:00,726] {logging_mixin.py:115} INFO - Paginas:  5000
[2022-08-19 22:51:00,727] {logging_mixin.py:115} INFO - Contador:  5
[2022-08-19 22:51:00,727] {logging_mixin.py:115} INFO - Linhas:  20000
[2022-08-19 22:51:08,960] {logging_mixin.py:115} INFO - 16 16
[2022-08-19 22:51:30,361] {logging_mixin.py:115} INFO - Paginas:  5000
[2022-08-19 22:51:30,361] {logging_mixin.py:115} INFO - Contador:  6
[2022-08-19 22:51:30,361] {logging_mixin.py:115} INFO - Linhas:  25000
[2022-08-19 22:51:38,754] {logging_mixin.py:115} INFO - 16 16
[2022-08-19 22:52:07,650] {logging_mixin.py:115} INFO - Paginas:  5000
[2022-08-19 22:52:07,651] {logging_mixin.py:115} INFO - Contador:  7
[2022-08-19 22:52:07,651] {logging_mixin.py:115} INFO - Linhas:  30000
[2022-08-19 22:52:15,133] {logging_mixin.py:115} INFO - 16 16
[2022-08-19 22:52:37,099] {logging_mixin.py:115} INFO - Paginas:  5000
[2022-08-19 22:52:37,099] {logging_mixin.py:115} INFO - Contador:  8
[2022-08-19 22:52:37,099] {logging_mixin.py:115} INFO - Linhas:  35000
[2022-08-19 22:52:45,316] {logging_mixin.py:115} INFO - 16 16
[2022-08-19 22:53:15,542] {logging_mixin.py:115} INFO - Paginas:  5000
[2022-08-19 22:53:15,542] {logging_mixin.py:115} INFO - Contador:  9
[2022-08-19 22:53:15,543] {logging_mixin.py:115} INFO - Linhas:  40000
[2022-08-19 22:53:23,563] {logging_mixin.py:115} INFO - 16 16
[2022-08-19 22:53:46,661] {logging_mixin.py:115} INFO - Paginas:  5000
[2022-08-19 22:53:46,686] {logging_mixin.py:115} INFO - Contador:  10
[2022-08-19 22:53:46,686] {logging_mixin.py:115} INFO - Linhas:  45000
[2022-08-19 22:53:55,699] {logging_mixin.py:115} INFO - 16 16
[2022-08-19 22:54:18,431] {logging_mixin.py:115} INFO - Paginas:  5000
[2022-08-19 22:54:18,432] {logging_mixin.py:115} INFO - Contador:  11
[2022-08-19 22:54:18,432] {logging_mixin.py:115} INFO - Linhas:  50000
[2022-08-19 22:54:26,594] {logging_mixin.py:115} INFO - 16 16
[2022-08-19 22:54:52,416] {logging_mixin.py:115} INFO - Paginas:  5000
[2022-08-19 22:54:52,417] {logging_mixin.py:115} INFO - Contador:  12
[2022-08-19 22:54:52,417] {logging_mixin.py:115} INFO - Linhas:  55000
[2022-08-19 22:55:00,193] {logging_mixin.py:115} INFO - 16 16
[2022-08-19 22:55:41,648] {logging_mixin.py:115} INFO - Paginas:  5000
[2022-08-19 22:55:41,648] {logging_mixin.py:115} INFO - Contador:  13
[2022-08-19 22:55:41,648] {logging_mixin.py:115} INFO - Linhas:  60000
[2022-08-19 22:55:49,251] {logging_mixin.py:115} INFO - 16 16
[2022-08-19 22:56:21,212] {logging_mixin.py:115} INFO - Paginas:  5000
[2022-08-19 22:56:21,212] {logging_mixin.py:115} INFO - Contador:  14
[2022-08-19 22:56:21,212] {logging_mixin.py:115} INFO - Linhas:  65000
[2022-08-19 22:56:29,415] {logging_mixin.py:115} INFO - 16 16
[2022-08-19 22:56:59,804] {logging_mixin.py:115} INFO - Paginas:  5000
[2022-08-19 22:56:59,805] {logging_mixin.py:115} INFO - Contador:  15
[2022-08-19 22:56:59,805] {logging_mixin.py:115} INFO - Linhas:  70000
[2022-08-19 22:57:09,020] {logging_mixin.py:115} INFO - 16 16
[2022-08-19 22:57:34,417] {logging_mixin.py:115} INFO - Paginas:  5000
[2022-08-19 22:57:34,417] {logging_mixin.py:115} INFO - Contador:  16
[2022-08-19 22:57:34,417] {logging_mixin.py:115} INFO - Linhas:  75000
[2022-08-19 22:57:42,511] {logging_mixin.py:115} INFO - 16 16
[2022-08-19 22:58:13,774] {logging_mixin.py:115} INFO - Paginas:  5000
[2022-08-19 22:58:13,774] {logging_mixin.py:115} INFO - Contador:  17
[2022-08-19 22:58:13,774] {logging_mixin.py:115} INFO - Linhas:  80000
[2022-08-19 22:58:23,234] {logging_mixin.py:115} INFO - 16 16
[2022-08-19 22:58:50,387] {logging_mixin.py:115} INFO - Paginas:  5000
[2022-08-19 22:58:50,387] {logging_mixin.py:115} INFO - Contador:  18
[2022-08-19 22:58:50,387] {logging_mixin.py:115} INFO - Linhas:  85000
[2022-08-19 22:59:00,021] {logging_mixin.py:115} INFO - 16 16
[2022-08-19 22:59:28,866] {logging_mixin.py:115} INFO - Paginas:  5000
[2022-08-19 22:59:28,866] {logging_mixin.py:115} INFO - Contador:  19
[2022-08-19 22:59:28,866] {logging_mixin.py:115} INFO - Linhas:  90000
[2022-08-19 22:59:37,855] {logging_mixin.py:115} INFO - 16 16
[2022-08-19 23:00:13,846] {logging_mixin.py:115} INFO - Paginas:  5000
[2022-08-19 23:00:13,846] {logging_mixin.py:115} INFO - Contador:  20
[2022-08-19 23:00:13,846] {logging_mixin.py:115} INFO - Linhas:  95000
[2022-08-19 23:00:23,953] {logging_mixin.py:115} INFO - 16 16
[2022-08-19 23:00:57,321] {logging_mixin.py:115} INFO - Paginas:  5000
[2022-08-19 23:00:57,321] {logging_mixin.py:115} INFO - Contador:  21
[2022-08-19 23:00:57,321] {logging_mixin.py:115} INFO - Linhas:  100000
[2022-08-19 23:01:07,097] {logging_mixin.py:115} INFO - 16 16
[2022-08-19 23:01:32,964] {logging_mixin.py:115} INFO - Paginas:  5000
[2022-08-19 23:01:32,965] {logging_mixin.py:115} INFO - Contador:  22
[2022-08-19 23:01:32,965] {logging_mixin.py:115} INFO - Linhas:  105000
[2022-08-19 23:01:42,208] {logging_mixin.py:115} INFO - 16 16
[2022-08-19 23:02:10,886] {logging_mixin.py:115} INFO - Paginas:  5000
[2022-08-19 23:02:10,887] {logging_mixin.py:115} INFO - Contador:  23
[2022-08-19 23:02:10,887] {logging_mixin.py:115} INFO - Linhas:  110000
[2022-08-19 23:02:19,544] {logging_mixin.py:115} INFO - 16 16
[2022-08-19 23:02:39,990] {logging_mixin.py:115} INFO - Paginas:  5000
[2022-08-19 23:02:39,990] {logging_mixin.py:115} INFO - Contador:  24
[2022-08-19 23:02:39,991] {logging_mixin.py:115} INFO - Linhas:  115000
[2022-08-19 23:02:49,412] {logging_mixin.py:115} INFO - 16 16
[2022-08-19 23:03:18,931] {logging_mixin.py:115} INFO - Paginas:  5000
[2022-08-19 23:03:18,931] {logging_mixin.py:115} INFO - Contador:  25
[2022-08-19 23:03:18,931] {logging_mixin.py:115} INFO - Linhas:  120000
[2022-08-19 23:03:28,785] {logging_mixin.py:115} INFO - 16 16
[2022-08-19 23:03:50,497] {logging_mixin.py:115} INFO - Paginas:  5000
[2022-08-19 23:03:50,497] {logging_mixin.py:115} INFO - Contador:  26
[2022-08-19 23:03:50,497] {logging_mixin.py:115} INFO - Linhas:  125000
[2022-08-19 23:04:00,030] {logging_mixin.py:115} INFO - 16 16
[2022-08-19 23:04:29,646] {logging_mixin.py:115} INFO - Paginas:  5000
[2022-08-19 23:04:29,646] {logging_mixin.py:115} INFO - Contador:  27
[2022-08-19 23:04:29,646] {logging_mixin.py:115} INFO - Linhas:  130000
[2022-08-19 23:04:39,033] {logging_mixin.py:115} INFO - 16 16
[2022-08-19 23:05:03,235] {logging_mixin.py:115} INFO - Paginas:  5000
[2022-08-19 23:05:03,236] {logging_mixin.py:115} INFO - Contador:  28
[2022-08-19 23:05:03,236] {logging_mixin.py:115} INFO - Linhas:  135000
[2022-08-19 23:05:13,260] {logging_mixin.py:115} INFO - 16 16
[2022-08-19 23:05:48,827] {logging_mixin.py:115} INFO - Paginas:  5000
[2022-08-19 23:05:48,827] {logging_mixin.py:115} INFO - Contador:  29
[2022-08-19 23:05:48,827] {logging_mixin.py:115} INFO - Linhas:  140000
[2022-08-19 23:05:58,606] {logging_mixin.py:115} INFO - 16 16
[2022-08-19 23:06:30,257] {logging_mixin.py:115} INFO - Paginas:  5000
[2022-08-19 23:06:30,258] {logging_mixin.py:115} INFO - Contador:  30
[2022-08-19 23:06:30,258] {logging_mixin.py:115} INFO - Linhas:  145000
[2022-08-19 23:06:40,277] {logging_mixin.py:115} INFO - 16 16
[2022-08-19 23:07:07,498] {logging_mixin.py:115} INFO - Paginas:  5000
[2022-08-19 23:07:07,498] {logging_mixin.py:115} INFO - Contador:  31
[2022-08-19 23:07:07,498] {logging_mixin.py:115} INFO - Linhas:  150000
[2022-08-19 23:07:17,675] {logging_mixin.py:115} INFO - 16 16
[2022-08-19 23:07:48,408] {logging_mixin.py:115} INFO - Paginas:  5000
[2022-08-19 23:07:48,408] {logging_mixin.py:115} INFO - Contador:  32
[2022-08-19 23:07:48,409] {logging_mixin.py:115} INFO - Linhas:  155000
[2022-08-19 23:07:58,456] {logging_mixin.py:115} INFO - 16 16
[2022-08-19 23:08:22,875] {logging_mixin.py:115} INFO - Paginas:  5000
[2022-08-19 23:08:22,876] {logging_mixin.py:115} INFO - Contador:  33
[2022-08-19 23:08:22,876] {logging_mixin.py:115} INFO - Linhas:  160000
[2022-08-19 23:08:32,613] {logging_mixin.py:115} INFO - 16 16
[2022-08-19 23:08:55,964] {logging_mixin.py:115} INFO - Paginas:  5000
[2022-08-19 23:08:55,964] {logging_mixin.py:115} INFO - Contador:  34
[2022-08-19 23:08:55,965] {logging_mixin.py:115} INFO - Linhas:  165000
[2022-08-19 23:09:05,342] {logging_mixin.py:115} INFO - 16 16
[2022-08-19 23:09:25,816] {logging_mixin.py:115} INFO - Paginas:  5000
[2022-08-19 23:09:25,817] {logging_mixin.py:115} INFO - Contador:  35
[2022-08-19 23:09:25,817] {logging_mixin.py:115} INFO - Linhas:  170000
[2022-08-19 23:09:36,144] {logging_mixin.py:115} INFO - 16 16
[2022-08-19 23:10:00,959] {logging_mixin.py:115} INFO - Paginas:  5000
[2022-08-19 23:10:00,959] {logging_mixin.py:115} INFO - Contador:  36
[2022-08-19 23:10:00,960] {logging_mixin.py:115} INFO - Linhas:  175000
[2022-08-19 23:10:11,113] {logging_mixin.py:115} INFO - 16 16
[2022-08-19 23:10:49,583] {logging_mixin.py:115} INFO - Paginas:  5000
[2022-08-19 23:10:49,584] {logging_mixin.py:115} INFO - Contador:  37
[2022-08-19 23:10:49,584] {logging_mixin.py:115} INFO - Linhas:  180000
[2022-08-19 23:11:00,714] {logging_mixin.py:115} INFO - 16 16
[2022-08-19 23:11:28,665] {logging_mixin.py:115} INFO - Paginas:  5000
[2022-08-19 23:11:28,666] {logging_mixin.py:115} INFO - Contador:  38
[2022-08-19 23:11:28,666] {logging_mixin.py:115} INFO - Linhas:  185000
[2022-08-19 23:11:38,270] {logging_mixin.py:115} INFO - 16 16
[2022-08-19 23:12:08,038] {logging_mixin.py:115} INFO - Paginas:  5000
[2022-08-19 23:12:08,038] {logging_mixin.py:115} INFO - Contador:  39
[2022-08-19 23:12:08,038] {logging_mixin.py:115} INFO - Linhas:  190000
[2022-08-19 23:12:18,061] {logging_mixin.py:115} INFO - 16 16
[2022-08-19 23:12:48,845] {logging_mixin.py:115} INFO - Paginas:  5000
[2022-08-19 23:12:48,845] {logging_mixin.py:115} INFO - Contador:  40
[2022-08-19 23:12:48,845] {logging_mixin.py:115} INFO - Linhas:  195000
[2022-08-19 23:12:59,392] {logging_mixin.py:115} INFO - 16 16
[2022-08-19 23:13:26,632] {logging_mixin.py:115} INFO - Paginas:  5000
[2022-08-19 23:13:26,632] {logging_mixin.py:115} INFO - Contador:  41
[2022-08-19 23:13:26,632] {logging_mixin.py:115} INFO - Linhas:  200000
[2022-08-19 23:13:36,860] {logging_mixin.py:115} INFO - 16 16
[2022-08-19 23:14:10,834] {logging_mixin.py:115} INFO - Paginas:  5000
[2022-08-19 23:14:10,835] {logging_mixin.py:115} INFO - Contador:  42
[2022-08-19 23:14:10,835] {logging_mixin.py:115} INFO - Linhas:  205000
[2022-08-19 23:14:20,718] {logging_mixin.py:115} INFO - 16 16
[2022-08-19 23:14:52,431] {logging_mixin.py:115} INFO - Paginas:  5000
[2022-08-19 23:14:52,431] {logging_mixin.py:115} INFO - Contador:  43
[2022-08-19 23:14:52,431] {logging_mixin.py:115} INFO - Linhas:  210000
[2022-08-19 23:15:04,885] {logging_mixin.py:115} INFO - 16 16
[2022-08-19 23:15:38,321] {logging_mixin.py:115} INFO - Paginas:  5000
[2022-08-19 23:15:38,322] {logging_mixin.py:115} INFO - Contador:  44
[2022-08-19 23:15:38,322] {logging_mixin.py:115} INFO - Linhas:  215000
[2022-08-19 23:15:49,132] {logging_mixin.py:115} INFO - 16 16
[2022-08-19 23:16:14,435] {logging_mixin.py:115} INFO - Paginas:  5000
[2022-08-19 23:16:14,436] {logging_mixin.py:115} INFO - Contador:  45
[2022-08-19 23:16:14,436] {logging_mixin.py:115} INFO - Linhas:  220000
[2022-08-19 23:16:25,823] {logging_mixin.py:115} INFO - 16 16
[2022-08-19 23:16:53,794] {logging_mixin.py:115} INFO - Paginas:  5000
[2022-08-19 23:16:53,794] {logging_mixin.py:115} INFO - Contador:  46
[2022-08-19 23:16:53,794] {logging_mixin.py:115} INFO - Linhas:  225000
[2022-08-19 23:17:04,040] {logging_mixin.py:115} INFO - 16 16
[2022-08-19 23:17:27,722] {logging_mixin.py:115} INFO - Paginas:  5000
[2022-08-19 23:17:27,723] {logging_mixin.py:115} INFO - Contador:  47
[2022-08-19 23:17:27,723] {logging_mixin.py:115} INFO - Linhas:  230000
[2022-08-19 23:17:38,373] {logging_mixin.py:115} INFO - 16 16
[2022-08-19 23:18:09,002] {logging_mixin.py:115} INFO - Paginas:  5000
[2022-08-19 23:18:09,002] {logging_mixin.py:115} INFO - Contador:  48
[2022-08-19 23:18:09,002] {logging_mixin.py:115} INFO - Linhas:  235000
[2022-08-19 23:18:19,913] {logging_mixin.py:115} INFO - 16 16
[2022-08-19 23:18:43,762] {logging_mixin.py:115} INFO - Paginas:  5000
[2022-08-19 23:18:43,762] {logging_mixin.py:115} INFO - Contador:  49
[2022-08-19 23:18:43,762] {logging_mixin.py:115} INFO - Linhas:  240000
[2022-08-19 23:18:55,877] {logging_mixin.py:115} INFO - 16 16
[2022-08-19 23:19:22,431] {logging_mixin.py:115} INFO - Paginas:  5000
[2022-08-19 23:19:22,431] {logging_mixin.py:115} INFO - Contador:  50
[2022-08-19 23:19:22,432] {logging_mixin.py:115} INFO - Linhas:  245000
[2022-08-19 23:19:33,115] {logging_mixin.py:115} INFO - 16 16
[2022-08-19 23:19:57,767] {logging_mixin.py:115} INFO - Paginas:  5000
[2022-08-19 23:19:57,767] {logging_mixin.py:115} INFO - Contador:  51
[2022-08-19 23:19:57,767] {logging_mixin.py:115} INFO - Linhas:  250000
[2022-08-19 23:20:08,693] {logging_mixin.py:115} INFO - 16 16
[2022-08-19 23:20:39,279] {logging_mixin.py:115} INFO - Paginas:  5000
[2022-08-19 23:20:39,279] {logging_mixin.py:115} INFO - Contador:  52
[2022-08-19 23:20:39,280] {logging_mixin.py:115} INFO - Linhas:  255000
[2022-08-19 23:20:50,005] {logging_mixin.py:115} INFO - 16 16
[2022-08-19 23:21:19,022] {logging_mixin.py:115} INFO - Paginas:  5000
[2022-08-19 23:21:19,022] {logging_mixin.py:115} INFO - Contador:  53
[2022-08-19 23:21:19,022] {logging_mixin.py:115} INFO - Linhas:  260000
[2022-08-19 23:21:30,292] {logging_mixin.py:115} INFO - 16 16
[2022-08-19 23:21:57,954] {logging_mixin.py:115} INFO - Paginas:  5000
[2022-08-19 23:21:57,955] {logging_mixin.py:115} INFO - Contador:  54
[2022-08-19 23:21:57,955] {logging_mixin.py:115} INFO - Linhas:  265000
[2022-08-19 23:22:08,730] {logging_mixin.py:115} INFO - 16 16
[2022-08-19 23:22:33,130] {logging_mixin.py:115} INFO - Paginas:  5000
[2022-08-19 23:22:33,130] {logging_mixin.py:115} INFO - Contador:  55
[2022-08-19 23:22:33,130] {logging_mixin.py:115} INFO - Linhas:  270000
[2022-08-19 23:22:44,586] {logging_mixin.py:115} INFO - 16 16
[2022-08-19 23:23:15,704] {logging_mixin.py:115} INFO - Paginas:  5000
[2022-08-19 23:23:15,704] {logging_mixin.py:115} INFO - Contador:  56
[2022-08-19 23:23:15,704] {logging_mixin.py:115} INFO - Linhas:  275000
[2022-08-19 23:23:27,975] {logging_mixin.py:115} INFO - 16 16
[2022-08-19 23:23:53,047] {logging_mixin.py:115} INFO - Paginas:  5000
[2022-08-19 23:23:53,048] {logging_mixin.py:115} INFO - Contador:  57
[2022-08-19 23:23:53,048] {logging_mixin.py:115} INFO - Linhas:  280000
[2022-08-19 23:24:04,813] {logging_mixin.py:115} INFO - 16 16
[2022-08-19 23:24:34,033] {logging_mixin.py:115} INFO - Paginas:  5000
[2022-08-19 23:24:34,033] {logging_mixin.py:115} INFO - Contador:  58
[2022-08-19 23:24:34,033] {logging_mixin.py:115} INFO - Linhas:  285000
[2022-08-19 23:24:46,565] {logging_mixin.py:115} INFO - 16 16
[2022-08-19 23:25:27,405] {logging_mixin.py:115} INFO - Paginas:  5000
[2022-08-19 23:25:27,405] {logging_mixin.py:115} INFO - Contador:  59
[2022-08-19 23:25:27,406] {logging_mixin.py:115} INFO - Linhas:  290000
[2022-08-19 23:25:39,741] {logging_mixin.py:115} INFO - 16 16
[2022-08-19 23:26:08,420] {logging_mixin.py:115} INFO - Paginas:  5000
[2022-08-19 23:26:08,420] {logging_mixin.py:115} INFO - Contador:  60
[2022-08-19 23:26:08,421] {logging_mixin.py:115} INFO - Linhas:  295000
[2022-08-19 23:26:19,200] {logging_mixin.py:115} INFO - 16 16
[2022-08-19 23:26:44,451] {logging_mixin.py:115} INFO - Paginas:  5000
[2022-08-19 23:26:44,451] {logging_mixin.py:115} INFO - Contador:  61
[2022-08-19 23:26:44,452] {logging_mixin.py:115} INFO - Linhas:  300000
[2022-08-19 23:26:56,332] {logging_mixin.py:115} INFO - 16 16
[2022-08-19 23:27:25,968] {logging_mixin.py:115} INFO - Paginas:  5000
[2022-08-19 23:27:25,968] {logging_mixin.py:115} INFO - Contador:  62
[2022-08-19 23:27:25,968] {logging_mixin.py:115} INFO - Linhas:  305000
[2022-08-19 23:27:38,438] {logging_mixin.py:115} INFO - 16 16
[2022-08-19 23:28:05,608] {logging_mixin.py:115} INFO - Paginas:  5000
[2022-08-19 23:28:05,608] {logging_mixin.py:115} INFO - Contador:  63
[2022-08-19 23:28:05,609] {logging_mixin.py:115} INFO - Linhas:  310000
[2022-08-19 23:28:17,411] {logging_mixin.py:115} INFO - 16 16
[2022-08-19 23:28:48,384] {logging_mixin.py:115} INFO - Paginas:  5000
[2022-08-19 23:28:48,384] {logging_mixin.py:115} INFO - Contador:  64
[2022-08-19 23:28:48,384] {logging_mixin.py:115} INFO - Linhas:  315000
[2022-08-19 23:28:59,586] {logging_mixin.py:115} INFO - 16 16
[2022-08-19 23:29:25,298] {logging_mixin.py:115} INFO - Paginas:  5000
[2022-08-19 23:29:25,298] {logging_mixin.py:115} INFO - Contador:  65
[2022-08-19 23:29:25,298] {logging_mixin.py:115} INFO - Linhas:  320000
[2022-08-19 23:29:37,107] {logging_mixin.py:115} INFO - 16 16
[2022-08-19 23:30:05,896] {logging_mixin.py:115} INFO - Paginas:  5000
[2022-08-19 23:30:05,896] {logging_mixin.py:115} INFO - Contador:  66
[2022-08-19 23:30:05,896] {logging_mixin.py:115} INFO - Linhas:  325000
[2022-08-19 23:30:19,084] {logging_mixin.py:115} INFO - 16 16
[2022-08-19 23:30:49,480] {logging_mixin.py:115} INFO - Paginas:  5000
[2022-08-19 23:30:49,480] {logging_mixin.py:115} INFO - Contador:  67
[2022-08-19 23:30:49,480] {logging_mixin.py:115} INFO - Linhas:  330000
[2022-08-19 23:31:01,610] {logging_mixin.py:115} INFO - 16 16
[2022-08-19 23:31:23,771] {logging_mixin.py:115} INFO - Paginas:  5000
[2022-08-19 23:31:23,771] {logging_mixin.py:115} INFO - Contador:  68
[2022-08-19 23:31:23,771] {logging_mixin.py:115} INFO - Linhas:  335000
[2022-08-19 23:31:35,331] {logging_mixin.py:115} INFO - 16 16
[2022-08-19 23:31:58,621] {logging_mixin.py:115} INFO - Paginas:  5000
[2022-08-19 23:31:58,622] {logging_mixin.py:115} INFO - Contador:  69
[2022-08-19 23:31:58,622] {logging_mixin.py:115} INFO - Linhas:  340000
[2022-08-19 23:32:11,826] {logging_mixin.py:115} INFO - 16 16
[2022-08-19 23:32:41,068] {logging_mixin.py:115} INFO - Paginas:  5000
[2022-08-19 23:32:41,069] {logging_mixin.py:115} INFO - Contador:  70
[2022-08-19 23:32:41,069] {logging_mixin.py:115} INFO - Linhas:  345000
[2022-08-19 23:32:53,174] {logging_mixin.py:115} INFO - 16 16
[2022-08-19 23:33:15,026] {logging_mixin.py:115} INFO - Paginas:  5000
[2022-08-19 23:33:15,026] {logging_mixin.py:115} INFO - Contador:  71
[2022-08-19 23:33:15,027] {logging_mixin.py:115} INFO - Linhas:  350000
[2022-08-19 23:33:27,883] {logging_mixin.py:115} INFO - 16 16
[2022-08-19 23:33:53,822] {logging_mixin.py:115} INFO - Paginas:  5000
[2022-08-19 23:33:53,822] {logging_mixin.py:115} INFO - Contador:  72
[2022-08-19 23:33:53,822] {logging_mixin.py:115} INFO - Linhas:  355000
[2022-08-19 23:34:06,773] {logging_mixin.py:115} INFO - 16 16
[2022-08-19 23:34:32,166] {logging_mixin.py:115} INFO - Paginas:  5000
[2022-08-19 23:34:32,166] {logging_mixin.py:115} INFO - Contador:  73
[2022-08-19 23:34:32,166] {logging_mixin.py:115} INFO - Linhas:  360000
[2022-08-19 23:34:45,210] {logging_mixin.py:115} INFO - 16 16
[2022-08-19 23:35:22,147] {logging_mixin.py:115} INFO - Paginas:  5000
[2022-08-19 23:35:22,147] {logging_mixin.py:115} INFO - Contador:  74
[2022-08-19 23:35:22,147] {logging_mixin.py:115} INFO - Linhas:  365000
[2022-08-19 23:35:35,184] {logging_mixin.py:115} INFO - 16 16
[2022-08-19 23:36:00,893] {logging_mixin.py:115} INFO - Paginas:  5000
[2022-08-19 23:36:00,893] {logging_mixin.py:115} INFO - Contador:  75
[2022-08-19 23:36:00,894] {logging_mixin.py:115} INFO - Linhas:  370000
[2022-08-19 23:36:13,174] {logging_mixin.py:115} INFO - 16 16
[2022-08-19 23:36:29,673] {logging_mixin.py:115} INFO - Paginas:  5000
[2022-08-19 23:36:29,673] {logging_mixin.py:115} INFO - Contador:  76
[2022-08-19 23:36:29,673] {logging_mixin.py:115} INFO - Linhas:  375000
[2022-08-19 23:36:42,216] {logging_mixin.py:115} INFO - 16 16
[2022-08-19 23:37:04,079] {logging_mixin.py:115} INFO - Paginas:  5000
[2022-08-19 23:37:04,079] {logging_mixin.py:115} INFO - Contador:  77
[2022-08-19 23:37:04,079] {logging_mixin.py:115} INFO - Linhas:  380000
[2022-08-19 23:37:16,388] {logging_mixin.py:115} INFO - 16 16
[2022-08-19 23:37:36,668] {logging_mixin.py:115} INFO - Paginas:  5000
[2022-08-19 23:37:36,669] {logging_mixin.py:115} INFO - Contador:  78
[2022-08-19 23:37:36,669] {logging_mixin.py:115} INFO - Linhas:  385000
[2022-08-19 23:37:49,860] {logging_mixin.py:115} INFO - 16 16
[2022-08-19 23:38:15,452] {logging_mixin.py:115} INFO - Paginas:  5000
[2022-08-19 23:38:15,452] {logging_mixin.py:115} INFO - Contador:  79
[2022-08-19 23:38:15,453] {logging_mixin.py:115} INFO - Linhas:  390000
[2022-08-19 23:38:28,005] {logging_mixin.py:115} INFO - 16 16
[2022-08-19 23:38:55,083] {logging_mixin.py:115} INFO - Paginas:  5000
[2022-08-19 23:38:55,083] {logging_mixin.py:115} INFO - Contador:  80
[2022-08-19 23:38:55,084] {logging_mixin.py:115} INFO - Linhas:  395000
[2022-08-19 23:39:07,374] {logging_mixin.py:115} INFO - 16 16
[2022-08-19 23:39:29,050] {logging_mixin.py:115} INFO - Paginas:  5000
[2022-08-19 23:39:29,051] {logging_mixin.py:115} INFO - Contador:  81
[2022-08-19 23:39:29,051] {logging_mixin.py:115} INFO - Linhas:  400000
[2022-08-19 23:39:41,901] {logging_mixin.py:115} INFO - 16 16
[2022-08-19 23:40:15,506] {logging_mixin.py:115} INFO - Paginas:  5000
[2022-08-19 23:40:15,506] {logging_mixin.py:115} INFO - Contador:  82
[2022-08-19 23:40:15,507] {logging_mixin.py:115} INFO - Linhas:  405000
[2022-08-19 23:40:28,705] {logging_mixin.py:115} INFO - 16 16
[2022-08-19 23:40:57,829] {logging_mixin.py:115} INFO - Paginas:  5000
[2022-08-19 23:40:57,830] {logging_mixin.py:115} INFO - Contador:  83
[2022-08-19 23:40:57,830] {logging_mixin.py:115} INFO - Linhas:  410000
[2022-08-19 23:41:11,839] {logging_mixin.py:115} INFO - 16 16
[2022-08-19 23:41:40,016] {logging_mixin.py:115} INFO - Paginas:  5000
[2022-08-19 23:41:40,016] {logging_mixin.py:115} INFO - Contador:  84
[2022-08-19 23:41:40,017] {logging_mixin.py:115} INFO - Linhas:  415000
[2022-08-19 23:41:53,413] {logging_mixin.py:115} INFO - 16 16
[2022-08-19 23:42:20,154] {logging_mixin.py:115} INFO - Paginas:  5000
[2022-08-19 23:42:20,154] {logging_mixin.py:115} INFO - Contador:  85
[2022-08-19 23:42:20,154] {logging_mixin.py:115} INFO - Linhas:  420000
[2022-08-19 23:42:33,119] {logging_mixin.py:115} INFO - 16 16
[2022-08-19 23:42:58,954] {logging_mixin.py:115} INFO - Paginas:  5000
[2022-08-19 23:42:58,955] {logging_mixin.py:115} INFO - Contador:  86
[2022-08-19 23:42:58,955] {logging_mixin.py:115} INFO - Linhas:  425000
[2022-08-19 23:43:13,175] {logging_mixin.py:115} INFO - 16 16
[2022-08-19 23:43:39,986] {logging_mixin.py:115} INFO - Paginas:  5000
[2022-08-19 23:43:39,986] {logging_mixin.py:115} INFO - Contador:  87
[2022-08-19 23:43:39,986] {logging_mixin.py:115} INFO - Linhas:  430000
[2022-08-19 23:43:53,103] {logging_mixin.py:115} INFO - 16 16
[2022-08-19 23:44:20,933] {logging_mixin.py:115} INFO - Paginas:  5000
[2022-08-19 23:44:20,933] {logging_mixin.py:115} INFO - Contador:  88
[2022-08-19 23:44:20,933] {logging_mixin.py:115} INFO - Linhas:  435000
[2022-08-19 23:44:35,576] {logging_mixin.py:115} INFO - 16 16
[2022-08-19 23:45:09,007] {logging_mixin.py:115} INFO - Paginas:  5000
[2022-08-19 23:45:09,007] {logging_mixin.py:115} INFO - Contador:  89
[2022-08-19 23:45:09,007] {logging_mixin.py:115} INFO - Linhas:  440000
[2022-08-19 23:45:23,270] {logging_mixin.py:115} INFO - 16 16
[2022-08-19 23:45:44,306] {logging_mixin.py:115} INFO - Paginas:  5000
[2022-08-19 23:45:44,306] {logging_mixin.py:115} INFO - Contador:  90
[2022-08-19 23:45:44,306] {logging_mixin.py:115} INFO - Linhas:  445000
[2022-08-19 23:45:59,392] {logging_mixin.py:115} INFO - 16 16
[2022-08-19 23:46:30,286] {logging_mixin.py:115} INFO - Paginas:  5000
[2022-08-19 23:46:30,287] {logging_mixin.py:115} INFO - Contador:  91
[2022-08-19 23:46:30,287] {logging_mixin.py:115} INFO - Linhas:  450000
[2022-08-19 23:46:43,886] {logging_mixin.py:115} INFO - 16 16
[2022-08-19 23:47:16,131] {logging_mixin.py:115} INFO - Paginas:  5000
[2022-08-19 23:47:16,131] {logging_mixin.py:115} INFO - Contador:  92
[2022-08-19 23:47:16,131] {logging_mixin.py:115} INFO - Linhas:  455000
[2022-08-19 23:47:30,494] {logging_mixin.py:115} INFO - 16 16
[2022-08-19 23:47:58,205] {logging_mixin.py:115} INFO - Paginas:  5000
[2022-08-19 23:47:58,206] {logging_mixin.py:115} INFO - Contador:  93
[2022-08-19 23:47:58,206] {logging_mixin.py:115} INFO - Linhas:  460000
[2022-08-19 23:48:12,425] {logging_mixin.py:115} INFO - 16 16
[2022-08-19 23:48:44,350] {logging_mixin.py:115} INFO - Paginas:  5000
[2022-08-19 23:48:44,350] {logging_mixin.py:115} INFO - Contador:  94
[2022-08-19 23:48:44,350] {logging_mixin.py:115} INFO - Linhas:  465000
[2022-08-19 23:48:59,880] {logging_mixin.py:115} INFO - 16 16
[2022-08-19 23:49:33,291] {logging_mixin.py:115} INFO - Paginas:  5000
[2022-08-19 23:49:33,291] {logging_mixin.py:115} INFO - Contador:  95
[2022-08-19 23:49:33,291] {logging_mixin.py:115} INFO - Linhas:  470000
[2022-08-19 23:49:47,801] {logging_mixin.py:115} INFO - 16 16
[2022-08-19 23:50:16,602] {logging_mixin.py:115} INFO - Paginas:  5000
[2022-08-19 23:50:16,602] {logging_mixin.py:115} INFO - Contador:  96
[2022-08-19 23:50:16,602] {logging_mixin.py:115} INFO - Linhas:  475000
[2022-08-19 23:50:30,381] {logging_mixin.py:115} INFO - 16 16
[2022-08-19 23:50:50,095] {logging_mixin.py:115} INFO - Paginas:  5000
[2022-08-19 23:50:50,095] {logging_mixin.py:115} INFO - Contador:  97
[2022-08-19 23:50:50,095] {logging_mixin.py:115} INFO - Linhas:  480000
[2022-08-19 23:51:04,054] {logging_mixin.py:115} INFO - 16 16
[2022-08-19 23:51:34,587] {logging_mixin.py:115} INFO - Paginas:  5000
[2022-08-19 23:51:34,588] {logging_mixin.py:115} INFO - Contador:  98
[2022-08-19 23:51:34,588] {logging_mixin.py:115} INFO - Linhas:  485000
[2022-08-19 23:51:48,395] {logging_mixin.py:115} INFO - 16 16
[2022-08-19 23:52:15,855] {logging_mixin.py:115} INFO - Paginas:  5000
[2022-08-19 23:52:15,856] {logging_mixin.py:115} INFO - Contador:  99
[2022-08-19 23:52:15,856] {logging_mixin.py:115} INFO - Linhas:  490000
[2022-08-19 23:52:31,550] {logging_mixin.py:115} INFO - 16 16
[2022-08-19 23:53:07,482] {logging_mixin.py:115} INFO - Paginas:  5000
[2022-08-19 23:53:07,482] {logging_mixin.py:115} INFO - Contador:  100
[2022-08-19 23:53:07,482] {logging_mixin.py:115} INFO - Linhas:  495000
[2022-08-19 23:53:21,367] {logging_mixin.py:115} INFO - 16 16
[2022-08-19 23:53:48,965] {logging_mixin.py:115} INFO - Paginas:  5000
[2022-08-19 23:53:48,965] {logging_mixin.py:115} INFO - Contador:  101
[2022-08-19 23:53:48,965] {logging_mixin.py:115} INFO - Linhas:  500000
[2022-08-19 23:54:02,957] {logging_mixin.py:115} INFO - 16 16
[2022-08-19 23:54:15,360] {logging_mixin.py:115} INFO - Paginas:  5000
[2022-08-19 23:54:15,360] {logging_mixin.py:115} INFO - Contador:  102
[2022-08-19 23:54:15,360] {logging_mixin.py:115} INFO - Linhas:  505000
[2022-08-19 23:54:29,166] {logging_mixin.py:115} INFO - 16 16
[2022-08-19 23:54:45,509] {logging_mixin.py:115} INFO - Paginas:  5000
[2022-08-19 23:54:45,509] {logging_mixin.py:115} INFO - Contador:  103
[2022-08-19 23:54:45,509] {logging_mixin.py:115} INFO - Linhas:  510000
[2022-08-19 23:54:58,966] {logging_mixin.py:115} INFO - 16 16
[2022-08-19 23:55:00,166] {logging_mixin.py:115} INFO - Paginas:  5000
[2022-08-19 23:55:00,166] {logging_mixin.py:115} INFO - Contador:  104
[2022-08-19 23:55:00,166] {logging_mixin.py:115} INFO - Linhas:  515000
[2022-08-19 23:55:12,918] {logging_mixin.py:115} INFO - 16 6
[2022-08-19 23:55:12,918] {logging_mixin.py:115} INFO - quebrou:  len(df.columns)  6
[2022-08-19 23:55:12,918] {python.py:173} INFO - Done. Returned value was: None
[2022-08-19 23:55:12,973] {taskinstance.py:1420} INFO - Marking task as SUCCESS. dag_id=carga_deskmanager, task_id=popula_DeskManagerInteracoesAF, execution_date=20220818T220000, start_date=20220819T224759, end_date=20220819T235512
[2022-08-19 23:55:13,100] {local_task_job.py:156} INFO - Task exited with return code 0
[2022-08-19 23:55:13,163] {local_task_job.py:273} INFO - 1 downstream tasks scheduled from follow-on schedule check
