[2022-08-18 12:20:58,010] {taskinstance.py:1179} INFO - Dependencies all met for <TaskInstance: carga_deskmanager.popula_DeskManagerAF manual__2022-08-18T12:20:54.924769+00:00 [queued]>
[2022-08-18 12:20:58,030] {taskinstance.py:1179} INFO - Dependencies all met for <TaskInstance: carga_deskmanager.popula_DeskManagerAF manual__2022-08-18T12:20:54.924769+00:00 [queued]>
[2022-08-18 12:20:58,030] {taskinstance.py:1376} INFO - 
--------------------------------------------------------------------------------
[2022-08-18 12:20:58,030] {taskinstance.py:1377} INFO - Starting attempt 1 of 1
[2022-08-18 12:20:58,030] {taskinstance.py:1378} INFO - 
--------------------------------------------------------------------------------
[2022-08-18 12:20:58,064] {taskinstance.py:1397} INFO - Executing <Task(PythonOperator): popula_DeskManagerAF> on 2022-08-18 12:20:54.924769+00:00
[2022-08-18 12:20:58,068] {standard_task_runner.py:52} INFO - Started process 557 to run task
[2022-08-18 12:20:58,088] {standard_task_runner.py:79} INFO - Running: ['***', 'tasks', 'run', 'carga_deskmanager', 'popula_DeskManagerAF', 'manual__2022-08-18T12:20:54.924769+00:00', '--job-id', '2', '--raw', '--subdir', 'DAGS_FOLDER/etl_deskmanager.py', '--cfg-path', '/tmp/tmp9bs5tx0t', '--error-file', '/tmp/tmpv5iqttxo']
[2022-08-18 12:20:58,089] {standard_task_runner.py:80} INFO - Job 2: Subtask popula_DeskManagerAF
[2022-08-18 12:20:58,304] {task_command.py:371} INFO - Running <TaskInstance: carga_deskmanager.popula_DeskManagerAF manual__2022-08-18T12:20:54.924769+00:00 [running]> on host 616fda3d6fc3
[2022-08-18 12:20:58,485] {taskinstance.py:1591} INFO - Exporting the following env vars:
AIRFLOW_CTX_DAG_EMAIL=clecio.antao@gmail.com
AIRFLOW_CTX_DAG_OWNER=***
AIRFLOW_CTX_DAG_ID=carga_deskmanager
AIRFLOW_CTX_TASK_ID=popula_DeskManagerAF
AIRFLOW_CTX_EXECUTION_DATE=2022-08-18T12:20:54.924769+00:00
AIRFLOW_CTX_TRY_NUMBER=1
AIRFLOW_CTX_DAG_RUN_ID=manual__2022-08-18T12:20:54.924769+00:00
[2022-08-18 12:20:58,498] {logging_mixin.py:115} INFO - sucesso
[2022-08-18 12:20:59,370] {logging_mixin.py:115} INFO - Token:  dGVjYmFu#17d1d42b12914652b9b9b011e1d1355f67ea32a8
[2022-08-18 12:20:59,370] {logging_mixin.py:115} INFO - Relatorio:  868
[2022-08-18 12:20:59,370] {logging_mixin.py:115} INFO - Tabela:  DeskManagerAF
[2022-08-18 12:21:07,102] {logging_mixin.py:115} INFO - Paginas:  5000
[2022-08-18 12:21:07,104] {logging_mixin.py:115} INFO - Contador:  1
[2022-08-18 12:21:07,104] {logging_mixin.py:115} INFO - Linhas:  0
[2022-08-18 12:21:14,874] {logging_mixin.py:115} INFO - 30 30
[2022-08-18 12:21:33,636] {logging_mixin.py:115} INFO - Paginas:  5000
[2022-08-18 12:21:33,636] {logging_mixin.py:115} INFO - Contador:  2
[2022-08-18 12:21:33,636] {logging_mixin.py:115} INFO - Linhas:  5000
[2022-08-18 12:21:41,614] {logging_mixin.py:115} INFO - 30 30
[2022-08-18 12:21:59,441] {logging_mixin.py:115} INFO - Paginas:  5000
[2022-08-18 12:21:59,441] {logging_mixin.py:115} INFO - Contador:  3
[2022-08-18 12:21:59,441] {logging_mixin.py:115} INFO - Linhas:  10000
[2022-08-18 12:22:08,219] {logging_mixin.py:115} INFO - 30 30
[2022-08-18 12:22:19,361] {logging_mixin.py:115} INFO - Paginas:  5000
[2022-08-18 12:22:19,361] {logging_mixin.py:115} INFO - Contador:  4
[2022-08-18 12:22:19,362] {logging_mixin.py:115} INFO - Linhas:  15000
[2022-08-18 12:22:26,322] {logging_mixin.py:115} INFO - 30 30
[2022-08-18 12:22:39,224] {logging_mixin.py:115} INFO - Paginas:  5000
[2022-08-18 12:22:39,224] {logging_mixin.py:115} INFO - Contador:  5
[2022-08-18 12:22:39,224] {logging_mixin.py:115} INFO - Linhas:  20000
[2022-08-18 12:22:46,587] {logging_mixin.py:115} INFO - 30 30
[2022-08-18 12:22:58,941] {logging_mixin.py:115} INFO - Paginas:  5000
[2022-08-18 12:22:58,941] {logging_mixin.py:115} INFO - Contador:  6
[2022-08-18 12:22:58,941] {logging_mixin.py:115} INFO - Linhas:  25000
[2022-08-18 12:23:07,653] {logging_mixin.py:115} INFO - 30 30
[2022-08-18 12:23:34,327] {logging_mixin.py:115} INFO - Paginas:  5000
[2022-08-18 12:23:34,327] {logging_mixin.py:115} INFO - Contador:  7
[2022-08-18 12:23:34,328] {logging_mixin.py:115} INFO - Linhas:  30000
[2022-08-18 12:23:41,211] {logging_mixin.py:115} INFO - 30 30
[2022-08-18 12:24:09,273] {logging_mixin.py:115} INFO - Paginas:  5000
[2022-08-18 12:24:09,273] {logging_mixin.py:115} INFO - Contador:  8
[2022-08-18 12:24:09,273] {logging_mixin.py:115} INFO - Linhas:  35000
[2022-08-18 12:24:16,500] {logging_mixin.py:115} INFO - 30 30
[2022-08-18 12:24:29,705] {logging_mixin.py:115} INFO - Paginas:  5000
[2022-08-18 12:24:29,705] {logging_mixin.py:115} INFO - Contador:  9
[2022-08-18 12:24:29,705] {logging_mixin.py:115} INFO - Linhas:  40000
[2022-08-18 12:24:37,229] {logging_mixin.py:115} INFO - 30 30
[2022-08-18 12:24:48,426] {logging_mixin.py:115} INFO - Paginas:  5000
[2022-08-18 12:24:48,426] {logging_mixin.py:115} INFO - Contador:  10
[2022-08-18 12:24:48,426] {logging_mixin.py:115} INFO - Linhas:  45000
[2022-08-18 12:24:56,780] {logging_mixin.py:115} INFO - 30 30
[2022-08-18 12:24:59,435] {local_task_job.py:219} WARNING - DagRun timed out after 0:04:03.580324.
[2022-08-18 12:24:59,435] {local_task_job.py:221} WARNING - State of this instance has been externally set to skipped. Terminating instance.
[2022-08-18 12:24:59,437] {process_utils.py:129} INFO - Sending Signals.SIGTERM to group 557. PIDs of all processes in the group: [557]
[2022-08-18 12:24:59,437] {process_utils.py:80} INFO - Sending the signal Signals.SIGTERM to group 557
[2022-08-18 12:24:59,443] {taskinstance.py:1561} ERROR - Received SIGTERM. Terminating subprocesses.
[2022-08-18 12:24:59,557] {process_utils.py:75} INFO - Process psutil.Process(pid=557, status='terminated', exitcode=0, started='12:20:57') (557) terminated with exit code 0
