[2022-08-22 14:45:11,316] {taskinstance.py:1179} INFO - Dependencies all met for <TaskInstance: elastic_desk.popula_elastic_aguardando scheduled__2022-08-22T14:40:00+00:00 [queued]>
[2022-08-22 14:45:11,328] {taskinstance.py:1179} INFO - Dependencies all met for <TaskInstance: elastic_desk.popula_elastic_aguardando scheduled__2022-08-22T14:40:00+00:00 [queued]>
[2022-08-22 14:45:11,328] {taskinstance.py:1376} INFO - 
--------------------------------------------------------------------------------
[2022-08-22 14:45:11,328] {taskinstance.py:1377} INFO - Starting attempt 1 of 1
[2022-08-22 14:45:11,328] {taskinstance.py:1378} INFO - 
--------------------------------------------------------------------------------
[2022-08-22 14:45:11,360] {taskinstance.py:1397} INFO - Executing <Task(PythonOperator): popula_elastic_aguardando> on 2022-08-22 14:40:00+00:00
[2022-08-22 14:45:11,366] {standard_task_runner.py:52} INFO - Started process 81690 to run task
[2022-08-22 14:45:11,375] {standard_task_runner.py:79} INFO - Running: ['***', 'tasks', 'run', 'elastic_desk', 'popula_elastic_aguardando', 'scheduled__2022-08-22T14:40:00+00:00', '--job-id', '1799', '--raw', '--subdir', 'DAGS_FOLDER/etl_elastic_desk.py', '--cfg-path', '/tmp/tmpi73_dhtn', '--error-file', '/tmp/tmpax_9wv2i']
[2022-08-22 14:45:11,376] {standard_task_runner.py:80} INFO - Job 1799: Subtask popula_elastic_aguardando
[2022-08-22 14:45:11,484] {task_command.py:371} INFO - Running <TaskInstance: elastic_desk.popula_elastic_aguardando scheduled__2022-08-22T14:40:00+00:00 [running]> on host 1e1070d9e5ae
[2022-08-22 14:45:11,648] {taskinstance.py:1591} INFO - Exporting the following env vars:
AIRFLOW_CTX_DAG_EMAIL=clecio.antao@gmail.com
AIRFLOW_CTX_DAG_OWNER=***
AIRFLOW_CTX_DAG_ID=elastic_desk
AIRFLOW_CTX_TASK_ID=popula_elastic_aguardando
AIRFLOW_CTX_EXECUTION_DATE=2022-08-22T14:40:00+00:00
AIRFLOW_CTX_TRY_NUMBER=1
AIRFLOW_CTX_DAG_RUN_ID=scheduled__2022-08-22T14:40:00+00:00
[2022-08-22 14:45:11,655] {base.py:271} INFO - GET http://192.168.2.100:9200/ [status:200 request:0.002s]
[2022-08-22 14:45:14,200] {base.py:271} INFO - HEAD http://192.168.2.100:9200/_template/desk_aguardando [status:200 request:0.001s]
[2022-08-22 14:45:14,338] {logging_mixin.py:115} WARNING - /home/***/.local/lib/python3.7/site-packages/es_pandas/es_pandas.py:58 RuntimeWarning: invalid value encountered in double_scalars
[2022-08-22 14:45:14,644] {base.py:271} INFO - POST http://192.168.2.100:9200/_bulk [status:200 request:0.050s]
[2022-08-22 14:45:14,685] {python.py:173} INFO - Done. Returned value was: None
[2022-08-22 14:45:14,852] {taskinstance.py:1420} INFO - Marking task as SUCCESS. dag_id=elastic_desk, task_id=popula_elastic_aguardando, execution_date=20220822T144000, start_date=20220822T144511, end_date=20220822T144514
[2022-08-22 14:45:14,918] {local_task_job.py:156} INFO - Task exited with return code 0
[2022-08-22 14:45:15,017] {local_task_job.py:273} INFO - 0 downstream tasks scheduled from follow-on schedule check
