[2022-08-18 18:53:48,248] {taskinstance.py:1179} INFO - Dependencies all met for <TaskInstance: carga_deskmanager.popula_DeskManagerInteracoesAF manual__2022-08-18T18:27:54.390659+00:00 [queued]>
[2022-08-18 18:53:48,263] {taskinstance.py:1179} INFO - Dependencies all met for <TaskInstance: carga_deskmanager.popula_DeskManagerInteracoesAF manual__2022-08-18T18:27:54.390659+00:00 [queued]>
[2022-08-18 18:53:48,263] {taskinstance.py:1376} INFO - 
--------------------------------------------------------------------------------
[2022-08-18 18:53:48,263] {taskinstance.py:1377} INFO - Starting attempt 1 of 1
[2022-08-18 18:53:48,263] {taskinstance.py:1378} INFO - 
--------------------------------------------------------------------------------
[2022-08-18 18:53:48,297] {taskinstance.py:1397} INFO - Executing <Task(PythonOperator): popula_DeskManagerInteracoesAF> on 2022-08-18 18:27:54.390659+00:00
[2022-08-18 18:53:48,307] {standard_task_runner.py:52} INFO - Started process 12471 to run task
[2022-08-18 18:53:48,316] {standard_task_runner.py:79} INFO - Running: ['***', 'tasks', 'run', 'carga_deskmanager', 'popula_DeskManagerInteracoesAF', 'manual__2022-08-18T18:27:54.390659+00:00', '--job-id', '81', '--raw', '--subdir', 'DAGS_FOLDER/etl_deskmanager.py', '--cfg-path', '/tmp/tmphp01_m1w', '--error-file', '/tmp/tmpyoqtlmgv']
[2022-08-18 18:53:48,317] {standard_task_runner.py:80} INFO - Job 81: Subtask popula_DeskManagerInteracoesAF
[2022-08-18 18:53:48,430] {task_command.py:371} INFO - Running <TaskInstance: carga_deskmanager.popula_DeskManagerInteracoesAF manual__2022-08-18T18:27:54.390659+00:00 [running]> on host 1e1070d9e5ae
[2022-08-18 18:53:48,658] {taskinstance.py:1591} INFO - Exporting the following env vars:
AIRFLOW_CTX_DAG_EMAIL=clecio.antao@gmail.com
AIRFLOW_CTX_DAG_OWNER=***
AIRFLOW_CTX_DAG_ID=carga_deskmanager
AIRFLOW_CTX_TASK_ID=popula_DeskManagerInteracoesAF
AIRFLOW_CTX_EXECUTION_DATE=2022-08-18T18:27:54.390659+00:00
AIRFLOW_CTX_TRY_NUMBER=1
AIRFLOW_CTX_DAG_RUN_ID=manual__2022-08-18T18:27:54.390659+00:00
[2022-08-18 18:53:48,678] {logging_mixin.py:115} INFO - sucesso
[2022-08-18 18:53:49,510] {logging_mixin.py:115} INFO - Token:  dGVjYmFu#0161e1e150f95f00d549088ec04ba13ebdaa04bd
[2022-08-18 18:53:49,510] {logging_mixin.py:115} INFO - Relatorio:  878
[2022-08-18 18:53:49,511] {logging_mixin.py:115} INFO - Tabela:  DeskManagerInteracoesAF
[2022-08-18 18:53:57,319] {logging_mixin.py:115} INFO - Paginas:  5000
[2022-08-18 18:53:57,319] {logging_mixin.py:115} INFO - Contador:  1
[2022-08-18 18:53:57,319] {logging_mixin.py:115} INFO - Linhas:  0
[2022-08-18 18:54:05,557] {logging_mixin.py:115} INFO - 16 16
[2022-08-18 18:54:21,088] {logging_mixin.py:115} INFO - Paginas:  5000
[2022-08-18 18:54:21,088] {logging_mixin.py:115} INFO - Contador:  2
[2022-08-18 18:54:21,088] {logging_mixin.py:115} INFO - Linhas:  5000
[2022-08-18 18:54:29,181] {logging_mixin.py:115} INFO - 16 16
[2022-08-18 18:54:39,007] {logging_mixin.py:115} INFO - Paginas:  5000
[2022-08-18 18:54:39,007] {logging_mixin.py:115} INFO - Contador:  3
[2022-08-18 18:54:39,007] {logging_mixin.py:115} INFO - Linhas:  10000
[2022-08-18 18:54:47,059] {logging_mixin.py:115} INFO - 16 16
[2022-08-18 18:55:01,056] {logging_mixin.py:115} INFO - Paginas:  5000
[2022-08-18 18:55:01,056] {logging_mixin.py:115} INFO - Contador:  4
[2022-08-18 18:55:01,056] {logging_mixin.py:115} INFO - Linhas:  15000
[2022-08-18 18:55:09,694] {logging_mixin.py:115} INFO - 16 16
[2022-08-18 18:55:22,595] {logging_mixin.py:115} INFO - Paginas:  5000
[2022-08-18 18:55:22,595] {logging_mixin.py:115} INFO - Contador:  5
[2022-08-18 18:55:22,595] {logging_mixin.py:115} INFO - Linhas:  20000
[2022-08-18 18:55:32,420] {logging_mixin.py:115} INFO - 16 16
[2022-08-18 18:55:44,743] {logging_mixin.py:115} INFO - Paginas:  5000
[2022-08-18 18:55:44,743] {logging_mixin.py:115} INFO - Contador:  6
[2022-08-18 18:55:44,743] {logging_mixin.py:115} INFO - Linhas:  25000
[2022-08-18 18:55:52,275] {logging_mixin.py:115} INFO - 16 16
[2022-08-18 18:56:06,774] {logging_mixin.py:115} INFO - Paginas:  5000
[2022-08-18 18:56:06,774] {logging_mixin.py:115} INFO - Contador:  7
[2022-08-18 18:56:06,774] {logging_mixin.py:115} INFO - Linhas:  30000
[2022-08-18 18:56:15,307] {logging_mixin.py:115} INFO - 16 16
[2022-08-18 18:56:23,956] {logging_mixin.py:115} INFO - Paginas:  5000
[2022-08-18 18:56:23,956] {logging_mixin.py:115} INFO - Contador:  8
[2022-08-18 18:56:23,956] {logging_mixin.py:115} INFO - Linhas:  35000
[2022-08-18 18:56:32,743] {logging_mixin.py:115} INFO - 16 16
[2022-08-18 18:56:45,725] {logging_mixin.py:115} INFO - Paginas:  5000
[2022-08-18 18:56:45,725] {logging_mixin.py:115} INFO - Contador:  9
[2022-08-18 18:56:45,725] {logging_mixin.py:115} INFO - Linhas:  40000
[2022-08-18 18:56:53,875] {logging_mixin.py:115} INFO - 16 16
[2022-08-18 18:57:14,093] {logging_mixin.py:115} INFO - Paginas:  5000
[2022-08-18 18:57:14,093] {logging_mixin.py:115} INFO - Contador:  10
[2022-08-18 18:57:14,093] {logging_mixin.py:115} INFO - Linhas:  45000
[2022-08-18 18:57:22,641] {logging_mixin.py:115} INFO - 16 16
[2022-08-18 18:57:32,570] {logging_mixin.py:115} INFO - Paginas:  5000
[2022-08-18 18:57:32,570] {logging_mixin.py:115} INFO - Contador:  11
[2022-08-18 18:57:32,570] {logging_mixin.py:115} INFO - Linhas:  50000
[2022-08-18 18:57:42,314] {logging_mixin.py:115} INFO - 16 16
[2022-08-18 18:57:54,618] {logging_mixin.py:115} INFO - Paginas:  5000
[2022-08-18 18:57:54,618] {logging_mixin.py:115} INFO - Contador:  12
[2022-08-18 18:57:54,618] {logging_mixin.py:115} INFO - Linhas:  55000
[2022-08-18 18:58:03,687] {logging_mixin.py:115} INFO - 16 16
[2022-08-18 18:58:19,632] {logging_mixin.py:115} INFO - Paginas:  5000
[2022-08-18 18:58:19,632] {logging_mixin.py:115} INFO - Contador:  13
[2022-08-18 18:58:19,632] {logging_mixin.py:115} INFO - Linhas:  60000
[2022-08-18 18:58:28,487] {logging_mixin.py:115} INFO - 16 16
[2022-08-18 18:58:39,231] {logging_mixin.py:115} INFO - Paginas:  5000
[2022-08-18 18:58:39,232] {logging_mixin.py:115} INFO - Contador:  14
[2022-08-18 18:58:39,232] {logging_mixin.py:115} INFO - Linhas:  65000
[2022-08-18 18:58:47,863] {logging_mixin.py:115} INFO - 16 16
[2022-08-18 18:58:58,365] {logging_mixin.py:115} INFO - Paginas:  5000
[2022-08-18 18:58:58,366] {logging_mixin.py:115} INFO - Contador:  15
[2022-08-18 18:58:58,366] {logging_mixin.py:115} INFO - Linhas:  70000
[2022-08-18 18:59:07,735] {logging_mixin.py:115} INFO - 16 16
[2022-08-18 18:59:24,033] {logging_mixin.py:115} INFO - Paginas:  5000
[2022-08-18 18:59:24,033] {logging_mixin.py:115} INFO - Contador:  16
[2022-08-18 18:59:24,034] {logging_mixin.py:115} INFO - Linhas:  75000
[2022-08-18 18:59:32,910] {logging_mixin.py:115} INFO - 16 16
[2022-08-18 18:59:41,679] {logging_mixin.py:115} INFO - Paginas:  5000
[2022-08-18 18:59:41,679] {logging_mixin.py:115} INFO - Contador:  17
[2022-08-18 18:59:41,679] {logging_mixin.py:115} INFO - Linhas:  80000
[2022-08-18 18:59:50,568] {logging_mixin.py:115} INFO - 16 16
[2022-08-18 19:00:06,873] {logging_mixin.py:115} INFO - Paginas:  5000
[2022-08-18 19:00:06,874] {logging_mixin.py:115} INFO - Contador:  18
[2022-08-18 19:00:06,874] {logging_mixin.py:115} INFO - Linhas:  85000
[2022-08-18 19:00:17,360] {logging_mixin.py:115} INFO - 16 16
[2022-08-18 19:00:34,593] {logging_mixin.py:115} INFO - Paginas:  5000
[2022-08-18 19:00:34,593] {logging_mixin.py:115} INFO - Contador:  19
[2022-08-18 19:00:34,593] {logging_mixin.py:115} INFO - Linhas:  90000
[2022-08-18 19:00:43,946] {logging_mixin.py:115} INFO - 16 16
[2022-08-18 19:00:53,341] {logging_mixin.py:115} INFO - Paginas:  5000
[2022-08-18 19:00:53,341] {logging_mixin.py:115} INFO - Contador:  20
[2022-08-18 19:00:53,341] {logging_mixin.py:115} INFO - Linhas:  95000
[2022-08-18 19:01:03,297] {logging_mixin.py:115} INFO - 16 16
[2022-08-18 19:01:13,975] {logging_mixin.py:115} INFO - Paginas:  5000
[2022-08-18 19:01:13,975] {logging_mixin.py:115} INFO - Contador:  21
[2022-08-18 19:01:13,975] {logging_mixin.py:115} INFO - Linhas:  100000
[2022-08-18 19:01:23,188] {logging_mixin.py:115} INFO - 16 16
[2022-08-18 19:01:36,026] {logging_mixin.py:115} INFO - Paginas:  5000
[2022-08-18 19:01:36,027] {logging_mixin.py:115} INFO - Contador:  22
[2022-08-18 19:01:36,027] {logging_mixin.py:115} INFO - Linhas:  105000
[2022-08-18 19:01:45,441] {logging_mixin.py:115} INFO - 16 16
[2022-08-18 19:01:54,648] {logging_mixin.py:115} INFO - Paginas:  5000
[2022-08-18 19:01:54,648] {logging_mixin.py:115} INFO - Contador:  23
[2022-08-18 19:01:54,648] {logging_mixin.py:115} INFO - Linhas:  110000
[2022-08-18 19:02:03,869] {logging_mixin.py:115} INFO - 16 16
[2022-08-18 19:02:14,402] {logging_mixin.py:115} INFO - Paginas:  5000
[2022-08-18 19:02:14,403] {logging_mixin.py:115} INFO - Contador:  24
[2022-08-18 19:02:14,403] {logging_mixin.py:115} INFO - Linhas:  115000
[2022-08-18 19:02:24,277] {logging_mixin.py:115} INFO - 16 16
[2022-08-18 19:02:36,199] {logging_mixin.py:115} INFO - Paginas:  5000
[2022-08-18 19:02:36,200] {logging_mixin.py:115} INFO - Contador:  25
[2022-08-18 19:02:36,200] {logging_mixin.py:115} INFO - Linhas:  120000
[2022-08-18 19:02:45,713] {logging_mixin.py:115} INFO - 16 16
[2022-08-18 19:02:55,318] {logging_mixin.py:115} INFO - Paginas:  5000
[2022-08-18 19:02:55,319] {logging_mixin.py:115} INFO - Contador:  26
[2022-08-18 19:02:55,319] {logging_mixin.py:115} INFO - Linhas:  125000
[2022-08-18 19:03:05,755] {logging_mixin.py:115} INFO - 16 16
[2022-08-18 19:03:19,608] {logging_mixin.py:115} INFO - Paginas:  5000
[2022-08-18 19:03:19,609] {logging_mixin.py:115} INFO - Contador:  27
[2022-08-18 19:03:19,609] {logging_mixin.py:115} INFO - Linhas:  130000
[2022-08-18 19:03:29,566] {logging_mixin.py:115} INFO - 16 16
[2022-08-18 19:03:38,952] {logging_mixin.py:115} INFO - Paginas:  5000
[2022-08-18 19:03:38,952] {logging_mixin.py:115} INFO - Contador:  28
[2022-08-18 19:03:38,952] {logging_mixin.py:115} INFO - Linhas:  135000
[2022-08-18 19:03:48,353] {logging_mixin.py:115} INFO - 16 16
[2022-08-18 19:03:58,551] {logging_mixin.py:115} INFO - Paginas:  5000
[2022-08-18 19:03:58,552] {logging_mixin.py:115} INFO - Contador:  29
[2022-08-18 19:03:58,552] {logging_mixin.py:115} INFO - Linhas:  140000
[2022-08-18 19:04:08,020] {logging_mixin.py:115} INFO - 16 15
[2022-08-18 19:04:23,246] {logging_mixin.py:115} INFO - Paginas:  5000
[2022-08-18 19:04:23,246] {logging_mixin.py:115} INFO - Contador:  30
[2022-08-18 19:04:23,246] {logging_mixin.py:115} INFO - Linhas:  145000
[2022-08-18 19:04:33,298] {logging_mixin.py:115} INFO - 16 16
[2022-08-18 19:04:46,014] {logging_mixin.py:115} INFO - Paginas:  5000
[2022-08-18 19:04:46,014] {logging_mixin.py:115} INFO - Contador:  31
[2022-08-18 19:04:46,014] {logging_mixin.py:115} INFO - Linhas:  150000
[2022-08-18 19:04:56,957] {logging_mixin.py:115} INFO - 16 16
[2022-08-18 19:05:06,625] {logging_mixin.py:115} INFO - Paginas:  5000
[2022-08-18 19:05:06,625] {logging_mixin.py:115} INFO - Contador:  32
[2022-08-18 19:05:06,625] {logging_mixin.py:115} INFO - Linhas:  155000
[2022-08-18 19:05:16,966] {logging_mixin.py:115} INFO - 16 16
[2022-08-18 19:05:29,287] {logging_mixin.py:115} INFO - Paginas:  5000
[2022-08-18 19:05:29,287] {logging_mixin.py:115} INFO - Contador:  33
[2022-08-18 19:05:29,288] {logging_mixin.py:115} INFO - Linhas:  160000
[2022-08-18 19:05:40,447] {logging_mixin.py:115} INFO - 16 16
[2022-08-18 19:05:50,332] {logging_mixin.py:115} INFO - Paginas:  5000
[2022-08-18 19:05:50,332] {logging_mixin.py:115} INFO - Contador:  34
[2022-08-18 19:05:50,332] {logging_mixin.py:115} INFO - Linhas:  165000
[2022-08-18 19:06:00,728] {logging_mixin.py:115} INFO - 16 16
[2022-08-18 19:06:09,926] {logging_mixin.py:115} INFO - Paginas:  5000
[2022-08-18 19:06:09,926] {logging_mixin.py:115} INFO - Contador:  35
[2022-08-18 19:06:09,926] {logging_mixin.py:115} INFO - Linhas:  170000
[2022-08-18 19:06:20,336] {logging_mixin.py:115} INFO - 16 16
[2022-08-18 19:06:34,230] {logging_mixin.py:115} INFO - Paginas:  5000
[2022-08-18 19:06:34,230] {logging_mixin.py:115} INFO - Contador:  36
[2022-08-18 19:06:34,230] {logging_mixin.py:115} INFO - Linhas:  175000
[2022-08-18 19:06:45,603] {logging_mixin.py:115} INFO - 16 16
[2022-08-18 19:07:03,857] {logging_mixin.py:115} INFO - Paginas:  5000
[2022-08-18 19:07:03,857] {logging_mixin.py:115} INFO - Contador:  37
[2022-08-18 19:07:03,857] {logging_mixin.py:115} INFO - Linhas:  180000
[2022-08-18 19:07:15,396] {logging_mixin.py:115} INFO - 16 16
[2022-08-18 19:07:27,525] {logging_mixin.py:115} INFO - Paginas:  5000
[2022-08-18 19:07:27,525] {logging_mixin.py:115} INFO - Contador:  38
[2022-08-18 19:07:27,525] {logging_mixin.py:115} INFO - Linhas:  185000
[2022-08-18 19:07:37,847] {logging_mixin.py:115} INFO - 16 16
[2022-08-18 19:07:51,849] {logging_mixin.py:115} INFO - Paginas:  5000
[2022-08-18 19:07:51,849] {logging_mixin.py:115} INFO - Contador:  39
[2022-08-18 19:07:51,849] {logging_mixin.py:115} INFO - Linhas:  190000
[2022-08-18 19:08:03,243] {logging_mixin.py:115} INFO - 16 16
[2022-08-18 19:08:14,235] {logging_mixin.py:115} INFO - Paginas:  5000
[2022-08-18 19:08:14,236] {logging_mixin.py:115} INFO - Contador:  40
[2022-08-18 19:08:14,236] {logging_mixin.py:115} INFO - Linhas:  195000
[2022-08-18 19:08:25,777] {logging_mixin.py:115} INFO - 16 16
[2022-08-18 19:08:43,782] {logging_mixin.py:115} INFO - Paginas:  5000
[2022-08-18 19:08:43,782] {logging_mixin.py:115} INFO - Contador:  41
[2022-08-18 19:08:43,782] {logging_mixin.py:115} INFO - Linhas:  200000
[2022-08-18 19:08:53,841] {logging_mixin.py:115} INFO - 16 16
[2022-08-18 19:09:07,086] {logging_mixin.py:115} INFO - Paginas:  5000
[2022-08-18 19:09:07,086] {logging_mixin.py:115} INFO - Contador:  42
[2022-08-18 19:09:07,086] {logging_mixin.py:115} INFO - Linhas:  205000
[2022-08-18 19:09:17,794] {logging_mixin.py:115} INFO - 16 16
[2022-08-18 19:09:28,242] {logging_mixin.py:115} INFO - Paginas:  5000
[2022-08-18 19:09:28,242] {logging_mixin.py:115} INFO - Contador:  43
[2022-08-18 19:09:28,242] {logging_mixin.py:115} INFO - Linhas:  210000
[2022-08-18 19:09:39,557] {logging_mixin.py:115} INFO - 16 16
[2022-08-18 19:09:52,962] {logging_mixin.py:115} INFO - Paginas:  5000
[2022-08-18 19:09:52,962] {logging_mixin.py:115} INFO - Contador:  44
[2022-08-18 19:09:52,962] {logging_mixin.py:115} INFO - Linhas:  215000
[2022-08-18 19:10:04,838] {logging_mixin.py:115} INFO - 16 16
[2022-08-18 19:10:22,493] {logging_mixin.py:115} INFO - Paginas:  5000
[2022-08-18 19:10:22,493] {logging_mixin.py:115} INFO - Contador:  45
[2022-08-18 19:10:22,494] {logging_mixin.py:115} INFO - Linhas:  220000
[2022-08-18 19:10:34,641] {logging_mixin.py:115} INFO - 16 16
[2022-08-18 19:10:46,513] {logging_mixin.py:115} INFO - Paginas:  5000
[2022-08-18 19:10:46,513] {logging_mixin.py:115} INFO - Contador:  46
[2022-08-18 19:10:46,513] {logging_mixin.py:115} INFO - Linhas:  225000
[2022-08-18 19:10:57,297] {logging_mixin.py:115} INFO - 16 16
[2022-08-18 19:11:05,943] {logging_mixin.py:115} INFO - Paginas:  5000
[2022-08-18 19:11:05,943] {logging_mixin.py:115} INFO - Contador:  47
[2022-08-18 19:11:05,944] {logging_mixin.py:115} INFO - Linhas:  230000
[2022-08-18 19:11:17,576] {logging_mixin.py:115} INFO - 16 16
[2022-08-18 19:11:28,402] {logging_mixin.py:115} INFO - Paginas:  5000
[2022-08-18 19:11:28,402] {logging_mixin.py:115} INFO - Contador:  48
[2022-08-18 19:11:28,402] {logging_mixin.py:115} INFO - Linhas:  235000
[2022-08-18 19:11:40,660] {logging_mixin.py:115} INFO - 16 16
[2022-08-18 19:11:49,305] {logging_mixin.py:115} INFO - Paginas:  5000
[2022-08-18 19:11:49,305] {logging_mixin.py:115} INFO - Contador:  49
[2022-08-18 19:11:49,305] {logging_mixin.py:115} INFO - Linhas:  240000
[2022-08-18 19:12:00,426] {logging_mixin.py:115} INFO - 16 16
[2022-08-18 19:12:13,946] {logging_mixin.py:115} INFO - Paginas:  5000
[2022-08-18 19:12:13,946] {logging_mixin.py:115} INFO - Contador:  50
[2022-08-18 19:12:13,946] {logging_mixin.py:115} INFO - Linhas:  245000
[2022-08-18 19:12:25,496] {logging_mixin.py:115} INFO - 16 16
[2022-08-18 19:12:41,556] {logging_mixin.py:115} INFO - Paginas:  5000
[2022-08-18 19:12:41,556] {logging_mixin.py:115} INFO - Contador:  51
[2022-08-18 19:12:41,556] {logging_mixin.py:115} INFO - Linhas:  250000
[2022-08-18 19:12:52,826] {logging_mixin.py:115} INFO - 16 16
[2022-08-18 19:13:01,344] {logging_mixin.py:115} INFO - Paginas:  5000
[2022-08-18 19:13:01,344] {logging_mixin.py:115} INFO - Contador:  52
[2022-08-18 19:13:01,344] {logging_mixin.py:115} INFO - Linhas:  255000
[2022-08-18 19:13:13,907] {logging_mixin.py:115} INFO - 16 16
[2022-08-18 19:13:23,410] {logging_mixin.py:115} INFO - Paginas:  5000
[2022-08-18 19:13:23,410] {logging_mixin.py:115} INFO - Contador:  53
[2022-08-18 19:13:23,410] {logging_mixin.py:115} INFO - Linhas:  260000
[2022-08-18 19:13:35,609] {logging_mixin.py:115} INFO - 16 15
[2022-08-18 19:13:53,558] {logging_mixin.py:115} INFO - Paginas:  5000
[2022-08-18 19:13:53,558] {logging_mixin.py:115} INFO - Contador:  54
[2022-08-18 19:13:53,558] {logging_mixin.py:115} INFO - Linhas:  265000
[2022-08-18 19:14:06,526] {logging_mixin.py:115} INFO - 16 16
[2022-08-18 19:14:15,535] {logging_mixin.py:115} INFO - Paginas:  5000
[2022-08-18 19:14:15,535] {logging_mixin.py:115} INFO - Contador:  55
[2022-08-18 19:14:15,535] {logging_mixin.py:115} INFO - Linhas:  270000
[2022-08-18 19:14:27,449] {logging_mixin.py:115} INFO - 16 16
[2022-08-18 19:14:35,419] {logging_mixin.py:115} INFO - Paginas:  5000
[2022-08-18 19:14:35,427] {logging_mixin.py:115} INFO - Contador:  56
[2022-08-18 19:14:35,427] {logging_mixin.py:115} INFO - Linhas:  275000
[2022-08-18 19:14:47,973] {logging_mixin.py:115} INFO - 16 16
[2022-08-18 19:14:57,963] {logging_mixin.py:115} INFO - Paginas:  5000
[2022-08-18 19:14:57,963] {logging_mixin.py:115} INFO - Contador:  57
[2022-08-18 19:14:57,963] {logging_mixin.py:115} INFO - Linhas:  280000
[2022-08-18 19:15:11,206] {logging_mixin.py:115} INFO - 16 16
[2022-08-18 19:15:22,147] {logging_mixin.py:115} INFO - Paginas:  5000
[2022-08-18 19:15:22,147] {logging_mixin.py:115} INFO - Contador:  58
[2022-08-18 19:15:22,147] {logging_mixin.py:115} INFO - Linhas:  285000
[2022-08-18 19:15:34,835] {logging_mixin.py:115} INFO - 16 16
[2022-08-18 19:15:48,537] {logging_mixin.py:115} INFO - Paginas:  5000
[2022-08-18 19:15:48,537] {logging_mixin.py:115} INFO - Contador:  59
[2022-08-18 19:15:48,537] {logging_mixin.py:115} INFO - Linhas:  290000
[2022-08-18 19:16:01,542] {logging_mixin.py:115} INFO - 16 16
[2022-08-18 19:16:10,271] {logging_mixin.py:115} INFO - Paginas:  5000
[2022-08-18 19:16:10,271] {logging_mixin.py:115} INFO - Contador:  60
[2022-08-18 19:16:10,271] {logging_mixin.py:115} INFO - Linhas:  295000
[2022-08-18 19:16:22,725] {logging_mixin.py:115} INFO - 16 16
[2022-08-18 19:16:29,158] {logging_mixin.py:115} INFO - Paginas:  5000
[2022-08-18 19:16:29,158] {logging_mixin.py:115} INFO - Contador:  61
[2022-08-18 19:16:29,158] {logging_mixin.py:115} INFO - Linhas:  300000
[2022-08-18 19:16:42,596] {logging_mixin.py:115} INFO - 16 16
[2022-08-18 19:16:56,677] {logging_mixin.py:115} INFO - Paginas:  5000
[2022-08-18 19:16:56,677] {logging_mixin.py:115} INFO - Contador:  62
[2022-08-18 19:16:56,677] {logging_mixin.py:115} INFO - Linhas:  305000
[2022-08-18 19:17:11,427] {logging_mixin.py:115} INFO - 16 16
[2022-08-18 19:17:19,501] {logging_mixin.py:115} INFO - Paginas:  5000
[2022-08-18 19:17:19,502] {logging_mixin.py:115} INFO - Contador:  63
[2022-08-18 19:17:19,502] {logging_mixin.py:115} INFO - Linhas:  310000
[2022-08-18 19:17:32,484] {logging_mixin.py:115} INFO - 16 16
[2022-08-18 19:17:39,481] {logging_mixin.py:115} INFO - Paginas:  5000
[2022-08-18 19:17:39,481] {logging_mixin.py:115} INFO - Contador:  64
[2022-08-18 19:17:39,481] {logging_mixin.py:115} INFO - Linhas:  315000
[2022-08-18 19:17:53,488] {logging_mixin.py:115} INFO - 16 16
[2022-08-18 19:18:05,353] {logging_mixin.py:115} INFO - Paginas:  5000
[2022-08-18 19:18:05,353] {logging_mixin.py:115} INFO - Contador:  65
[2022-08-18 19:18:05,353] {logging_mixin.py:115} INFO - Linhas:  320000
[2022-08-18 19:18:19,486] {logging_mixin.py:115} INFO - 16 16
[2022-08-18 19:18:31,225] {logging_mixin.py:115} INFO - Paginas:  5000
[2022-08-18 19:18:31,225] {logging_mixin.py:115} INFO - Contador:  66
[2022-08-18 19:18:31,225] {logging_mixin.py:115} INFO - Linhas:  325000
[2022-08-18 19:18:43,505] {logging_mixin.py:115} INFO - 16 16
[2022-08-18 19:18:54,116] {logging_mixin.py:115} INFO - Paginas:  5000
[2022-08-18 19:18:54,116] {logging_mixin.py:115} INFO - Contador:  67
[2022-08-18 19:18:54,116] {logging_mixin.py:115} INFO - Linhas:  330000
[2022-08-18 19:19:07,123] {logging_mixin.py:115} INFO - 16 16
[2022-08-18 19:19:14,434] {logging_mixin.py:115} INFO - Paginas:  5000
[2022-08-18 19:19:14,435] {logging_mixin.py:115} INFO - Contador:  68
[2022-08-18 19:19:14,435] {logging_mixin.py:115} INFO - Linhas:  335000
[2022-08-18 19:19:29,029] {logging_mixin.py:115} INFO - 16 16
[2022-08-18 19:19:39,932] {logging_mixin.py:115} INFO - Paginas:  5000
[2022-08-18 19:19:39,932] {logging_mixin.py:115} INFO - Contador:  69
[2022-08-18 19:19:39,932] {logging_mixin.py:115} INFO - Linhas:  340000
[2022-08-18 19:19:53,545] {logging_mixin.py:115} INFO - 16 16
[2022-08-18 19:20:03,962] {logging_mixin.py:115} INFO - Paginas:  5000
[2022-08-18 19:20:03,962] {logging_mixin.py:115} INFO - Contador:  70
[2022-08-18 19:20:03,962] {logging_mixin.py:115} INFO - Linhas:  345000
[2022-08-18 19:20:17,604] {logging_mixin.py:115} INFO - 16 16
[2022-08-18 19:20:25,813] {logging_mixin.py:115} INFO - Paginas:  5000
[2022-08-18 19:20:25,813] {logging_mixin.py:115} INFO - Contador:  71
[2022-08-18 19:20:25,813] {logging_mixin.py:115} INFO - Linhas:  350000
[2022-08-18 19:20:40,435] {logging_mixin.py:115} INFO - 16 16
[2022-08-18 19:20:48,816] {logging_mixin.py:115} INFO - Paginas:  5000
[2022-08-18 19:20:48,816] {logging_mixin.py:115} INFO - Contador:  72
[2022-08-18 19:20:48,816] {logging_mixin.py:115} INFO - Linhas:  355000
[2022-08-18 19:21:03,096] {logging_mixin.py:115} INFO - 16 16
[2022-08-18 19:21:14,010] {logging_mixin.py:115} INFO - Paginas:  5000
[2022-08-18 19:21:14,010] {logging_mixin.py:115} INFO - Contador:  73
[2022-08-18 19:21:14,010] {logging_mixin.py:115} INFO - Linhas:  360000
[2022-08-18 19:21:27,766] {logging_mixin.py:115} INFO - 16 16
[2022-08-18 19:21:34,891] {logging_mixin.py:115} INFO - Paginas:  5000
[2022-08-18 19:21:34,892] {logging_mixin.py:115} INFO - Contador:  74
[2022-08-18 19:21:34,892] {logging_mixin.py:115} INFO - Linhas:  365000
[2022-08-18 19:21:47,545] {logging_mixin.py:115} INFO - 16 16
[2022-08-18 19:21:56,178] {logging_mixin.py:115} INFO - Paginas:  5000
[2022-08-18 19:21:56,178] {logging_mixin.py:115} INFO - Contador:  75
[2022-08-18 19:21:56,178] {logging_mixin.py:115} INFO - Linhas:  370000
[2022-08-18 19:22:09,681] {logging_mixin.py:115} INFO - 16 16
[2022-08-18 19:22:20,748] {logging_mixin.py:115} INFO - Paginas:  5000
[2022-08-18 19:22:20,748] {logging_mixin.py:115} INFO - Contador:  76
[2022-08-18 19:22:20,748] {logging_mixin.py:115} INFO - Linhas:  375000
[2022-08-18 19:22:34,315] {logging_mixin.py:115} INFO - 16 16
[2022-08-18 19:22:41,129] {logging_mixin.py:115} INFO - Paginas:  5000
[2022-08-18 19:22:41,129] {logging_mixin.py:115} INFO - Contador:  77
[2022-08-18 19:22:41,129] {logging_mixin.py:115} INFO - Linhas:  380000
[2022-08-18 19:22:54,496] {logging_mixin.py:115} INFO - 16 16
[2022-08-18 19:23:04,716] {logging_mixin.py:115} INFO - Paginas:  5000
[2022-08-18 19:23:04,716] {logging_mixin.py:115} INFO - Contador:  78
[2022-08-18 19:23:04,716] {logging_mixin.py:115} INFO - Linhas:  385000
[2022-08-18 19:23:18,519] {logging_mixin.py:115} INFO - 16 16
[2022-08-18 19:23:30,126] {logging_mixin.py:115} INFO - Paginas:  5000
[2022-08-18 19:23:30,127] {logging_mixin.py:115} INFO - Contador:  79
[2022-08-18 19:23:30,127] {logging_mixin.py:115} INFO - Linhas:  390000
[2022-08-18 19:23:44,231] {logging_mixin.py:115} INFO - 16 16
[2022-08-18 19:23:55,562] {logging_mixin.py:115} INFO - Paginas:  5000
[2022-08-18 19:23:55,562] {logging_mixin.py:115} INFO - Contador:  80
[2022-08-18 19:23:55,562] {logging_mixin.py:115} INFO - Linhas:  395000
[2022-08-18 19:24:08,987] {logging_mixin.py:115} INFO - 16 16
[2022-08-18 19:24:17,214] {logging_mixin.py:115} INFO - Paginas:  5000
[2022-08-18 19:24:17,215] {logging_mixin.py:115} INFO - Contador:  81
[2022-08-18 19:24:17,215] {logging_mixin.py:115} INFO - Linhas:  400000
[2022-08-18 19:24:30,893] {logging_mixin.py:115} INFO - 16 16
[2022-08-18 19:24:39,768] {logging_mixin.py:115} INFO - Paginas:  5000
[2022-08-18 19:24:39,768] {logging_mixin.py:115} INFO - Contador:  82
[2022-08-18 19:24:39,769] {logging_mixin.py:115} INFO - Linhas:  405000
[2022-08-18 19:24:54,545] {logging_mixin.py:115} INFO - 16 16
[2022-08-18 19:25:12,352] {logging_mixin.py:115} INFO - Paginas:  5000
[2022-08-18 19:25:12,352] {logging_mixin.py:115} INFO - Contador:  83
[2022-08-18 19:25:12,352] {logging_mixin.py:115} INFO - Linhas:  410000
[2022-08-18 19:25:26,617] {logging_mixin.py:115} INFO - 16 16
[2022-08-18 19:25:38,900] {logging_mixin.py:115} INFO - Paginas:  5000
[2022-08-18 19:25:38,901] {logging_mixin.py:115} INFO - Contador:  84
[2022-08-18 19:25:38,901] {logging_mixin.py:115} INFO - Linhas:  415000
[2022-08-18 19:25:54,410] {logging_mixin.py:115} INFO - 16 16
[2022-08-18 19:26:07,677] {logging_mixin.py:115} INFO - Paginas:  5000
[2022-08-18 19:26:07,677] {logging_mixin.py:115} INFO - Contador:  85
[2022-08-18 19:26:07,677] {logging_mixin.py:115} INFO - Linhas:  420000
[2022-08-18 19:26:22,922] {logging_mixin.py:115} INFO - 16 16
[2022-08-18 19:26:30,241] {logging_mixin.py:115} INFO - Paginas:  5000
[2022-08-18 19:26:30,241] {logging_mixin.py:115} INFO - Contador:  86
[2022-08-18 19:26:30,241] {logging_mixin.py:115} INFO - Linhas:  425000
[2022-08-18 19:26:45,655] {logging_mixin.py:115} INFO - 16 16
[2022-08-18 19:26:55,159] {logging_mixin.py:115} INFO - Paginas:  5000
[2022-08-18 19:26:55,159] {logging_mixin.py:115} INFO - Contador:  87
[2022-08-18 19:26:55,159] {logging_mixin.py:115} INFO - Linhas:  430000
[2022-08-18 19:27:10,507] {logging_mixin.py:115} INFO - 16 16
[2022-08-18 19:27:19,399] {logging_mixin.py:115} INFO - Paginas:  5000
[2022-08-18 19:27:19,399] {logging_mixin.py:115} INFO - Contador:  88
[2022-08-18 19:27:19,399] {logging_mixin.py:115} INFO - Linhas:  435000
[2022-08-18 19:27:33,689] {logging_mixin.py:115} INFO - 16 16
[2022-08-18 19:27:45,814] {logging_mixin.py:115} INFO - Paginas:  5000
[2022-08-18 19:27:45,814] {logging_mixin.py:115} INFO - Contador:  89
[2022-08-18 19:27:45,814] {logging_mixin.py:115} INFO - Linhas:  440000
[2022-08-18 19:28:01,034] {logging_mixin.py:115} INFO - 16 16
[2022-08-18 19:28:13,537] {logging_mixin.py:115} INFO - Paginas:  5000
[2022-08-18 19:28:13,538] {logging_mixin.py:115} INFO - Contador:  90
[2022-08-18 19:28:13,538] {logging_mixin.py:115} INFO - Linhas:  445000
[2022-08-18 19:28:28,639] {logging_mixin.py:115} INFO - 16 16
[2022-08-18 19:28:37,941] {logging_mixin.py:115} INFO - Paginas:  5000
[2022-08-18 19:28:37,941] {logging_mixin.py:115} INFO - Contador:  91
[2022-08-18 19:28:37,941] {logging_mixin.py:115} INFO - Linhas:  450000
[2022-08-18 19:28:52,318] {logging_mixin.py:115} INFO - 16 16
[2022-08-18 19:29:00,638] {logging_mixin.py:115} INFO - Paginas:  5000
[2022-08-18 19:29:00,638] {logging_mixin.py:115} INFO - Contador:  92
[2022-08-18 19:29:00,638] {logging_mixin.py:115} INFO - Linhas:  455000
[2022-08-18 19:29:15,653] {logging_mixin.py:115} INFO - 16 16
[2022-08-18 19:29:26,247] {logging_mixin.py:115} INFO - Paginas:  5000
[2022-08-18 19:29:26,247] {logging_mixin.py:115} INFO - Contador:  93
[2022-08-18 19:29:26,247] {logging_mixin.py:115} INFO - Linhas:  460000
[2022-08-18 19:29:41,995] {logging_mixin.py:115} INFO - 16 16
[2022-08-18 19:29:52,627] {logging_mixin.py:115} INFO - Paginas:  5000
[2022-08-18 19:29:52,627] {logging_mixin.py:115} INFO - Contador:  94
[2022-08-18 19:29:52,627] {logging_mixin.py:115} INFO - Linhas:  465000
[2022-08-18 19:30:08,351] {logging_mixin.py:115} INFO - 16 16
[2022-08-18 19:30:19,621] {logging_mixin.py:115} INFO - Paginas:  5000
[2022-08-18 19:30:19,621] {logging_mixin.py:115} INFO - Contador:  95
[2022-08-18 19:30:19,621] {logging_mixin.py:115} INFO - Linhas:  470000
[2022-08-18 19:30:35,366] {logging_mixin.py:115} INFO - 16 16
[2022-08-18 19:30:43,372] {logging_mixin.py:115} INFO - Paginas:  5000
[2022-08-18 19:30:43,372] {logging_mixin.py:115} INFO - Contador:  96
[2022-08-18 19:30:43,372] {logging_mixin.py:115} INFO - Linhas:  475000
[2022-08-18 19:30:58,383] {logging_mixin.py:115} INFO - 16 16
[2022-08-18 19:31:07,169] {logging_mixin.py:115} INFO - Paginas:  5000
[2022-08-18 19:31:07,170] {logging_mixin.py:115} INFO - Contador:  97
[2022-08-18 19:31:07,170] {logging_mixin.py:115} INFO - Linhas:  480000
[2022-08-18 19:31:22,123] {logging_mixin.py:115} INFO - 16 16
[2022-08-18 19:31:43,058] {logging_mixin.py:115} INFO - Paginas:  5000
[2022-08-18 19:31:43,058] {logging_mixin.py:115} INFO - Contador:  98
[2022-08-18 19:31:43,058] {logging_mixin.py:115} INFO - Linhas:  485000
[2022-08-18 19:31:58,829] {logging_mixin.py:115} INFO - 16 16
[2022-08-18 19:32:16,650] {logging_mixin.py:115} INFO - Paginas:  5000
[2022-08-18 19:32:16,650] {logging_mixin.py:115} INFO - Contador:  99
[2022-08-18 19:32:16,650] {logging_mixin.py:115} INFO - Linhas:  490000
[2022-08-18 19:32:32,559] {logging_mixin.py:115} INFO - 16 16
[2022-08-18 19:32:46,049] {logging_mixin.py:115} INFO - Paginas:  5000
[2022-08-18 19:32:46,049] {logging_mixin.py:115} INFO - Contador:  100
[2022-08-18 19:32:46,049] {logging_mixin.py:115} INFO - Linhas:  495000
[2022-08-18 19:33:02,724] {logging_mixin.py:115} INFO - 16 16
[2022-08-18 19:33:20,378] {logging_mixin.py:115} INFO - Paginas:  5000
[2022-08-18 19:33:20,378] {logging_mixin.py:115} INFO - Contador:  101
[2022-08-18 19:33:20,380] {logging_mixin.py:115} INFO - Linhas:  500000
[2022-08-18 19:33:35,472] {logging_mixin.py:115} INFO - 16 16
[2022-08-18 19:33:51,524] {logging_mixin.py:115} INFO - Paginas:  5000
[2022-08-18 19:33:51,524] {logging_mixin.py:115} INFO - Contador:  102
[2022-08-18 19:33:51,524] {logging_mixin.py:115} INFO - Linhas:  505000
[2022-08-18 19:34:12,590] {logging_mixin.py:115} INFO - 16 16
[2022-08-18 19:34:24,377] {logging_mixin.py:115} INFO - Paginas:  5000
[2022-08-18 19:34:24,377] {logging_mixin.py:115} INFO - Contador:  103
[2022-08-18 19:34:24,377] {logging_mixin.py:115} INFO - Linhas:  510000
[2022-08-18 19:34:38,693] {logging_mixin.py:115} INFO - 16 6
[2022-08-18 19:34:38,694] {logging_mixin.py:115} INFO - quebrou:  len(df.columns)  6
[2022-08-18 19:34:38,694] {python.py:173} INFO - Done. Returned value was: None
[2022-08-18 19:34:38,709] {taskinstance.py:1420} INFO - Marking task as SUCCESS. dag_id=carga_deskmanager, task_id=popula_DeskManagerInteracoesAF, execution_date=20220818T182754, start_date=20220818T185348, end_date=20220818T193438
[2022-08-18 19:34:38,768] {local_task_job.py:156} INFO - Task exited with return code 0
[2022-08-18 19:34:38,807] {local_task_job.py:273} INFO - 1 downstream tasks scheduled from follow-on schedule check
