[2023-03-30 18:25:16,527] {taskinstance.py:1179} INFO - Dependencies all met for <TaskInstance: elastic_desk.popula_elastic_aguardando scheduled__2023-03-30T18:20:00+00:00 [queued]>
[2023-03-30 18:25:16,540] {taskinstance.py:1179} INFO - Dependencies all met for <TaskInstance: elastic_desk.popula_elastic_aguardando scheduled__2023-03-30T18:20:00+00:00 [queued]>
[2023-03-30 18:25:16,540] {taskinstance.py:1376} INFO - 
--------------------------------------------------------------------------------
[2023-03-30 18:25:16,540] {taskinstance.py:1377} INFO - Starting attempt 1 of 1
[2023-03-30 18:25:16,540] {taskinstance.py:1378} INFO - 
--------------------------------------------------------------------------------
[2023-03-30 18:25:16,564] {taskinstance.py:1397} INFO - Executing <Task(PythonOperator): popula_elastic_aguardando> on 2023-03-30 18:20:00+00:00
[2023-03-30 18:25:16,570] {standard_task_runner.py:52} INFO - Started process 2281 to run task
[2023-03-30 18:25:16,578] {standard_task_runner.py:79} INFO - Running: ['***', 'tasks', 'run', 'elastic_desk', 'popula_elastic_aguardando', 'scheduled__2023-03-30T18:20:00+00:00', '--job-id', '45', '--raw', '--subdir', 'DAGS_FOLDER/etl_elastic_desk.py', '--cfg-path', '/tmp/tmp7exjxv17', '--error-file', '/tmp/tmpexypbaxt']
[2023-03-30 18:25:16,579] {standard_task_runner.py:80} INFO - Job 45: Subtask popula_elastic_aguardando
[2023-03-30 18:25:16,708] {task_command.py:371} INFO - Running <TaskInstance: elastic_desk.popula_elastic_aguardando scheduled__2023-03-30T18:20:00+00:00 [running]> on host 20743fec282a
[2023-03-30 18:25:16,854] {taskinstance.py:1591} INFO - Exporting the following env vars:
AIRFLOW_CTX_DAG_EMAIL=clecio.antao@gmail.com
AIRFLOW_CTX_DAG_OWNER=***
AIRFLOW_CTX_DAG_ID=elastic_desk
AIRFLOW_CTX_TASK_ID=popula_elastic_aguardando
AIRFLOW_CTX_EXECUTION_DATE=2023-03-30T18:20:00+00:00
AIRFLOW_CTX_TRY_NUMBER=1
AIRFLOW_CTX_DAG_RUN_ID=scheduled__2023-03-30T18:20:00+00:00
[2023-03-30 18:25:16,902] {base.py:271} INFO - GET http://192.168.0.100:9200/ [status:200 request:0.045s]
[2023-03-30 18:25:19,436] {base.py:271} INFO - HEAD http://192.168.0.100:9200/_template/desk_aguardando [status:200 request:0.020s]
[2023-03-30 18:25:19,811] {logging_mixin.py:115} WARNING - /home/***/.local/lib/python3.7/site-packages/es_pandas/es_pandas.py:58 RuntimeWarning: invalid value encountered in double_scalars
[2023-03-30 18:25:19,972] {base.py:271} INFO - POST http://192.168.0.100:9200/_bulk [status:200 request:0.145s]
[2023-03-30 18:25:20,016] {python.py:173} INFO - Done. Returned value was: None
[2023-03-30 18:25:20,035] {taskinstance.py:1420} INFO - Marking task as SUCCESS. dag_id=elastic_desk, task_id=popula_elastic_aguardando, execution_date=20230330T182000, start_date=20230330T182516, end_date=20230330T182520
[2023-03-30 18:25:20,087] {local_task_job.py:156} INFO - Task exited with return code 0
[2023-03-30 18:25:20,186] {local_task_job.py:273} INFO - 0 downstream tasks scheduled from follow-on schedule check
