[2023-03-30 19:10:11,557] {taskinstance.py:1179} INFO - Dependencies all met for <TaskInstance: elastic_desk.popula_elastic_aguardando scheduled__2023-03-30T19:05:00+00:00 [queued]>
[2023-03-30 19:10:11,574] {taskinstance.py:1179} INFO - Dependencies all met for <TaskInstance: elastic_desk.popula_elastic_aguardando scheduled__2023-03-30T19:05:00+00:00 [queued]>
[2023-03-30 19:10:11,574] {taskinstance.py:1376} INFO - 
--------------------------------------------------------------------------------
[2023-03-30 19:10:11,574] {taskinstance.py:1377} INFO - Starting attempt 1 of 1
[2023-03-30 19:10:11,574] {taskinstance.py:1378} INFO - 
--------------------------------------------------------------------------------
[2023-03-30 19:10:11,598] {taskinstance.py:1397} INFO - Executing <Task(PythonOperator): popula_elastic_aguardando> on 2023-03-30 19:05:00+00:00
[2023-03-30 19:10:11,605] {standard_task_runner.py:52} INFO - Started process 4641 to run task
[2023-03-30 19:10:11,609] {standard_task_runner.py:79} INFO - Running: ['***', 'tasks', 'run', 'elastic_desk', 'popula_elastic_aguardando', 'scheduled__2023-03-30T19:05:00+00:00', '--job-id', '63', '--raw', '--subdir', 'DAGS_FOLDER/etl_elastic_desk.py', '--cfg-path', '/tmp/tmp2eungw0e', '--error-file', '/tmp/tmpigzkc3tk']
[2023-03-30 19:10:11,610] {standard_task_runner.py:80} INFO - Job 63: Subtask popula_elastic_aguardando
[2023-03-30 19:10:11,733] {task_command.py:371} INFO - Running <TaskInstance: elastic_desk.popula_elastic_aguardando scheduled__2023-03-30T19:05:00+00:00 [running]> on host 20743fec282a
[2023-03-30 19:10:11,857] {taskinstance.py:1591} INFO - Exporting the following env vars:
AIRFLOW_CTX_DAG_EMAIL=clecio.antao@gmail.com
AIRFLOW_CTX_DAG_OWNER=***
AIRFLOW_CTX_DAG_ID=elastic_desk
AIRFLOW_CTX_TASK_ID=popula_elastic_aguardando
AIRFLOW_CTX_EXECUTION_DATE=2023-03-30T19:05:00+00:00
AIRFLOW_CTX_TRY_NUMBER=1
AIRFLOW_CTX_DAG_RUN_ID=scheduled__2023-03-30T19:05:00+00:00
[2023-03-30 19:10:11,902] {base.py:271} INFO - GET http://192.168.0.100:9200/ [status:200 request:0.042s]
[2023-03-30 19:10:14,301] {base.py:271} INFO - HEAD http://192.168.0.100:9200/_template/desk_aguardando [status:200 request:0.008s]
[2023-03-30 19:10:14,532] {logging_mixin.py:115} WARNING - /home/***/.local/lib/python3.7/site-packages/es_pandas/es_pandas.py:58 RuntimeWarning: invalid value encountered in double_scalars
[2023-03-30 19:10:14,694] {base.py:271} INFO - POST http://192.168.0.100:9200/_bulk [status:200 request:0.141s]
[2023-03-30 19:10:14,743] {python.py:173} INFO - Done. Returned value was: None
[2023-03-30 19:10:14,772] {taskinstance.py:1420} INFO - Marking task as SUCCESS. dag_id=elastic_desk, task_id=popula_elastic_aguardando, execution_date=20230330T190500, start_date=20230330T191011, end_date=20230330T191014
[2023-03-30 19:10:14,828] {local_task_job.py:156} INFO - Task exited with return code 0
[2023-03-30 19:10:14,877] {local_task_job.py:273} INFO - 0 downstream tasks scheduled from follow-on schedule check
