[2022-08-19 19:50:14,527] {taskinstance.py:1179} INFO - Dependencies all met for <TaskInstance: elastic_desk.popula_elastic_aguardando scheduled__2022-08-19T19:45:00+00:00 [queued]>
[2022-08-19 19:50:14,549] {taskinstance.py:1179} INFO - Dependencies all met for <TaskInstance: elastic_desk.popula_elastic_aguardando scheduled__2022-08-19T19:45:00+00:00 [queued]>
[2022-08-19 19:50:14,549] {taskinstance.py:1376} INFO - 
--------------------------------------------------------------------------------
[2022-08-19 19:50:14,549] {taskinstance.py:1377} INFO - Starting attempt 1 of 1
[2022-08-19 19:50:14,549] {taskinstance.py:1378} INFO - 
--------------------------------------------------------------------------------
[2022-08-19 19:50:14,583] {taskinstance.py:1397} INFO - Executing <Task(PythonOperator): popula_elastic_aguardando> on 2022-08-19 19:45:00+00:00
[2022-08-19 19:50:14,590] {standard_task_runner.py:52} INFO - Started process 89061 to run task
[2022-08-19 19:50:14,598] {standard_task_runner.py:79} INFO - Running: ['***', 'tasks', 'run', 'elastic_desk', 'popula_elastic_aguardando', 'scheduled__2022-08-19T19:45:00+00:00', '--job-id', '685', '--raw', '--subdir', 'DAGS_FOLDER/etl_elastic_desk.py', '--cfg-path', '/tmp/tmpa5rvt5ut', '--error-file', '/tmp/tmpxfeu60_m']
[2022-08-19 19:50:14,600] {standard_task_runner.py:80} INFO - Job 685: Subtask popula_elastic_aguardando
[2022-08-19 19:50:14,802] {task_command.py:371} INFO - Running <TaskInstance: elastic_desk.popula_elastic_aguardando scheduled__2022-08-19T19:45:00+00:00 [running]> on host 1e1070d9e5ae
[2022-08-19 19:50:15,027] {taskinstance.py:1591} INFO - Exporting the following env vars:
AIRFLOW_CTX_DAG_EMAIL=clecio.antao@gmail.com
AIRFLOW_CTX_DAG_OWNER=***
AIRFLOW_CTX_DAG_ID=elastic_desk
AIRFLOW_CTX_TASK_ID=popula_elastic_aguardando
AIRFLOW_CTX_EXECUTION_DATE=2022-08-19T19:45:00+00:00
AIRFLOW_CTX_TRY_NUMBER=1
AIRFLOW_CTX_DAG_RUN_ID=scheduled__2022-08-19T19:45:00+00:00
[2022-08-19 19:50:15,051] {base.py:271} INFO - GET http://192.168.2.100:9200/ [status:200 request:0.019s]
[2022-08-19 19:50:17,518] {base.py:271} INFO - HEAD http://192.168.2.100:9200/_template/desk_aguardando [status:200 request:0.004s]
[2022-08-19 19:50:17,714] {logging_mixin.py:115} WARNING - /home/***/.local/lib/python3.7/site-packages/es_pandas/es_pandas.py:58 RuntimeWarning: invalid value encountered in double_scalars
[2022-08-19 19:50:17,943] {base.py:271} INFO - POST http://192.168.2.100:9200/_bulk [status:200 request:0.070s]
[2022-08-19 19:50:18,075] {python.py:173} INFO - Done. Returned value was: None
[2022-08-19 19:50:18,143] {taskinstance.py:1420} INFO - Marking task as SUCCESS. dag_id=elastic_desk, task_id=popula_elastic_aguardando, execution_date=20220819T194500, start_date=20220819T195014, end_date=20220819T195018
[2022-08-19 19:50:18,260] {local_task_job.py:156} INFO - Task exited with return code 0
[2022-08-19 19:50:18,661] {local_task_job.py:273} INFO - 0 downstream tasks scheduled from follow-on schedule check
