[2022-08-18 12:31:03,919] {taskinstance.py:1179} INFO - Dependencies all met for <TaskInstance: carga_deskmanager.popula_DeskManagerAF manual__2022-08-18T12:31:02.514988+00:00 [queued]>
[2022-08-18 12:31:03,938] {taskinstance.py:1179} INFO - Dependencies all met for <TaskInstance: carga_deskmanager.popula_DeskManagerAF manual__2022-08-18T12:31:02.514988+00:00 [queued]>
[2022-08-18 12:31:03,938] {taskinstance.py:1376} INFO - 
--------------------------------------------------------------------------------
[2022-08-18 12:31:03,938] {taskinstance.py:1377} INFO - Starting attempt 1 of 1
[2022-08-18 12:31:03,938] {taskinstance.py:1378} INFO - 
--------------------------------------------------------------------------------
[2022-08-18 12:31:03,961] {taskinstance.py:1397} INFO - Executing <Task(PythonOperator): popula_DeskManagerAF> on 2022-08-18 12:31:02.514988+00:00
[2022-08-18 12:31:03,967] {standard_task_runner.py:52} INFO - Started process 922 to run task
[2022-08-18 12:31:03,974] {standard_task_runner.py:79} INFO - Running: ['***', 'tasks', 'run', 'carga_deskmanager', 'popula_DeskManagerAF', 'manual__2022-08-18T12:31:02.514988+00:00', '--job-id', '3', '--raw', '--subdir', 'DAGS_FOLDER/etl_deskmanager.py', '--cfg-path', '/tmp/tmp6pdtl_my', '--error-file', '/tmp/tmpe248bmgn']
[2022-08-18 12:31:03,976] {standard_task_runner.py:80} INFO - Job 3: Subtask popula_DeskManagerAF
[2022-08-18 12:31:04,078] {task_command.py:371} INFO - Running <TaskInstance: carga_deskmanager.popula_DeskManagerAF manual__2022-08-18T12:31:02.514988+00:00 [running]> on host 616fda3d6fc3
[2022-08-18 12:31:04,190] {taskinstance.py:1591} INFO - Exporting the following env vars:
AIRFLOW_CTX_DAG_EMAIL=clecio.antao@gmail.com
AIRFLOW_CTX_DAG_OWNER=***
AIRFLOW_CTX_DAG_ID=carga_deskmanager
AIRFLOW_CTX_TASK_ID=popula_DeskManagerAF
AIRFLOW_CTX_EXECUTION_DATE=2022-08-18T12:31:02.514988+00:00
AIRFLOW_CTX_TRY_NUMBER=1
AIRFLOW_CTX_DAG_RUN_ID=manual__2022-08-18T12:31:02.514988+00:00
[2022-08-18 12:31:04,200] {logging_mixin.py:115} INFO - sucesso
[2022-08-18 12:31:04,979] {logging_mixin.py:115} INFO - Token:  dGVjYmFu#8211bacbfc184f87960a1e035fd6b8f4e1951db4
[2022-08-18 12:31:04,979] {logging_mixin.py:115} INFO - Relatorio:  868
[2022-08-18 12:31:04,979] {logging_mixin.py:115} INFO - Tabela:  DeskManagerAF
[2022-08-18 12:31:10,717] {logging_mixin.py:115} INFO - Paginas:  5000
[2022-08-18 12:31:10,718] {logging_mixin.py:115} INFO - Contador:  1
[2022-08-18 12:31:10,718] {logging_mixin.py:115} INFO - Linhas:  0
[2022-08-18 12:31:18,671] {logging_mixin.py:115} INFO - 30 30
[2022-08-18 12:31:35,271] {logging_mixin.py:115} INFO - Paginas:  5000
[2022-08-18 12:31:35,271] {logging_mixin.py:115} INFO - Contador:  2
[2022-08-18 12:31:35,271] {logging_mixin.py:115} INFO - Linhas:  5000
[2022-08-18 12:31:42,218] {logging_mixin.py:115} INFO - 30 30
[2022-08-18 12:32:05,086] {logging_mixin.py:115} INFO - Paginas:  5000
[2022-08-18 12:32:05,086] {logging_mixin.py:115} INFO - Contador:  3
[2022-08-18 12:32:05,086] {logging_mixin.py:115} INFO - Linhas:  10000
[2022-08-18 12:32:13,269] {logging_mixin.py:115} INFO - 30 30
[2022-08-18 12:32:30,650] {logging_mixin.py:115} INFO - Paginas:  5000
[2022-08-18 12:32:30,650] {logging_mixin.py:115} INFO - Contador:  4
[2022-08-18 12:32:30,650] {logging_mixin.py:115} INFO - Linhas:  15000
[2022-08-18 12:32:38,683] {logging_mixin.py:115} INFO - 30 30
[2022-08-18 12:32:53,772] {logging_mixin.py:115} INFO - Paginas:  5000
[2022-08-18 12:32:53,772] {logging_mixin.py:115} INFO - Contador:  5
[2022-08-18 12:32:53,772] {logging_mixin.py:115} INFO - Linhas:  20000
[2022-08-18 12:33:00,762] {logging_mixin.py:115} INFO - 30 30
[2022-08-18 12:33:16,678] {logging_mixin.py:115} INFO - Paginas:  5000
[2022-08-18 12:33:16,678] {logging_mixin.py:115} INFO - Contador:  6
[2022-08-18 12:33:16,678] {logging_mixin.py:115} INFO - Linhas:  25000
[2022-08-18 12:33:24,218] {logging_mixin.py:115} INFO - 30 30
[2022-08-18 12:33:41,073] {logging_mixin.py:115} INFO - Paginas:  5000
[2022-08-18 12:33:41,073] {logging_mixin.py:115} INFO - Contador:  7
[2022-08-18 12:33:41,073] {logging_mixin.py:115} INFO - Linhas:  30000
[2022-08-18 12:33:49,687] {logging_mixin.py:115} INFO - 30 30
[2022-08-18 12:34:08,161] {logging_mixin.py:115} INFO - Paginas:  5000
[2022-08-18 12:34:08,161] {logging_mixin.py:115} INFO - Contador:  8
[2022-08-18 12:34:08,161] {logging_mixin.py:115} INFO - Linhas:  35000
[2022-08-18 12:34:15,599] {logging_mixin.py:115} INFO - 30 30
[2022-08-18 12:34:28,488] {logging_mixin.py:115} INFO - Paginas:  5000
[2022-08-18 12:34:28,488] {logging_mixin.py:115} INFO - Contador:  9
[2022-08-18 12:34:28,488] {logging_mixin.py:115} INFO - Linhas:  40000
[2022-08-18 12:34:35,478] {logging_mixin.py:115} INFO - 30 30
[2022-08-18 12:34:45,566] {logging_mixin.py:115} INFO - Paginas:  5000
[2022-08-18 12:34:45,566] {logging_mixin.py:115} INFO - Contador:  10
[2022-08-18 12:34:45,566] {logging_mixin.py:115} INFO - Linhas:  45000
[2022-08-18 12:34:53,959] {logging_mixin.py:115} INFO - 30 30
[2022-08-18 12:35:04,342] {logging_mixin.py:115} INFO - Paginas:  5000
[2022-08-18 12:35:04,342] {logging_mixin.py:115} INFO - Contador:  11
[2022-08-18 12:35:04,342] {logging_mixin.py:115} INFO - Linhas:  50000
[2022-08-18 12:35:11,548] {logging_mixin.py:115} INFO - 30 30
[2022-08-18 12:35:21,334] {logging_mixin.py:115} INFO - Paginas:  5000
[2022-08-18 12:35:21,334] {logging_mixin.py:115} INFO - Contador:  12
[2022-08-18 12:35:21,335] {logging_mixin.py:115} INFO - Linhas:  55000
[2022-08-18 12:35:29,591] {logging_mixin.py:115} INFO - 30 30
[2022-08-18 12:35:42,410] {logging_mixin.py:115} INFO - Paginas:  5000
[2022-08-18 12:35:42,410] {logging_mixin.py:115} INFO - Contador:  13
[2022-08-18 12:35:42,410] {logging_mixin.py:115} INFO - Linhas:  60000
[2022-08-18 12:35:50,218] {logging_mixin.py:115} INFO - 30 30
[2022-08-18 12:36:03,295] {logging_mixin.py:115} INFO - Paginas:  5000
[2022-08-18 12:36:03,296] {logging_mixin.py:115} INFO - Contador:  14
[2022-08-18 12:36:03,296] {logging_mixin.py:115} INFO - Linhas:  65000
[2022-08-18 12:36:11,811] {logging_mixin.py:115} INFO - 30 30
[2022-08-18 12:36:23,505] {logging_mixin.py:115} INFO - Paginas:  5000
[2022-08-18 12:36:23,505] {logging_mixin.py:115} INFO - Contador:  15
[2022-08-18 12:36:23,505] {logging_mixin.py:115} INFO - Linhas:  70000
[2022-08-18 12:36:32,151] {logging_mixin.py:115} INFO - 30 30
[2022-08-18 12:36:42,887] {logging_mixin.py:115} INFO - Paginas:  5000
[2022-08-18 12:36:42,887] {logging_mixin.py:115} INFO - Contador:  16
[2022-08-18 12:36:42,887] {logging_mixin.py:115} INFO - Linhas:  75000
[2022-08-18 12:36:51,803] {logging_mixin.py:115} INFO - 30 30
[2022-08-18 12:37:06,697] {logging_mixin.py:115} INFO - Paginas:  5000
[2022-08-18 12:37:06,697] {logging_mixin.py:115} INFO - Contador:  17
[2022-08-18 12:37:06,697] {logging_mixin.py:115} INFO - Linhas:  80000
[2022-08-18 12:37:15,590] {logging_mixin.py:115} INFO - 30 30
[2022-08-18 12:37:28,522] {logging_mixin.py:115} INFO - Paginas:  5000
[2022-08-18 12:37:28,522] {logging_mixin.py:115} INFO - Contador:  18
[2022-08-18 12:37:28,522] {logging_mixin.py:115} INFO - Linhas:  85000
[2022-08-18 12:37:38,925] {logging_mixin.py:115} INFO - 30 30
[2022-08-18 12:37:48,665] {logging_mixin.py:115} INFO - Paginas:  5000
[2022-08-18 12:37:48,665] {logging_mixin.py:115} INFO - Contador:  19
[2022-08-18 12:37:48,665] {logging_mixin.py:115} INFO - Linhas:  90000
[2022-08-18 12:37:58,280] {logging_mixin.py:115} INFO - 30 30
[2022-08-18 12:38:13,678] {logging_mixin.py:115} INFO - Paginas:  5000
[2022-08-18 12:38:13,678] {logging_mixin.py:115} INFO - Contador:  20
[2022-08-18 12:38:13,678] {logging_mixin.py:115} INFO - Linhas:  95000
[2022-08-18 12:38:23,066] {logging_mixin.py:115} INFO - 30 30
[2022-08-18 12:38:36,386] {logging_mixin.py:115} INFO - Paginas:  5000
[2022-08-18 12:38:36,386] {logging_mixin.py:115} INFO - Contador:  21
[2022-08-18 12:38:36,387] {logging_mixin.py:115} INFO - Linhas:  100000
[2022-08-18 12:38:45,595] {logging_mixin.py:115} INFO - 30 30
[2022-08-18 12:39:02,335] {logging_mixin.py:115} INFO - Paginas:  5000
[2022-08-18 12:39:02,336] {logging_mixin.py:115} INFO - Contador:  22
[2022-08-18 12:39:02,336] {logging_mixin.py:115} INFO - Linhas:  105000
[2022-08-18 12:39:12,360] {logging_mixin.py:115} INFO - 30 30
[2022-08-18 12:39:28,186] {logging_mixin.py:115} INFO - Paginas:  5000
[2022-08-18 12:39:28,187] {logging_mixin.py:115} INFO - Contador:  23
[2022-08-18 12:39:28,187] {logging_mixin.py:115} INFO - Linhas:  110000
[2022-08-18 12:39:38,154] {logging_mixin.py:115} INFO - 30 30
[2022-08-18 12:39:52,933] {logging_mixin.py:115} INFO - Paginas:  5000
[2022-08-18 12:39:52,933] {logging_mixin.py:115} INFO - Contador:  24
[2022-08-18 12:39:52,933] {logging_mixin.py:115} INFO - Linhas:  115000
[2022-08-18 12:40:04,231] {logging_mixin.py:115} INFO - 30 30
[2022-08-18 12:40:21,370] {logging_mixin.py:115} INFO - Paginas:  5000
[2022-08-18 12:40:21,370] {logging_mixin.py:115} INFO - Contador:  25
[2022-08-18 12:40:21,370] {logging_mixin.py:115} INFO - Linhas:  120000
[2022-08-18 12:40:33,192] {logging_mixin.py:115} INFO - 30 30
[2022-08-18 12:40:44,838] {logging_mixin.py:115} INFO - Paginas:  5000
[2022-08-18 12:40:44,838] {logging_mixin.py:115} INFO - Contador:  26
[2022-08-18 12:40:44,838] {logging_mixin.py:115} INFO - Linhas:  125000
[2022-08-18 12:40:54,580] {logging_mixin.py:115} INFO - 30 30
[2022-08-18 12:41:04,347] {logging_mixin.py:115} INFO - Paginas:  5000
[2022-08-18 12:41:04,347] {logging_mixin.py:115} INFO - Contador:  27
[2022-08-18 12:41:04,347] {logging_mixin.py:115} INFO - Linhas:  130000
[2022-08-18 12:41:16,923] {logging_mixin.py:115} INFO - 30 30
[2022-08-18 12:41:30,951] {logging_mixin.py:115} INFO - Paginas:  5000
[2022-08-18 12:41:30,951] {logging_mixin.py:115} INFO - Contador:  28
[2022-08-18 12:41:30,951] {logging_mixin.py:115} INFO - Linhas:  135000
[2022-08-18 12:41:41,450] {logging_mixin.py:115} INFO - 30 30
[2022-08-18 12:41:56,133] {logging_mixin.py:115} INFO - Paginas:  5000
[2022-08-18 12:41:56,133] {logging_mixin.py:115} INFO - Contador:  29
[2022-08-18 12:41:56,133] {logging_mixin.py:115} INFO - Linhas:  140000
[2022-08-18 12:42:07,075] {logging_mixin.py:115} INFO - 30 30
[2022-08-18 12:42:23,479] {logging_mixin.py:115} INFO - Paginas:  5000
[2022-08-18 12:42:23,480] {logging_mixin.py:115} INFO - Contador:  30
[2022-08-18 12:42:23,480] {logging_mixin.py:115} INFO - Linhas:  145000
[2022-08-18 12:42:33,654] {logging_mixin.py:115} INFO - 30 30
[2022-08-18 12:42:47,229] {logging_mixin.py:115} INFO - Paginas:  5000
[2022-08-18 12:42:47,229] {logging_mixin.py:115} INFO - Contador:  31
[2022-08-18 12:42:47,229] {logging_mixin.py:115} INFO - Linhas:  150000
[2022-08-18 12:42:58,586] {logging_mixin.py:115} INFO - 30 30
[2022-08-18 12:43:10,238] {logging_mixin.py:115} INFO - Paginas:  5000
[2022-08-18 12:43:10,238] {logging_mixin.py:115} INFO - Contador:  32
[2022-08-18 12:43:10,238] {logging_mixin.py:115} INFO - Linhas:  155000
[2022-08-18 12:43:21,239] {logging_mixin.py:115} INFO - 30 30
[2022-08-18 12:43:35,735] {logging_mixin.py:115} INFO - Paginas:  5000
[2022-08-18 12:43:35,735] {logging_mixin.py:115} INFO - Contador:  33
[2022-08-18 12:43:35,735] {logging_mixin.py:115} INFO - Linhas:  160000
[2022-08-18 12:43:47,282] {logging_mixin.py:115} INFO - 30 30
[2022-08-18 12:44:04,453] {logging_mixin.py:115} INFO - Paginas:  5000
[2022-08-18 12:44:04,454] {logging_mixin.py:115} INFO - Contador:  34
[2022-08-18 12:44:04,454] {logging_mixin.py:115} INFO - Linhas:  165000
[2022-08-18 12:44:16,479] {logging_mixin.py:115} INFO - 30 30
[2022-08-18 12:44:33,052] {logging_mixin.py:115} INFO - Paginas:  5000
[2022-08-18 12:44:33,052] {logging_mixin.py:115} INFO - Contador:  35
[2022-08-18 12:44:33,052] {logging_mixin.py:115} INFO - Linhas:  170000
[2022-08-18 12:44:46,048] {logging_mixin.py:115} INFO - 30 30
[2022-08-18 12:45:04,882] {logging_mixin.py:115} INFO - Paginas:  5000
[2022-08-18 12:45:04,882] {logging_mixin.py:115} INFO - Contador:  36
[2022-08-18 12:45:04,882] {logging_mixin.py:115} INFO - Linhas:  175000
[2022-08-18 12:45:16,505] {logging_mixin.py:115} INFO - 30 30
[2022-08-18 12:45:31,789] {logging_mixin.py:115} INFO - Paginas:  5000
[2022-08-18 12:45:31,789] {logging_mixin.py:115} INFO - Contador:  37
[2022-08-18 12:45:31,789] {logging_mixin.py:115} INFO - Linhas:  180000
[2022-08-18 12:45:44,539] {logging_mixin.py:115} INFO - 30 30
[2022-08-18 12:46:00,065] {logging_mixin.py:115} INFO - Paginas:  5000
[2022-08-18 12:46:00,065] {logging_mixin.py:115} INFO - Contador:  38
[2022-08-18 12:46:00,065] {logging_mixin.py:115} INFO - Linhas:  185000
[2022-08-18 12:46:12,180] {logging_mixin.py:115} INFO - 30 30
[2022-08-18 12:46:34,274] {logging_mixin.py:115} INFO - Paginas:  5000
[2022-08-18 12:46:34,274] {logging_mixin.py:115} INFO - Contador:  39
[2022-08-18 12:46:34,274] {logging_mixin.py:115} INFO - Linhas:  190000
[2022-08-18 12:46:46,829] {logging_mixin.py:115} INFO - 30 30
[2022-08-18 12:46:58,867] {logging_mixin.py:115} INFO - Paginas:  5000
[2022-08-18 12:46:58,867] {logging_mixin.py:115} INFO - Contador:  40
[2022-08-18 12:46:58,867] {logging_mixin.py:115} INFO - Linhas:  195000
[2022-08-18 12:47:12,141] {logging_mixin.py:115} INFO - 30 30
[2022-08-18 12:47:23,925] {logging_mixin.py:115} INFO - Paginas:  5000
[2022-08-18 12:47:23,925] {logging_mixin.py:115} INFO - Contador:  41
[2022-08-18 12:47:23,925] {logging_mixin.py:115} INFO - Linhas:  200000
[2022-08-18 12:47:37,573] {logging_mixin.py:115} INFO - 30 30
[2022-08-18 12:47:47,930] {logging_mixin.py:115} INFO - Paginas:  5000
[2022-08-18 12:47:47,930] {logging_mixin.py:115} INFO - Contador:  42
[2022-08-18 12:47:47,930] {logging_mixin.py:115} INFO - Linhas:  205000
[2022-08-18 12:48:01,706] {logging_mixin.py:115} INFO - 30 30
[2022-08-18 12:48:13,217] {logging_mixin.py:115} INFO - Paginas:  5000
[2022-08-18 12:48:13,217] {logging_mixin.py:115} INFO - Contador:  43
[2022-08-18 12:48:13,217] {logging_mixin.py:115} INFO - Linhas:  210000
[2022-08-18 12:48:25,736] {logging_mixin.py:115} INFO - 30 30
[2022-08-18 12:48:39,472] {logging_mixin.py:115} INFO - Paginas:  5000
[2022-08-18 12:48:39,472] {logging_mixin.py:115} INFO - Contador:  44
[2022-08-18 12:48:39,472] {logging_mixin.py:115} INFO - Linhas:  215000
[2022-08-18 12:48:54,125] {logging_mixin.py:115} INFO - 30 30
[2022-08-18 12:49:08,631] {logging_mixin.py:115} INFO - Paginas:  5000
[2022-08-18 12:49:08,631] {logging_mixin.py:115} INFO - Contador:  45
[2022-08-18 12:49:08,631] {logging_mixin.py:115} INFO - Linhas:  220000
[2022-08-18 12:49:23,970] {logging_mixin.py:115} INFO - 30 30
[2022-08-18 12:49:37,343] {logging_mixin.py:115} INFO - Paginas:  5000
[2022-08-18 12:49:37,343] {logging_mixin.py:115} INFO - Contador:  46
[2022-08-18 12:49:37,343] {logging_mixin.py:115} INFO - Linhas:  225000
[2022-08-18 12:49:50,500] {logging_mixin.py:115} INFO - 30 30
[2022-08-18 12:49:59,774] {logging_mixin.py:115} INFO - Paginas:  5000
[2022-08-18 12:49:59,774] {logging_mixin.py:115} INFO - Contador:  47
[2022-08-18 12:49:59,775] {logging_mixin.py:115} INFO - Linhas:  230000
[2022-08-18 12:50:13,554] {logging_mixin.py:115} INFO - 30 30
[2022-08-18 12:50:23,908] {logging_mixin.py:115} INFO - Paginas:  5000
[2022-08-18 12:50:23,908] {logging_mixin.py:115} INFO - Contador:  48
[2022-08-18 12:50:23,908] {logging_mixin.py:115} INFO - Linhas:  235000
[2022-08-18 12:50:38,991] {logging_mixin.py:115} INFO - 30 30
[2022-08-18 12:50:50,779] {logging_mixin.py:115} INFO - Paginas:  5000
[2022-08-18 12:50:50,779] {logging_mixin.py:115} INFO - Contador:  49
[2022-08-18 12:50:50,779] {logging_mixin.py:115} INFO - Linhas:  240000
[2022-08-18 12:51:05,142] {logging_mixin.py:115} INFO - 30 30
[2022-08-18 12:51:18,691] {logging_mixin.py:115} INFO - Paginas:  5000
[2022-08-18 12:51:18,691] {logging_mixin.py:115} INFO - Contador:  50
[2022-08-18 12:51:18,691] {logging_mixin.py:115} INFO - Linhas:  245000
[2022-08-18 12:51:34,536] {logging_mixin.py:115} INFO - 30 30
[2022-08-18 12:51:51,541] {logging_mixin.py:115} INFO - Paginas:  5000
[2022-08-18 12:51:51,541] {logging_mixin.py:115} INFO - Contador:  51
[2022-08-18 12:51:51,541] {logging_mixin.py:115} INFO - Linhas:  250000
[2022-08-18 12:52:07,586] {logging_mixin.py:115} INFO - 30 30
[2022-08-18 12:52:19,624] {logging_mixin.py:115} INFO - Paginas:  5000
[2022-08-18 12:52:19,624] {logging_mixin.py:115} INFO - Contador:  52
[2022-08-18 12:52:19,624] {logging_mixin.py:115} INFO - Linhas:  255000
[2022-08-18 12:52:33,502] {logging_mixin.py:115} INFO - 30 30
[2022-08-18 12:52:47,565] {logging_mixin.py:115} INFO - Paginas:  5000
[2022-08-18 12:52:47,565] {logging_mixin.py:115} INFO - Contador:  53
[2022-08-18 12:52:47,565] {logging_mixin.py:115} INFO - Linhas:  260000
[2022-08-18 12:53:01,461] {logging_mixin.py:115} INFO - 30 30
[2022-08-18 12:53:10,006] {logging_mixin.py:115} INFO - Paginas:  5000
[2022-08-18 12:53:10,006] {logging_mixin.py:115} INFO - Contador:  54
[2022-08-18 12:53:10,006] {logging_mixin.py:115} INFO - Linhas:  265000
[2022-08-18 12:53:25,454] {logging_mixin.py:115} INFO - 30 30
[2022-08-18 12:53:42,527] {logging_mixin.py:115} INFO - Paginas:  5000
[2022-08-18 12:53:42,528] {logging_mixin.py:115} INFO - Contador:  55
[2022-08-18 12:53:42,528] {logging_mixin.py:115} INFO - Linhas:  270000
[2022-08-18 12:53:58,372] {logging_mixin.py:115} INFO - 30 30
[2022-08-18 12:54:11,848] {logging_mixin.py:115} INFO - Paginas:  5000
[2022-08-18 12:54:11,848] {logging_mixin.py:115} INFO - Contador:  56
[2022-08-18 12:54:11,848] {logging_mixin.py:115} INFO - Linhas:  275000
[2022-08-18 12:54:27,987] {logging_mixin.py:115} INFO - 30 30
[2022-08-18 12:54:44,177] {logging_mixin.py:115} INFO - Paginas:  5000
[2022-08-18 12:54:44,177] {logging_mixin.py:115} INFO - Contador:  57
[2022-08-18 12:54:44,177] {logging_mixin.py:115} INFO - Linhas:  280000
[2022-08-18 12:54:59,724] {logging_mixin.py:115} INFO - 30 30
[2022-08-18 12:55:13,264] {logging_mixin.py:115} INFO - Paginas:  5000
[2022-08-18 12:55:13,264] {logging_mixin.py:115} INFO - Contador:  58
[2022-08-18 12:55:13,264] {logging_mixin.py:115} INFO - Linhas:  285000
[2022-08-18 12:55:26,566] {logging_mixin.py:115} INFO - 30 6
[2022-08-18 12:55:26,567] {logging_mixin.py:115} INFO - quebrou:  len(df.columns)  6
[2022-08-18 12:55:26,567] {python.py:173} INFO - Done. Returned value was: None
[2022-08-18 12:55:26,583] {taskinstance.py:1420} INFO - Marking task as SUCCESS. dag_id=carga_deskmanager, task_id=popula_DeskManagerAF, execution_date=20220818T123102, start_date=20220818T123103, end_date=20220818T125526
[2022-08-18 12:55:26,635] {local_task_job.py:156} INFO - Task exited with return code 0
[2022-08-18 12:55:26,702] {local_task_job.py:273} INFO - 1 downstream tasks scheduled from follow-on schedule check
