[2022-08-21 22:34:35,888] {taskinstance.py:1179} INFO - Dependencies all met for <TaskInstance: carga_deskmanager.popula_DeskManagerInteracoesAF scheduled__2022-08-20T22:00:00+00:00 [queued]>
[2022-08-21 22:34:35,906] {taskinstance.py:1179} INFO - Dependencies all met for <TaskInstance: carga_deskmanager.popula_DeskManagerInteracoesAF scheduled__2022-08-20T22:00:00+00:00 [queued]>
[2022-08-21 22:34:35,906] {taskinstance.py:1376} INFO - 
--------------------------------------------------------------------------------
[2022-08-21 22:34:35,907] {taskinstance.py:1377} INFO - Starting attempt 1 of 1
[2022-08-21 22:34:35,907] {taskinstance.py:1378} INFO - 
--------------------------------------------------------------------------------
[2022-08-21 22:34:35,924] {taskinstance.py:1397} INFO - Executing <Task(PythonOperator): popula_DeskManagerInteracoesAF> on 2022-08-20 22:00:00+00:00
[2022-08-21 22:34:35,931] {standard_task_runner.py:52} INFO - Started process 32295 to run task
[2022-08-21 22:34:35,940] {standard_task_runner.py:79} INFO - Running: ['***', 'tasks', 'run', 'carga_deskmanager', 'popula_DeskManagerInteracoesAF', 'scheduled__2022-08-20T22:00:00+00:00', '--job-id', '1408', '--raw', '--subdir', 'DAGS_FOLDER/etl_deskmanager.py', '--cfg-path', '/tmp/tmpsc0r0y0x', '--error-file', '/tmp/tmpddy325ps']
[2022-08-21 22:34:35,941] {standard_task_runner.py:80} INFO - Job 1408: Subtask popula_DeskManagerInteracoesAF
[2022-08-21 22:34:36,098] {task_command.py:371} INFO - Running <TaskInstance: carga_deskmanager.popula_DeskManagerInteracoesAF scheduled__2022-08-20T22:00:00+00:00 [running]> on host 1e1070d9e5ae
[2022-08-21 22:34:36,372] {taskinstance.py:1591} INFO - Exporting the following env vars:
AIRFLOW_CTX_DAG_EMAIL=clecio.antao@gmail.com
AIRFLOW_CTX_DAG_OWNER=***
AIRFLOW_CTX_DAG_ID=carga_deskmanager
AIRFLOW_CTX_TASK_ID=popula_DeskManagerInteracoesAF
AIRFLOW_CTX_EXECUTION_DATE=2022-08-20T22:00:00+00:00
AIRFLOW_CTX_TRY_NUMBER=1
AIRFLOW_CTX_DAG_RUN_ID=scheduled__2022-08-20T22:00:00+00:00
[2022-08-21 22:34:36,385] {logging_mixin.py:115} INFO - sucesso
[2022-08-21 22:34:37,313] {logging_mixin.py:115} INFO - Token:  dGVjYmFu#9a140554093e54eb29801b5ed84be64a3bf0e387
[2022-08-21 22:34:37,313] {logging_mixin.py:115} INFO - Relatorio:  878
[2022-08-21 22:34:37,313] {logging_mixin.py:115} INFO - Tabela:  DeskManagerInteracoesAF
[2022-08-21 22:34:45,078] {logging_mixin.py:115} INFO - Paginas:  5000
[2022-08-21 22:34:45,078] {logging_mixin.py:115} INFO - Contador:  1
[2022-08-21 22:34:45,078] {logging_mixin.py:115} INFO - Linhas:  0
[2022-08-21 22:34:52,774] {logging_mixin.py:115} INFO - 16 16
[2022-08-21 22:35:26,205] {logging_mixin.py:115} INFO - Paginas:  5000
[2022-08-21 22:35:26,205] {logging_mixin.py:115} INFO - Contador:  2
[2022-08-21 22:35:26,205] {logging_mixin.py:115} INFO - Linhas:  5000
[2022-08-21 22:35:34,328] {logging_mixin.py:115} INFO - 16 16
[2022-08-21 22:35:50,679] {logging_mixin.py:115} INFO - Paginas:  5000
[2022-08-21 22:35:50,679] {logging_mixin.py:115} INFO - Contador:  3
[2022-08-21 22:35:50,680] {logging_mixin.py:115} INFO - Linhas:  10000
[2022-08-21 22:35:59,204] {logging_mixin.py:115} INFO - 16 16
[2022-08-21 22:36:15,243] {logging_mixin.py:115} INFO - Paginas:  5000
[2022-08-21 22:36:15,243] {logging_mixin.py:115} INFO - Contador:  4
[2022-08-21 22:36:15,243] {logging_mixin.py:115} INFO - Linhas:  15000
[2022-08-21 22:36:23,696] {logging_mixin.py:115} INFO - 16 16
[2022-08-21 22:36:36,899] {logging_mixin.py:115} INFO - Paginas:  5000
[2022-08-21 22:36:36,899] {logging_mixin.py:115} INFO - Contador:  5
[2022-08-21 22:36:36,899] {logging_mixin.py:115} INFO - Linhas:  20000
[2022-08-21 22:36:45,329] {logging_mixin.py:115} INFO - 16 16
[2022-08-21 22:37:04,443] {logging_mixin.py:115} INFO - Paginas:  5000
[2022-08-21 22:37:04,443] {logging_mixin.py:115} INFO - Contador:  6
[2022-08-21 22:37:04,443] {logging_mixin.py:115} INFO - Linhas:  25000
[2022-08-21 22:37:13,438] {logging_mixin.py:115} INFO - 16 16
[2022-08-21 22:37:29,372] {logging_mixin.py:115} INFO - Paginas:  5000
[2022-08-21 22:37:29,373] {logging_mixin.py:115} INFO - Contador:  7
[2022-08-21 22:37:29,373] {logging_mixin.py:115} INFO - Linhas:  30000
[2022-08-21 22:37:38,235] {logging_mixin.py:115} INFO - 16 16
[2022-08-21 22:37:50,065] {logging_mixin.py:115} INFO - Paginas:  5000
[2022-08-21 22:37:50,065] {logging_mixin.py:115} INFO - Contador:  8
[2022-08-21 22:37:50,065] {logging_mixin.py:115} INFO - Linhas:  35000
[2022-08-21 22:37:58,572] {logging_mixin.py:115} INFO - 16 16
[2022-08-21 22:38:14,734] {logging_mixin.py:115} INFO - Paginas:  5000
[2022-08-21 22:38:14,734] {logging_mixin.py:115} INFO - Contador:  9
[2022-08-21 22:38:14,734] {logging_mixin.py:115} INFO - Linhas:  40000
[2022-08-21 22:38:23,664] {logging_mixin.py:115} INFO - 16 16
[2022-08-21 22:38:42,160] {logging_mixin.py:115} INFO - Paginas:  5000
[2022-08-21 22:38:42,160] {logging_mixin.py:115} INFO - Contador:  10
[2022-08-21 22:38:42,160] {logging_mixin.py:115} INFO - Linhas:  45000
[2022-08-21 22:38:51,927] {logging_mixin.py:115} INFO - 16 16
[2022-08-21 22:39:09,469] {logging_mixin.py:115} INFO - Paginas:  5000
[2022-08-21 22:39:09,469] {logging_mixin.py:115} INFO - Contador:  11
[2022-08-21 22:39:09,469] {logging_mixin.py:115} INFO - Linhas:  50000
[2022-08-21 22:39:18,460] {logging_mixin.py:115} INFO - 16 16
[2022-08-21 22:39:34,036] {logging_mixin.py:115} INFO - Paginas:  5000
[2022-08-21 22:39:34,037] {logging_mixin.py:115} INFO - Contador:  12
[2022-08-21 22:39:34,037] {logging_mixin.py:115} INFO - Linhas:  55000
[2022-08-21 22:39:43,373] {logging_mixin.py:115} INFO - 16 16
[2022-08-21 22:39:56,182] {logging_mixin.py:115} INFO - Paginas:  5000
[2022-08-21 22:39:56,182] {logging_mixin.py:115} INFO - Contador:  13
[2022-08-21 22:39:56,182] {logging_mixin.py:115} INFO - Linhas:  60000
[2022-08-21 22:40:05,884] {logging_mixin.py:115} INFO - 16 16
[2022-08-21 22:40:28,729] {logging_mixin.py:115} INFO - Paginas:  5000
[2022-08-21 22:40:28,730] {logging_mixin.py:115} INFO - Contador:  14
[2022-08-21 22:40:28,730] {logging_mixin.py:115} INFO - Linhas:  65000
[2022-08-21 22:40:38,289] {logging_mixin.py:115} INFO - 16 16
[2022-08-21 22:40:54,092] {logging_mixin.py:115} INFO - Paginas:  5000
[2022-08-21 22:40:54,092] {logging_mixin.py:115} INFO - Contador:  15
[2022-08-21 22:40:54,093] {logging_mixin.py:115} INFO - Linhas:  70000
[2022-08-21 22:41:04,364] {logging_mixin.py:115} INFO - 16 16
[2022-08-21 22:41:18,964] {logging_mixin.py:115} INFO - Paginas:  5000
[2022-08-21 22:41:18,964] {logging_mixin.py:115} INFO - Contador:  16
[2022-08-21 22:41:18,964] {logging_mixin.py:115} INFO - Linhas:  75000
[2022-08-21 22:41:27,657] {logging_mixin.py:115} INFO - 16 16
[2022-08-21 22:41:44,186] {logging_mixin.py:115} INFO - Paginas:  5000
[2022-08-21 22:41:44,187] {logging_mixin.py:115} INFO - Contador:  17
[2022-08-21 22:41:44,187] {logging_mixin.py:115} INFO - Linhas:  80000
[2022-08-21 22:41:53,352] {logging_mixin.py:115} INFO - 16 16
[2022-08-21 22:42:07,298] {logging_mixin.py:115} INFO - Paginas:  5000
[2022-08-21 22:42:07,298] {logging_mixin.py:115} INFO - Contador:  18
[2022-08-21 22:42:07,298] {logging_mixin.py:115} INFO - Linhas:  85000
[2022-08-21 22:42:16,235] {logging_mixin.py:115} INFO - 16 16
[2022-08-21 22:42:32,316] {logging_mixin.py:115} INFO - Paginas:  5000
[2022-08-21 22:42:32,317] {logging_mixin.py:115} INFO - Contador:  19
[2022-08-21 22:42:32,317] {logging_mixin.py:115} INFO - Linhas:  90000
[2022-08-21 22:42:42,199] {logging_mixin.py:115} INFO - 16 16
[2022-08-21 22:42:55,129] {logging_mixin.py:115} INFO - Paginas:  5000
[2022-08-21 22:42:55,129] {logging_mixin.py:115} INFO - Contador:  20
[2022-08-21 22:42:55,129] {logging_mixin.py:115} INFO - Linhas:  95000
[2022-08-21 22:43:04,564] {logging_mixin.py:115} INFO - 16 16
[2022-08-21 22:43:16,016] {logging_mixin.py:115} INFO - Paginas:  5000
[2022-08-21 22:43:16,022] {logging_mixin.py:115} INFO - Contador:  21
[2022-08-21 22:43:16,022] {logging_mixin.py:115} INFO - Linhas:  100000
[2022-08-21 22:43:25,497] {logging_mixin.py:115} INFO - 16 16
[2022-08-21 22:43:45,749] {logging_mixin.py:115} INFO - Paginas:  5000
[2022-08-21 22:43:45,749] {logging_mixin.py:115} INFO - Contador:  22
[2022-08-21 22:43:45,750] {logging_mixin.py:115} INFO - Linhas:  105000
[2022-08-21 22:43:55,542] {logging_mixin.py:115} INFO - 16 16
[2022-08-21 22:44:11,172] {logging_mixin.py:115} INFO - Paginas:  5000
[2022-08-21 22:44:11,172] {logging_mixin.py:115} INFO - Contador:  23
[2022-08-21 22:44:11,172] {logging_mixin.py:115} INFO - Linhas:  110000
[2022-08-21 22:44:20,755] {logging_mixin.py:115} INFO - 16 16
[2022-08-21 22:44:32,519] {logging_mixin.py:115} INFO - Paginas:  5000
[2022-08-21 22:44:32,520] {logging_mixin.py:115} INFO - Contador:  24
[2022-08-21 22:44:32,520] {logging_mixin.py:115} INFO - Linhas:  115000
[2022-08-21 22:44:42,873] {logging_mixin.py:115} INFO - 16 16
[2022-08-21 22:44:55,728] {logging_mixin.py:115} INFO - Paginas:  5000
[2022-08-21 22:44:55,728] {logging_mixin.py:115} INFO - Contador:  25
[2022-08-21 22:44:55,735] {logging_mixin.py:115} INFO - Linhas:  120000
[2022-08-21 22:45:05,721] {logging_mixin.py:115} INFO - 16 16
[2022-08-21 22:45:27,942] {logging_mixin.py:115} INFO - Paginas:  5000
[2022-08-21 22:45:27,942] {logging_mixin.py:115} INFO - Contador:  26
[2022-08-21 22:45:27,942] {logging_mixin.py:115} INFO - Linhas:  125000
[2022-08-21 22:45:38,903] {logging_mixin.py:115} INFO - 16 16
[2022-08-21 22:45:57,789] {logging_mixin.py:115} INFO - Paginas:  5000
[2022-08-21 22:45:57,790] {logging_mixin.py:115} INFO - Contador:  27
[2022-08-21 22:45:57,790] {logging_mixin.py:115} INFO - Linhas:  130000
[2022-08-21 22:46:08,950] {logging_mixin.py:115} INFO - 16 16
[2022-08-21 22:46:24,622] {logging_mixin.py:115} INFO - Paginas:  5000
[2022-08-21 22:46:24,622] {logging_mixin.py:115} INFO - Contador:  28
[2022-08-21 22:46:24,622] {logging_mixin.py:115} INFO - Linhas:  135000
[2022-08-21 22:46:35,021] {logging_mixin.py:115} INFO - 16 16
[2022-08-21 22:46:50,898] {logging_mixin.py:115} INFO - Paginas:  5000
[2022-08-21 22:46:50,899] {logging_mixin.py:115} INFO - Contador:  29
[2022-08-21 22:46:50,899] {logging_mixin.py:115} INFO - Linhas:  140000
[2022-08-21 22:47:01,831] {logging_mixin.py:115} INFO - 16 16
[2022-08-21 22:47:14,798] {logging_mixin.py:115} INFO - Paginas:  5000
[2022-08-21 22:47:14,798] {logging_mixin.py:115} INFO - Contador:  30
[2022-08-21 22:47:14,798] {logging_mixin.py:115} INFO - Linhas:  145000
[2022-08-21 22:47:25,395] {logging_mixin.py:115} INFO - 16 16
[2022-08-21 22:47:39,198] {logging_mixin.py:115} INFO - Paginas:  5000
[2022-08-21 22:47:39,198] {logging_mixin.py:115} INFO - Contador:  31
[2022-08-21 22:47:39,198] {logging_mixin.py:115} INFO - Linhas:  150000
[2022-08-21 22:47:49,281] {logging_mixin.py:115} INFO - 16 16
[2022-08-21 22:48:07,208] {logging_mixin.py:115} INFO - Paginas:  5000
[2022-08-21 22:48:07,208] {logging_mixin.py:115} INFO - Contador:  32
[2022-08-21 22:48:07,209] {logging_mixin.py:115} INFO - Linhas:  155000
[2022-08-21 22:48:17,421] {logging_mixin.py:115} INFO - 16 16
[2022-08-21 22:48:34,438] {logging_mixin.py:115} INFO - Paginas:  5000
[2022-08-21 22:48:34,438] {logging_mixin.py:115} INFO - Contador:  33
[2022-08-21 22:48:34,438] {logging_mixin.py:115} INFO - Linhas:  160000
[2022-08-21 22:48:45,237] {logging_mixin.py:115} INFO - 16 16
[2022-08-21 22:49:00,721] {logging_mixin.py:115} INFO - Paginas:  5000
[2022-08-21 22:49:00,721] {logging_mixin.py:115} INFO - Contador:  34
[2022-08-21 22:49:00,721] {logging_mixin.py:115} INFO - Linhas:  165000
[2022-08-21 22:49:10,888] {logging_mixin.py:115} INFO - 16 16
[2022-08-21 22:49:21,501] {logging_mixin.py:115} INFO - Paginas:  5000
[2022-08-21 22:49:21,501] {logging_mixin.py:115} INFO - Contador:  35
[2022-08-21 22:49:21,502] {logging_mixin.py:115} INFO - Linhas:  170000
[2022-08-21 22:49:31,608] {logging_mixin.py:115} INFO - 16 16
[2022-08-21 22:49:51,626] {logging_mixin.py:115} INFO - Paginas:  5000
[2022-08-21 22:49:51,626] {logging_mixin.py:115} INFO - Contador:  36
[2022-08-21 22:49:51,627] {logging_mixin.py:115} INFO - Linhas:  175000
[2022-08-21 22:50:03,594] {logging_mixin.py:115} INFO - 16 16
[2022-08-21 22:50:30,013] {logging_mixin.py:115} INFO - Paginas:  5000
[2022-08-21 22:50:30,014] {logging_mixin.py:115} INFO - Contador:  37
[2022-08-21 22:50:30,014] {logging_mixin.py:115} INFO - Linhas:  180000
[2022-08-21 22:50:40,887] {logging_mixin.py:115} INFO - 16 16
[2022-08-21 22:50:59,608] {logging_mixin.py:115} INFO - Paginas:  5000
[2022-08-21 22:50:59,608] {logging_mixin.py:115} INFO - Contador:  38
[2022-08-21 22:50:59,609] {logging_mixin.py:115} INFO - Linhas:  185000
[2022-08-21 22:51:10,118] {logging_mixin.py:115} INFO - 16 16
[2022-08-21 22:51:28,390] {logging_mixin.py:115} INFO - Paginas:  5000
[2022-08-21 22:51:28,391] {logging_mixin.py:115} INFO - Contador:  39
[2022-08-21 22:51:28,391] {logging_mixin.py:115} INFO - Linhas:  190000
[2022-08-21 22:51:40,234] {logging_mixin.py:115} INFO - 16 16
[2022-08-21 22:52:00,430] {logging_mixin.py:115} INFO - Paginas:  5000
[2022-08-21 22:52:00,430] {logging_mixin.py:115} INFO - Contador:  40
[2022-08-21 22:52:00,430] {logging_mixin.py:115} INFO - Linhas:  195000
[2022-08-21 22:52:12,328] {logging_mixin.py:115} INFO - 16 16
[2022-08-21 22:52:30,498] {logging_mixin.py:115} INFO - Paginas:  5000
[2022-08-21 22:52:30,498] {logging_mixin.py:115} INFO - Contador:  41
[2022-08-21 22:52:30,499] {logging_mixin.py:115} INFO - Linhas:  200000
[2022-08-21 22:52:42,115] {logging_mixin.py:115} INFO - 16 16
[2022-08-21 22:53:00,335] {logging_mixin.py:115} INFO - Paginas:  5000
[2022-08-21 22:53:00,336] {logging_mixin.py:115} INFO - Contador:  42
[2022-08-21 22:53:00,336] {logging_mixin.py:115} INFO - Linhas:  205000
[2022-08-21 22:53:11,342] {logging_mixin.py:115} INFO - 16 16
[2022-08-21 22:53:24,900] {logging_mixin.py:115} INFO - Paginas:  5000
[2022-08-21 22:53:24,900] {logging_mixin.py:115} INFO - Contador:  43
[2022-08-21 22:53:24,900] {logging_mixin.py:115} INFO - Linhas:  210000
[2022-08-21 22:53:35,676] {logging_mixin.py:115} INFO - 16 16
[2022-08-21 22:53:47,560] {logging_mixin.py:115} INFO - Paginas:  5000
[2022-08-21 22:53:47,560] {logging_mixin.py:115} INFO - Contador:  44
[2022-08-21 22:53:47,560] {logging_mixin.py:115} INFO - Linhas:  215000
[2022-08-21 22:53:59,289] {logging_mixin.py:115} INFO - 16 16
[2022-08-21 22:54:15,205] {logging_mixin.py:115} INFO - Paginas:  5000
[2022-08-21 22:54:15,206] {logging_mixin.py:115} INFO - Contador:  45
[2022-08-21 22:54:15,206] {logging_mixin.py:115} INFO - Linhas:  220000
[2022-08-21 22:54:26,514] {logging_mixin.py:115} INFO - 16 16
[2022-08-21 22:54:45,599] {logging_mixin.py:115} INFO - Paginas:  5000
[2022-08-21 22:54:45,599] {logging_mixin.py:115} INFO - Contador:  46
[2022-08-21 22:54:45,600] {logging_mixin.py:115} INFO - Linhas:  225000
[2022-08-21 22:54:58,292] {logging_mixin.py:115} INFO - 16 16
[2022-08-21 22:55:44,831] {logging_mixin.py:115} INFO - Paginas:  5000
[2022-08-21 22:55:44,831] {logging_mixin.py:115} INFO - Contador:  47
[2022-08-21 22:55:44,832] {logging_mixin.py:115} INFO - Linhas:  230000
[2022-08-21 22:55:56,796] {logging_mixin.py:115} INFO - 16 16
[2022-08-21 22:56:16,306] {logging_mixin.py:115} INFO - Paginas:  5000
[2022-08-21 22:56:16,313] {logging_mixin.py:115} INFO - Contador:  48
[2022-08-21 22:56:16,314] {logging_mixin.py:115} INFO - Linhas:  235000
[2022-08-21 22:56:28,111] {logging_mixin.py:115} INFO - 16 16
[2022-08-21 22:56:40,716] {logging_mixin.py:115} INFO - Paginas:  5000
[2022-08-21 22:56:40,716] {logging_mixin.py:115} INFO - Contador:  49
[2022-08-21 22:56:40,717] {logging_mixin.py:115} INFO - Linhas:  240000
[2022-08-21 22:56:52,705] {logging_mixin.py:115} INFO - 16 16
[2022-08-21 22:57:10,004] {logging_mixin.py:115} INFO - Paginas:  5000
[2022-08-21 22:57:10,004] {logging_mixin.py:115} INFO - Contador:  50
[2022-08-21 22:57:10,004] {logging_mixin.py:115} INFO - Linhas:  245000
[2022-08-21 22:57:21,758] {logging_mixin.py:115} INFO - 16 16
[2022-08-21 22:57:37,350] {logging_mixin.py:115} INFO - Paginas:  5000
[2022-08-21 22:57:37,351] {logging_mixin.py:115} INFO - Contador:  51
[2022-08-21 22:57:37,351] {logging_mixin.py:115} INFO - Linhas:  250000
[2022-08-21 22:57:49,976] {logging_mixin.py:115} INFO - 16 16
[2022-08-21 22:58:04,747] {logging_mixin.py:115} INFO - Paginas:  5000
[2022-08-21 22:58:04,748] {logging_mixin.py:115} INFO - Contador:  52
[2022-08-21 22:58:04,748] {logging_mixin.py:115} INFO - Linhas:  255000
[2022-08-21 22:58:16,348] {logging_mixin.py:115} INFO - 16 16
[2022-08-21 22:58:30,752] {logging_mixin.py:115} INFO - Paginas:  5000
[2022-08-21 22:58:30,753] {logging_mixin.py:115} INFO - Contador:  53
[2022-08-21 22:58:30,753] {logging_mixin.py:115} INFO - Linhas:  260000
[2022-08-21 22:58:44,008] {logging_mixin.py:115} INFO - 16 16
[2022-08-21 22:58:59,725] {logging_mixin.py:115} INFO - Paginas:  5000
[2022-08-21 22:58:59,725] {logging_mixin.py:115} INFO - Contador:  54
[2022-08-21 22:58:59,725] {logging_mixin.py:115} INFO - Linhas:  265000
[2022-08-21 22:59:12,563] {logging_mixin.py:115} INFO - 16 16
[2022-08-21 22:59:28,719] {logging_mixin.py:115} INFO - Paginas:  5000
[2022-08-21 22:59:28,721] {logging_mixin.py:115} INFO - Contador:  55
[2022-08-21 22:59:28,721] {logging_mixin.py:115} INFO - Linhas:  270000
[2022-08-21 22:59:41,689] {logging_mixin.py:115} INFO - 16 16
[2022-08-21 23:00:01,214] {logging_mixin.py:115} INFO - Paginas:  5000
[2022-08-21 23:00:01,214] {logging_mixin.py:115} INFO - Contador:  56
[2022-08-21 23:00:01,214] {logging_mixin.py:115} INFO - Linhas:  275000
[2022-08-21 23:00:15,600] {logging_mixin.py:115} INFO - 16 16
[2022-08-21 23:00:47,750] {logging_mixin.py:115} INFO - Paginas:  5000
[2022-08-21 23:00:47,750] {logging_mixin.py:115} INFO - Contador:  57
[2022-08-21 23:00:47,750] {logging_mixin.py:115} INFO - Linhas:  280000
[2022-08-21 23:00:59,935] {logging_mixin.py:115} INFO - 16 16
[2022-08-21 23:01:24,141] {logging_mixin.py:115} INFO - Paginas:  5000
[2022-08-21 23:01:24,144] {logging_mixin.py:115} INFO - Contador:  58
[2022-08-21 23:01:24,144] {logging_mixin.py:115} INFO - Linhas:  285000
[2022-08-21 23:01:36,383] {logging_mixin.py:115} INFO - 16 16
[2022-08-21 23:01:55,023] {logging_mixin.py:115} INFO - Paginas:  5000
[2022-08-21 23:01:55,023] {logging_mixin.py:115} INFO - Contador:  59
[2022-08-21 23:01:55,023] {logging_mixin.py:115} INFO - Linhas:  290000
[2022-08-21 23:02:07,968] {logging_mixin.py:115} INFO - 16 16
[2022-08-21 23:02:28,927] {logging_mixin.py:115} INFO - Paginas:  5000
[2022-08-21 23:02:28,928] {logging_mixin.py:115} INFO - Contador:  60
[2022-08-21 23:02:28,928] {logging_mixin.py:115} INFO - Linhas:  295000
[2022-08-21 23:02:40,984] {logging_mixin.py:115} INFO - 16 16
[2022-08-21 23:02:56,605] {logging_mixin.py:115} INFO - Paginas:  5000
[2022-08-21 23:02:56,605] {logging_mixin.py:115} INFO - Contador:  61
[2022-08-21 23:02:56,605] {logging_mixin.py:115} INFO - Linhas:  300000
[2022-08-21 23:03:09,118] {logging_mixin.py:115} INFO - 16 16
[2022-08-21 23:03:29,713] {logging_mixin.py:115} INFO - Paginas:  5000
[2022-08-21 23:03:29,713] {logging_mixin.py:115} INFO - Contador:  62
[2022-08-21 23:03:29,713] {logging_mixin.py:115} INFO - Linhas:  305000
[2022-08-21 23:03:42,166] {logging_mixin.py:115} INFO - 16 16
[2022-08-21 23:03:56,982] {logging_mixin.py:115} INFO - Paginas:  5000
[2022-08-21 23:03:56,982] {logging_mixin.py:115} INFO - Contador:  63
[2022-08-21 23:03:56,983] {logging_mixin.py:115} INFO - Linhas:  310000
[2022-08-21 23:04:10,578] {logging_mixin.py:115} INFO - 16 16
[2022-08-21 23:04:30,662] {logging_mixin.py:115} INFO - Paginas:  5000
[2022-08-21 23:04:30,663] {logging_mixin.py:115} INFO - Contador:  64
[2022-08-21 23:04:30,663] {logging_mixin.py:115} INFO - Linhas:  315000
[2022-08-21 23:04:44,286] {logging_mixin.py:115} INFO - 16 16
[2022-08-21 23:04:56,152] {logging_mixin.py:115} INFO - Paginas:  5000
[2022-08-21 23:04:56,152] {logging_mixin.py:115} INFO - Contador:  65
[2022-08-21 23:04:56,152] {logging_mixin.py:115} INFO - Linhas:  320000
[2022-08-21 23:05:09,099] {logging_mixin.py:115} INFO - 16 16
[2022-08-21 23:05:40,212] {logging_mixin.py:115} INFO - Paginas:  5000
[2022-08-21 23:05:40,213] {logging_mixin.py:115} INFO - Contador:  66
[2022-08-21 23:05:40,213] {logging_mixin.py:115} INFO - Linhas:  325000
[2022-08-21 23:05:53,036] {logging_mixin.py:115} INFO - 16 16
[2022-08-21 23:06:09,908] {logging_mixin.py:115} INFO - Paginas:  5000
[2022-08-21 23:06:09,908] {logging_mixin.py:115} INFO - Contador:  67
[2022-08-21 23:06:09,909] {logging_mixin.py:115} INFO - Linhas:  330000
[2022-08-21 23:06:22,412] {logging_mixin.py:115} INFO - 16 16
[2022-08-21 23:06:42,210] {logging_mixin.py:115} INFO - Paginas:  5000
[2022-08-21 23:06:42,211] {logging_mixin.py:115} INFO - Contador:  68
[2022-08-21 23:06:42,211] {logging_mixin.py:115} INFO - Linhas:  335000
[2022-08-21 23:06:55,576] {logging_mixin.py:115} INFO - 16 16
[2022-08-21 23:07:09,287] {logging_mixin.py:115} INFO - Paginas:  5000
[2022-08-21 23:07:09,288] {logging_mixin.py:115} INFO - Contador:  69
[2022-08-21 23:07:09,288] {logging_mixin.py:115} INFO - Linhas:  340000
[2022-08-21 23:07:23,329] {logging_mixin.py:115} INFO - 16 16
[2022-08-21 23:07:40,743] {logging_mixin.py:115} INFO - Paginas:  5000
[2022-08-21 23:07:40,744] {logging_mixin.py:115} INFO - Contador:  70
[2022-08-21 23:07:40,744] {logging_mixin.py:115} INFO - Linhas:  345000
[2022-08-21 23:07:53,981] {logging_mixin.py:115} INFO - 16 16
[2022-08-21 23:08:09,308] {logging_mixin.py:115} INFO - Paginas:  5000
[2022-08-21 23:08:09,309] {logging_mixin.py:115} INFO - Contador:  71
[2022-08-21 23:08:09,309] {logging_mixin.py:115} INFO - Linhas:  350000
[2022-08-21 23:08:22,041] {logging_mixin.py:115} INFO - 16 16
[2022-08-21 23:08:41,682] {logging_mixin.py:115} INFO - Paginas:  5000
[2022-08-21 23:08:41,682] {logging_mixin.py:115} INFO - Contador:  72
[2022-08-21 23:08:41,682] {logging_mixin.py:115} INFO - Linhas:  355000
[2022-08-21 23:08:57,405] {logging_mixin.py:115} INFO - 16 16
[2022-08-21 23:09:14,090] {logging_mixin.py:115} INFO - Paginas:  5000
[2022-08-21 23:09:14,090] {logging_mixin.py:115} INFO - Contador:  73
[2022-08-21 23:09:14,091] {logging_mixin.py:115} INFO - Linhas:  360000
[2022-08-21 23:09:28,356] {logging_mixin.py:115} INFO - 16 16
[2022-08-21 23:09:46,743] {logging_mixin.py:115} INFO - Paginas:  5000
[2022-08-21 23:09:46,743] {logging_mixin.py:115} INFO - Contador:  74
[2022-08-21 23:09:46,743] {logging_mixin.py:115} INFO - Linhas:  365000
[2022-08-21 23:10:00,473] {logging_mixin.py:115} INFO - 16 16
[2022-08-21 23:10:28,172] {logging_mixin.py:115} INFO - Paginas:  5000
[2022-08-21 23:10:28,173] {logging_mixin.py:115} INFO - Contador:  75
[2022-08-21 23:10:28,173] {logging_mixin.py:115} INFO - Linhas:  370000
[2022-08-21 23:10:41,546] {logging_mixin.py:115} INFO - 16 16
[2022-08-21 23:10:59,941] {logging_mixin.py:115} INFO - Paginas:  5000
[2022-08-21 23:10:59,942] {logging_mixin.py:115} INFO - Contador:  76
[2022-08-21 23:10:59,942] {logging_mixin.py:115} INFO - Linhas:  375000
[2022-08-21 23:11:13,350] {logging_mixin.py:115} INFO - 16 16
[2022-08-21 23:11:26,478] {logging_mixin.py:115} INFO - Paginas:  5000
[2022-08-21 23:11:26,478] {logging_mixin.py:115} INFO - Contador:  77
[2022-08-21 23:11:26,478] {logging_mixin.py:115} INFO - Linhas:  380000
[2022-08-21 23:11:40,371] {logging_mixin.py:115} INFO - 16 16
[2022-08-21 23:11:59,246] {logging_mixin.py:115} INFO - Paginas:  5000
[2022-08-21 23:11:59,246] {logging_mixin.py:115} INFO - Contador:  78
[2022-08-21 23:11:59,246] {logging_mixin.py:115} INFO - Linhas:  385000
[2022-08-21 23:12:14,482] {logging_mixin.py:115} INFO - 16 16
[2022-08-21 23:12:30,276] {logging_mixin.py:115} INFO - Paginas:  5000
[2022-08-21 23:12:30,276] {logging_mixin.py:115} INFO - Contador:  79
[2022-08-21 23:12:30,276] {logging_mixin.py:115} INFO - Linhas:  390000
[2022-08-21 23:12:45,315] {logging_mixin.py:115} INFO - 16 16
[2022-08-21 23:13:02,636] {logging_mixin.py:115} INFO - Paginas:  5000
[2022-08-21 23:13:02,637] {logging_mixin.py:115} INFO - Contador:  80
[2022-08-21 23:13:02,637] {logging_mixin.py:115} INFO - Linhas:  395000
[2022-08-21 23:13:16,687] {logging_mixin.py:115} INFO - 16 16
[2022-08-21 23:13:34,904] {logging_mixin.py:115} INFO - Paginas:  5000
[2022-08-21 23:13:34,904] {logging_mixin.py:115} INFO - Contador:  81
[2022-08-21 23:13:34,904] {logging_mixin.py:115} INFO - Linhas:  400000
[2022-08-21 23:13:49,179] {logging_mixin.py:115} INFO - 16 16
[2022-08-21 23:14:06,122] {logging_mixin.py:115} INFO - Paginas:  5000
[2022-08-21 23:14:06,122] {logging_mixin.py:115} INFO - Contador:  82
[2022-08-21 23:14:06,123] {logging_mixin.py:115} INFO - Linhas:  405000
[2022-08-21 23:14:20,744] {logging_mixin.py:115} INFO - 16 16
[2022-08-21 23:14:38,703] {logging_mixin.py:115} INFO - Paginas:  5000
[2022-08-21 23:14:38,704] {logging_mixin.py:115} INFO - Contador:  83
[2022-08-21 23:14:38,704] {logging_mixin.py:115} INFO - Linhas:  410000
[2022-08-21 23:14:52,724] {logging_mixin.py:115} INFO - 16 16
[2022-08-21 23:15:19,337] {logging_mixin.py:115} INFO - Paginas:  5000
[2022-08-21 23:15:19,341] {logging_mixin.py:115} INFO - Contador:  84
[2022-08-21 23:15:19,343] {logging_mixin.py:115} INFO - Linhas:  415000
[2022-08-21 23:15:33,945] {logging_mixin.py:115} INFO - 16 16
[2022-08-21 23:15:52,623] {logging_mixin.py:115} INFO - Paginas:  5000
[2022-08-21 23:15:52,623] {logging_mixin.py:115} INFO - Contador:  85
[2022-08-21 23:15:52,623] {logging_mixin.py:115} INFO - Linhas:  420000
[2022-08-21 23:16:07,497] {logging_mixin.py:115} INFO - 16 16
[2022-08-21 23:16:24,313] {logging_mixin.py:115} INFO - Paginas:  5000
[2022-08-21 23:16:24,313] {logging_mixin.py:115} INFO - Contador:  86
[2022-08-21 23:16:24,314] {logging_mixin.py:115} INFO - Linhas:  425000
[2022-08-21 23:16:38,080] {logging_mixin.py:115} INFO - 16 16
[2022-08-21 23:16:56,414] {logging_mixin.py:115} INFO - Paginas:  5000
[2022-08-21 23:16:56,414] {logging_mixin.py:115} INFO - Contador:  87
[2022-08-21 23:16:56,414] {logging_mixin.py:115} INFO - Linhas:  430000
[2022-08-21 23:17:12,655] {logging_mixin.py:115} INFO - 16 16
[2022-08-21 23:17:27,743] {logging_mixin.py:115} INFO - Paginas:  5000
[2022-08-21 23:17:27,743] {logging_mixin.py:115} INFO - Contador:  88
[2022-08-21 23:17:27,744] {logging_mixin.py:115} INFO - Linhas:  435000
[2022-08-21 23:17:42,247] {logging_mixin.py:115} INFO - 16 16
[2022-08-21 23:18:00,576] {logging_mixin.py:115} INFO - Paginas:  5000
[2022-08-21 23:18:00,577] {logging_mixin.py:115} INFO - Contador:  89
[2022-08-21 23:18:00,577] {logging_mixin.py:115} INFO - Linhas:  440000
[2022-08-21 23:18:15,322] {logging_mixin.py:115} INFO - 16 16
[2022-08-21 23:18:30,257] {logging_mixin.py:115} INFO - Paginas:  5000
[2022-08-21 23:18:30,257] {logging_mixin.py:115} INFO - Contador:  90
[2022-08-21 23:18:30,258] {logging_mixin.py:115} INFO - Linhas:  445000
[2022-08-21 23:18:44,820] {logging_mixin.py:115} INFO - 16 16
[2022-08-21 23:19:09,523] {logging_mixin.py:115} INFO - Paginas:  5000
[2022-08-21 23:19:09,523] {logging_mixin.py:115} INFO - Contador:  91
[2022-08-21 23:19:09,523] {logging_mixin.py:115} INFO - Linhas:  450000
[2022-08-21 23:19:24,200] {logging_mixin.py:115} INFO - 16 16
[2022-08-21 23:19:39,757] {logging_mixin.py:115} INFO - Paginas:  5000
[2022-08-21 23:19:39,757] {logging_mixin.py:115} INFO - Contador:  92
[2022-08-21 23:19:39,757] {logging_mixin.py:115} INFO - Linhas:  455000
[2022-08-21 23:19:54,414] {logging_mixin.py:115} INFO - 16 16
[2022-08-21 23:20:23,049] {logging_mixin.py:115} INFO - Paginas:  5000
[2022-08-21 23:20:23,049] {logging_mixin.py:115} INFO - Contador:  93
[2022-08-21 23:20:23,049] {logging_mixin.py:115} INFO - Linhas:  460000
[2022-08-21 23:20:38,031] {logging_mixin.py:115} INFO - 16 16
[2022-08-21 23:20:57,374] {logging_mixin.py:115} INFO - Paginas:  5000
[2022-08-21 23:20:57,374] {logging_mixin.py:115} INFO - Contador:  94
[2022-08-21 23:20:57,374] {logging_mixin.py:115} INFO - Linhas:  465000
[2022-08-21 23:21:13,169] {logging_mixin.py:115} INFO - 16 16
[2022-08-21 23:21:35,217] {logging_mixin.py:115} INFO - Paginas:  5000
[2022-08-21 23:21:35,217] {logging_mixin.py:115} INFO - Contador:  95
[2022-08-21 23:21:35,217] {logging_mixin.py:115} INFO - Linhas:  470000
[2022-08-21 23:21:50,900] {logging_mixin.py:115} INFO - 16 16
[2022-08-21 23:22:15,957] {logging_mixin.py:115} INFO - Paginas:  5000
[2022-08-21 23:22:15,958] {logging_mixin.py:115} INFO - Contador:  96
[2022-08-21 23:22:15,958] {logging_mixin.py:115} INFO - Linhas:  475000
[2022-08-21 23:22:29,834] {logging_mixin.py:115} INFO - 16 16
[2022-08-21 23:22:45,105] {logging_mixin.py:115} INFO - Paginas:  5000
[2022-08-21 23:22:45,105] {logging_mixin.py:115} INFO - Contador:  97
[2022-08-21 23:22:45,105] {logging_mixin.py:115} INFO - Linhas:  480000
[2022-08-21 23:23:01,031] {logging_mixin.py:115} INFO - 16 16
[2022-08-21 23:23:24,462] {logging_mixin.py:115} INFO - Paginas:  5000
[2022-08-21 23:23:24,462] {logging_mixin.py:115} INFO - Contador:  98
[2022-08-21 23:23:24,462] {logging_mixin.py:115} INFO - Linhas:  485000
[2022-08-21 23:23:40,492] {logging_mixin.py:115} INFO - 16 16
[2022-08-21 23:24:01,115] {logging_mixin.py:115} INFO - Paginas:  5000
[2022-08-21 23:24:01,115] {logging_mixin.py:115} INFO - Contador:  99
[2022-08-21 23:24:01,116] {logging_mixin.py:115} INFO - Linhas:  490000
[2022-08-21 23:24:16,706] {logging_mixin.py:115} INFO - 16 16
[2022-08-21 23:24:37,397] {logging_mixin.py:115} INFO - Paginas:  5000
[2022-08-21 23:24:37,397] {logging_mixin.py:115} INFO - Contador:  100
[2022-08-21 23:24:37,397] {logging_mixin.py:115} INFO - Linhas:  495000
[2022-08-21 23:24:52,800] {logging_mixin.py:115} INFO - 16 16
[2022-08-21 23:25:25,544] {logging_mixin.py:115} INFO - Paginas:  5000
[2022-08-21 23:25:25,544] {logging_mixin.py:115} INFO - Contador:  101
[2022-08-21 23:25:25,544] {logging_mixin.py:115} INFO - Linhas:  500000
[2022-08-21 23:25:42,464] {logging_mixin.py:115} INFO - 16 16
[2022-08-21 23:25:58,591] {logging_mixin.py:115} INFO - Paginas:  5000
[2022-08-21 23:25:58,591] {logging_mixin.py:115} INFO - Contador:  102
[2022-08-21 23:25:58,591] {logging_mixin.py:115} INFO - Linhas:  505000
[2022-08-21 23:26:14,574] {logging_mixin.py:115} INFO - 16 16
[2022-08-21 23:26:34,351] {logging_mixin.py:115} INFO - Paginas:  5000
[2022-08-21 23:26:34,352] {logging_mixin.py:115} INFO - Contador:  103
[2022-08-21 23:26:34,352] {logging_mixin.py:115} INFO - Linhas:  510000
[2022-08-21 23:26:48,940] {logging_mixin.py:115} INFO - 16 16
[2022-08-21 23:26:53,324] {logging_mixin.py:115} INFO - Paginas:  5000
[2022-08-21 23:26:53,324] {logging_mixin.py:115} INFO - Contador:  104
[2022-08-21 23:26:53,324] {logging_mixin.py:115} INFO - Linhas:  515000
[2022-08-21 23:27:06,188] {logging_mixin.py:115} INFO - 16 6
[2022-08-21 23:27:06,202] {logging_mixin.py:115} INFO - quebrou:  len(df.columns)  6
[2022-08-21 23:27:06,202] {python.py:173} INFO - Done. Returned value was: None
[2022-08-21 23:27:06,215] {taskinstance.py:1420} INFO - Marking task as SUCCESS. dag_id=carga_deskmanager, task_id=popula_DeskManagerInteracoesAF, execution_date=20220820T220000, start_date=20220821T223435, end_date=20220821T232706
[2022-08-21 23:27:06,343] {local_task_job.py:156} INFO - Task exited with return code 0
[2022-08-21 23:27:06,499] {local_task_job.py:273} INFO - 1 downstream tasks scheduled from follow-on schedule check
