[2022-08-18 12:55:28,037] {taskinstance.py:1179} INFO - Dependencies all met for <TaskInstance: carga_deskmanager.popula_DeskManagerInteracoesAF manual__2022-08-18T12:31:02.514988+00:00 [queued]>
[2022-08-18 12:55:28,046] {taskinstance.py:1179} INFO - Dependencies all met for <TaskInstance: carga_deskmanager.popula_DeskManagerInteracoesAF manual__2022-08-18T12:31:02.514988+00:00 [queued]>
[2022-08-18 12:55:28,047] {taskinstance.py:1376} INFO - 
--------------------------------------------------------------------------------
[2022-08-18 12:55:28,047] {taskinstance.py:1377} INFO - Starting attempt 1 of 1
[2022-08-18 12:55:28,047] {taskinstance.py:1378} INFO - 
--------------------------------------------------------------------------------
[2022-08-18 12:55:28,063] {taskinstance.py:1397} INFO - Executing <Task(PythonOperator): popula_DeskManagerInteracoesAF> on 2022-08-18 12:31:02.514988+00:00
[2022-08-18 12:55:28,069] {standard_task_runner.py:52} INFO - Started process 1847 to run task
[2022-08-18 12:55:28,077] {standard_task_runner.py:79} INFO - Running: ['***', 'tasks', 'run', 'carga_deskmanager', 'popula_DeskManagerInteracoesAF', 'manual__2022-08-18T12:31:02.514988+00:00', '--job-id', '4', '--raw', '--subdir', 'DAGS_FOLDER/etl_deskmanager.py', '--cfg-path', '/tmp/tmp6fouin0o', '--error-file', '/tmp/tmprd4wpua0']
[2022-08-18 12:55:28,078] {standard_task_runner.py:80} INFO - Job 4: Subtask popula_DeskManagerInteracoesAF
[2022-08-18 12:55:28,157] {task_command.py:371} INFO - Running <TaskInstance: carga_deskmanager.popula_DeskManagerInteracoesAF manual__2022-08-18T12:31:02.514988+00:00 [running]> on host 616fda3d6fc3
[2022-08-18 12:55:28,257] {taskinstance.py:1591} INFO - Exporting the following env vars:
AIRFLOW_CTX_DAG_EMAIL=clecio.antao@gmail.com
AIRFLOW_CTX_DAG_OWNER=***
AIRFLOW_CTX_DAG_ID=carga_deskmanager
AIRFLOW_CTX_TASK_ID=popula_DeskManagerInteracoesAF
AIRFLOW_CTX_EXECUTION_DATE=2022-08-18T12:31:02.514988+00:00
AIRFLOW_CTX_TRY_NUMBER=1
AIRFLOW_CTX_DAG_RUN_ID=manual__2022-08-18T12:31:02.514988+00:00
[2022-08-18 12:55:28,261] {logging_mixin.py:115} INFO - sucesso
[2022-08-18 12:55:29,139] {logging_mixin.py:115} INFO - Token:  dGVjYmFu#eb2a911a25809c785c476388c28bf8003f525685
[2022-08-18 12:55:29,139] {logging_mixin.py:115} INFO - Relatorio:  878
[2022-08-18 12:55:29,139] {logging_mixin.py:115} INFO - Tabela:  DeskManagerInteracoesAF
[2022-08-18 12:56:11,645] {logging_mixin.py:115} INFO - Paginas:  5000
[2022-08-18 12:56:11,646] {logging_mixin.py:115} INFO - Contador:  1
[2022-08-18 12:56:11,646] {logging_mixin.py:115} INFO - Linhas:  0
[2022-08-18 12:56:18,698] {logging_mixin.py:115} INFO - 16 16
[2022-08-18 12:56:30,439] {logging_mixin.py:115} INFO - Paginas:  5000
[2022-08-18 12:56:30,439] {logging_mixin.py:115} INFO - Contador:  2
[2022-08-18 12:56:30,439] {logging_mixin.py:115} INFO - Linhas:  5000
[2022-08-18 12:56:38,708] {logging_mixin.py:115} INFO - 16 16
[2022-08-18 12:56:53,583] {logging_mixin.py:115} INFO - Paginas:  5000
[2022-08-18 12:56:53,583] {logging_mixin.py:115} INFO - Contador:  3
[2022-08-18 12:56:53,583] {logging_mixin.py:115} INFO - Linhas:  10000
[2022-08-18 12:57:00,799] {logging_mixin.py:115} INFO - 16 16
[2022-08-18 12:57:13,057] {logging_mixin.py:115} INFO - Paginas:  5000
[2022-08-18 12:57:13,057] {logging_mixin.py:115} INFO - Contador:  4
[2022-08-18 12:57:13,057] {logging_mixin.py:115} INFO - Linhas:  15000
[2022-08-18 12:57:22,154] {logging_mixin.py:115} INFO - 16 16
[2022-08-18 12:57:32,483] {logging_mixin.py:115} INFO - Paginas:  5000
[2022-08-18 12:57:32,483] {logging_mixin.py:115} INFO - Contador:  5
[2022-08-18 12:57:32,483] {logging_mixin.py:115} INFO - Linhas:  20000
[2022-08-18 12:57:40,899] {logging_mixin.py:115} INFO - 16 16
[2022-08-18 12:57:53,595] {logging_mixin.py:115} INFO - Paginas:  5000
[2022-08-18 12:57:53,595] {logging_mixin.py:115} INFO - Contador:  6
[2022-08-18 12:57:53,595] {logging_mixin.py:115} INFO - Linhas:  25000
[2022-08-18 12:58:01,661] {logging_mixin.py:115} INFO - 16 16
[2022-08-18 12:58:11,038] {logging_mixin.py:115} INFO - Paginas:  5000
[2022-08-18 12:58:11,038] {logging_mixin.py:115} INFO - Contador:  7
[2022-08-18 12:58:11,038] {logging_mixin.py:115} INFO - Linhas:  30000
[2022-08-18 12:58:18,849] {logging_mixin.py:115} INFO - 16 16
[2022-08-18 12:58:28,062] {logging_mixin.py:115} INFO - Paginas:  5000
[2022-08-18 12:58:28,062] {logging_mixin.py:115} INFO - Contador:  8
[2022-08-18 12:58:28,062] {logging_mixin.py:115} INFO - Linhas:  35000
[2022-08-18 12:58:35,779] {logging_mixin.py:115} INFO - 16 16
[2022-08-18 12:58:46,709] {logging_mixin.py:115} INFO - Paginas:  5000
[2022-08-18 12:58:46,709] {logging_mixin.py:115} INFO - Contador:  9
[2022-08-18 12:58:46,709] {logging_mixin.py:115} INFO - Linhas:  40000
[2022-08-18 12:58:55,400] {logging_mixin.py:115} INFO - 16 16
[2022-08-18 12:59:05,558] {logging_mixin.py:115} INFO - Paginas:  5000
[2022-08-18 12:59:05,558] {logging_mixin.py:115} INFO - Contador:  10
[2022-08-18 12:59:05,558] {logging_mixin.py:115} INFO - Linhas:  45000
[2022-08-18 12:59:13,532] {logging_mixin.py:115} INFO - 16 16
[2022-08-18 12:59:23,180] {logging_mixin.py:115} INFO - Paginas:  5000
[2022-08-18 12:59:23,181] {logging_mixin.py:115} INFO - Contador:  11
[2022-08-18 12:59:23,181] {logging_mixin.py:115} INFO - Linhas:  50000
[2022-08-18 12:59:31,750] {logging_mixin.py:115} INFO - 16 16
[2022-08-18 12:59:39,679] {logging_mixin.py:115} INFO - Paginas:  5000
[2022-08-18 12:59:39,679] {logging_mixin.py:115} INFO - Contador:  12
[2022-08-18 12:59:39,679] {logging_mixin.py:115} INFO - Linhas:  55000
[2022-08-18 12:59:48,014] {logging_mixin.py:115} INFO - 16 16
[2022-08-18 12:59:59,194] {logging_mixin.py:115} INFO - Paginas:  5000
[2022-08-18 12:59:59,194] {logging_mixin.py:115} INFO - Contador:  13
[2022-08-18 12:59:59,194] {logging_mixin.py:115} INFO - Linhas:  60000
[2022-08-18 13:00:07,871] {logging_mixin.py:115} INFO - 16 16
[2022-08-18 13:00:15,889] {logging_mixin.py:115} INFO - Paginas:  5000
[2022-08-18 13:00:15,889] {logging_mixin.py:115} INFO - Contador:  14
[2022-08-18 13:00:15,889] {logging_mixin.py:115} INFO - Linhas:  65000
[2022-08-18 13:00:24,277] {logging_mixin.py:115} INFO - 16 16
[2022-08-18 13:00:30,982] {logging_mixin.py:115} INFO - Paginas:  5000
[2022-08-18 13:00:30,983] {logging_mixin.py:115} INFO - Contador:  15
[2022-08-18 13:00:30,983] {logging_mixin.py:115} INFO - Linhas:  70000
[2022-08-18 13:00:40,250] {logging_mixin.py:115} INFO - 16 16
[2022-08-18 13:00:48,794] {logging_mixin.py:115} INFO - Paginas:  5000
[2022-08-18 13:00:48,794] {logging_mixin.py:115} INFO - Contador:  16
[2022-08-18 13:00:48,795] {logging_mixin.py:115} INFO - Linhas:  75000
[2022-08-18 13:00:58,513] {logging_mixin.py:115} INFO - 16 16
[2022-08-18 13:01:06,377] {logging_mixin.py:115} INFO - Paginas:  5000
[2022-08-18 13:01:06,377] {logging_mixin.py:115} INFO - Contador:  17
[2022-08-18 13:01:06,377] {logging_mixin.py:115} INFO - Linhas:  80000
[2022-08-18 13:01:15,984] {logging_mixin.py:115} INFO - 16 16
[2022-08-18 13:01:23,552] {logging_mixin.py:115} INFO - Paginas:  5000
[2022-08-18 13:01:23,552] {logging_mixin.py:115} INFO - Contador:  18
[2022-08-18 13:01:23,553] {logging_mixin.py:115} INFO - Linhas:  85000
[2022-08-18 13:01:32,430] {logging_mixin.py:115} INFO - 16 16
[2022-08-18 13:01:39,366] {logging_mixin.py:115} INFO - Paginas:  5000
[2022-08-18 13:01:39,366] {logging_mixin.py:115} INFO - Contador:  19
[2022-08-18 13:01:39,367] {logging_mixin.py:115} INFO - Linhas:  90000
[2022-08-18 13:01:48,362] {logging_mixin.py:115} INFO - 16 16
[2022-08-18 13:01:56,298] {logging_mixin.py:115} INFO - Paginas:  5000
[2022-08-18 13:01:56,299] {logging_mixin.py:115} INFO - Contador:  20
[2022-08-18 13:01:56,299] {logging_mixin.py:115} INFO - Linhas:  95000
[2022-08-18 13:02:05,163] {logging_mixin.py:115} INFO - 16 16
[2022-08-18 13:02:13,949] {logging_mixin.py:115} INFO - Paginas:  5000
[2022-08-18 13:02:13,950] {logging_mixin.py:115} INFO - Contador:  21
[2022-08-18 13:02:13,950] {logging_mixin.py:115} INFO - Linhas:  100000
[2022-08-18 13:02:23,269] {logging_mixin.py:115} INFO - 16 16
[2022-08-18 13:02:30,937] {logging_mixin.py:115} INFO - Paginas:  5000
[2022-08-18 13:02:30,937] {logging_mixin.py:115} INFO - Contador:  22
[2022-08-18 13:02:30,937] {logging_mixin.py:115} INFO - Linhas:  105000
[2022-08-18 13:02:42,208] {logging_mixin.py:115} INFO - 16 16
[2022-08-18 13:02:50,566] {logging_mixin.py:115} INFO - Paginas:  5000
[2022-08-18 13:02:50,566] {logging_mixin.py:115} INFO - Contador:  23
[2022-08-18 13:02:50,566] {logging_mixin.py:115} INFO - Linhas:  110000
[2022-08-18 13:02:59,578] {logging_mixin.py:115} INFO - 16 16
[2022-08-18 13:03:08,217] {logging_mixin.py:115} INFO - Paginas:  5000
[2022-08-18 13:03:08,217] {logging_mixin.py:115} INFO - Contador:  24
[2022-08-18 13:03:08,217] {logging_mixin.py:115} INFO - Linhas:  115000
[2022-08-18 13:03:17,254] {logging_mixin.py:115} INFO - 16 16
[2022-08-18 13:03:24,286] {logging_mixin.py:115} INFO - Paginas:  5000
[2022-08-18 13:03:24,287] {logging_mixin.py:115} INFO - Contador:  25
[2022-08-18 13:03:24,287] {logging_mixin.py:115} INFO - Linhas:  120000
[2022-08-18 13:03:33,234] {logging_mixin.py:115} INFO - 16 16
[2022-08-18 13:03:41,073] {logging_mixin.py:115} INFO - Paginas:  5000
[2022-08-18 13:03:41,073] {logging_mixin.py:115} INFO - Contador:  26
[2022-08-18 13:03:41,073] {logging_mixin.py:115} INFO - Linhas:  125000
[2022-08-18 13:03:51,180] {logging_mixin.py:115} INFO - 16 16
[2022-08-18 13:04:00,879] {logging_mixin.py:115} INFO - Paginas:  5000
[2022-08-18 13:04:00,880] {logging_mixin.py:115} INFO - Contador:  27
[2022-08-18 13:04:00,880] {logging_mixin.py:115} INFO - Linhas:  130000
[2022-08-18 13:04:14,034] {logging_mixin.py:115} INFO - 16 16
[2022-08-18 13:04:22,324] {logging_mixin.py:115} INFO - Paginas:  5000
[2022-08-18 13:04:22,324] {logging_mixin.py:115} INFO - Contador:  28
[2022-08-18 13:04:22,324] {logging_mixin.py:115} INFO - Linhas:  135000
[2022-08-18 13:04:31,332] {logging_mixin.py:115} INFO - 16 16
[2022-08-18 13:04:44,271] {logging_mixin.py:115} INFO - Paginas:  5000
[2022-08-18 13:04:44,271] {logging_mixin.py:115} INFO - Contador:  29
[2022-08-18 13:04:44,271] {logging_mixin.py:115} INFO - Linhas:  140000
[2022-08-18 13:04:54,478] {logging_mixin.py:115} INFO - 16 16
[2022-08-18 13:05:03,663] {logging_mixin.py:115} INFO - Paginas:  5000
[2022-08-18 13:05:03,663] {logging_mixin.py:115} INFO - Contador:  30
[2022-08-18 13:05:03,663] {logging_mixin.py:115} INFO - Linhas:  145000
[2022-08-18 13:05:14,357] {logging_mixin.py:115} INFO - 16 16
[2022-08-18 13:05:23,145] {logging_mixin.py:115} INFO - Paginas:  5000
[2022-08-18 13:05:23,145] {logging_mixin.py:115} INFO - Contador:  31
[2022-08-18 13:05:23,145] {logging_mixin.py:115} INFO - Linhas:  150000
[2022-08-18 13:05:33,593] {logging_mixin.py:115} INFO - 16 16
[2022-08-18 13:05:40,591] {logging_mixin.py:115} INFO - Paginas:  5000
[2022-08-18 13:05:40,591] {logging_mixin.py:115} INFO - Contador:  32
[2022-08-18 13:05:40,591] {logging_mixin.py:115} INFO - Linhas:  155000
[2022-08-18 13:05:50,008] {logging_mixin.py:115} INFO - 16 16
[2022-08-18 13:05:58,046] {logging_mixin.py:115} INFO - Paginas:  5000
[2022-08-18 13:05:58,046] {logging_mixin.py:115} INFO - Contador:  33
[2022-08-18 13:05:58,046] {logging_mixin.py:115} INFO - Linhas:  160000
[2022-08-18 13:06:08,336] {logging_mixin.py:115} INFO - 16 16
[2022-08-18 13:06:16,582] {logging_mixin.py:115} INFO - Paginas:  5000
[2022-08-18 13:06:16,582] {logging_mixin.py:115} INFO - Contador:  34
[2022-08-18 13:06:16,582] {logging_mixin.py:115} INFO - Linhas:  165000
[2022-08-18 13:06:26,721] {logging_mixin.py:115} INFO - 16 16
[2022-08-18 13:06:34,429] {logging_mixin.py:115} INFO - Paginas:  5000
[2022-08-18 13:06:34,429] {logging_mixin.py:115} INFO - Contador:  35
[2022-08-18 13:06:34,429] {logging_mixin.py:115} INFO - Linhas:  170000
[2022-08-18 13:06:45,112] {logging_mixin.py:115} INFO - 16 16
[2022-08-18 13:06:54,809] {logging_mixin.py:115} INFO - Paginas:  5000
[2022-08-18 13:06:54,809] {logging_mixin.py:115} INFO - Contador:  36
[2022-08-18 13:06:54,810] {logging_mixin.py:115} INFO - Linhas:  175000
[2022-08-18 13:07:05,630] {logging_mixin.py:115} INFO - 16 16
[2022-08-18 13:07:13,948] {logging_mixin.py:115} INFO - Paginas:  5000
[2022-08-18 13:07:13,948] {logging_mixin.py:115} INFO - Contador:  37
[2022-08-18 13:07:13,948] {logging_mixin.py:115} INFO - Linhas:  180000
[2022-08-18 13:07:24,971] {logging_mixin.py:115} INFO - 16 16
[2022-08-18 13:07:33,012] {logging_mixin.py:115} INFO - Paginas:  5000
[2022-08-18 13:07:33,012] {logging_mixin.py:115} INFO - Contador:  38
[2022-08-18 13:07:33,012] {logging_mixin.py:115} INFO - Linhas:  185000
[2022-08-18 13:07:42,930] {logging_mixin.py:115} INFO - 16 16
[2022-08-18 13:07:53,120] {logging_mixin.py:115} INFO - Paginas:  5000
[2022-08-18 13:07:53,121] {logging_mixin.py:115} INFO - Contador:  39
[2022-08-18 13:07:53,121] {logging_mixin.py:115} INFO - Linhas:  190000
[2022-08-18 13:08:03,728] {logging_mixin.py:115} INFO - 16 16
[2022-08-18 13:08:10,674] {logging_mixin.py:115} INFO - Paginas:  5000
[2022-08-18 13:08:10,674] {logging_mixin.py:115} INFO - Contador:  40
[2022-08-18 13:08:10,674] {logging_mixin.py:115} INFO - Linhas:  195000
[2022-08-18 13:08:23,148] {logging_mixin.py:115} INFO - 16 16
[2022-08-18 13:08:31,165] {logging_mixin.py:115} INFO - Paginas:  5000
[2022-08-18 13:08:31,165] {logging_mixin.py:115} INFO - Contador:  41
[2022-08-18 13:08:31,165] {logging_mixin.py:115} INFO - Linhas:  200000
[2022-08-18 13:08:41,620] {logging_mixin.py:115} INFO - 16 16
[2022-08-18 13:08:50,458] {logging_mixin.py:115} INFO - Paginas:  5000
[2022-08-18 13:08:50,458] {logging_mixin.py:115} INFO - Contador:  42
[2022-08-18 13:08:50,458] {logging_mixin.py:115} INFO - Linhas:  205000
[2022-08-18 13:09:01,415] {logging_mixin.py:115} INFO - 16 16
[2022-08-18 13:09:10,691] {logging_mixin.py:115} INFO - Paginas:  5000
[2022-08-18 13:09:10,691] {logging_mixin.py:115} INFO - Contador:  43
[2022-08-18 13:09:10,691] {logging_mixin.py:115} INFO - Linhas:  210000
[2022-08-18 13:09:21,633] {logging_mixin.py:115} INFO - 16 16
[2022-08-18 13:09:30,266] {logging_mixin.py:115} INFO - Paginas:  5000
[2022-08-18 13:09:30,267] {logging_mixin.py:115} INFO - Contador:  44
[2022-08-18 13:09:30,267] {logging_mixin.py:115} INFO - Linhas:  215000
[2022-08-18 13:09:41,415] {logging_mixin.py:115} INFO - 16 16
[2022-08-18 13:09:48,517] {logging_mixin.py:115} INFO - Paginas:  5000
[2022-08-18 13:09:48,517] {logging_mixin.py:115} INFO - Contador:  45
[2022-08-18 13:09:48,517] {logging_mixin.py:115} INFO - Linhas:  220000
[2022-08-18 13:10:00,126] {logging_mixin.py:115} INFO - 16 16
[2022-08-18 13:10:09,436] {logging_mixin.py:115} INFO - Paginas:  5000
[2022-08-18 13:10:09,436] {logging_mixin.py:115} INFO - Contador:  46
[2022-08-18 13:10:09,436] {logging_mixin.py:115} INFO - Linhas:  225000
[2022-08-18 13:10:21,270] {logging_mixin.py:115} INFO - 16 16
[2022-08-18 13:10:28,949] {logging_mixin.py:115} INFO - Paginas:  5000
[2022-08-18 13:10:28,949] {logging_mixin.py:115} INFO - Contador:  47
[2022-08-18 13:10:28,949] {logging_mixin.py:115} INFO - Linhas:  230000
[2022-08-18 13:10:39,779] {logging_mixin.py:115} INFO - 16 16
[2022-08-18 13:10:46,670] {logging_mixin.py:115} INFO - Paginas:  5000
[2022-08-18 13:10:46,670] {logging_mixin.py:115} INFO - Contador:  48
[2022-08-18 13:10:46,670] {logging_mixin.py:115} INFO - Linhas:  235000
[2022-08-18 13:11:00,025] {logging_mixin.py:115} INFO - 16 16
[2022-08-18 13:11:11,306] {logging_mixin.py:115} INFO - Paginas:  5000
[2022-08-18 13:11:11,306] {logging_mixin.py:115} INFO - Contador:  49
[2022-08-18 13:11:11,306] {logging_mixin.py:115} INFO - Linhas:  240000
[2022-08-18 13:11:23,139] {logging_mixin.py:115} INFO - 16 16
[2022-08-18 13:11:30,387] {logging_mixin.py:115} INFO - Paginas:  5000
[2022-08-18 13:11:30,387] {logging_mixin.py:115} INFO - Contador:  50
[2022-08-18 13:11:30,387] {logging_mixin.py:115} INFO - Linhas:  245000
[2022-08-18 13:11:42,097] {logging_mixin.py:115} INFO - 16 16
[2022-08-18 13:11:49,308] {logging_mixin.py:115} INFO - Paginas:  5000
[2022-08-18 13:11:49,309] {logging_mixin.py:115} INFO - Contador:  51
[2022-08-18 13:11:49,309] {logging_mixin.py:115} INFO - Linhas:  250000
[2022-08-18 13:12:02,877] {logging_mixin.py:115} INFO - 16 16
[2022-08-18 13:12:14,183] {logging_mixin.py:115} INFO - Paginas:  5000
[2022-08-18 13:12:14,183] {logging_mixin.py:115} INFO - Contador:  52
[2022-08-18 13:12:14,183] {logging_mixin.py:115} INFO - Linhas:  255000
[2022-08-18 13:12:26,154] {logging_mixin.py:115} INFO - 16 16
[2022-08-18 13:12:34,875] {logging_mixin.py:115} INFO - Paginas:  5000
[2022-08-18 13:12:34,875] {logging_mixin.py:115} INFO - Contador:  53
[2022-08-18 13:12:34,875] {logging_mixin.py:115} INFO - Linhas:  260000
[2022-08-18 13:12:46,641] {logging_mixin.py:115} INFO - 16 15
[2022-08-18 13:12:58,408] {logging_mixin.py:115} INFO - Paginas:  5000
[2022-08-18 13:12:58,408] {logging_mixin.py:115} INFO - Contador:  54
[2022-08-18 13:12:58,408] {logging_mixin.py:115} INFO - Linhas:  265000
[2022-08-18 13:13:11,286] {logging_mixin.py:115} INFO - 16 16
[2022-08-18 13:13:21,284] {logging_mixin.py:115} INFO - Paginas:  5000
[2022-08-18 13:13:21,284] {logging_mixin.py:115} INFO - Contador:  55
[2022-08-18 13:13:21,284] {logging_mixin.py:115} INFO - Linhas:  270000
[2022-08-18 13:13:33,053] {logging_mixin.py:115} INFO - 16 16
[2022-08-18 13:13:40,822] {logging_mixin.py:115} INFO - Paginas:  5000
[2022-08-18 13:13:40,822] {logging_mixin.py:115} INFO - Contador:  56
[2022-08-18 13:13:40,822] {logging_mixin.py:115} INFO - Linhas:  275000
[2022-08-18 13:13:53,790] {logging_mixin.py:115} INFO - 16 16
[2022-08-18 13:14:03,661] {logging_mixin.py:115} INFO - Paginas:  5000
[2022-08-18 13:14:03,661] {logging_mixin.py:115} INFO - Contador:  57
[2022-08-18 13:14:03,661] {logging_mixin.py:115} INFO - Linhas:  280000
[2022-08-18 13:14:15,483] {logging_mixin.py:115} INFO - 16 16
[2022-08-18 13:14:25,599] {logging_mixin.py:115} INFO - Paginas:  5000
[2022-08-18 13:14:25,599] {logging_mixin.py:115} INFO - Contador:  58
[2022-08-18 13:14:25,599] {logging_mixin.py:115} INFO - Linhas:  285000
[2022-08-18 13:14:38,719] {logging_mixin.py:115} INFO - 16 16
[2022-08-18 13:14:46,434] {logging_mixin.py:115} INFO - Paginas:  5000
[2022-08-18 13:14:46,434] {logging_mixin.py:115} INFO - Contador:  59
[2022-08-18 13:14:46,434] {logging_mixin.py:115} INFO - Linhas:  290000
[2022-08-18 13:15:00,683] {logging_mixin.py:115} INFO - 16 16
[2022-08-18 13:15:07,986] {logging_mixin.py:115} INFO - Paginas:  5000
[2022-08-18 13:15:07,986] {logging_mixin.py:115} INFO - Contador:  60
[2022-08-18 13:15:07,986] {logging_mixin.py:115} INFO - Linhas:  295000
[2022-08-18 13:15:19,350] {logging_mixin.py:115} INFO - 16 16
[2022-08-18 13:15:27,334] {logging_mixin.py:115} INFO - Paginas:  5000
[2022-08-18 13:15:27,334] {logging_mixin.py:115} INFO - Contador:  61
[2022-08-18 13:15:27,334] {logging_mixin.py:115} INFO - Linhas:  300000
[2022-08-18 13:15:39,989] {logging_mixin.py:115} INFO - 16 16
[2022-08-18 13:15:46,487] {logging_mixin.py:115} INFO - Paginas:  5000
[2022-08-18 13:15:46,487] {logging_mixin.py:115} INFO - Contador:  62
[2022-08-18 13:15:46,487] {logging_mixin.py:115} INFO - Linhas:  305000
[2022-08-18 13:15:59,221] {logging_mixin.py:115} INFO - 16 16
[2022-08-18 13:16:08,004] {logging_mixin.py:115} INFO - Paginas:  5000
[2022-08-18 13:16:08,004] {logging_mixin.py:115} INFO - Contador:  63
[2022-08-18 13:16:08,004] {logging_mixin.py:115} INFO - Linhas:  310000
[2022-08-18 13:16:20,552] {logging_mixin.py:115} INFO - 16 16
[2022-08-18 13:16:28,862] {logging_mixin.py:115} INFO - Paginas:  5000
[2022-08-18 13:16:28,862] {logging_mixin.py:115} INFO - Contador:  64
[2022-08-18 13:16:28,862] {logging_mixin.py:115} INFO - Linhas:  315000
[2022-08-18 13:16:42,638] {logging_mixin.py:115} INFO - 16 16
[2022-08-18 13:16:49,765] {logging_mixin.py:115} INFO - Paginas:  5000
[2022-08-18 13:16:49,765] {logging_mixin.py:115} INFO - Contador:  65
[2022-08-18 13:16:49,765] {logging_mixin.py:115} INFO - Linhas:  320000
[2022-08-18 13:17:02,834] {logging_mixin.py:115} INFO - 16 16
[2022-08-18 13:17:10,264] {logging_mixin.py:115} INFO - Paginas:  5000
[2022-08-18 13:17:10,264] {logging_mixin.py:115} INFO - Contador:  66
[2022-08-18 13:17:10,264] {logging_mixin.py:115} INFO - Linhas:  325000
[2022-08-18 13:17:23,734] {logging_mixin.py:115} INFO - 16 16
[2022-08-18 13:17:32,738] {logging_mixin.py:115} INFO - Paginas:  5000
[2022-08-18 13:17:32,738] {logging_mixin.py:115} INFO - Contador:  67
[2022-08-18 13:17:32,738] {logging_mixin.py:115} INFO - Linhas:  330000
[2022-08-18 13:17:44,909] {logging_mixin.py:115} INFO - 16 16
[2022-08-18 13:17:55,525] {logging_mixin.py:115} INFO - Paginas:  5000
[2022-08-18 13:17:55,525] {logging_mixin.py:115} INFO - Contador:  68
[2022-08-18 13:17:55,525] {logging_mixin.py:115} INFO - Linhas:  335000
[2022-08-18 13:18:07,911] {logging_mixin.py:115} INFO - 16 16
[2022-08-18 13:18:14,558] {logging_mixin.py:115} INFO - Paginas:  5000
[2022-08-18 13:18:14,558] {logging_mixin.py:115} INFO - Contador:  69
[2022-08-18 13:18:14,558] {logging_mixin.py:115} INFO - Linhas:  340000
[2022-08-18 13:18:27,932] {logging_mixin.py:115} INFO - 16 16
[2022-08-18 13:18:36,415] {logging_mixin.py:115} INFO - Paginas:  5000
[2022-08-18 13:18:36,415] {logging_mixin.py:115} INFO - Contador:  70
[2022-08-18 13:18:36,415] {logging_mixin.py:115} INFO - Linhas:  345000
[2022-08-18 13:18:50,728] {logging_mixin.py:115} INFO - 16 16
[2022-08-18 13:18:59,371] {logging_mixin.py:115} INFO - Paginas:  5000
[2022-08-18 13:18:59,371] {logging_mixin.py:115} INFO - Contador:  71
[2022-08-18 13:18:59,371] {logging_mixin.py:115} INFO - Linhas:  350000
[2022-08-18 13:19:12,816] {logging_mixin.py:115} INFO - 16 16
[2022-08-18 13:19:22,466] {logging_mixin.py:115} INFO - Paginas:  5000
[2022-08-18 13:19:22,466] {logging_mixin.py:115} INFO - Contador:  72
[2022-08-18 13:19:22,466] {logging_mixin.py:115} INFO - Linhas:  355000
[2022-08-18 13:19:35,403] {logging_mixin.py:115} INFO - 16 16
[2022-08-18 13:19:43,076] {logging_mixin.py:115} INFO - Paginas:  5000
[2022-08-18 13:19:43,076] {logging_mixin.py:115} INFO - Contador:  73
[2022-08-18 13:19:43,076] {logging_mixin.py:115} INFO - Linhas:  360000
[2022-08-18 13:19:57,061] {logging_mixin.py:115} INFO - 16 16
[2022-08-18 13:20:09,062] {logging_mixin.py:115} INFO - Paginas:  5000
[2022-08-18 13:20:09,062] {logging_mixin.py:115} INFO - Contador:  74
[2022-08-18 13:20:09,062] {logging_mixin.py:115} INFO - Linhas:  365000
[2022-08-18 13:20:22,036] {logging_mixin.py:115} INFO - 16 16
[2022-08-18 13:20:33,653] {logging_mixin.py:115} INFO - Paginas:  5000
[2022-08-18 13:20:33,653] {logging_mixin.py:115} INFO - Contador:  75
[2022-08-18 13:20:33,653] {logging_mixin.py:115} INFO - Linhas:  370000
[2022-08-18 13:20:48,024] {logging_mixin.py:115} INFO - 16 16
[2022-08-18 13:20:57,417] {logging_mixin.py:115} INFO - Paginas:  5000
[2022-08-18 13:20:57,417] {logging_mixin.py:115} INFO - Contador:  76
[2022-08-18 13:20:57,417] {logging_mixin.py:115} INFO - Linhas:  375000
[2022-08-18 13:21:10,514] {logging_mixin.py:115} INFO - 16 16
[2022-08-18 13:21:18,838] {logging_mixin.py:115} INFO - Paginas:  5000
[2022-08-18 13:21:18,838] {logging_mixin.py:115} INFO - Contador:  77
[2022-08-18 13:21:18,838] {logging_mixin.py:115} INFO - Linhas:  380000
[2022-08-18 13:21:31,751] {logging_mixin.py:115} INFO - 16 16
[2022-08-18 13:21:44,282] {logging_mixin.py:115} INFO - Paginas:  5000
[2022-08-18 13:21:44,282] {logging_mixin.py:115} INFO - Contador:  78
[2022-08-18 13:21:44,282] {logging_mixin.py:115} INFO - Linhas:  385000
[2022-08-18 13:22:00,652] {logging_mixin.py:115} INFO - 16 16
[2022-08-18 13:22:12,781] {logging_mixin.py:115} INFO - Paginas:  5000
[2022-08-18 13:22:12,781] {logging_mixin.py:115} INFO - Contador:  79
[2022-08-18 13:22:12,781] {logging_mixin.py:115} INFO - Linhas:  390000
[2022-08-18 13:22:27,787] {logging_mixin.py:115} INFO - 16 16
[2022-08-18 13:22:35,469] {logging_mixin.py:115} INFO - Paginas:  5000
[2022-08-18 13:22:35,469] {logging_mixin.py:115} INFO - Contador:  80
[2022-08-18 13:22:35,469] {logging_mixin.py:115} INFO - Linhas:  395000
[2022-08-18 13:22:48,458] {logging_mixin.py:115} INFO - 16 16
[2022-08-18 13:22:56,497] {logging_mixin.py:115} INFO - Paginas:  5000
[2022-08-18 13:22:56,497] {logging_mixin.py:115} INFO - Contador:  81
[2022-08-18 13:22:56,497] {logging_mixin.py:115} INFO - Linhas:  400000
[2022-08-18 13:23:10,676] {logging_mixin.py:115} INFO - 16 16
[2022-08-18 13:23:21,851] {logging_mixin.py:115} INFO - Paginas:  5000
[2022-08-18 13:23:21,851] {logging_mixin.py:115} INFO - Contador:  82
[2022-08-18 13:23:21,851] {logging_mixin.py:115} INFO - Linhas:  405000
[2022-08-18 13:23:35,782] {logging_mixin.py:115} INFO - 16 16
[2022-08-18 13:23:44,365] {logging_mixin.py:115} INFO - Paginas:  5000
[2022-08-18 13:23:44,365] {logging_mixin.py:115} INFO - Contador:  83
[2022-08-18 13:23:44,365] {logging_mixin.py:115} INFO - Linhas:  410000
[2022-08-18 13:23:59,724] {logging_mixin.py:115} INFO - 16 16
[2022-08-18 13:24:08,574] {logging_mixin.py:115} INFO - Paginas:  5000
[2022-08-18 13:24:08,575] {logging_mixin.py:115} INFO - Contador:  84
[2022-08-18 13:24:08,575] {logging_mixin.py:115} INFO - Linhas:  415000
[2022-08-18 13:24:25,718] {logging_mixin.py:115} INFO - 16 16
[2022-08-18 13:24:33,829] {logging_mixin.py:115} INFO - Paginas:  5000
[2022-08-18 13:24:33,829] {logging_mixin.py:115} INFO - Contador:  85
[2022-08-18 13:24:33,829] {logging_mixin.py:115} INFO - Linhas:  420000
[2022-08-18 13:24:48,759] {logging_mixin.py:115} INFO - 16 16
[2022-08-18 13:24:58,138] {logging_mixin.py:115} INFO - Paginas:  5000
[2022-08-18 13:24:58,138] {logging_mixin.py:115} INFO - Contador:  86
[2022-08-18 13:24:58,138] {logging_mixin.py:115} INFO - Linhas:  425000
[2022-08-18 13:25:13,672] {logging_mixin.py:115} INFO - 16 16
[2022-08-18 13:25:23,896] {logging_mixin.py:115} INFO - Paginas:  5000
[2022-08-18 13:25:23,896] {logging_mixin.py:115} INFO - Contador:  87
[2022-08-18 13:25:23,896] {logging_mixin.py:115} INFO - Linhas:  430000
[2022-08-18 13:25:38,290] {logging_mixin.py:115} INFO - 16 16
[2022-08-18 13:25:45,558] {logging_mixin.py:115} INFO - Paginas:  5000
[2022-08-18 13:25:45,558] {logging_mixin.py:115} INFO - Contador:  88
[2022-08-18 13:25:45,558] {logging_mixin.py:115} INFO - Linhas:  435000
[2022-08-18 13:26:01,538] {logging_mixin.py:115} INFO - 16 16
[2022-08-18 13:26:09,772] {logging_mixin.py:115} INFO - Paginas:  5000
[2022-08-18 13:26:09,772] {logging_mixin.py:115} INFO - Contador:  89
[2022-08-18 13:26:09,773] {logging_mixin.py:115} INFO - Linhas:  440000
[2022-08-18 13:26:24,684] {logging_mixin.py:115} INFO - 16 16
[2022-08-18 13:26:35,906] {logging_mixin.py:115} INFO - Paginas:  5000
[2022-08-18 13:26:35,906] {logging_mixin.py:115} INFO - Contador:  90
[2022-08-18 13:26:35,906] {logging_mixin.py:115} INFO - Linhas:  445000
[2022-08-18 13:26:50,222] {logging_mixin.py:115} INFO - 16 16
[2022-08-18 13:27:03,701] {logging_mixin.py:115} INFO - Paginas:  5000
[2022-08-18 13:27:03,701] {logging_mixin.py:115} INFO - Contador:  91
[2022-08-18 13:27:03,701] {logging_mixin.py:115} INFO - Linhas:  450000
[2022-08-18 13:27:17,749] {logging_mixin.py:115} INFO - 16 16
[2022-08-18 13:27:28,033] {logging_mixin.py:115} INFO - Paginas:  5000
[2022-08-18 13:27:28,034] {logging_mixin.py:115} INFO - Contador:  92
[2022-08-18 13:27:28,034] {logging_mixin.py:115} INFO - Linhas:  455000
[2022-08-18 13:27:42,925] {logging_mixin.py:115} INFO - 16 16
[2022-08-18 13:27:50,666] {logging_mixin.py:115} INFO - Paginas:  5000
[2022-08-18 13:27:50,666] {logging_mixin.py:115} INFO - Contador:  93
[2022-08-18 13:27:50,666] {logging_mixin.py:115} INFO - Linhas:  460000
[2022-08-18 13:28:07,306] {logging_mixin.py:115} INFO - 16 16
[2022-08-18 13:28:15,146] {logging_mixin.py:115} INFO - Paginas:  5000
[2022-08-18 13:28:15,146] {logging_mixin.py:115} INFO - Contador:  94
[2022-08-18 13:28:15,147] {logging_mixin.py:115} INFO - Linhas:  465000
[2022-08-18 13:28:30,193] {logging_mixin.py:115} INFO - 16 16
[2022-08-18 13:28:40,485] {logging_mixin.py:115} INFO - Paginas:  5000
[2022-08-18 13:28:40,485] {logging_mixin.py:115} INFO - Contador:  95
[2022-08-18 13:28:40,485] {logging_mixin.py:115} INFO - Linhas:  470000
[2022-08-18 13:28:55,910] {logging_mixin.py:115} INFO - 16 16
[2022-08-18 13:29:03,832] {logging_mixin.py:115} INFO - Paginas:  5000
[2022-08-18 13:29:03,833] {logging_mixin.py:115} INFO - Contador:  96
[2022-08-18 13:29:03,833] {logging_mixin.py:115} INFO - Linhas:  475000
[2022-08-18 13:29:18,024] {logging_mixin.py:115} INFO - 16 16
[2022-08-18 13:29:24,162] {logging_mixin.py:115} INFO - Paginas:  5000
[2022-08-18 13:29:24,162] {logging_mixin.py:115} INFO - Contador:  97
[2022-08-18 13:29:24,162] {logging_mixin.py:115} INFO - Linhas:  480000
[2022-08-18 13:29:40,323] {logging_mixin.py:115} INFO - 16 16
[2022-08-18 13:29:49,270] {logging_mixin.py:115} INFO - Paginas:  5000
[2022-08-18 13:29:49,271] {logging_mixin.py:115} INFO - Contador:  98
[2022-08-18 13:29:49,271] {logging_mixin.py:115} INFO - Linhas:  485000
[2022-08-18 13:30:06,068] {logging_mixin.py:115} INFO - 16 16
[2022-08-18 13:30:15,612] {logging_mixin.py:115} INFO - Paginas:  5000
[2022-08-18 13:30:15,612] {logging_mixin.py:115} INFO - Contador:  99
[2022-08-18 13:30:15,612] {logging_mixin.py:115} INFO - Linhas:  490000
[2022-08-18 13:30:30,985] {logging_mixin.py:115} INFO - 16 16
[2022-08-18 13:30:43,667] {logging_mixin.py:115} INFO - Paginas:  5000
[2022-08-18 13:30:43,667] {logging_mixin.py:115} INFO - Contador:  100
[2022-08-18 13:30:43,667] {logging_mixin.py:115} INFO - Linhas:  495000
[2022-08-18 13:31:01,470] {logging_mixin.py:115} INFO - 16 16
[2022-08-18 13:31:11,134] {logging_mixin.py:115} INFO - Paginas:  5000
[2022-08-18 13:31:11,134] {logging_mixin.py:115} INFO - Contador:  101
[2022-08-18 13:31:11,134] {logging_mixin.py:115} INFO - Linhas:  500000
[2022-08-18 13:31:27,283] {logging_mixin.py:115} INFO - 16 16
[2022-08-18 13:31:36,355] {logging_mixin.py:115} INFO - Paginas:  5000
[2022-08-18 13:31:36,355] {logging_mixin.py:115} INFO - Contador:  102
[2022-08-18 13:31:36,356] {logging_mixin.py:115} INFO - Linhas:  505000
[2022-08-18 13:31:57,819] {logging_mixin.py:115} INFO - 16 16
[2022-08-18 13:32:04,445] {logging_mixin.py:115} INFO - Paginas:  5000
[2022-08-18 13:32:04,445] {logging_mixin.py:115} INFO - Contador:  103
[2022-08-18 13:32:04,445] {logging_mixin.py:115} INFO - Linhas:  510000
[2022-08-18 13:32:17,921] {logging_mixin.py:115} INFO - 16 6
[2022-08-18 13:32:17,921] {logging_mixin.py:115} INFO - quebrou:  len(df.columns)  6
[2022-08-18 13:32:17,921] {python.py:173} INFO - Done. Returned value was: None
[2022-08-18 13:32:17,933] {taskinstance.py:1420} INFO - Marking task as SUCCESS. dag_id=carga_deskmanager, task_id=popula_DeskManagerInteracoesAF, execution_date=20220818T123102, start_date=20220818T125528, end_date=20220818T133217
[2022-08-18 13:32:17,998] {local_task_job.py:156} INFO - Task exited with return code 0
[2022-08-18 13:32:18,034] {local_task_job.py:273} INFO - 1 downstream tasks scheduled from follow-on schedule check
