[2022-08-18 18:27:56,915] {taskinstance.py:1179} INFO - Dependencies all met for <TaskInstance: carga_deskmanager.popula_DeskManagerAF manual__2022-08-18T18:27:54.390659+00:00 [queued]>
[2022-08-18 18:27:56,995] {taskinstance.py:1179} INFO - Dependencies all met for <TaskInstance: carga_deskmanager.popula_DeskManagerAF manual__2022-08-18T18:27:54.390659+00:00 [queued]>
[2022-08-18 18:27:56,996] {taskinstance.py:1376} INFO - 
--------------------------------------------------------------------------------
[2022-08-18 18:27:56,996] {taskinstance.py:1377} INFO - Starting attempt 1 of 1
[2022-08-18 18:27:56,996] {taskinstance.py:1378} INFO - 
--------------------------------------------------------------------------------
[2022-08-18 18:27:57,090] {taskinstance.py:1397} INFO - Executing <Task(PythonOperator): popula_DeskManagerAF> on 2022-08-18 18:27:54.390659+00:00
[2022-08-18 18:27:57,111] {standard_task_runner.py:52} INFO - Started process 11166 to run task
[2022-08-18 18:27:57,131] {standard_task_runner.py:79} INFO - Running: ['***', 'tasks', 'run', 'carga_deskmanager', 'popula_DeskManagerAF', 'manual__2022-08-18T18:27:54.390659+00:00', '--job-id', '70', '--raw', '--subdir', 'DAGS_FOLDER/etl_deskmanager.py', '--cfg-path', '/tmp/tmp50m0ve69', '--error-file', '/tmp/tmpduzty3sp']
[2022-08-18 18:27:57,132] {standard_task_runner.py:80} INFO - Job 70: Subtask popula_DeskManagerAF
[2022-08-18 18:27:57,284] {task_command.py:371} INFO - Running <TaskInstance: carga_deskmanager.popula_DeskManagerAF manual__2022-08-18T18:27:54.390659+00:00 [running]> on host 1e1070d9e5ae
[2022-08-18 18:27:57,446] {taskinstance.py:1591} INFO - Exporting the following env vars:
AIRFLOW_CTX_DAG_EMAIL=clecio.antao@gmail.com
AIRFLOW_CTX_DAG_OWNER=***
AIRFLOW_CTX_DAG_ID=carga_deskmanager
AIRFLOW_CTX_TASK_ID=popula_DeskManagerAF
AIRFLOW_CTX_EXECUTION_DATE=2022-08-18T18:27:54.390659+00:00
AIRFLOW_CTX_TRY_NUMBER=1
AIRFLOW_CTX_DAG_RUN_ID=manual__2022-08-18T18:27:54.390659+00:00
[2022-08-18 18:27:57,460] {logging_mixin.py:115} INFO - sucesso
[2022-08-18 18:27:58,312] {logging_mixin.py:115} INFO - Token:  dGVjYmFu#fe2cfdd3a55465c9741e2f8d2724af80c2654336
[2022-08-18 18:27:58,312] {logging_mixin.py:115} INFO - Relatorio:  868
[2022-08-18 18:27:58,313] {logging_mixin.py:115} INFO - Tabela:  DeskManagerAF
[2022-08-18 18:28:18,597] {logging_mixin.py:115} INFO - Paginas:  5000
[2022-08-18 18:28:18,597] {logging_mixin.py:115} INFO - Contador:  1
[2022-08-18 18:28:18,597] {logging_mixin.py:115} INFO - Linhas:  0
[2022-08-18 18:28:26,516] {logging_mixin.py:115} INFO - 30 30
[2022-08-18 18:28:48,062] {logging_mixin.py:115} INFO - Paginas:  5000
[2022-08-18 18:28:48,062] {logging_mixin.py:115} INFO - Contador:  2
[2022-08-18 18:28:48,062] {logging_mixin.py:115} INFO - Linhas:  5000
[2022-08-18 18:28:54,139] {logging_mixin.py:115} INFO - 30 30
[2022-08-18 18:29:15,097] {logging_mixin.py:115} INFO - Paginas:  5000
[2022-08-18 18:29:15,097] {logging_mixin.py:115} INFO - Contador:  3
[2022-08-18 18:29:15,097] {logging_mixin.py:115} INFO - Linhas:  10000
[2022-08-18 18:29:22,566] {logging_mixin.py:115} INFO - 30 30
[2022-08-18 18:29:40,673] {logging_mixin.py:115} INFO - Paginas:  5000
[2022-08-18 18:29:40,674] {logging_mixin.py:115} INFO - Contador:  4
[2022-08-18 18:29:40,674] {logging_mixin.py:115} INFO - Linhas:  15000
[2022-08-18 18:29:47,580] {logging_mixin.py:115} INFO - 30 30
[2022-08-18 18:30:05,980] {logging_mixin.py:115} INFO - Paginas:  5000
[2022-08-18 18:30:05,980] {logging_mixin.py:115} INFO - Contador:  5
[2022-08-18 18:30:05,980] {logging_mixin.py:115} INFO - Linhas:  20000
[2022-08-18 18:30:13,851] {logging_mixin.py:115} INFO - 30 30
[2022-08-18 18:30:36,808] {logging_mixin.py:115} INFO - Paginas:  5000
[2022-08-18 18:30:36,808] {logging_mixin.py:115} INFO - Contador:  6
[2022-08-18 18:30:36,808] {logging_mixin.py:115} INFO - Linhas:  25000
[2022-08-18 18:30:45,253] {logging_mixin.py:115} INFO - 30 30
[2022-08-18 18:31:04,519] {logging_mixin.py:115} INFO - Paginas:  5000
[2022-08-18 18:31:04,519] {logging_mixin.py:115} INFO - Contador:  7
[2022-08-18 18:31:04,519] {logging_mixin.py:115} INFO - Linhas:  30000
[2022-08-18 18:31:12,340] {logging_mixin.py:115} INFO - 30 30
[2022-08-18 18:31:33,811] {logging_mixin.py:115} INFO - Paginas:  5000
[2022-08-18 18:31:33,811] {logging_mixin.py:115} INFO - Contador:  8
[2022-08-18 18:31:33,811] {logging_mixin.py:115} INFO - Linhas:  35000
[2022-08-18 18:31:42,001] {logging_mixin.py:115} INFO - 30 30
[2022-08-18 18:32:00,910] {logging_mixin.py:115} INFO - Paginas:  5000
[2022-08-18 18:32:00,910] {logging_mixin.py:115} INFO - Contador:  9
[2022-08-18 18:32:00,910] {logging_mixin.py:115} INFO - Linhas:  40000
[2022-08-18 18:32:09,026] {logging_mixin.py:115} INFO - 30 30
[2022-08-18 18:32:24,396] {logging_mixin.py:115} INFO - Paginas:  5000
[2022-08-18 18:32:24,397] {logging_mixin.py:115} INFO - Contador:  10
[2022-08-18 18:32:24,397] {logging_mixin.py:115} INFO - Linhas:  45000
[2022-08-18 18:32:33,467] {logging_mixin.py:115} INFO - 30 30
[2022-08-18 18:32:45,378] {logging_mixin.py:115} INFO - Paginas:  5000
[2022-08-18 18:32:45,379] {logging_mixin.py:115} INFO - Contador:  11
[2022-08-18 18:32:45,379] {logging_mixin.py:115} INFO - Linhas:  50000
[2022-08-18 18:32:54,256] {logging_mixin.py:115} INFO - 30 30
[2022-08-18 18:33:06,750] {logging_mixin.py:115} INFO - Paginas:  5000
[2022-08-18 18:33:06,750] {logging_mixin.py:115} INFO - Contador:  12
[2022-08-18 18:33:06,751] {logging_mixin.py:115} INFO - Linhas:  55000
[2022-08-18 18:33:14,485] {logging_mixin.py:115} INFO - 30 30
[2022-08-18 18:33:33,120] {logging_mixin.py:115} INFO - Paginas:  5000
[2022-08-18 18:33:33,120] {logging_mixin.py:115} INFO - Contador:  13
[2022-08-18 18:33:33,120] {logging_mixin.py:115} INFO - Linhas:  60000
[2022-08-18 18:33:41,823] {logging_mixin.py:115} INFO - 30 30
[2022-08-18 18:33:55,063] {logging_mixin.py:115} INFO - Paginas:  5000
[2022-08-18 18:33:55,064] {logging_mixin.py:115} INFO - Contador:  14
[2022-08-18 18:33:55,064] {logging_mixin.py:115} INFO - Linhas:  65000
[2022-08-18 18:34:04,785] {logging_mixin.py:115} INFO - 30 30
[2022-08-18 18:34:18,042] {logging_mixin.py:115} INFO - Paginas:  5000
[2022-08-18 18:34:18,042] {logging_mixin.py:115} INFO - Contador:  15
[2022-08-18 18:34:18,042] {logging_mixin.py:115} INFO - Linhas:  70000
[2022-08-18 18:34:26,582] {logging_mixin.py:115} INFO - 30 30
[2022-08-18 18:34:43,669] {logging_mixin.py:115} INFO - Paginas:  5000
[2022-08-18 18:34:43,669] {logging_mixin.py:115} INFO - Contador:  16
[2022-08-18 18:34:43,669] {logging_mixin.py:115} INFO - Linhas:  75000
[2022-08-18 18:34:53,674] {logging_mixin.py:115} INFO - 30 30
[2022-08-18 18:35:07,305] {logging_mixin.py:115} INFO - Paginas:  5000
[2022-08-18 18:35:07,305] {logging_mixin.py:115} INFO - Contador:  17
[2022-08-18 18:35:07,305] {logging_mixin.py:115} INFO - Linhas:  80000
[2022-08-18 18:35:16,708] {logging_mixin.py:115} INFO - 30 30
[2022-08-18 18:35:28,377] {logging_mixin.py:115} INFO - Paginas:  5000
[2022-08-18 18:35:28,377] {logging_mixin.py:115} INFO - Contador:  18
[2022-08-18 18:35:28,377] {logging_mixin.py:115} INFO - Linhas:  85000
[2022-08-18 18:35:37,482] {logging_mixin.py:115} INFO - 30 30
[2022-08-18 18:35:59,219] {logging_mixin.py:115} INFO - Paginas:  5000
[2022-08-18 18:35:59,219] {logging_mixin.py:115} INFO - Contador:  19
[2022-08-18 18:35:59,219] {logging_mixin.py:115} INFO - Linhas:  90000
[2022-08-18 18:36:07,991] {logging_mixin.py:115} INFO - 30 30
[2022-08-18 18:36:24,501] {logging_mixin.py:115} INFO - Paginas:  5000
[2022-08-18 18:36:24,501] {logging_mixin.py:115} INFO - Contador:  20
[2022-08-18 18:36:24,501] {logging_mixin.py:115} INFO - Linhas:  95000
[2022-08-18 18:36:34,209] {logging_mixin.py:115} INFO - 30 30
[2022-08-18 18:36:53,901] {logging_mixin.py:115} INFO - Paginas:  5000
[2022-08-18 18:36:53,901] {logging_mixin.py:115} INFO - Contador:  21
[2022-08-18 18:36:53,901] {logging_mixin.py:115} INFO - Linhas:  100000
[2022-08-18 18:37:05,256] {logging_mixin.py:115} INFO - 30 30
[2022-08-18 18:37:18,921] {logging_mixin.py:115} INFO - Paginas:  5000
[2022-08-18 18:37:18,921] {logging_mixin.py:115} INFO - Contador:  22
[2022-08-18 18:37:18,921] {logging_mixin.py:115} INFO - Linhas:  105000
[2022-08-18 18:37:29,113] {logging_mixin.py:115} INFO - 30 30
[2022-08-18 18:37:44,252] {logging_mixin.py:115} INFO - Paginas:  5000
[2022-08-18 18:37:44,252] {logging_mixin.py:115} INFO - Contador:  23
[2022-08-18 18:37:44,252] {logging_mixin.py:115} INFO - Linhas:  110000
[2022-08-18 18:37:53,937] {logging_mixin.py:115} INFO - 30 30
[2022-08-18 18:38:08,761] {logging_mixin.py:115} INFO - Paginas:  5000
[2022-08-18 18:38:08,761] {logging_mixin.py:115} INFO - Contador:  24
[2022-08-18 18:38:08,761] {logging_mixin.py:115} INFO - Linhas:  115000
[2022-08-18 18:38:18,134] {logging_mixin.py:115} INFO - 30 30
[2022-08-18 18:38:32,450] {logging_mixin.py:115} INFO - Paginas:  5000
[2022-08-18 18:38:32,450] {logging_mixin.py:115} INFO - Contador:  25
[2022-08-18 18:38:32,451] {logging_mixin.py:115} INFO - Linhas:  120000
[2022-08-18 18:38:42,379] {logging_mixin.py:115} INFO - 30 30
[2022-08-18 18:38:53,782] {logging_mixin.py:115} INFO - Paginas:  5000
[2022-08-18 18:38:53,782] {logging_mixin.py:115} INFO - Contador:  26
[2022-08-18 18:38:53,782] {logging_mixin.py:115} INFO - Linhas:  125000
[2022-08-18 18:39:04,737] {logging_mixin.py:115} INFO - 30 30
[2022-08-18 18:39:15,287] {logging_mixin.py:115} INFO - Paginas:  5000
[2022-08-18 18:39:15,287] {logging_mixin.py:115} INFO - Contador:  27
[2022-08-18 18:39:15,287] {logging_mixin.py:115} INFO - Linhas:  130000
[2022-08-18 18:39:25,533] {logging_mixin.py:115} INFO - 30 30
[2022-08-18 18:39:41,105] {logging_mixin.py:115} INFO - Paginas:  5000
[2022-08-18 18:39:41,105] {logging_mixin.py:115} INFO - Contador:  28
[2022-08-18 18:39:41,105] {logging_mixin.py:115} INFO - Linhas:  135000
[2022-08-18 18:39:52,783] {logging_mixin.py:115} INFO - 30 30
[2022-08-18 18:40:09,616] {logging_mixin.py:115} INFO - Paginas:  5000
[2022-08-18 18:40:09,616] {logging_mixin.py:115} INFO - Contador:  29
[2022-08-18 18:40:09,616] {logging_mixin.py:115} INFO - Linhas:  140000
[2022-08-18 18:40:21,292] {logging_mixin.py:115} INFO - 30 30
[2022-08-18 18:40:31,735] {logging_mixin.py:115} INFO - Paginas:  5000
[2022-08-18 18:40:31,735] {logging_mixin.py:115} INFO - Contador:  30
[2022-08-18 18:40:31,735] {logging_mixin.py:115} INFO - Linhas:  145000
[2022-08-18 18:40:43,471] {logging_mixin.py:115} INFO - 30 30
[2022-08-18 18:40:58,855] {logging_mixin.py:115} INFO - Paginas:  5000
[2022-08-18 18:40:58,855] {logging_mixin.py:115} INFO - Contador:  31
[2022-08-18 18:40:58,855] {logging_mixin.py:115} INFO - Linhas:  150000
[2022-08-18 18:41:10,070] {logging_mixin.py:115} INFO - 30 30
[2022-08-18 18:41:24,230] {logging_mixin.py:115} INFO - Paginas:  5000
[2022-08-18 18:41:24,230] {logging_mixin.py:115} INFO - Contador:  32
[2022-08-18 18:41:24,230] {logging_mixin.py:115} INFO - Linhas:  155000
[2022-08-18 18:41:35,912] {logging_mixin.py:115} INFO - 30 30
[2022-08-18 18:41:54,637] {logging_mixin.py:115} INFO - Paginas:  5000
[2022-08-18 18:41:54,637] {logging_mixin.py:115} INFO - Contador:  33
[2022-08-18 18:41:54,637] {logging_mixin.py:115} INFO - Linhas:  160000
[2022-08-18 18:42:06,649] {logging_mixin.py:115} INFO - 30 30
[2022-08-18 18:42:20,392] {logging_mixin.py:115} INFO - Paginas:  5000
[2022-08-18 18:42:20,392] {logging_mixin.py:115} INFO - Contador:  34
[2022-08-18 18:42:20,392] {logging_mixin.py:115} INFO - Linhas:  165000
[2022-08-18 18:42:33,179] {logging_mixin.py:115} INFO - 30 30
[2022-08-18 18:42:45,036] {logging_mixin.py:115} INFO - Paginas:  5000
[2022-08-18 18:42:45,036] {logging_mixin.py:115} INFO - Contador:  35
[2022-08-18 18:42:45,036] {logging_mixin.py:115} INFO - Linhas:  170000
[2022-08-18 18:42:58,446] {logging_mixin.py:115} INFO - 30 30
[2022-08-18 18:43:11,329] {logging_mixin.py:115} INFO - Paginas:  5000
[2022-08-18 18:43:11,329] {logging_mixin.py:115} INFO - Contador:  36
[2022-08-18 18:43:11,329] {logging_mixin.py:115} INFO - Linhas:  175000
[2022-08-18 18:43:23,750] {logging_mixin.py:115} INFO - 30 30
[2022-08-18 18:43:35,548] {logging_mixin.py:115} INFO - Paginas:  5000
[2022-08-18 18:43:35,549] {logging_mixin.py:115} INFO - Contador:  37
[2022-08-18 18:43:35,549] {logging_mixin.py:115} INFO - Linhas:  180000
[2022-08-18 18:43:48,679] {logging_mixin.py:115} INFO - 30 30
[2022-08-18 18:44:05,169] {logging_mixin.py:115} INFO - Paginas:  5000
[2022-08-18 18:44:05,170] {logging_mixin.py:115} INFO - Contador:  38
[2022-08-18 18:44:05,170] {logging_mixin.py:115} INFO - Linhas:  185000
[2022-08-18 18:44:19,961] {logging_mixin.py:115} INFO - 30 30
[2022-08-18 18:44:33,071] {logging_mixin.py:115} INFO - Paginas:  5000
[2022-08-18 18:44:33,071] {logging_mixin.py:115} INFO - Contador:  39
[2022-08-18 18:44:33,071] {logging_mixin.py:115} INFO - Linhas:  190000
[2022-08-18 18:44:45,834] {logging_mixin.py:115} INFO - 30 30
[2022-08-18 18:45:00,617] {logging_mixin.py:115} INFO - Paginas:  5000
[2022-08-18 18:45:00,617] {logging_mixin.py:115} INFO - Contador:  40
[2022-08-18 18:45:00,617] {logging_mixin.py:115} INFO - Linhas:  195000
[2022-08-18 18:45:13,843] {logging_mixin.py:115} INFO - 30 30
[2022-08-18 18:45:27,919] {logging_mixin.py:115} INFO - Paginas:  5000
[2022-08-18 18:45:27,919] {logging_mixin.py:115} INFO - Contador:  41
[2022-08-18 18:45:27,919] {logging_mixin.py:115} INFO - Linhas:  200000
[2022-08-18 18:45:42,585] {logging_mixin.py:115} INFO - 30 30
[2022-08-18 18:45:53,678] {logging_mixin.py:115} INFO - Paginas:  5000
[2022-08-18 18:45:53,678] {logging_mixin.py:115} INFO - Contador:  42
[2022-08-18 18:45:53,678] {logging_mixin.py:115} INFO - Linhas:  205000
[2022-08-18 18:46:07,542] {logging_mixin.py:115} INFO - 30 30
[2022-08-18 18:46:16,383] {logging_mixin.py:115} INFO - Paginas:  5000
[2022-08-18 18:46:16,383] {logging_mixin.py:115} INFO - Contador:  43
[2022-08-18 18:46:16,383] {logging_mixin.py:115} INFO - Linhas:  210000
[2022-08-18 18:46:29,379] {logging_mixin.py:115} INFO - 30 30
[2022-08-18 18:46:44,575] {logging_mixin.py:115} INFO - Paginas:  5000
[2022-08-18 18:46:44,575] {logging_mixin.py:115} INFO - Contador:  44
[2022-08-18 18:46:44,575] {logging_mixin.py:115} INFO - Linhas:  215000
[2022-08-18 18:46:57,456] {logging_mixin.py:115} INFO - 30 30
[2022-08-18 18:47:13,760] {logging_mixin.py:115} INFO - Paginas:  5000
[2022-08-18 18:47:13,760] {logging_mixin.py:115} INFO - Contador:  45
[2022-08-18 18:47:13,761] {logging_mixin.py:115} INFO - Linhas:  220000
[2022-08-18 18:47:27,812] {logging_mixin.py:115} INFO - 30 30
[2022-08-18 18:47:38,437] {logging_mixin.py:115} INFO - Paginas:  5000
[2022-08-18 18:47:38,437] {logging_mixin.py:115} INFO - Contador:  46
[2022-08-18 18:47:38,437] {logging_mixin.py:115} INFO - Linhas:  225000
[2022-08-18 18:47:53,945] {logging_mixin.py:115} INFO - 30 30
[2022-08-18 18:48:06,310] {logging_mixin.py:115} INFO - Paginas:  5000
[2022-08-18 18:48:06,310] {logging_mixin.py:115} INFO - Contador:  47
[2022-08-18 18:48:06,310] {logging_mixin.py:115} INFO - Linhas:  230000
[2022-08-18 18:48:21,946] {logging_mixin.py:115} INFO - 30 30
[2022-08-18 18:48:33,149] {logging_mixin.py:115} INFO - Paginas:  5000
[2022-08-18 18:48:33,149] {logging_mixin.py:115} INFO - Contador:  48
[2022-08-18 18:48:33,149] {logging_mixin.py:115} INFO - Linhas:  235000
[2022-08-18 18:48:47,107] {logging_mixin.py:115} INFO - 30 30
[2022-08-18 18:49:05,224] {logging_mixin.py:115} INFO - Paginas:  5000
[2022-08-18 18:49:05,224] {logging_mixin.py:115} INFO - Contador:  49
[2022-08-18 18:49:05,224] {logging_mixin.py:115} INFO - Linhas:  240000
[2022-08-18 18:49:19,420] {logging_mixin.py:115} INFO - 30 30
[2022-08-18 18:49:32,653] {logging_mixin.py:115} INFO - Paginas:  5000
[2022-08-18 18:49:32,654] {logging_mixin.py:115} INFO - Contador:  50
[2022-08-18 18:49:32,654] {logging_mixin.py:115} INFO - Linhas:  245000
[2022-08-18 18:49:48,464] {logging_mixin.py:115} INFO - 30 30
[2022-08-18 18:50:08,582] {logging_mixin.py:115} INFO - Paginas:  5000
[2022-08-18 18:50:08,582] {logging_mixin.py:115} INFO - Contador:  51
[2022-08-18 18:50:08,582] {logging_mixin.py:115} INFO - Linhas:  250000
[2022-08-18 18:50:22,921] {logging_mixin.py:115} INFO - 30 30
[2022-08-18 18:50:35,380] {logging_mixin.py:115} INFO - Paginas:  5000
[2022-08-18 18:50:35,380] {logging_mixin.py:115} INFO - Contador:  52
[2022-08-18 18:50:35,380] {logging_mixin.py:115} INFO - Linhas:  255000
[2022-08-18 18:50:50,978] {logging_mixin.py:115} INFO - 30 30
[2022-08-18 18:51:05,963] {logging_mixin.py:115} INFO - Paginas:  5000
[2022-08-18 18:51:05,963] {logging_mixin.py:115} INFO - Contador:  53
[2022-08-18 18:51:05,963] {logging_mixin.py:115} INFO - Linhas:  260000
[2022-08-18 18:51:20,502] {logging_mixin.py:115} INFO - 30 30
[2022-08-18 18:51:29,040] {logging_mixin.py:115} INFO - Paginas:  5000
[2022-08-18 18:51:29,040] {logging_mixin.py:115} INFO - Contador:  54
[2022-08-18 18:51:29,041] {logging_mixin.py:115} INFO - Linhas:  265000
[2022-08-18 18:51:44,044] {logging_mixin.py:115} INFO - 30 30
[2022-08-18 18:51:56,721] {logging_mixin.py:115} INFO - Paginas:  5000
[2022-08-18 18:51:56,722] {logging_mixin.py:115} INFO - Contador:  55
[2022-08-18 18:51:56,722] {logging_mixin.py:115} INFO - Linhas:  270000
[2022-08-18 18:52:11,478] {logging_mixin.py:115} INFO - 30 30
[2022-08-18 18:52:24,534] {logging_mixin.py:115} INFO - Paginas:  5000
[2022-08-18 18:52:24,534] {logging_mixin.py:115} INFO - Contador:  56
[2022-08-18 18:52:24,534] {logging_mixin.py:115} INFO - Linhas:  275000
[2022-08-18 18:52:40,054] {logging_mixin.py:115} INFO - 30 30
[2022-08-18 18:52:59,469] {logging_mixin.py:115} INFO - Paginas:  5000
[2022-08-18 18:52:59,470] {logging_mixin.py:115} INFO - Contador:  57
[2022-08-18 18:52:59,470] {logging_mixin.py:115} INFO - Linhas:  280000
[2022-08-18 18:53:15,374] {logging_mixin.py:115} INFO - 30 30
[2022-08-18 18:53:31,681] {logging_mixin.py:115} INFO - Paginas:  5000
[2022-08-18 18:53:31,681] {logging_mixin.py:115} INFO - Contador:  58
[2022-08-18 18:53:31,683] {logging_mixin.py:115} INFO - Linhas:  285000
[2022-08-18 18:53:45,574] {logging_mixin.py:115} INFO - 30 6
[2022-08-18 18:53:45,574] {logging_mixin.py:115} INFO - quebrou:  len(df.columns)  6
[2022-08-18 18:53:45,574] {python.py:173} INFO - Done. Returned value was: None
[2022-08-18 18:53:45,608] {taskinstance.py:1420} INFO - Marking task as SUCCESS. dag_id=carga_deskmanager, task_id=popula_DeskManagerAF, execution_date=20220818T182754, start_date=20220818T182756, end_date=20220818T185345
[2022-08-18 18:53:45,710] {local_task_job.py:156} INFO - Task exited with return code 0
[2022-08-18 18:53:45,882] {local_task_job.py:273} INFO - 1 downstream tasks scheduled from follow-on schedule check
