[2022-08-23 08:00:11,330] {taskinstance.py:1179} INFO - Dependencies all met for <TaskInstance: elastic_desk.popula_elastic_aguardando scheduled__2022-08-23T07:55:00+00:00 [queued]>
[2022-08-23 08:00:11,347] {taskinstance.py:1179} INFO - Dependencies all met for <TaskInstance: elastic_desk.popula_elastic_aguardando scheduled__2022-08-23T07:55:00+00:00 [queued]>
[2022-08-23 08:00:11,347] {taskinstance.py:1376} INFO - 
--------------------------------------------------------------------------------
[2022-08-23 08:00:11,347] {taskinstance.py:1377} INFO - Starting attempt 1 of 1
[2022-08-23 08:00:11,347] {taskinstance.py:1378} INFO - 
--------------------------------------------------------------------------------
[2022-08-23 08:00:11,367] {taskinstance.py:1397} INFO - Executing <Task(PythonOperator): popula_elastic_aguardando> on 2022-08-23 07:55:00+00:00
[2022-08-23 08:00:11,375] {standard_task_runner.py:52} INFO - Started process 134091 to run task
[2022-08-23 08:00:11,380] {standard_task_runner.py:79} INFO - Running: ['***', 'tasks', 'run', 'elastic_desk', 'popula_elastic_aguardando', 'scheduled__2022-08-23T07:55:00+00:00', '--job-id', '2214', '--raw', '--subdir', 'DAGS_FOLDER/etl_elastic_desk.py', '--cfg-path', '/tmp/tmp4b2fxrtu', '--error-file', '/tmp/tmpghp4wh2s']
[2022-08-23 08:00:11,382] {standard_task_runner.py:80} INFO - Job 2214: Subtask popula_elastic_aguardando
[2022-08-23 08:00:11,485] {task_command.py:371} INFO - Running <TaskInstance: elastic_desk.popula_elastic_aguardando scheduled__2022-08-23T07:55:00+00:00 [running]> on host 1e1070d9e5ae
[2022-08-23 08:00:11,594] {taskinstance.py:1591} INFO - Exporting the following env vars:
AIRFLOW_CTX_DAG_EMAIL=clecio.antao@gmail.com
AIRFLOW_CTX_DAG_OWNER=***
AIRFLOW_CTX_DAG_ID=elastic_desk
AIRFLOW_CTX_TASK_ID=popula_elastic_aguardando
AIRFLOW_CTX_EXECUTION_DATE=2022-08-23T07:55:00+00:00
AIRFLOW_CTX_TRY_NUMBER=1
AIRFLOW_CTX_DAG_RUN_ID=scheduled__2022-08-23T07:55:00+00:00
[2022-08-23 08:00:11,601] {base.py:271} INFO - GET http://192.168.2.100:9200/ [status:200 request:0.004s]
[2022-08-23 08:00:14,086] {base.py:271} INFO - HEAD http://192.168.2.100:9200/_template/desk_aguardando [status:200 request:0.001s]
[2022-08-23 08:00:14,237] {logging_mixin.py:115} WARNING - /home/***/.local/lib/python3.7/site-packages/es_pandas/es_pandas.py:58 RuntimeWarning: invalid value encountered in double_scalars
[2022-08-23 08:00:14,313] {base.py:271} INFO - POST http://192.168.2.100:9200/_bulk [status:200 request:0.047s]
[2022-08-23 08:00:14,339] {python.py:173} INFO - Done. Returned value was: None
[2022-08-23 08:00:14,352] {taskinstance.py:1420} INFO - Marking task as SUCCESS. dag_id=elastic_desk, task_id=popula_elastic_aguardando, execution_date=20220823T075500, start_date=20220823T080011, end_date=20220823T080014
[2022-08-23 08:00:14,405] {local_task_job.py:156} INFO - Task exited with return code 0
[2022-08-23 08:00:14,452] {local_task_job.py:273} INFO - 0 downstream tasks scheduled from follow-on schedule check
