[2022-08-20 12:30:13,309] {taskinstance.py:1179} INFO - Dependencies all met for <TaskInstance: elastic_desk.popula_elastic_aguardando scheduled__2022-08-20T12:25:00+00:00 [queued]>
[2022-08-20 12:30:13,352] {taskinstance.py:1179} INFO - Dependencies all met for <TaskInstance: elastic_desk.popula_elastic_aguardando scheduled__2022-08-20T12:25:00+00:00 [queued]>
[2022-08-20 12:30:13,352] {taskinstance.py:1376} INFO - 
--------------------------------------------------------------------------------
[2022-08-20 12:30:13,352] {taskinstance.py:1377} INFO - Starting attempt 1 of 1
[2022-08-20 12:30:13,352] {taskinstance.py:1378} INFO - 
--------------------------------------------------------------------------------
[2022-08-20 12:30:13,397] {taskinstance.py:1397} INFO - Executing <Task(PythonOperator): popula_elastic_aguardando> on 2022-08-20 12:25:00+00:00
[2022-08-20 12:30:13,405] {standard_task_runner.py:52} INFO - Started process 139839 to run task
[2022-08-20 12:30:13,424] {standard_task_runner.py:79} INFO - Running: ['***', 'tasks', 'run', 'elastic_desk', 'popula_elastic_aguardando', 'scheduled__2022-08-20T12:25:00+00:00', '--job-id', '1087', '--raw', '--subdir', 'DAGS_FOLDER/etl_elastic_desk.py', '--cfg-path', '/tmp/tmp_05rq_8c', '--error-file', '/tmp/tmpv8cfbwvv']
[2022-08-20 12:30:13,425] {standard_task_runner.py:80} INFO - Job 1087: Subtask popula_elastic_aguardando
[2022-08-20 12:30:13,567] {task_command.py:371} INFO - Running <TaskInstance: elastic_desk.popula_elastic_aguardando scheduled__2022-08-20T12:25:00+00:00 [running]> on host 1e1070d9e5ae
[2022-08-20 12:30:13,787] {taskinstance.py:1591} INFO - Exporting the following env vars:
AIRFLOW_CTX_DAG_EMAIL=clecio.antao@gmail.com
AIRFLOW_CTX_DAG_OWNER=***
AIRFLOW_CTX_DAG_ID=elastic_desk
AIRFLOW_CTX_TASK_ID=popula_elastic_aguardando
AIRFLOW_CTX_EXECUTION_DATE=2022-08-20T12:25:00+00:00
AIRFLOW_CTX_TRY_NUMBER=1
AIRFLOW_CTX_DAG_RUN_ID=scheduled__2022-08-20T12:25:00+00:00
[2022-08-20 12:30:13,798] {base.py:271} INFO - GET http://192.168.2.100:9200/ [status:200 request:0.009s]
[2022-08-20 12:30:17,259] {base.py:271} INFO - HEAD http://192.168.2.100:9200/_template/desk_aguardando [status:200 request:0.004s]
[2022-08-20 12:30:17,416] {logging_mixin.py:115} WARNING - /home/***/.local/lib/python3.7/site-packages/es_pandas/es_pandas.py:58 RuntimeWarning: invalid value encountered in double_scalars
[2022-08-20 12:30:17,552] {base.py:271} INFO - POST http://192.168.2.100:9200/_bulk [status:200 request:0.059s]
[2022-08-20 12:30:17,620] {python.py:173} INFO - Done. Returned value was: None
[2022-08-20 12:30:17,656] {taskinstance.py:1420} INFO - Marking task as SUCCESS. dag_id=elastic_desk, task_id=popula_elastic_aguardando, execution_date=20220820T122500, start_date=20220820T123013, end_date=20220820T123017
[2022-08-20 12:30:17,748] {local_task_job.py:156} INFO - Task exited with return code 0
[2022-08-20 12:30:17,804] {local_task_job.py:273} INFO - 0 downstream tasks scheduled from follow-on schedule check
