[2022-08-21 22:00:04,336] {taskinstance.py:1179} INFO - Dependencies all met for <TaskInstance: carga_deskmanager.popula_DeskManagerAF scheduled__2022-08-20T22:00:00+00:00 [queued]>
[2022-08-21 22:00:04,368] {taskinstance.py:1179} INFO - Dependencies all met for <TaskInstance: carga_deskmanager.popula_DeskManagerAF scheduled__2022-08-20T22:00:00+00:00 [queued]>
[2022-08-21 22:00:04,368] {taskinstance.py:1376} INFO - 
--------------------------------------------------------------------------------
[2022-08-21 22:00:04,368] {taskinstance.py:1377} INFO - Starting attempt 1 of 1
[2022-08-21 22:00:04,368] {taskinstance.py:1378} INFO - 
--------------------------------------------------------------------------------
[2022-08-21 22:00:04,408] {taskinstance.py:1397} INFO - Executing <Task(PythonOperator): popula_DeskManagerAF> on 2022-08-20 22:00:00+00:00
[2022-08-21 22:00:04,413] {standard_task_runner.py:52} INFO - Started process 30596 to run task
[2022-08-21 22:00:04,429] {standard_task_runner.py:79} INFO - Running: ['***', 'tasks', 'run', 'carga_deskmanager', 'popula_DeskManagerAF', 'scheduled__2022-08-20T22:00:00+00:00', '--job-id', '1393', '--raw', '--subdir', 'DAGS_FOLDER/etl_deskmanager.py', '--cfg-path', '/tmp/tmp2zu1osor', '--error-file', '/tmp/tmpn2eqdn4e']
[2022-08-21 22:00:04,442] {standard_task_runner.py:80} INFO - Job 1393: Subtask popula_DeskManagerAF
[2022-08-21 22:00:04,844] {task_command.py:371} INFO - Running <TaskInstance: carga_deskmanager.popula_DeskManagerAF scheduled__2022-08-20T22:00:00+00:00 [running]> on host 1e1070d9e5ae
[2022-08-21 22:00:06,062] {taskinstance.py:1591} INFO - Exporting the following env vars:
AIRFLOW_CTX_DAG_EMAIL=clecio.antao@gmail.com
AIRFLOW_CTX_DAG_OWNER=***
AIRFLOW_CTX_DAG_ID=carga_deskmanager
AIRFLOW_CTX_TASK_ID=popula_DeskManagerAF
AIRFLOW_CTX_EXECUTION_DATE=2022-08-20T22:00:00+00:00
AIRFLOW_CTX_TRY_NUMBER=1
AIRFLOW_CTX_DAG_RUN_ID=scheduled__2022-08-20T22:00:00+00:00
[2022-08-21 22:00:06,100] {logging_mixin.py:115} INFO - sucesso
[2022-08-21 22:00:07,275] {logging_mixin.py:115} INFO - Token:  dGVjYmFu#be9f6da9699a6fe4d5624ce7b3807731bc80a5f3
[2022-08-21 22:00:07,275] {logging_mixin.py:115} INFO - Relatorio:  868
[2022-08-21 22:00:07,275] {logging_mixin.py:115} INFO - Tabela:  DeskManagerAF
[2022-08-21 22:00:15,320] {logging_mixin.py:115} INFO - Paginas:  5000
[2022-08-21 22:00:15,320] {logging_mixin.py:115} INFO - Contador:  1
[2022-08-21 22:00:15,320] {logging_mixin.py:115} INFO - Linhas:  0
[2022-08-21 22:00:22,415] {logging_mixin.py:115} INFO - 30 30
[2022-08-21 22:00:55,736] {logging_mixin.py:115} INFO - Paginas:  5000
[2022-08-21 22:00:55,738] {logging_mixin.py:115} INFO - Contador:  2
[2022-08-21 22:00:55,738] {logging_mixin.py:115} INFO - Linhas:  5000
[2022-08-21 22:01:03,483] {logging_mixin.py:115} INFO - 30 30
[2022-08-21 22:01:37,567] {logging_mixin.py:115} INFO - Paginas:  5000
[2022-08-21 22:01:37,567] {logging_mixin.py:115} INFO - Contador:  3
[2022-08-21 22:01:37,568] {logging_mixin.py:115} INFO - Linhas:  10000
[2022-08-21 22:01:45,656] {logging_mixin.py:115} INFO - 30 30
[2022-08-21 22:02:14,056] {logging_mixin.py:115} INFO - Paginas:  5000
[2022-08-21 22:02:14,056] {logging_mixin.py:115} INFO - Contador:  4
[2022-08-21 22:02:14,056] {logging_mixin.py:115} INFO - Linhas:  15000
[2022-08-21 22:02:22,327] {logging_mixin.py:115} INFO - 30 30
[2022-08-21 22:02:50,757] {logging_mixin.py:115} INFO - Paginas:  5000
[2022-08-21 22:02:50,757] {logging_mixin.py:115} INFO - Contador:  5
[2022-08-21 22:02:50,757] {logging_mixin.py:115} INFO - Linhas:  20000
[2022-08-21 22:02:59,459] {logging_mixin.py:115} INFO - 30 30
[2022-08-21 22:03:27,218] {logging_mixin.py:115} INFO - Paginas:  5000
[2022-08-21 22:03:27,218] {logging_mixin.py:115} INFO - Contador:  6
[2022-08-21 22:03:27,218] {logging_mixin.py:115} INFO - Linhas:  25000
[2022-08-21 22:03:33,938] {logging_mixin.py:115} INFO - 30 30
[2022-08-21 22:03:53,850] {logging_mixin.py:115} INFO - Paginas:  5000
[2022-08-21 22:03:53,857] {logging_mixin.py:115} INFO - Contador:  7
[2022-08-21 22:03:53,858] {logging_mixin.py:115} INFO - Linhas:  30000
[2022-08-21 22:04:02,936] {logging_mixin.py:115} INFO - 30 30
[2022-08-21 22:04:26,066] {logging_mixin.py:115} INFO - Paginas:  5000
[2022-08-21 22:04:26,066] {logging_mixin.py:115} INFO - Contador:  8
[2022-08-21 22:04:26,066] {logging_mixin.py:115} INFO - Linhas:  35000
[2022-08-21 22:04:33,196] {logging_mixin.py:115} INFO - 30 30
[2022-08-21 22:04:49,183] {logging_mixin.py:115} INFO - Paginas:  5000
[2022-08-21 22:04:49,183] {logging_mixin.py:115} INFO - Contador:  9
[2022-08-21 22:04:49,184] {logging_mixin.py:115} INFO - Linhas:  40000
[2022-08-21 22:04:56,534] {logging_mixin.py:115} INFO - 30 30
[2022-08-21 22:05:29,923] {logging_mixin.py:115} INFO - Paginas:  5000
[2022-08-21 22:05:29,923] {logging_mixin.py:115} INFO - Contador:  10
[2022-08-21 22:05:29,923] {logging_mixin.py:115} INFO - Linhas:  45000
[2022-08-21 22:05:37,743] {logging_mixin.py:115} INFO - 30 30
[2022-08-21 22:05:55,191] {logging_mixin.py:115} INFO - Paginas:  5000
[2022-08-21 22:05:55,191] {logging_mixin.py:115} INFO - Contador:  11
[2022-08-21 22:05:55,192] {logging_mixin.py:115} INFO - Linhas:  50000
[2022-08-21 22:06:03,499] {logging_mixin.py:115} INFO - 30 30
[2022-08-21 22:06:24,772] {logging_mixin.py:115} INFO - Paginas:  5000
[2022-08-21 22:06:24,772] {logging_mixin.py:115} INFO - Contador:  12
[2022-08-21 22:06:24,773] {logging_mixin.py:115} INFO - Linhas:  55000
[2022-08-21 22:06:34,609] {logging_mixin.py:115} INFO - 30 30
[2022-08-21 22:06:58,597] {logging_mixin.py:115} INFO - Paginas:  5000
[2022-08-21 22:06:58,597] {logging_mixin.py:115} INFO - Contador:  13
[2022-08-21 22:06:58,597] {logging_mixin.py:115} INFO - Linhas:  60000
[2022-08-21 22:07:08,352] {logging_mixin.py:115} INFO - 30 30
[2022-08-21 22:07:49,551] {logging_mixin.py:115} INFO - Paginas:  5000
[2022-08-21 22:07:49,556] {logging_mixin.py:115} INFO - Contador:  14
[2022-08-21 22:07:49,557] {logging_mixin.py:115} INFO - Linhas:  65000
[2022-08-21 22:07:59,207] {logging_mixin.py:115} INFO - 30 30
[2022-08-21 22:08:26,071] {logging_mixin.py:115} INFO - Paginas:  5000
[2022-08-21 22:08:26,071] {logging_mixin.py:115} INFO - Contador:  15
[2022-08-21 22:08:26,071] {logging_mixin.py:115} INFO - Linhas:  70000
[2022-08-21 22:08:35,275] {logging_mixin.py:115} INFO - 30 30
[2022-08-21 22:08:57,498] {logging_mixin.py:115} INFO - Paginas:  5000
[2022-08-21 22:08:57,498] {logging_mixin.py:115} INFO - Contador:  16
[2022-08-21 22:08:57,498] {logging_mixin.py:115} INFO - Linhas:  75000
[2022-08-21 22:09:08,302] {logging_mixin.py:115} INFO - 30 30
[2022-08-21 22:09:30,289] {logging_mixin.py:115} INFO - Paginas:  5000
[2022-08-21 22:09:30,289] {logging_mixin.py:115} INFO - Contador:  17
[2022-08-21 22:09:30,289] {logging_mixin.py:115} INFO - Linhas:  80000
[2022-08-21 22:09:39,053] {logging_mixin.py:115} INFO - 30 30
[2022-08-21 22:09:57,403] {logging_mixin.py:115} INFO - Paginas:  5000
[2022-08-21 22:09:57,403] {logging_mixin.py:115} INFO - Contador:  18
[2022-08-21 22:09:57,403] {logging_mixin.py:115} INFO - Linhas:  85000
[2022-08-21 22:10:06,370] {logging_mixin.py:115} INFO - 30 30
[2022-08-21 22:10:27,205] {logging_mixin.py:115} INFO - Paginas:  5000
[2022-08-21 22:10:27,206] {logging_mixin.py:115} INFO - Contador:  19
[2022-08-21 22:10:27,206] {logging_mixin.py:115} INFO - Linhas:  90000
[2022-08-21 22:10:35,793] {logging_mixin.py:115} INFO - 30 30
[2022-08-21 22:10:53,863] {logging_mixin.py:115} INFO - Paginas:  5000
[2022-08-21 22:10:53,864] {logging_mixin.py:115} INFO - Contador:  20
[2022-08-21 22:10:53,864] {logging_mixin.py:115} INFO - Linhas:  95000
[2022-08-21 22:11:04,659] {logging_mixin.py:115} INFO - 30 30
[2022-08-21 22:11:25,121] {logging_mixin.py:115} INFO - Paginas:  5000
[2022-08-21 22:11:25,121] {logging_mixin.py:115} INFO - Contador:  21
[2022-08-21 22:11:25,121] {logging_mixin.py:115} INFO - Linhas:  100000
[2022-08-21 22:11:36,112] {logging_mixin.py:115} INFO - 30 30
[2022-08-21 22:12:04,422] {logging_mixin.py:115} INFO - Paginas:  5000
[2022-08-21 22:12:04,423] {logging_mixin.py:115} INFO - Contador:  22
[2022-08-21 22:12:04,423] {logging_mixin.py:115} INFO - Linhas:  105000
[2022-08-21 22:12:13,382] {logging_mixin.py:115} INFO - 30 30
[2022-08-21 22:12:34,815] {logging_mixin.py:115} INFO - Paginas:  5000
[2022-08-21 22:12:34,815] {logging_mixin.py:115} INFO - Contador:  23
[2022-08-21 22:12:34,816] {logging_mixin.py:115} INFO - Linhas:  110000
[2022-08-21 22:12:45,650] {logging_mixin.py:115} INFO - 30 30
[2022-08-21 22:13:05,808] {logging_mixin.py:115} INFO - Paginas:  5000
[2022-08-21 22:13:05,810] {logging_mixin.py:115} INFO - Contador:  24
[2022-08-21 22:13:05,811] {logging_mixin.py:115} INFO - Linhas:  115000
[2022-08-21 22:13:14,846] {logging_mixin.py:115} INFO - 30 30
[2022-08-21 22:13:34,578] {logging_mixin.py:115} INFO - Paginas:  5000
[2022-08-21 22:13:34,579] {logging_mixin.py:115} INFO - Contador:  25
[2022-08-21 22:13:34,579] {logging_mixin.py:115} INFO - Linhas:  120000
[2022-08-21 22:13:43,668] {logging_mixin.py:115} INFO - 30 30
[2022-08-21 22:14:06,340] {logging_mixin.py:115} INFO - Paginas:  5000
[2022-08-21 22:14:06,340] {logging_mixin.py:115} INFO - Contador:  26
[2022-08-21 22:14:06,341] {logging_mixin.py:115} INFO - Linhas:  125000
[2022-08-21 22:14:15,964] {logging_mixin.py:115} INFO - 30 30
[2022-08-21 22:14:37,899] {logging_mixin.py:115} INFO - Paginas:  5000
[2022-08-21 22:14:37,899] {logging_mixin.py:115} INFO - Contador:  27
[2022-08-21 22:14:37,900] {logging_mixin.py:115} INFO - Linhas:  130000
[2022-08-21 22:14:49,125] {logging_mixin.py:115} INFO - 30 30
[2022-08-21 22:15:18,928] {logging_mixin.py:115} INFO - Paginas:  5000
[2022-08-21 22:15:18,928] {logging_mixin.py:115} INFO - Contador:  28
[2022-08-21 22:15:18,928] {logging_mixin.py:115} INFO - Linhas:  135000
[2022-08-21 22:15:30,375] {logging_mixin.py:115} INFO - 30 30
[2022-08-21 22:15:53,742] {logging_mixin.py:115} INFO - Paginas:  5000
[2022-08-21 22:15:53,743] {logging_mixin.py:115} INFO - Contador:  29
[2022-08-21 22:15:53,743] {logging_mixin.py:115} INFO - Linhas:  140000
[2022-08-21 22:16:07,310] {logging_mixin.py:115} INFO - 30 30
[2022-08-21 22:16:27,496] {logging_mixin.py:115} INFO - Paginas:  5000
[2022-08-21 22:16:27,497] {logging_mixin.py:115} INFO - Contador:  30
[2022-08-21 22:16:27,497] {logging_mixin.py:115} INFO - Linhas:  145000
[2022-08-21 22:16:38,052] {logging_mixin.py:115} INFO - 30 30
[2022-08-21 22:16:59,179] {logging_mixin.py:115} INFO - Paginas:  5000
[2022-08-21 22:16:59,179] {logging_mixin.py:115} INFO - Contador:  31
[2022-08-21 22:16:59,179] {logging_mixin.py:115} INFO - Linhas:  150000
[2022-08-21 22:17:11,508] {logging_mixin.py:115} INFO - 30 30
[2022-08-21 22:17:31,253] {logging_mixin.py:115} INFO - Paginas:  5000
[2022-08-21 22:17:31,254] {logging_mixin.py:115} INFO - Contador:  32
[2022-08-21 22:17:31,254] {logging_mixin.py:115} INFO - Linhas:  155000
[2022-08-21 22:17:42,258] {logging_mixin.py:115} INFO - 30 30
[2022-08-21 22:18:10,395] {logging_mixin.py:115} INFO - Paginas:  5000
[2022-08-21 22:18:10,395] {logging_mixin.py:115} INFO - Contador:  33
[2022-08-21 22:18:10,396] {logging_mixin.py:115} INFO - Linhas:  160000
[2022-08-21 22:18:22,780] {logging_mixin.py:115} INFO - 30 30
[2022-08-21 22:18:45,214] {logging_mixin.py:115} INFO - Paginas:  5000
[2022-08-21 22:18:45,214] {logging_mixin.py:115} INFO - Contador:  34
[2022-08-21 22:18:45,214] {logging_mixin.py:115} INFO - Linhas:  165000
[2022-08-21 22:18:56,131] {logging_mixin.py:115} INFO - 30 30
[2022-08-21 22:19:23,669] {logging_mixin.py:115} INFO - Paginas:  5000
[2022-08-21 22:19:23,670] {logging_mixin.py:115} INFO - Contador:  35
[2022-08-21 22:19:23,670] {logging_mixin.py:115} INFO - Linhas:  170000
[2022-08-21 22:19:35,636] {logging_mixin.py:115} INFO - 30 30
[2022-08-21 22:20:00,618] {logging_mixin.py:115} INFO - Paginas:  5000
[2022-08-21 22:20:00,618] {logging_mixin.py:115} INFO - Contador:  36
[2022-08-21 22:20:00,618] {logging_mixin.py:115} INFO - Linhas:  175000
[2022-08-21 22:20:14,421] {logging_mixin.py:115} INFO - 30 30
[2022-08-21 22:20:41,666] {logging_mixin.py:115} INFO - Paginas:  5000
[2022-08-21 22:20:41,666] {logging_mixin.py:115} INFO - Contador:  37
[2022-08-21 22:20:41,666] {logging_mixin.py:115} INFO - Linhas:  180000
[2022-08-21 22:20:54,129] {logging_mixin.py:115} INFO - 30 30
[2022-08-21 22:21:15,113] {logging_mixin.py:115} INFO - Paginas:  5000
[2022-08-21 22:21:15,113] {logging_mixin.py:115} INFO - Contador:  38
[2022-08-21 22:21:15,113] {logging_mixin.py:115} INFO - Linhas:  185000
[2022-08-21 22:21:27,758] {logging_mixin.py:115} INFO - 30 30
[2022-08-21 22:21:49,382] {logging_mixin.py:115} INFO - Paginas:  5000
[2022-08-21 22:21:49,382] {logging_mixin.py:115} INFO - Contador:  39
[2022-08-21 22:21:49,382] {logging_mixin.py:115} INFO - Linhas:  190000
[2022-08-21 22:22:01,881] {logging_mixin.py:115} INFO - 30 30
[2022-08-21 22:22:22,040] {logging_mixin.py:115} INFO - Paginas:  5000
[2022-08-21 22:22:22,040] {logging_mixin.py:115} INFO - Contador:  40
[2022-08-21 22:22:22,041] {logging_mixin.py:115} INFO - Linhas:  195000
[2022-08-21 22:22:35,513] {logging_mixin.py:115} INFO - 30 30
[2022-08-21 22:23:00,431] {logging_mixin.py:115} INFO - Paginas:  5000
[2022-08-21 22:23:00,432] {logging_mixin.py:115} INFO - Contador:  41
[2022-08-21 22:23:00,432] {logging_mixin.py:115} INFO - Linhas:  200000
[2022-08-21 22:23:15,903] {logging_mixin.py:115} INFO - 30 30
[2022-08-21 22:23:34,039] {logging_mixin.py:115} INFO - Paginas:  5000
[2022-08-21 22:23:34,039] {logging_mixin.py:115} INFO - Contador:  42
[2022-08-21 22:23:34,039] {logging_mixin.py:115} INFO - Linhas:  205000
[2022-08-21 22:23:47,773] {logging_mixin.py:115} INFO - 30 30
[2022-08-21 22:24:09,994] {logging_mixin.py:115} INFO - Paginas:  5000
[2022-08-21 22:24:09,994] {logging_mixin.py:115} INFO - Contador:  43
[2022-08-21 22:24:09,994] {logging_mixin.py:115} INFO - Linhas:  210000
[2022-08-21 22:24:22,524] {logging_mixin.py:115} INFO - 30 30
[2022-08-21 22:24:42,132] {logging_mixin.py:115} INFO - Paginas:  5000
[2022-08-21 22:24:42,132] {logging_mixin.py:115} INFO - Contador:  44
[2022-08-21 22:24:42,132] {logging_mixin.py:115} INFO - Linhas:  215000
[2022-08-21 22:24:57,946] {logging_mixin.py:115} INFO - 30 30
[2022-08-21 22:25:32,437] {logging_mixin.py:115} INFO - Paginas:  5000
[2022-08-21 22:25:32,438] {logging_mixin.py:115} INFO - Contador:  45
[2022-08-21 22:25:32,438] {logging_mixin.py:115} INFO - Linhas:  220000
[2022-08-21 22:25:50,251] {logging_mixin.py:115} INFO - 30 30
[2022-08-21 22:26:15,221] {logging_mixin.py:115} INFO - Paginas:  5000
[2022-08-21 22:26:15,222] {logging_mixin.py:115} INFO - Contador:  46
[2022-08-21 22:26:15,222] {logging_mixin.py:115} INFO - Linhas:  225000
[2022-08-21 22:26:30,746] {logging_mixin.py:115} INFO - 30 30
[2022-08-21 22:26:51,737] {logging_mixin.py:115} INFO - Paginas:  5000
[2022-08-21 22:26:51,737] {logging_mixin.py:115} INFO - Contador:  47
[2022-08-21 22:26:51,737] {logging_mixin.py:115} INFO - Linhas:  230000
[2022-08-21 22:27:06,719] {logging_mixin.py:115} INFO - 30 30
[2022-08-21 22:27:26,568] {logging_mixin.py:115} INFO - Paginas:  5000
[2022-08-21 22:27:26,568] {logging_mixin.py:115} INFO - Contador:  48
[2022-08-21 22:27:26,568] {logging_mixin.py:115} INFO - Linhas:  235000
[2022-08-21 22:27:41,316] {logging_mixin.py:115} INFO - 30 30
[2022-08-21 22:27:56,551] {logging_mixin.py:115} INFO - Paginas:  5000
[2022-08-21 22:27:56,551] {logging_mixin.py:115} INFO - Contador:  49
[2022-08-21 22:27:56,551] {logging_mixin.py:115} INFO - Linhas:  240000
[2022-08-21 22:28:11,241] {logging_mixin.py:115} INFO - 30 30
[2022-08-21 22:28:30,567] {logging_mixin.py:115} INFO - Paginas:  5000
[2022-08-21 22:28:30,567] {logging_mixin.py:115} INFO - Contador:  50
[2022-08-21 22:28:30,567] {logging_mixin.py:115} INFO - Linhas:  245000
[2022-08-21 22:28:45,956] {logging_mixin.py:115} INFO - 30 30
[2022-08-21 22:29:04,535] {logging_mixin.py:115} INFO - Paginas:  5000
[2022-08-21 22:29:04,535] {logging_mixin.py:115} INFO - Contador:  51
[2022-08-21 22:29:04,535] {logging_mixin.py:115} INFO - Linhas:  250000
[2022-08-21 22:29:20,035] {logging_mixin.py:115} INFO - 30 30
[2022-08-21 22:29:46,738] {logging_mixin.py:115} INFO - Paginas:  5000
[2022-08-21 22:29:46,739] {logging_mixin.py:115} INFO - Contador:  52
[2022-08-21 22:29:46,739] {logging_mixin.py:115} INFO - Linhas:  255000
[2022-08-21 22:30:02,590] {logging_mixin.py:115} INFO - 30 30
[2022-08-21 22:30:37,608] {logging_mixin.py:115} INFO - Paginas:  5000
[2022-08-21 22:30:37,608] {logging_mixin.py:115} INFO - Contador:  53
[2022-08-21 22:30:37,608] {logging_mixin.py:115} INFO - Linhas:  260000
[2022-08-21 22:30:53,585] {logging_mixin.py:115} INFO - 30 30
[2022-08-21 22:31:10,819] {logging_mixin.py:115} INFO - Paginas:  5000
[2022-08-21 22:31:10,819] {logging_mixin.py:115} INFO - Contador:  54
[2022-08-21 22:31:10,819] {logging_mixin.py:115} INFO - Linhas:  265000
[2022-08-21 22:31:26,492] {logging_mixin.py:115} INFO - 30 30
[2022-08-21 22:31:46,561] {logging_mixin.py:115} INFO - Paginas:  5000
[2022-08-21 22:31:46,562] {logging_mixin.py:115} INFO - Contador:  55
[2022-08-21 22:31:46,563] {logging_mixin.py:115} INFO - Linhas:  270000
[2022-08-21 22:32:02,809] {logging_mixin.py:115} INFO - 30 30
[2022-08-21 22:32:34,106] {logging_mixin.py:115} INFO - Paginas:  5000
[2022-08-21 22:32:34,106] {logging_mixin.py:115} INFO - Contador:  56
[2022-08-21 22:32:34,107] {logging_mixin.py:115} INFO - Linhas:  275000
[2022-08-21 22:32:52,082] {logging_mixin.py:115} INFO - 30 30
[2022-08-21 22:33:20,672] {logging_mixin.py:115} INFO - Paginas:  5000
[2022-08-21 22:33:20,673] {logging_mixin.py:115} INFO - Contador:  57
[2022-08-21 22:33:20,673] {logging_mixin.py:115} INFO - Linhas:  280000
[2022-08-21 22:33:36,985] {logging_mixin.py:115} INFO - 30 30
[2022-08-21 22:34:05,974] {logging_mixin.py:115} INFO - Paginas:  5000
[2022-08-21 22:34:05,975] {logging_mixin.py:115} INFO - Contador:  58
[2022-08-21 22:34:05,975] {logging_mixin.py:115} INFO - Linhas:  285000
[2022-08-21 22:34:19,071] {logging_mixin.py:115} INFO - 30 30
[2022-08-21 22:34:22,415] {logging_mixin.py:115} INFO - Paginas:  5000
[2022-08-21 22:34:22,416] {logging_mixin.py:115} INFO - Contador:  59
[2022-08-21 22:34:22,416] {logging_mixin.py:115} INFO - Linhas:  290000
[2022-08-21 22:34:34,218] {logging_mixin.py:115} INFO - 30 6
[2022-08-21 22:34:34,251] {logging_mixin.py:115} INFO - quebrou:  len(df.columns)  6
[2022-08-21 22:34:34,260] {python.py:173} INFO - Done. Returned value was: None
[2022-08-21 22:34:34,361] {taskinstance.py:1420} INFO - Marking task as SUCCESS. dag_id=carga_deskmanager, task_id=popula_DeskManagerAF, execution_date=20220820T220000, start_date=20220821T220004, end_date=20220821T223434
[2022-08-21 22:34:34,473] {local_task_job.py:156} INFO - Task exited with return code 0
[2022-08-21 22:34:34,597] {local_task_job.py:273} INFO - 1 downstream tasks scheduled from follow-on schedule check
