[2022-08-23 01:10:13,946] {taskinstance.py:1179} INFO - Dependencies all met for <TaskInstance: elastic_desk.popula_elastic_aguardando scheduled__2022-08-23T01:05:00+00:00 [queued]>
[2022-08-23 01:10:13,965] {taskinstance.py:1179} INFO - Dependencies all met for <TaskInstance: elastic_desk.popula_elastic_aguardando scheduled__2022-08-23T01:05:00+00:00 [queued]>
[2022-08-23 01:10:13,965] {taskinstance.py:1376} INFO - 
--------------------------------------------------------------------------------
[2022-08-23 01:10:13,965] {taskinstance.py:1377} INFO - Starting attempt 1 of 1
[2022-08-23 01:10:13,965] {taskinstance.py:1378} INFO - 
--------------------------------------------------------------------------------
[2022-08-23 01:10:13,991] {taskinstance.py:1397} INFO - Executing <Task(PythonOperator): popula_elastic_aguardando> on 2022-08-23 01:05:00+00:00
[2022-08-23 01:10:14,003] {standard_task_runner.py:52} INFO - Started process 113295 to run task
[2022-08-23 01:10:14,011] {standard_task_runner.py:79} INFO - Running: ['***', 'tasks', 'run', 'elastic_desk', 'popula_elastic_aguardando', 'scheduled__2022-08-23T01:05:00+00:00', '--job-id', '2050', '--raw', '--subdir', 'DAGS_FOLDER/etl_elastic_desk.py', '--cfg-path', '/tmp/tmpy2kkgxb5', '--error-file', '/tmp/tmpidkgke3n']
[2022-08-23 01:10:14,012] {standard_task_runner.py:80} INFO - Job 2050: Subtask popula_elastic_aguardando
[2022-08-23 01:10:14,110] {task_command.py:371} INFO - Running <TaskInstance: elastic_desk.popula_elastic_aguardando scheduled__2022-08-23T01:05:00+00:00 [running]> on host 1e1070d9e5ae
[2022-08-23 01:10:14,308] {taskinstance.py:1591} INFO - Exporting the following env vars:
AIRFLOW_CTX_DAG_EMAIL=clecio.antao@gmail.com
AIRFLOW_CTX_DAG_OWNER=***
AIRFLOW_CTX_DAG_ID=elastic_desk
AIRFLOW_CTX_TASK_ID=popula_elastic_aguardando
AIRFLOW_CTX_EXECUTION_DATE=2022-08-23T01:05:00+00:00
AIRFLOW_CTX_TRY_NUMBER=1
AIRFLOW_CTX_DAG_RUN_ID=scheduled__2022-08-23T01:05:00+00:00
[2022-08-23 01:10:14,317] {base.py:271} INFO - GET http://192.168.2.100:9200/ [status:200 request:0.007s]
[2022-08-23 01:10:17,159] {base.py:271} INFO - HEAD http://192.168.2.100:9200/_template/desk_aguardando [status:200 request:0.054s]
[2022-08-23 01:10:17,311] {logging_mixin.py:115} WARNING - /home/***/.local/lib/python3.7/site-packages/es_pandas/es_pandas.py:58 RuntimeWarning: invalid value encountered in double_scalars
[2022-08-23 01:10:17,409] {base.py:271} INFO - POST http://192.168.2.100:9200/_bulk [status:200 request:0.030s]
[2022-08-23 01:10:17,419] {python.py:173} INFO - Done. Returned value was: None
[2022-08-23 01:10:17,438] {taskinstance.py:1420} INFO - Marking task as SUCCESS. dag_id=elastic_desk, task_id=popula_elastic_aguardando, execution_date=20220823T010500, start_date=20220823T011013, end_date=20220823T011017
[2022-08-23 01:10:17,488] {local_task_job.py:156} INFO - Task exited with return code 0
[2022-08-23 01:10:17,534] {local_task_job.py:273} INFO - 0 downstream tasks scheduled from follow-on schedule check
