[2022-08-22 06:15:12,483] {taskinstance.py:1179} INFO - Dependencies all met for <TaskInstance: elastic_desk.popula_elastic_aguardando scheduled__2022-08-22T06:10:00+00:00 [queued]>
[2022-08-22 06:15:12,536] {taskinstance.py:1179} INFO - Dependencies all met for <TaskInstance: elastic_desk.popula_elastic_aguardando scheduled__2022-08-22T06:10:00+00:00 [queued]>
[2022-08-22 06:15:12,536] {taskinstance.py:1376} INFO - 
--------------------------------------------------------------------------------
[2022-08-22 06:15:12,536] {taskinstance.py:1377} INFO - Starting attempt 1 of 1
[2022-08-22 06:15:12,536] {taskinstance.py:1378} INFO - 
--------------------------------------------------------------------------------
[2022-08-22 06:15:12,573] {taskinstance.py:1397} INFO - Executing <Task(PythonOperator): popula_elastic_aguardando> on 2022-08-22 06:10:00+00:00
[2022-08-22 06:15:12,591] {standard_task_runner.py:52} INFO - Started process 55740 to run task
[2022-08-22 06:15:12,613] {standard_task_runner.py:79} INFO - Running: ['***', 'tasks', 'run', 'elastic_desk', 'popula_elastic_aguardando', 'scheduled__2022-08-22T06:10:00+00:00', '--job-id', '1595', '--raw', '--subdir', 'DAGS_FOLDER/etl_elastic_desk.py', '--cfg-path', '/tmp/tmpmpg9qwyc', '--error-file', '/tmp/tmpkbu_nsg8']
[2022-08-22 06:15:12,615] {standard_task_runner.py:80} INFO - Job 1595: Subtask popula_elastic_aguardando
[2022-08-22 06:15:12,781] {task_command.py:371} INFO - Running <TaskInstance: elastic_desk.popula_elastic_aguardando scheduled__2022-08-22T06:10:00+00:00 [running]> on host 1e1070d9e5ae
[2022-08-22 06:15:13,065] {taskinstance.py:1591} INFO - Exporting the following env vars:
AIRFLOW_CTX_DAG_EMAIL=clecio.antao@gmail.com
AIRFLOW_CTX_DAG_OWNER=***
AIRFLOW_CTX_DAG_ID=elastic_desk
AIRFLOW_CTX_TASK_ID=popula_elastic_aguardando
AIRFLOW_CTX_EXECUTION_DATE=2022-08-22T06:10:00+00:00
AIRFLOW_CTX_TRY_NUMBER=1
AIRFLOW_CTX_DAG_RUN_ID=scheduled__2022-08-22T06:10:00+00:00
[2022-08-22 06:15:13,086] {base.py:271} INFO - GET http://192.168.2.100:9200/ [status:200 request:0.018s]
[2022-08-22 06:15:18,118] {base.py:271} INFO - HEAD http://192.168.2.100:9200/_template/desk_aguardando [status:200 request:0.146s]
[2022-08-22 06:15:18,348] {logging_mixin.py:115} WARNING - /home/***/.local/lib/python3.7/site-packages/es_pandas/es_pandas.py:58 RuntimeWarning: invalid value encountered in double_scalars
[2022-08-22 06:15:18,551] {base.py:271} INFO - POST http://192.168.2.100:9200/_bulk [status:200 request:0.033s]
[2022-08-22 06:15:18,599] {python.py:173} INFO - Done. Returned value was: None
[2022-08-22 06:15:18,642] {taskinstance.py:1420} INFO - Marking task as SUCCESS. dag_id=elastic_desk, task_id=popula_elastic_aguardando, execution_date=20220822T061000, start_date=20220822T061512, end_date=20220822T061518
[2022-08-22 06:15:18,798] {local_task_job.py:156} INFO - Task exited with return code 0
[2022-08-22 06:15:18,848] {local_task_job.py:273} INFO - 0 downstream tasks scheduled from follow-on schedule check
