[2023-03-27 19:40:10,587] {taskinstance.py:1179} INFO - Dependencies all met for <TaskInstance: elastic_desk.popula_elastic_aguardando scheduled__2023-03-27T19:35:00+00:00 [queued]>
[2023-03-27 19:40:10,601] {taskinstance.py:1179} INFO - Dependencies all met for <TaskInstance: elastic_desk.popula_elastic_aguardando scheduled__2023-03-27T19:35:00+00:00 [queued]>
[2023-03-27 19:40:10,601] {taskinstance.py:1376} INFO - 
--------------------------------------------------------------------------------
[2023-03-27 19:40:10,601] {taskinstance.py:1377} INFO - Starting attempt 1 of 1
[2023-03-27 19:40:10,601] {taskinstance.py:1378} INFO - 
--------------------------------------------------------------------------------
[2023-03-27 19:40:10,621] {taskinstance.py:1397} INFO - Executing <Task(PythonOperator): popula_elastic_aguardando> on 2023-03-27 19:35:00+00:00
[2023-03-27 19:40:10,628] {standard_task_runner.py:52} INFO - Started process 3849 to run task
[2023-03-27 19:40:10,632] {standard_task_runner.py:79} INFO - Running: ['***', 'tasks', 'run', 'elastic_desk', 'popula_elastic_aguardando', 'scheduled__2023-03-27T19:35:00+00:00', '--job-id', '32', '--raw', '--subdir', 'DAGS_FOLDER/etl_elastic_desk.py', '--cfg-path', '/tmp/tmpsnvg7k_e', '--error-file', '/tmp/tmpaddehyx0']
[2023-03-27 19:40:10,633] {standard_task_runner.py:80} INFO - Job 32: Subtask popula_elastic_aguardando
[2023-03-27 19:40:10,730] {task_command.py:371} INFO - Running <TaskInstance: elastic_desk.popula_elastic_aguardando scheduled__2023-03-27T19:35:00+00:00 [running]> on host 20743fec282a
[2023-03-27 19:40:10,839] {taskinstance.py:1591} INFO - Exporting the following env vars:
AIRFLOW_CTX_DAG_EMAIL=clecio.antao@gmail.com
AIRFLOW_CTX_DAG_OWNER=***
AIRFLOW_CTX_DAG_ID=elastic_desk
AIRFLOW_CTX_TASK_ID=popula_elastic_aguardando
AIRFLOW_CTX_EXECUTION_DATE=2023-03-27T19:35:00+00:00
AIRFLOW_CTX_TRY_NUMBER=1
AIRFLOW_CTX_DAG_RUN_ID=scheduled__2023-03-27T19:35:00+00:00
[2023-03-27 19:40:10,862] {base.py:271} INFO - GET http://192.168.0.100:9200/ [status:200 request:0.020s]
[2023-03-27 19:40:13,175] {base.py:271} INFO - HEAD http://192.168.0.100:9200/_template/desk_aguardando [status:200 request:0.007s]
[2023-03-27 19:40:13,352] {logging_mixin.py:115} WARNING - /home/***/.local/lib/python3.7/site-packages/es_pandas/es_pandas.py:58 RuntimeWarning: invalid value encountered in double_scalars
[2023-03-27 19:40:13,513] {base.py:271} INFO - POST http://192.168.0.100:9200/_bulk [status:200 request:0.143s]
[2023-03-27 19:40:13,562] {python.py:173} INFO - Done. Returned value was: None
[2023-03-27 19:40:13,582] {taskinstance.py:1420} INFO - Marking task as SUCCESS. dag_id=elastic_desk, task_id=popula_elastic_aguardando, execution_date=20230327T193500, start_date=20230327T194010, end_date=20230327T194013
[2023-03-27 19:40:13,624] {local_task_job.py:156} INFO - Task exited with return code 0
[2023-03-27 19:40:13,669] {local_task_job.py:273} INFO - 0 downstream tasks scheduled from follow-on schedule check
