[2022-08-20 00:40:11,551] {taskinstance.py:1179} INFO - Dependencies all met for <TaskInstance: elastic_desk.popula_elastic_aguardando scheduled__2022-08-20T00:35:00+00:00 [queued]>
[2022-08-20 00:40:11,636] {taskinstance.py:1179} INFO - Dependencies all met for <TaskInstance: elastic_desk.popula_elastic_aguardando scheduled__2022-08-20T00:35:00+00:00 [queued]>
[2022-08-20 00:40:11,637] {taskinstance.py:1376} INFO - 
--------------------------------------------------------------------------------
[2022-08-20 00:40:11,637] {taskinstance.py:1377} INFO - Starting attempt 1 of 1
[2022-08-20 00:40:11,637] {taskinstance.py:1378} INFO - 
--------------------------------------------------------------------------------
[2022-08-20 00:40:11,715] {taskinstance.py:1397} INFO - Executing <Task(PythonOperator): popula_elastic_aguardando> on 2022-08-20 00:35:00+00:00
[2022-08-20 00:40:11,728] {standard_task_runner.py:52} INFO - Started process 103447 to run task
[2022-08-20 00:40:11,747] {standard_task_runner.py:79} INFO - Running: ['***', 'tasks', 'run', 'elastic_desk', 'popula_elastic_aguardando', 'scheduled__2022-08-20T00:35:00+00:00', '--job-id', '804', '--raw', '--subdir', 'DAGS_FOLDER/etl_elastic_desk.py', '--cfg-path', '/tmp/tmpz1k_holo', '--error-file', '/tmp/tmp99l8_b35']
[2022-08-20 00:40:11,749] {standard_task_runner.py:80} INFO - Job 804: Subtask popula_elastic_aguardando
[2022-08-20 00:40:12,205] {task_command.py:371} INFO - Running <TaskInstance: elastic_desk.popula_elastic_aguardando scheduled__2022-08-20T00:35:00+00:00 [running]> on host 1e1070d9e5ae
[2022-08-20 00:40:12,924] {taskinstance.py:1591} INFO - Exporting the following env vars:
AIRFLOW_CTX_DAG_EMAIL=clecio.antao@gmail.com
AIRFLOW_CTX_DAG_OWNER=***
AIRFLOW_CTX_DAG_ID=elastic_desk
AIRFLOW_CTX_TASK_ID=popula_elastic_aguardando
AIRFLOW_CTX_EXECUTION_DATE=2022-08-20T00:35:00+00:00
AIRFLOW_CTX_TRY_NUMBER=1
AIRFLOW_CTX_DAG_RUN_ID=scheduled__2022-08-20T00:35:00+00:00
[2022-08-20 00:40:12,934] {base.py:271} INFO - GET http://192.168.2.100:9200/ [status:200 request:0.008s]
[2022-08-20 00:40:15,902] {base.py:271} INFO - HEAD http://192.168.2.100:9200/_template/desk_aguardando [status:200 request:0.001s]
[2022-08-20 00:40:16,046] {logging_mixin.py:115} WARNING - /home/***/.local/lib/python3.7/site-packages/es_pandas/es_pandas.py:58 RuntimeWarning: invalid value encountered in double_scalars
[2022-08-20 00:40:16,122] {base.py:271} INFO - POST http://192.168.2.100:9200/_bulk [status:200 request:0.032s]
[2022-08-20 00:40:16,154] {python.py:173} INFO - Done. Returned value was: None
[2022-08-20 00:40:16,186] {taskinstance.py:1420} INFO - Marking task as SUCCESS. dag_id=elastic_desk, task_id=popula_elastic_aguardando, execution_date=20220820T003500, start_date=20220820T004011, end_date=20220820T004016
[2022-08-20 00:40:16,250] {local_task_job.py:156} INFO - Task exited with return code 0
[2022-08-20 00:40:16,324] {local_task_job.py:273} INFO - 0 downstream tasks scheduled from follow-on schedule check
